[2023-01-02T02:05:20.509+0000] {taskinstance.py:1087} INFO - Dependencies all met for <TaskInstance: Data-Pipeline.json_toCsv manual__2023-01-02T02:05:18.859430+00:00 [queued]>
[2023-01-02T02:05:20.517+0000] {taskinstance.py:1087} INFO - Dependencies all met for <TaskInstance: Data-Pipeline.json_toCsv manual__2023-01-02T02:05:18.859430+00:00 [queued]>
[2023-01-02T02:05:20.518+0000] {taskinstance.py:1283} INFO - 
--------------------------------------------------------------------------------
[2023-01-02T02:05:20.518+0000] {taskinstance.py:1284} INFO - Starting attempt 1 of 2
[2023-01-02T02:05:20.519+0000] {taskinstance.py:1285} INFO - 
--------------------------------------------------------------------------------
[2023-01-02T02:05:20.529+0000] {taskinstance.py:1304} INFO - Executing <Task(SimpleHttpOperator): json_toCsv> on 2023-01-02 02:05:18.859430+00:00
[2023-01-02T02:05:20.535+0000] {standard_task_runner.py:55} INFO - Started process 380 to run t***k
[2023-01-02T02:05:20.541+0000] {standard_task_runner.py:82} INFO - Running: ['***', 't***ks', 'run', 'Data-Pipeline', 'json_toCsv', 'manual__2023-01-02T02:05:18.859430+00:00', '--job-id', '7', '--raw', '--subdir', 'DAGS_FOLDER/dag.py', '--cfg-path', '/tmp/tmpeld0glit']
[2023-01-02T02:05:20.545+0000] {standard_task_runner.py:83} INFO - Job 7: Subt***k json_toCsv
[2023-01-02T02:05:20.667+0000] {task_command.py:389} INFO - Running <TaskInstance: Data-Pipeline.json_toCsv manual__2023-01-02T02:05:18.859430+00:00 [running]> on host 9d60a52344b3
[2023-01-02T02:05:20.749+0000] {taskinstance.py:1513} INFO - Exporting the following env vars:
AIRFLOW_CTX_DAG_EMAIL=dixon2678@gmail.com
AIRFLOW_CTX_DAG_OWNER=dixon
AIRFLOW_CTX_DAG_ID=Data-Pipeline
AIRFLOW_CTX_TASK_ID=json_toCsv
AIRFLOW_CTX_EXECUTION_DATE=2023-01-02T02:05:18.859430+00:00
AIRFLOW_CTX_TRY_NUMBER=1
AIRFLOW_CTX_DAG_RUN_ID=manual__2023-01-02T02:05:18.859430+00:00
[2023-01-02T02:05:20.750+0000] {http.py:123} INFO - Calling HTTP method
[2023-01-02T02:05:20.753+0000] {base.py:73} INFO - Using connection ID 'etl_service' for t***k execution.
[2023-01-02T02:05:20.755+0000] {http.py:150} INFO - Sending 'GET' to url: http://etl:5777/api/convert_to_csv
[2023-01-02T02:05:28.096+0000] {taskinstance.py:1327} INFO - Marking t***k *** SUCCESS. dag_id=Data-Pipeline, t***k_id=json_toCsv, execution_date=20230102T020518, start_date=20230102T020520, end_date=20230102T020528
[2023-01-02T02:05:28.164+0000] {local_task_job.py:159} INFO - T***k exited with return code 0
[2023-01-02T02:05:28.192+0000] {taskinstance.py:2582} INFO - 1 downstream t***ks scheduled from follow-on schedule check
