[2023-01-02T01:57:10.197+0000] {processor.py:153} INFO - Started process (PID=43) to work on /home/airflow/.local/lib/python3.7/site-packages/airflow/example_dags/example_sla_dag.py
[2023-01-02T01:57:10.198+0000] {processor.py:743} INFO - Processing file /home/airflow/.local/lib/python3.7/site-packages/airflow/example_dags/example_sla_dag.py for tasks to queue
[2023-01-02T01:57:10.199+0000] {logging_mixin.py:137} INFO - [2023-01-02T01:57:10.199+0000] {dagbag.py:538} INFO - Filling up the DagBag from /home/airflow/.local/lib/python3.7/site-packages/airflow/example_dags/example_sla_dag.py
[2023-01-02T01:57:10.222+0000] {processor.py:753} INFO - DAG(s) dict_keys(['example_sla_dag']) retrieved from /home/airflow/.local/lib/python3.7/site-packages/airflow/example_dags/example_sla_dag.py
[2023-01-02T01:57:10.265+0000] {logging_mixin.py:137} INFO - [2023-01-02T01:57:10.265+0000] {dag.py:2676} INFO - Sync 1 DAGs
[2023-01-02T01:57:10.301+0000] {logging_mixin.py:137} INFO - [2023-01-02T01:57:10.301+0000] {dag.py:3427} INFO - Setting next_dagrun for example_sla_dag to 2023-01-02T01:54:00+00:00, run_after=2023-01-02T01:56:00+00:00
[2023-01-02T01:57:10.352+0000] {processor.py:175} INFO - Processing /home/airflow/.local/lib/python3.7/site-packages/airflow/example_dags/example_sla_dag.py took 0.158 seconds
[2023-01-02T01:57:40.618+0000] {processor.py:153} INFO - Started process (PID=121) to work on /home/airflow/.local/lib/python3.7/site-packages/airflow/example_dags/example_sla_dag.py
[2023-01-02T01:57:40.620+0000] {processor.py:743} INFO - Processing file /home/airflow/.local/lib/python3.7/site-packages/airflow/example_dags/example_sla_dag.py for tasks to queue
[2023-01-02T01:57:40.620+0000] {logging_mixin.py:137} INFO - [2023-01-02T01:57:40.620+0000] {dagbag.py:538} INFO - Filling up the DagBag from /home/airflow/.local/lib/python3.7/site-packages/airflow/example_dags/example_sla_dag.py
[2023-01-02T01:57:40.640+0000] {processor.py:753} INFO - DAG(s) dict_keys(['example_sla_dag']) retrieved from /home/airflow/.local/lib/python3.7/site-packages/airflow/example_dags/example_sla_dag.py
[2023-01-02T01:57:40.667+0000] {logging_mixin.py:137} INFO - [2023-01-02T01:57:40.667+0000] {dag.py:2676} INFO - Sync 1 DAGs
[2023-01-02T01:57:40.684+0000] {logging_mixin.py:137} INFO - [2023-01-02T01:57:40.684+0000] {dag.py:3427} INFO - Setting next_dagrun for example_sla_dag to 2023-01-02T01:54:00+00:00, run_after=2023-01-02T01:56:00+00:00
[2023-01-02T01:57:40.696+0000] {processor.py:175} INFO - Processing /home/airflow/.local/lib/python3.7/site-packages/airflow/example_dags/example_sla_dag.py took 0.080 seconds
[2023-01-02T01:58:11.476+0000] {processor.py:153} INFO - Started process (PID=192) to work on /home/airflow/.local/lib/python3.7/site-packages/airflow/example_dags/example_sla_dag.py
[2023-01-02T01:58:11.478+0000] {processor.py:743} INFO - Processing file /home/airflow/.local/lib/python3.7/site-packages/airflow/example_dags/example_sla_dag.py for tasks to queue
[2023-01-02T01:58:11.479+0000] {logging_mixin.py:137} INFO - [2023-01-02T01:58:11.479+0000] {dagbag.py:538} INFO - Filling up the DagBag from /home/airflow/.local/lib/python3.7/site-packages/airflow/example_dags/example_sla_dag.py
[2023-01-02T01:58:11.499+0000] {processor.py:753} INFO - DAG(s) dict_keys(['example_sla_dag']) retrieved from /home/airflow/.local/lib/python3.7/site-packages/airflow/example_dags/example_sla_dag.py
[2023-01-02T01:58:11.547+0000] {logging_mixin.py:137} INFO - [2023-01-02T01:58:11.547+0000] {dag.py:2676} INFO - Sync 1 DAGs
[2023-01-02T01:58:11.568+0000] {logging_mixin.py:137} INFO - [2023-01-02T01:58:11.568+0000] {dag.py:3427} INFO - Setting next_dagrun for example_sla_dag to 2023-01-02T01:56:00+00:00, run_after=2023-01-02T01:58:00+00:00
[2023-01-02T01:58:11.582+0000] {processor.py:175} INFO - Processing /home/airflow/.local/lib/python3.7/site-packages/airflow/example_dags/example_sla_dag.py took 0.110 seconds
[2023-01-02T02:00:41.642+0000] {processor.py:153} INFO - Started process (PID=43) to work on /home/airflow/.local/lib/python3.7/site-packages/airflow/example_dags/example_sla_dag.py
[2023-01-02T02:00:41.645+0000] {processor.py:743} INFO - Processing file /home/airflow/.local/lib/python3.7/site-packages/airflow/example_dags/example_sla_dag.py for tasks to queue
[2023-01-02T02:00:41.646+0000] {logging_mixin.py:137} INFO - [2023-01-02T02:00:41.646+0000] {dagbag.py:538} INFO - Filling up the DagBag from /home/airflow/.local/lib/python3.7/site-packages/airflow/example_dags/example_sla_dag.py
[2023-01-02T02:00:41.695+0000] {processor.py:753} INFO - DAG(s) dict_keys(['example_sla_dag']) retrieved from /home/airflow/.local/lib/python3.7/site-packages/airflow/example_dags/example_sla_dag.py
[2023-01-02T02:00:41.727+0000] {logging_mixin.py:137} INFO - [2023-01-02T02:00:41.727+0000] {dag.py:2676} INFO - Sync 1 DAGs
[2023-01-02T02:00:41.757+0000] {logging_mixin.py:137} INFO - [2023-01-02T02:00:41.757+0000] {dag.py:3427} INFO - Setting next_dagrun for example_sla_dag to 2023-01-02T01:58:00+00:00, run_after=2023-01-02T02:00:00+00:00
[2023-01-02T02:00:41.788+0000] {processor.py:175} INFO - Processing /home/airflow/.local/lib/python3.7/site-packages/airflow/example_dags/example_sla_dag.py took 0.162 seconds
[2023-01-02T02:01:12.207+0000] {processor.py:153} INFO - Started process (PID=121) to work on /home/airflow/.local/lib/python3.7/site-packages/airflow/example_dags/example_sla_dag.py
[2023-01-02T02:01:12.209+0000] {processor.py:743} INFO - Processing file /home/airflow/.local/lib/python3.7/site-packages/airflow/example_dags/example_sla_dag.py for tasks to queue
[2023-01-02T02:01:12.211+0000] {logging_mixin.py:137} INFO - [2023-01-02T02:01:12.211+0000] {dagbag.py:538} INFO - Filling up the DagBag from /home/airflow/.local/lib/python3.7/site-packages/airflow/example_dags/example_sla_dag.py
[2023-01-02T02:01:12.232+0000] {processor.py:753} INFO - DAG(s) dict_keys(['example_sla_dag']) retrieved from /home/airflow/.local/lib/python3.7/site-packages/airflow/example_dags/example_sla_dag.py
[2023-01-02T02:01:12.269+0000] {logging_mixin.py:137} INFO - [2023-01-02T02:01:12.269+0000] {dag.py:2676} INFO - Sync 1 DAGs
[2023-01-02T02:01:12.293+0000] {logging_mixin.py:137} INFO - [2023-01-02T02:01:12.293+0000] {dag.py:3427} INFO - Setting next_dagrun for example_sla_dag to 2023-01-02T01:58:00+00:00, run_after=2023-01-02T02:00:00+00:00
[2023-01-02T02:01:12.306+0000] {processor.py:175} INFO - Processing /home/airflow/.local/lib/python3.7/site-packages/airflow/example_dags/example_sla_dag.py took 0.105 seconds
[2023-01-02T02:01:42.636+0000] {processor.py:153} INFO - Started process (PID=186) to work on /home/airflow/.local/lib/python3.7/site-packages/airflow/example_dags/example_sla_dag.py
[2023-01-02T02:01:42.638+0000] {processor.py:743} INFO - Processing file /home/airflow/.local/lib/python3.7/site-packages/airflow/example_dags/example_sla_dag.py for tasks to queue
[2023-01-02T02:01:42.644+0000] {logging_mixin.py:137} INFO - [2023-01-02T02:01:42.644+0000] {dagbag.py:538} INFO - Filling up the DagBag from /home/airflow/.local/lib/python3.7/site-packages/airflow/example_dags/example_sla_dag.py
[2023-01-02T02:01:42.668+0000] {processor.py:753} INFO - DAG(s) dict_keys(['example_sla_dag']) retrieved from /home/airflow/.local/lib/python3.7/site-packages/airflow/example_dags/example_sla_dag.py
[2023-01-02T02:01:42.701+0000] {logging_mixin.py:137} INFO - [2023-01-02T02:01:42.701+0000] {dag.py:2676} INFO - Sync 1 DAGs
[2023-01-02T02:01:42.720+0000] {logging_mixin.py:137} INFO - [2023-01-02T02:01:42.719+0000] {dag.py:3427} INFO - Setting next_dagrun for example_sla_dag to 2023-01-02T01:58:00+00:00, run_after=2023-01-02T02:00:00+00:00
[2023-01-02T02:01:42.733+0000] {processor.py:175} INFO - Processing /home/airflow/.local/lib/python3.7/site-packages/airflow/example_dags/example_sla_dag.py took 0.100 seconds
[2023-01-02T02:02:13.290+0000] {processor.py:153} INFO - Started process (PID=264) to work on /home/airflow/.local/lib/python3.7/site-packages/airflow/example_dags/example_sla_dag.py
[2023-01-02T02:02:13.291+0000] {processor.py:743} INFO - Processing file /home/airflow/.local/lib/python3.7/site-packages/airflow/example_dags/example_sla_dag.py for tasks to queue
[2023-01-02T02:02:13.293+0000] {logging_mixin.py:137} INFO - [2023-01-02T02:02:13.293+0000] {dagbag.py:538} INFO - Filling up the DagBag from /home/airflow/.local/lib/python3.7/site-packages/airflow/example_dags/example_sla_dag.py
[2023-01-02T02:02:13.308+0000] {processor.py:753} INFO - DAG(s) dict_keys(['example_sla_dag']) retrieved from /home/airflow/.local/lib/python3.7/site-packages/airflow/example_dags/example_sla_dag.py
[2023-01-02T02:02:13.335+0000] {logging_mixin.py:137} INFO - [2023-01-02T02:02:13.335+0000] {dag.py:2676} INFO - Sync 1 DAGs
[2023-01-02T02:02:13.352+0000] {logging_mixin.py:137} INFO - [2023-01-02T02:02:13.352+0000] {dag.py:3427} INFO - Setting next_dagrun for example_sla_dag to 2023-01-02T02:00:00+00:00, run_after=2023-01-02T02:02:00+00:00
[2023-01-02T02:02:13.362+0000] {processor.py:175} INFO - Processing /home/airflow/.local/lib/python3.7/site-packages/airflow/example_dags/example_sla_dag.py took 0.075 seconds
[2023-01-02T02:02:43.941+0000] {processor.py:153} INFO - Started process (PID=343) to work on /home/airflow/.local/lib/python3.7/site-packages/airflow/example_dags/example_sla_dag.py
[2023-01-02T02:02:43.942+0000] {processor.py:743} INFO - Processing file /home/airflow/.local/lib/python3.7/site-packages/airflow/example_dags/example_sla_dag.py for tasks to queue
[2023-01-02T02:02:43.943+0000] {logging_mixin.py:137} INFO - [2023-01-02T02:02:43.943+0000] {dagbag.py:538} INFO - Filling up the DagBag from /home/airflow/.local/lib/python3.7/site-packages/airflow/example_dags/example_sla_dag.py
[2023-01-02T02:02:43.963+0000] {processor.py:753} INFO - DAG(s) dict_keys(['example_sla_dag']) retrieved from /home/airflow/.local/lib/python3.7/site-packages/airflow/example_dags/example_sla_dag.py
[2023-01-02T02:02:44.000+0000] {logging_mixin.py:137} INFO - [2023-01-02T02:02:44.000+0000] {dag.py:2676} INFO - Sync 1 DAGs
[2023-01-02T02:02:44.026+0000] {logging_mixin.py:137} INFO - [2023-01-02T02:02:44.026+0000] {dag.py:3427} INFO - Setting next_dagrun for example_sla_dag to 2023-01-02T02:00:00+00:00, run_after=2023-01-02T02:02:00+00:00
[2023-01-02T02:02:44.044+0000] {processor.py:175} INFO - Processing /home/airflow/.local/lib/python3.7/site-packages/airflow/example_dags/example_sla_dag.py took 0.107 seconds
[2023-01-02T02:03:14.866+0000] {processor.py:153} INFO - Started process (PID=408) to work on /home/airflow/.local/lib/python3.7/site-packages/airflow/example_dags/example_sla_dag.py
[2023-01-02T02:03:14.868+0000] {processor.py:743} INFO - Processing file /home/airflow/.local/lib/python3.7/site-packages/airflow/example_dags/example_sla_dag.py for tasks to queue
[2023-01-02T02:03:14.869+0000] {logging_mixin.py:137} INFO - [2023-01-02T02:03:14.869+0000] {dagbag.py:538} INFO - Filling up the DagBag from /home/airflow/.local/lib/python3.7/site-packages/airflow/example_dags/example_sla_dag.py
[2023-01-02T02:03:14.886+0000] {processor.py:753} INFO - DAG(s) dict_keys(['example_sla_dag']) retrieved from /home/airflow/.local/lib/python3.7/site-packages/airflow/example_dags/example_sla_dag.py
[2023-01-02T02:03:14.917+0000] {logging_mixin.py:137} INFO - [2023-01-02T02:03:14.917+0000] {dag.py:2676} INFO - Sync 1 DAGs
[2023-01-02T02:03:14.936+0000] {logging_mixin.py:137} INFO - [2023-01-02T02:03:14.936+0000] {dag.py:3427} INFO - Setting next_dagrun for example_sla_dag to 2023-01-02T02:00:00+00:00, run_after=2023-01-02T02:02:00+00:00
[2023-01-02T02:03:14.950+0000] {processor.py:175} INFO - Processing /home/airflow/.local/lib/python3.7/site-packages/airflow/example_dags/example_sla_dag.py took 0.086 seconds
[2023-01-02T02:03:45.144+0000] {processor.py:153} INFO - Started process (PID=486) to work on /home/airflow/.local/lib/python3.7/site-packages/airflow/example_dags/example_sla_dag.py
[2023-01-02T02:03:45.146+0000] {processor.py:743} INFO - Processing file /home/airflow/.local/lib/python3.7/site-packages/airflow/example_dags/example_sla_dag.py for tasks to queue
[2023-01-02T02:03:45.147+0000] {logging_mixin.py:137} INFO - [2023-01-02T02:03:45.147+0000] {dagbag.py:538} INFO - Filling up the DagBag from /home/airflow/.local/lib/python3.7/site-packages/airflow/example_dags/example_sla_dag.py
[2023-01-02T02:03:45.166+0000] {processor.py:753} INFO - DAG(s) dict_keys(['example_sla_dag']) retrieved from /home/airflow/.local/lib/python3.7/site-packages/airflow/example_dags/example_sla_dag.py
[2023-01-02T02:03:45.193+0000] {logging_mixin.py:137} INFO - [2023-01-02T02:03:45.193+0000] {dag.py:2676} INFO - Sync 1 DAGs
[2023-01-02T02:03:45.209+0000] {logging_mixin.py:137} INFO - [2023-01-02T02:03:45.209+0000] {dag.py:3427} INFO - Setting next_dagrun for example_sla_dag to 2023-01-02T02:00:00+00:00, run_after=2023-01-02T02:02:00+00:00
[2023-01-02T02:03:45.220+0000] {processor.py:175} INFO - Processing /home/airflow/.local/lib/python3.7/site-packages/airflow/example_dags/example_sla_dag.py took 0.079 seconds
[2023-01-02T02:04:15.474+0000] {processor.py:153} INFO - Started process (PID=558) to work on /home/airflow/.local/lib/python3.7/site-packages/airflow/example_dags/example_sla_dag.py
[2023-01-02T02:04:15.480+0000] {processor.py:743} INFO - Processing file /home/airflow/.local/lib/python3.7/site-packages/airflow/example_dags/example_sla_dag.py for tasks to queue
[2023-01-02T02:04:15.483+0000] {logging_mixin.py:137} INFO - [2023-01-02T02:04:15.483+0000] {dagbag.py:538} INFO - Filling up the DagBag from /home/airflow/.local/lib/python3.7/site-packages/airflow/example_dags/example_sla_dag.py
[2023-01-02T02:04:15.523+0000] {processor.py:753} INFO - DAG(s) dict_keys(['example_sla_dag']) retrieved from /home/airflow/.local/lib/python3.7/site-packages/airflow/example_dags/example_sla_dag.py
[2023-01-02T02:04:15.593+0000] {logging_mixin.py:137} INFO - [2023-01-02T02:04:15.593+0000] {dag.py:2676} INFO - Sync 1 DAGs
[2023-01-02T02:04:15.620+0000] {logging_mixin.py:137} INFO - [2023-01-02T02:04:15.620+0000] {dag.py:3427} INFO - Setting next_dagrun for example_sla_dag to 2023-01-02T02:02:00+00:00, run_after=2023-01-02T02:04:00+00:00
[2023-01-02T02:04:15.645+0000] {processor.py:175} INFO - Processing /home/airflow/.local/lib/python3.7/site-packages/airflow/example_dags/example_sla_dag.py took 0.176 seconds
[2023-01-02T02:04:46.412+0000] {processor.py:153} INFO - Started process (PID=630) to work on /home/airflow/.local/lib/python3.7/site-packages/airflow/example_dags/example_sla_dag.py
[2023-01-02T02:04:46.414+0000] {processor.py:743} INFO - Processing file /home/airflow/.local/lib/python3.7/site-packages/airflow/example_dags/example_sla_dag.py for tasks to queue
[2023-01-02T02:04:46.414+0000] {logging_mixin.py:137} INFO - [2023-01-02T02:04:46.414+0000] {dagbag.py:538} INFO - Filling up the DagBag from /home/airflow/.local/lib/python3.7/site-packages/airflow/example_dags/example_sla_dag.py
[2023-01-02T02:04:46.429+0000] {processor.py:753} INFO - DAG(s) dict_keys(['example_sla_dag']) retrieved from /home/airflow/.local/lib/python3.7/site-packages/airflow/example_dags/example_sla_dag.py
[2023-01-02T02:04:46.458+0000] {logging_mixin.py:137} INFO - [2023-01-02T02:04:46.457+0000] {dag.py:2676} INFO - Sync 1 DAGs
[2023-01-02T02:04:46.473+0000] {logging_mixin.py:137} INFO - [2023-01-02T02:04:46.473+0000] {dag.py:3427} INFO - Setting next_dagrun for example_sla_dag to 2023-01-02T02:02:00+00:00, run_after=2023-01-02T02:04:00+00:00
[2023-01-02T02:04:46.485+0000] {processor.py:175} INFO - Processing /home/airflow/.local/lib/python3.7/site-packages/airflow/example_dags/example_sla_dag.py took 0.075 seconds
[2023-01-02T02:05:17.003+0000] {processor.py:153} INFO - Started process (PID=707) to work on /home/airflow/.local/lib/python3.7/site-packages/airflow/example_dags/example_sla_dag.py
[2023-01-02T02:05:17.004+0000] {processor.py:743} INFO - Processing file /home/airflow/.local/lib/python3.7/site-packages/airflow/example_dags/example_sla_dag.py for tasks to queue
[2023-01-02T02:05:17.005+0000] {logging_mixin.py:137} INFO - [2023-01-02T02:05:17.005+0000] {dagbag.py:538} INFO - Filling up the DagBag from /home/airflow/.local/lib/python3.7/site-packages/airflow/example_dags/example_sla_dag.py
[2023-01-02T02:05:17.034+0000] {processor.py:753} INFO - DAG(s) dict_keys(['example_sla_dag']) retrieved from /home/airflow/.local/lib/python3.7/site-packages/airflow/example_dags/example_sla_dag.py
[2023-01-02T02:05:17.065+0000] {logging_mixin.py:137} INFO - [2023-01-02T02:05:17.065+0000] {dag.py:2676} INFO - Sync 1 DAGs
[2023-01-02T02:05:17.087+0000] {logging_mixin.py:137} INFO - [2023-01-02T02:05:17.087+0000] {dag.py:3427} INFO - Setting next_dagrun for example_sla_dag to 2023-01-02T02:02:00+00:00, run_after=2023-01-02T02:04:00+00:00
[2023-01-02T02:05:17.101+0000] {processor.py:175} INFO - Processing /home/airflow/.local/lib/python3.7/site-packages/airflow/example_dags/example_sla_dag.py took 0.102 seconds
[2023-01-02T02:05:47.792+0000] {processor.py:153} INFO - Started process (PID=772) to work on /home/airflow/.local/lib/python3.7/site-packages/airflow/example_dags/example_sla_dag.py
[2023-01-02T02:05:47.794+0000] {processor.py:743} INFO - Processing file /home/airflow/.local/lib/python3.7/site-packages/airflow/example_dags/example_sla_dag.py for tasks to queue
[2023-01-02T02:05:47.795+0000] {logging_mixin.py:137} INFO - [2023-01-02T02:05:47.795+0000] {dagbag.py:538} INFO - Filling up the DagBag from /home/airflow/.local/lib/python3.7/site-packages/airflow/example_dags/example_sla_dag.py
[2023-01-02T02:05:47.812+0000] {processor.py:753} INFO - DAG(s) dict_keys(['example_sla_dag']) retrieved from /home/airflow/.local/lib/python3.7/site-packages/airflow/example_dags/example_sla_dag.py
[2023-01-02T02:05:47.840+0000] {logging_mixin.py:137} INFO - [2023-01-02T02:05:47.840+0000] {dag.py:2676} INFO - Sync 1 DAGs
[2023-01-02T02:05:47.859+0000] {logging_mixin.py:137} INFO - [2023-01-02T02:05:47.858+0000] {dag.py:3427} INFO - Setting next_dagrun for example_sla_dag to 2023-01-02T02:02:00+00:00, run_after=2023-01-02T02:04:00+00:00
[2023-01-02T02:05:47.871+0000] {processor.py:175} INFO - Processing /home/airflow/.local/lib/python3.7/site-packages/airflow/example_dags/example_sla_dag.py took 0.082 seconds
[2023-01-02T02:06:18.378+0000] {processor.py:153} INFO - Started process (PID=851) to work on /home/airflow/.local/lib/python3.7/site-packages/airflow/example_dags/example_sla_dag.py
[2023-01-02T02:06:18.380+0000] {processor.py:743} INFO - Processing file /home/airflow/.local/lib/python3.7/site-packages/airflow/example_dags/example_sla_dag.py for tasks to queue
[2023-01-02T02:06:18.381+0000] {logging_mixin.py:137} INFO - [2023-01-02T02:06:18.381+0000] {dagbag.py:538} INFO - Filling up the DagBag from /home/airflow/.local/lib/python3.7/site-packages/airflow/example_dags/example_sla_dag.py
[2023-01-02T02:06:18.397+0000] {processor.py:753} INFO - DAG(s) dict_keys(['example_sla_dag']) retrieved from /home/airflow/.local/lib/python3.7/site-packages/airflow/example_dags/example_sla_dag.py
[2023-01-02T02:06:18.424+0000] {logging_mixin.py:137} INFO - [2023-01-02T02:06:18.424+0000] {dag.py:2676} INFO - Sync 1 DAGs
[2023-01-02T02:06:18.442+0000] {logging_mixin.py:137} INFO - [2023-01-02T02:06:18.441+0000] {dag.py:3427} INFO - Setting next_dagrun for example_sla_dag to 2023-01-02T02:04:00+00:00, run_after=2023-01-02T02:06:00+00:00
[2023-01-02T02:06:18.454+0000] {processor.py:175} INFO - Processing /home/airflow/.local/lib/python3.7/site-packages/airflow/example_dags/example_sla_dag.py took 0.078 seconds
[2023-01-02T02:06:48.804+0000] {processor.py:153} INFO - Started process (PID=929) to work on /home/airflow/.local/lib/python3.7/site-packages/airflow/example_dags/example_sla_dag.py
[2023-01-02T02:06:48.806+0000] {processor.py:743} INFO - Processing file /home/airflow/.local/lib/python3.7/site-packages/airflow/example_dags/example_sla_dag.py for tasks to queue
[2023-01-02T02:06:48.814+0000] {logging_mixin.py:137} INFO - [2023-01-02T02:06:48.814+0000] {dagbag.py:538} INFO - Filling up the DagBag from /home/airflow/.local/lib/python3.7/site-packages/airflow/example_dags/example_sla_dag.py
[2023-01-02T02:06:48.842+0000] {processor.py:753} INFO - DAG(s) dict_keys(['example_sla_dag']) retrieved from /home/airflow/.local/lib/python3.7/site-packages/airflow/example_dags/example_sla_dag.py
[2023-01-02T02:06:48.890+0000] {logging_mixin.py:137} INFO - [2023-01-02T02:06:48.890+0000] {dag.py:2676} INFO - Sync 1 DAGs
[2023-01-02T02:06:48.910+0000] {logging_mixin.py:137} INFO - [2023-01-02T02:06:48.910+0000] {dag.py:3427} INFO - Setting next_dagrun for example_sla_dag to 2023-01-02T02:04:00+00:00, run_after=2023-01-02T02:06:00+00:00
[2023-01-02T02:06:48.923+0000] {processor.py:175} INFO - Processing /home/airflow/.local/lib/python3.7/site-packages/airflow/example_dags/example_sla_dag.py took 0.123 seconds
[2023-01-02T02:07:19.629+0000] {processor.py:153} INFO - Started process (PID=995) to work on /home/airflow/.local/lib/python3.7/site-packages/airflow/example_dags/example_sla_dag.py
[2023-01-02T02:07:19.631+0000] {processor.py:743} INFO - Processing file /home/airflow/.local/lib/python3.7/site-packages/airflow/example_dags/example_sla_dag.py for tasks to queue
[2023-01-02T02:07:19.632+0000] {logging_mixin.py:137} INFO - [2023-01-02T02:07:19.632+0000] {dagbag.py:538} INFO - Filling up the DagBag from /home/airflow/.local/lib/python3.7/site-packages/airflow/example_dags/example_sla_dag.py
[2023-01-02T02:07:19.654+0000] {processor.py:753} INFO - DAG(s) dict_keys(['example_sla_dag']) retrieved from /home/airflow/.local/lib/python3.7/site-packages/airflow/example_dags/example_sla_dag.py
[2023-01-02T02:07:19.682+0000] {logging_mixin.py:137} INFO - [2023-01-02T02:07:19.681+0000] {dag.py:2676} INFO - Sync 1 DAGs
[2023-01-02T02:07:19.699+0000] {logging_mixin.py:137} INFO - [2023-01-02T02:07:19.699+0000] {dag.py:3427} INFO - Setting next_dagrun for example_sla_dag to 2023-01-02T02:04:00+00:00, run_after=2023-01-02T02:06:00+00:00
[2023-01-02T02:07:19.709+0000] {processor.py:175} INFO - Processing /home/airflow/.local/lib/python3.7/site-packages/airflow/example_dags/example_sla_dag.py took 0.082 seconds
[2023-01-02T02:07:50.285+0000] {processor.py:153} INFO - Started process (PID=1074) to work on /home/airflow/.local/lib/python3.7/site-packages/airflow/example_dags/example_sla_dag.py
[2023-01-02T02:07:50.286+0000] {processor.py:743} INFO - Processing file /home/airflow/.local/lib/python3.7/site-packages/airflow/example_dags/example_sla_dag.py for tasks to queue
[2023-01-02T02:07:50.287+0000] {logging_mixin.py:137} INFO - [2023-01-02T02:07:50.287+0000] {dagbag.py:538} INFO - Filling up the DagBag from /home/airflow/.local/lib/python3.7/site-packages/airflow/example_dags/example_sla_dag.py
[2023-01-02T02:07:50.306+0000] {processor.py:753} INFO - DAG(s) dict_keys(['example_sla_dag']) retrieved from /home/airflow/.local/lib/python3.7/site-packages/airflow/example_dags/example_sla_dag.py
[2023-01-02T02:07:50.335+0000] {logging_mixin.py:137} INFO - [2023-01-02T02:07:50.335+0000] {dag.py:2676} INFO - Sync 1 DAGs
[2023-01-02T02:07:50.353+0000] {logging_mixin.py:137} INFO - [2023-01-02T02:07:50.353+0000] {dag.py:3427} INFO - Setting next_dagrun for example_sla_dag to 2023-01-02T02:04:00+00:00, run_after=2023-01-02T02:06:00+00:00
[2023-01-02T02:07:50.365+0000] {processor.py:175} INFO - Processing /home/airflow/.local/lib/python3.7/site-packages/airflow/example_dags/example_sla_dag.py took 0.083 seconds
[2023-01-02T02:08:20.751+0000] {processor.py:153} INFO - Started process (PID=1139) to work on /home/airflow/.local/lib/python3.7/site-packages/airflow/example_dags/example_sla_dag.py
[2023-01-02T02:08:20.753+0000] {processor.py:743} INFO - Processing file /home/airflow/.local/lib/python3.7/site-packages/airflow/example_dags/example_sla_dag.py for tasks to queue
[2023-01-02T02:08:20.754+0000] {logging_mixin.py:137} INFO - [2023-01-02T02:08:20.754+0000] {dagbag.py:538} INFO - Filling up the DagBag from /home/airflow/.local/lib/python3.7/site-packages/airflow/example_dags/example_sla_dag.py
[2023-01-02T02:08:20.771+0000] {processor.py:753} INFO - DAG(s) dict_keys(['example_sla_dag']) retrieved from /home/airflow/.local/lib/python3.7/site-packages/airflow/example_dags/example_sla_dag.py
[2023-01-02T02:08:20.802+0000] {logging_mixin.py:137} INFO - [2023-01-02T02:08:20.802+0000] {dag.py:2676} INFO - Sync 1 DAGs
[2023-01-02T02:08:20.820+0000] {logging_mixin.py:137} INFO - [2023-01-02T02:08:20.820+0000] {dag.py:3427} INFO - Setting next_dagrun for example_sla_dag to 2023-01-02T02:06:00+00:00, run_after=2023-01-02T02:08:00+00:00
[2023-01-02T02:08:20.832+0000] {processor.py:175} INFO - Processing /home/airflow/.local/lib/python3.7/site-packages/airflow/example_dags/example_sla_dag.py took 0.084 seconds
[2023-01-02T02:08:51.921+0000] {processor.py:153} INFO - Started process (PID=1216) to work on /home/airflow/.local/lib/python3.7/site-packages/airflow/example_dags/example_sla_dag.py
[2023-01-02T02:08:51.923+0000] {processor.py:743} INFO - Processing file /home/airflow/.local/lib/python3.7/site-packages/airflow/example_dags/example_sla_dag.py for tasks to queue
[2023-01-02T02:08:51.924+0000] {logging_mixin.py:137} INFO - [2023-01-02T02:08:51.924+0000] {dagbag.py:538} INFO - Filling up the DagBag from /home/airflow/.local/lib/python3.7/site-packages/airflow/example_dags/example_sla_dag.py
[2023-01-02T02:08:51.941+0000] {processor.py:753} INFO - DAG(s) dict_keys(['example_sla_dag']) retrieved from /home/airflow/.local/lib/python3.7/site-packages/airflow/example_dags/example_sla_dag.py
[2023-01-02T02:08:51.968+0000] {logging_mixin.py:137} INFO - [2023-01-02T02:08:51.968+0000] {dag.py:2676} INFO - Sync 1 DAGs
[2023-01-02T02:08:51.991+0000] {logging_mixin.py:137} INFO - [2023-01-02T02:08:51.990+0000] {dag.py:3427} INFO - Setting next_dagrun for example_sla_dag to 2023-01-02T02:06:00+00:00, run_after=2023-01-02T02:08:00+00:00
[2023-01-02T02:08:52.004+0000] {processor.py:175} INFO - Processing /home/airflow/.local/lib/python3.7/site-packages/airflow/example_dags/example_sla_dag.py took 0.086 seconds
[2023-01-02T02:09:22.343+0000] {processor.py:153} INFO - Started process (PID=1295) to work on /home/airflow/.local/lib/python3.7/site-packages/airflow/example_dags/example_sla_dag.py
[2023-01-02T02:09:22.344+0000] {processor.py:743} INFO - Processing file /home/airflow/.local/lib/python3.7/site-packages/airflow/example_dags/example_sla_dag.py for tasks to queue
[2023-01-02T02:09:22.345+0000] {logging_mixin.py:137} INFO - [2023-01-02T02:09:22.345+0000] {dagbag.py:538} INFO - Filling up the DagBag from /home/airflow/.local/lib/python3.7/site-packages/airflow/example_dags/example_sla_dag.py
[2023-01-02T02:09:22.362+0000] {processor.py:753} INFO - DAG(s) dict_keys(['example_sla_dag']) retrieved from /home/airflow/.local/lib/python3.7/site-packages/airflow/example_dags/example_sla_dag.py
[2023-01-02T02:09:22.389+0000] {logging_mixin.py:137} INFO - [2023-01-02T02:09:22.389+0000] {dag.py:2676} INFO - Sync 1 DAGs
[2023-01-02T02:09:22.405+0000] {logging_mixin.py:137} INFO - [2023-01-02T02:09:22.405+0000] {dag.py:3427} INFO - Setting next_dagrun for example_sla_dag to 2023-01-02T02:06:00+00:00, run_after=2023-01-02T02:08:00+00:00
[2023-01-02T02:09:22.416+0000] {processor.py:175} INFO - Processing /home/airflow/.local/lib/python3.7/site-packages/airflow/example_dags/example_sla_dag.py took 0.077 seconds
[2023-01-02T02:09:52.729+0000] {processor.py:153} INFO - Started process (PID=1360) to work on /home/airflow/.local/lib/python3.7/site-packages/airflow/example_dags/example_sla_dag.py
[2023-01-02T02:09:52.730+0000] {processor.py:743} INFO - Processing file /home/airflow/.local/lib/python3.7/site-packages/airflow/example_dags/example_sla_dag.py for tasks to queue
[2023-01-02T02:09:52.731+0000] {logging_mixin.py:137} INFO - [2023-01-02T02:09:52.731+0000] {dagbag.py:538} INFO - Filling up the DagBag from /home/airflow/.local/lib/python3.7/site-packages/airflow/example_dags/example_sla_dag.py
[2023-01-02T02:09:52.759+0000] {processor.py:753} INFO - DAG(s) dict_keys(['example_sla_dag']) retrieved from /home/airflow/.local/lib/python3.7/site-packages/airflow/example_dags/example_sla_dag.py
[2023-01-02T02:09:52.785+0000] {logging_mixin.py:137} INFO - [2023-01-02T02:09:52.785+0000] {dag.py:2676} INFO - Sync 1 DAGs
[2023-01-02T02:09:52.803+0000] {logging_mixin.py:137} INFO - [2023-01-02T02:09:52.803+0000] {dag.py:3427} INFO - Setting next_dagrun for example_sla_dag to 2023-01-02T02:06:00+00:00, run_after=2023-01-02T02:08:00+00:00
[2023-01-02T02:09:52.814+0000] {processor.py:175} INFO - Processing /home/airflow/.local/lib/python3.7/site-packages/airflow/example_dags/example_sla_dag.py took 0.089 seconds
