[2023-01-02T01:57:10.311+0000] {processor.py:153} INFO - Started process (PID=44) to work on /home/airflow/.local/lib/python3.7/site-packages/airflow/example_dags/example_skip_dag.py
[2023-01-02T01:57:10.313+0000] {processor.py:743} INFO - Processing file /home/airflow/.local/lib/python3.7/site-packages/airflow/example_dags/example_skip_dag.py for tasks to queue
[2023-01-02T01:57:10.314+0000] {logging_mixin.py:137} INFO - [2023-01-02T01:57:10.314+0000] {dagbag.py:538} INFO - Filling up the DagBag from /home/airflow/.local/lib/python3.7/site-packages/airflow/example_dags/example_skip_dag.py
[2023-01-02T01:57:10.369+0000] {processor.py:753} INFO - DAG(s) dict_keys(['example_skip_dag']) retrieved from /home/airflow/.local/lib/python3.7/site-packages/airflow/example_dags/example_skip_dag.py
[2023-01-02T01:57:10.401+0000] {logging_mixin.py:137} INFO - [2023-01-02T01:57:10.401+0000] {dag.py:2676} INFO - Sync 1 DAGs
[2023-01-02T01:57:10.447+0000] {logging_mixin.py:137} INFO - [2023-01-02T01:57:10.446+0000] {dag.py:3427} INFO - Setting next_dagrun for example_skip_dag to 2023-01-01T01:57:10.446601+00:00, run_after=2023-01-02T01:57:10.446601+00:00
[2023-01-02T01:57:10.469+0000] {processor.py:175} INFO - Processing /home/airflow/.local/lib/python3.7/site-packages/airflow/example_dags/example_skip_dag.py took 0.164 seconds
[2023-01-02T01:57:40.692+0000] {processor.py:153} INFO - Started process (PID=122) to work on /home/airflow/.local/lib/python3.7/site-packages/airflow/example_dags/example_skip_dag.py
[2023-01-02T01:57:40.693+0000] {processor.py:743} INFO - Processing file /home/airflow/.local/lib/python3.7/site-packages/airflow/example_dags/example_skip_dag.py for tasks to queue
[2023-01-02T01:57:40.694+0000] {logging_mixin.py:137} INFO - [2023-01-02T01:57:40.694+0000] {dagbag.py:538} INFO - Filling up the DagBag from /home/airflow/.local/lib/python3.7/site-packages/airflow/example_dags/example_skip_dag.py
[2023-01-02T01:57:40.707+0000] {processor.py:753} INFO - DAG(s) dict_keys(['example_skip_dag']) retrieved from /home/airflow/.local/lib/python3.7/site-packages/airflow/example_dags/example_skip_dag.py
[2023-01-02T01:57:40.736+0000] {logging_mixin.py:137} INFO - [2023-01-02T01:57:40.736+0000] {dag.py:2676} INFO - Sync 1 DAGs
[2023-01-02T01:57:40.752+0000] {logging_mixin.py:137} INFO - [2023-01-02T01:57:40.752+0000] {dag.py:3427} INFO - Setting next_dagrun for example_skip_dag to 2023-01-01T01:57:40.752087+00:00, run_after=2023-01-02T01:57:40.752087+00:00
[2023-01-02T01:57:40.763+0000] {processor.py:175} INFO - Processing /home/airflow/.local/lib/python3.7/site-packages/airflow/example_dags/example_skip_dag.py took 0.074 seconds
[2023-01-02T01:58:11.568+0000] {processor.py:153} INFO - Started process (PID=195) to work on /home/airflow/.local/lib/python3.7/site-packages/airflow/example_dags/example_skip_dag.py
[2023-01-02T01:58:11.569+0000] {processor.py:743} INFO - Processing file /home/airflow/.local/lib/python3.7/site-packages/airflow/example_dags/example_skip_dag.py for tasks to queue
[2023-01-02T01:58:11.570+0000] {logging_mixin.py:137} INFO - [2023-01-02T01:58:11.570+0000] {dagbag.py:538} INFO - Filling up the DagBag from /home/airflow/.local/lib/python3.7/site-packages/airflow/example_dags/example_skip_dag.py
[2023-01-02T01:58:11.587+0000] {processor.py:753} INFO - DAG(s) dict_keys(['example_skip_dag']) retrieved from /home/airflow/.local/lib/python3.7/site-packages/airflow/example_dags/example_skip_dag.py
[2023-01-02T01:58:11.630+0000] {logging_mixin.py:137} INFO - [2023-01-02T01:58:11.630+0000] {dag.py:2676} INFO - Sync 1 DAGs
[2023-01-02T01:58:11.656+0000] {logging_mixin.py:137} INFO - [2023-01-02T01:58:11.656+0000] {dag.py:3427} INFO - Setting next_dagrun for example_skip_dag to 2023-01-01T01:58:11.656343+00:00, run_after=2023-01-02T01:58:11.656343+00:00
[2023-01-02T01:58:11.688+0000] {processor.py:175} INFO - Processing /home/airflow/.local/lib/python3.7/site-packages/airflow/example_dags/example_skip_dag.py took 0.123 seconds
[2023-01-02T02:00:41.738+0000] {processor.py:153} INFO - Started process (PID=44) to work on /home/airflow/.local/lib/python3.7/site-packages/airflow/example_dags/example_skip_dag.py
[2023-01-02T02:00:41.740+0000] {processor.py:743} INFO - Processing file /home/airflow/.local/lib/python3.7/site-packages/airflow/example_dags/example_skip_dag.py for tasks to queue
[2023-01-02T02:00:41.741+0000] {logging_mixin.py:137} INFO - [2023-01-02T02:00:41.741+0000] {dagbag.py:538} INFO - Filling up the DagBag from /home/airflow/.local/lib/python3.7/site-packages/airflow/example_dags/example_skip_dag.py
[2023-01-02T02:00:41.758+0000] {processor.py:753} INFO - DAG(s) dict_keys(['example_skip_dag']) retrieved from /home/airflow/.local/lib/python3.7/site-packages/airflow/example_dags/example_skip_dag.py
[2023-01-02T02:00:41.794+0000] {logging_mixin.py:137} INFO - [2023-01-02T02:00:41.794+0000] {dag.py:2676} INFO - Sync 1 DAGs
[2023-01-02T02:00:41.823+0000] {logging_mixin.py:137} INFO - [2023-01-02T02:00:41.822+0000] {dag.py:3427} INFO - Setting next_dagrun for example_skip_dag to 2023-01-01T02:00:41.822241+00:00, run_after=2023-01-02T02:00:41.822241+00:00
[2023-01-02T02:00:41.843+0000] {processor.py:175} INFO - Processing /home/airflow/.local/lib/python3.7/site-packages/airflow/example_dags/example_skip_dag.py took 0.110 seconds
[2023-01-02T02:01:12.265+0000] {processor.py:153} INFO - Started process (PID=122) to work on /home/airflow/.local/lib/python3.7/site-packages/airflow/example_dags/example_skip_dag.py
[2023-01-02T02:01:12.267+0000] {processor.py:743} INFO - Processing file /home/airflow/.local/lib/python3.7/site-packages/airflow/example_dags/example_skip_dag.py for tasks to queue
[2023-01-02T02:01:12.268+0000] {logging_mixin.py:137} INFO - [2023-01-02T02:01:12.268+0000] {dagbag.py:538} INFO - Filling up the DagBag from /home/airflow/.local/lib/python3.7/site-packages/airflow/example_dags/example_skip_dag.py
[2023-01-02T02:01:12.286+0000] {processor.py:753} INFO - DAG(s) dict_keys(['example_skip_dag']) retrieved from /home/airflow/.local/lib/python3.7/site-packages/airflow/example_dags/example_skip_dag.py
[2023-01-02T02:01:12.321+0000] {logging_mixin.py:137} INFO - [2023-01-02T02:01:12.321+0000] {dag.py:2676} INFO - Sync 1 DAGs
[2023-01-02T02:01:12.339+0000] {logging_mixin.py:137} INFO - [2023-01-02T02:01:12.338+0000] {dag.py:3427} INFO - Setting next_dagrun for example_skip_dag to 2023-01-01T02:01:12.338667+00:00, run_after=2023-01-02T02:01:12.338667+00:00
[2023-01-02T02:01:12.353+0000] {processor.py:175} INFO - Processing /home/airflow/.local/lib/python3.7/site-packages/airflow/example_dags/example_skip_dag.py took 0.091 seconds
[2023-01-02T02:01:42.694+0000] {processor.py:153} INFO - Started process (PID=187) to work on /home/airflow/.local/lib/python3.7/site-packages/airflow/example_dags/example_skip_dag.py
[2023-01-02T02:01:42.696+0000] {processor.py:743} INFO - Processing file /home/airflow/.local/lib/python3.7/site-packages/airflow/example_dags/example_skip_dag.py for tasks to queue
[2023-01-02T02:01:42.697+0000] {logging_mixin.py:137} INFO - [2023-01-02T02:01:42.697+0000] {dagbag.py:538} INFO - Filling up the DagBag from /home/airflow/.local/lib/python3.7/site-packages/airflow/example_dags/example_skip_dag.py
[2023-01-02T02:01:42.708+0000] {processor.py:753} INFO - DAG(s) dict_keys(['example_skip_dag']) retrieved from /home/airflow/.local/lib/python3.7/site-packages/airflow/example_dags/example_skip_dag.py
[2023-01-02T02:01:42.738+0000] {logging_mixin.py:137} INFO - [2023-01-02T02:01:42.737+0000] {dag.py:2676} INFO - Sync 1 DAGs
[2023-01-02T02:01:42.756+0000] {logging_mixin.py:137} INFO - [2023-01-02T02:01:42.755+0000] {dag.py:3427} INFO - Setting next_dagrun for example_skip_dag to 2023-01-01T02:01:42.755675+00:00, run_after=2023-01-02T02:01:42.755675+00:00
[2023-01-02T02:01:42.770+0000] {processor.py:175} INFO - Processing /home/airflow/.local/lib/python3.7/site-packages/airflow/example_dags/example_skip_dag.py took 0.078 seconds
[2023-01-02T02:02:13.329+0000] {processor.py:153} INFO - Started process (PID=265) to work on /home/airflow/.local/lib/python3.7/site-packages/airflow/example_dags/example_skip_dag.py
[2023-01-02T02:02:13.331+0000] {processor.py:743} INFO - Processing file /home/airflow/.local/lib/python3.7/site-packages/airflow/example_dags/example_skip_dag.py for tasks to queue
[2023-01-02T02:02:13.332+0000] {logging_mixin.py:137} INFO - [2023-01-02T02:02:13.332+0000] {dagbag.py:538} INFO - Filling up the DagBag from /home/airflow/.local/lib/python3.7/site-packages/airflow/example_dags/example_skip_dag.py
[2023-01-02T02:02:13.342+0000] {processor.py:753} INFO - DAG(s) dict_keys(['example_skip_dag']) retrieved from /home/airflow/.local/lib/python3.7/site-packages/airflow/example_dags/example_skip_dag.py
[2023-01-02T02:02:13.370+0000] {logging_mixin.py:137} INFO - [2023-01-02T02:02:13.369+0000] {dag.py:2676} INFO - Sync 1 DAGs
[2023-01-02T02:02:13.385+0000] {logging_mixin.py:137} INFO - [2023-01-02T02:02:13.385+0000] {dag.py:3427} INFO - Setting next_dagrun for example_skip_dag to 2023-01-01T02:02:13.385235+00:00, run_after=2023-01-02T02:02:13.385235+00:00
[2023-01-02T02:02:13.397+0000] {processor.py:175} INFO - Processing /home/airflow/.local/lib/python3.7/site-packages/airflow/example_dags/example_skip_dag.py took 0.070 seconds
[2023-01-02T02:02:43.986+0000] {processor.py:153} INFO - Started process (PID=344) to work on /home/airflow/.local/lib/python3.7/site-packages/airflow/example_dags/example_skip_dag.py
[2023-01-02T02:02:43.988+0000] {processor.py:743} INFO - Processing file /home/airflow/.local/lib/python3.7/site-packages/airflow/example_dags/example_skip_dag.py for tasks to queue
[2023-01-02T02:02:43.989+0000] {logging_mixin.py:137} INFO - [2023-01-02T02:02:43.989+0000] {dagbag.py:538} INFO - Filling up the DagBag from /home/airflow/.local/lib/python3.7/site-packages/airflow/example_dags/example_skip_dag.py
[2023-01-02T02:02:44.006+0000] {processor.py:753} INFO - DAG(s) dict_keys(['example_skip_dag']) retrieved from /home/airflow/.local/lib/python3.7/site-packages/airflow/example_dags/example_skip_dag.py
[2023-01-02T02:02:44.052+0000] {logging_mixin.py:137} INFO - [2023-01-02T02:02:44.052+0000] {dag.py:2676} INFO - Sync 1 DAGs
[2023-01-02T02:02:44.076+0000] {logging_mixin.py:137} INFO - [2023-01-02T02:02:44.076+0000] {dag.py:3427} INFO - Setting next_dagrun for example_skip_dag to 2023-01-01T02:02:44.076305+00:00, run_after=2023-01-02T02:02:44.076305+00:00
[2023-01-02T02:02:44.090+0000] {processor.py:175} INFO - Processing /home/airflow/.local/lib/python3.7/site-packages/airflow/example_dags/example_skip_dag.py took 0.107 seconds
[2023-01-02T02:03:14.911+0000] {processor.py:153} INFO - Started process (PID=409) to work on /home/airflow/.local/lib/python3.7/site-packages/airflow/example_dags/example_skip_dag.py
[2023-01-02T02:03:14.912+0000] {processor.py:743} INFO - Processing file /home/airflow/.local/lib/python3.7/site-packages/airflow/example_dags/example_skip_dag.py for tasks to queue
[2023-01-02T02:03:14.913+0000] {logging_mixin.py:137} INFO - [2023-01-02T02:03:14.913+0000] {dagbag.py:538} INFO - Filling up the DagBag from /home/airflow/.local/lib/python3.7/site-packages/airflow/example_dags/example_skip_dag.py
[2023-01-02T02:03:14.924+0000] {processor.py:753} INFO - DAG(s) dict_keys(['example_skip_dag']) retrieved from /home/airflow/.local/lib/python3.7/site-packages/airflow/example_dags/example_skip_dag.py
[2023-01-02T02:03:14.953+0000] {logging_mixin.py:137} INFO - [2023-01-02T02:03:14.953+0000] {dag.py:2676} INFO - Sync 1 DAGs
[2023-01-02T02:03:14.971+0000] {logging_mixin.py:137} INFO - [2023-01-02T02:03:14.971+0000] {dag.py:3427} INFO - Setting next_dagrun for example_skip_dag to 2023-01-01T02:03:14.971384+00:00, run_after=2023-01-02T02:03:14.971384+00:00
[2023-01-02T02:03:14.987+0000] {processor.py:175} INFO - Processing /home/airflow/.local/lib/python3.7/site-packages/airflow/example_dags/example_skip_dag.py took 0.079 seconds
[2023-01-02T02:03:45.190+0000] {processor.py:153} INFO - Started process (PID=487) to work on /home/airflow/.local/lib/python3.7/site-packages/airflow/example_dags/example_skip_dag.py
[2023-01-02T02:03:45.191+0000] {processor.py:743} INFO - Processing file /home/airflow/.local/lib/python3.7/site-packages/airflow/example_dags/example_skip_dag.py for tasks to queue
[2023-01-02T02:03:45.193+0000] {logging_mixin.py:137} INFO - [2023-01-02T02:03:45.193+0000] {dagbag.py:538} INFO - Filling up the DagBag from /home/airflow/.local/lib/python3.7/site-packages/airflow/example_dags/example_skip_dag.py
[2023-01-02T02:03:45.202+0000] {processor.py:753} INFO - DAG(s) dict_keys(['example_skip_dag']) retrieved from /home/airflow/.local/lib/python3.7/site-packages/airflow/example_dags/example_skip_dag.py
[2023-01-02T02:03:45.231+0000] {logging_mixin.py:137} INFO - [2023-01-02T02:03:45.231+0000] {dag.py:2676} INFO - Sync 1 DAGs
[2023-01-02T02:03:45.247+0000] {logging_mixin.py:137} INFO - [2023-01-02T02:03:45.247+0000] {dag.py:3427} INFO - Setting next_dagrun for example_skip_dag to 2023-01-01T02:03:45.246728+00:00, run_after=2023-01-02T02:03:45.246728+00:00
[2023-01-02T02:03:45.258+0000] {processor.py:175} INFO - Processing /home/airflow/.local/lib/python3.7/site-packages/airflow/example_dags/example_skip_dag.py took 0.071 seconds
[2023-01-02T02:04:15.636+0000] {processor.py:153} INFO - Started process (PID=561) to work on /home/airflow/.local/lib/python3.7/site-packages/airflow/example_dags/example_skip_dag.py
[2023-01-02T02:04:15.637+0000] {processor.py:743} INFO - Processing file /home/airflow/.local/lib/python3.7/site-packages/airflow/example_dags/example_skip_dag.py for tasks to queue
[2023-01-02T02:04:15.639+0000] {logging_mixin.py:137} INFO - [2023-01-02T02:04:15.638+0000] {dagbag.py:538} INFO - Filling up the DagBag from /home/airflow/.local/lib/python3.7/site-packages/airflow/example_dags/example_skip_dag.py
[2023-01-02T02:04:15.652+0000] {processor.py:753} INFO - DAG(s) dict_keys(['example_skip_dag']) retrieved from /home/airflow/.local/lib/python3.7/site-packages/airflow/example_dags/example_skip_dag.py
[2023-01-02T02:04:15.683+0000] {logging_mixin.py:137} INFO - [2023-01-02T02:04:15.683+0000] {dag.py:2676} INFO - Sync 1 DAGs
[2023-01-02T02:04:15.704+0000] {logging_mixin.py:137} INFO - [2023-01-02T02:04:15.704+0000] {dag.py:3427} INFO - Setting next_dagrun for example_skip_dag to 2023-01-01T02:04:15.704040+00:00, run_after=2023-01-02T02:04:15.704040+00:00
[2023-01-02T02:04:15.719+0000] {processor.py:175} INFO - Processing /home/airflow/.local/lib/python3.7/site-packages/airflow/example_dags/example_skip_dag.py took 0.088 seconds
[2023-01-02T02:04:46.510+0000] {processor.py:153} INFO - Started process (PID=631) to work on /home/airflow/.local/lib/python3.7/site-packages/airflow/example_dags/example_skip_dag.py
[2023-01-02T02:04:46.511+0000] {processor.py:743} INFO - Processing file /home/airflow/.local/lib/python3.7/site-packages/airflow/example_dags/example_skip_dag.py for tasks to queue
[2023-01-02T02:04:46.512+0000] {logging_mixin.py:137} INFO - [2023-01-02T02:04:46.512+0000] {dagbag.py:538} INFO - Filling up the DagBag from /home/airflow/.local/lib/python3.7/site-packages/airflow/example_dags/example_skip_dag.py
[2023-01-02T02:04:46.522+0000] {processor.py:753} INFO - DAG(s) dict_keys(['example_skip_dag']) retrieved from /home/airflow/.local/lib/python3.7/site-packages/airflow/example_dags/example_skip_dag.py
[2023-01-02T02:04:46.550+0000] {logging_mixin.py:137} INFO - [2023-01-02T02:04:46.550+0000] {dag.py:2676} INFO - Sync 1 DAGs
[2023-01-02T02:04:46.565+0000] {logging_mixin.py:137} INFO - [2023-01-02T02:04:46.564+0000] {dag.py:3427} INFO - Setting next_dagrun for example_skip_dag to 2023-01-01T02:04:46.564763+00:00, run_after=2023-01-02T02:04:46.564763+00:00
[2023-01-02T02:04:46.575+0000] {processor.py:175} INFO - Processing /home/airflow/.local/lib/python3.7/site-packages/airflow/example_dags/example_skip_dag.py took 0.068 seconds
[2023-01-02T02:05:17.099+0000] {processor.py:153} INFO - Started process (PID=708) to work on /home/airflow/.local/lib/python3.7/site-packages/airflow/example_dags/example_skip_dag.py
[2023-01-02T02:05:17.100+0000] {processor.py:743} INFO - Processing file /home/airflow/.local/lib/python3.7/site-packages/airflow/example_dags/example_skip_dag.py for tasks to queue
[2023-01-02T02:05:17.101+0000] {logging_mixin.py:137} INFO - [2023-01-02T02:05:17.101+0000] {dagbag.py:538} INFO - Filling up the DagBag from /home/airflow/.local/lib/python3.7/site-packages/airflow/example_dags/example_skip_dag.py
[2023-01-02T02:05:17.113+0000] {processor.py:753} INFO - DAG(s) dict_keys(['example_skip_dag']) retrieved from /home/airflow/.local/lib/python3.7/site-packages/airflow/example_dags/example_skip_dag.py
[2023-01-02T02:05:17.141+0000] {logging_mixin.py:137} INFO - [2023-01-02T02:05:17.141+0000] {dag.py:2676} INFO - Sync 1 DAGs
[2023-01-02T02:05:17.158+0000] {logging_mixin.py:137} INFO - [2023-01-02T02:05:17.157+0000] {dag.py:3427} INFO - Setting next_dagrun for example_skip_dag to 2023-01-01T02:05:17.157712+00:00, run_after=2023-01-02T02:05:17.157712+00:00
[2023-01-02T02:05:17.170+0000] {processor.py:175} INFO - Processing /home/airflow/.local/lib/python3.7/site-packages/airflow/example_dags/example_skip_dag.py took 0.074 seconds
[2023-01-02T02:05:47.865+0000] {processor.py:153} INFO - Started process (PID=773) to work on /home/airflow/.local/lib/python3.7/site-packages/airflow/example_dags/example_skip_dag.py
[2023-01-02T02:05:47.866+0000] {processor.py:743} INFO - Processing file /home/airflow/.local/lib/python3.7/site-packages/airflow/example_dags/example_skip_dag.py for tasks to queue
[2023-01-02T02:05:47.867+0000] {logging_mixin.py:137} INFO - [2023-01-02T02:05:47.867+0000] {dagbag.py:538} INFO - Filling up the DagBag from /home/airflow/.local/lib/python3.7/site-packages/airflow/example_dags/example_skip_dag.py
[2023-01-02T02:05:47.878+0000] {processor.py:753} INFO - DAG(s) dict_keys(['example_skip_dag']) retrieved from /home/airflow/.local/lib/python3.7/site-packages/airflow/example_dags/example_skip_dag.py
[2023-01-02T02:05:47.907+0000] {logging_mixin.py:137} INFO - [2023-01-02T02:05:47.907+0000] {dag.py:2676} INFO - Sync 1 DAGs
[2023-01-02T02:05:47.923+0000] {logging_mixin.py:137} INFO - [2023-01-02T02:05:47.923+0000] {dag.py:3427} INFO - Setting next_dagrun for example_skip_dag to 2023-01-01T02:05:47.923368+00:00, run_after=2023-01-02T02:05:47.923368+00:00
[2023-01-02T02:05:47.937+0000] {processor.py:175} INFO - Processing /home/airflow/.local/lib/python3.7/site-packages/airflow/example_dags/example_skip_dag.py took 0.075 seconds
[2023-01-02T02:06:18.450+0000] {processor.py:153} INFO - Started process (PID=852) to work on /home/airflow/.local/lib/python3.7/site-packages/airflow/example_dags/example_skip_dag.py
[2023-01-02T02:06:18.451+0000] {processor.py:743} INFO - Processing file /home/airflow/.local/lib/python3.7/site-packages/airflow/example_dags/example_skip_dag.py for tasks to queue
[2023-01-02T02:06:18.452+0000] {logging_mixin.py:137} INFO - [2023-01-02T02:06:18.452+0000] {dagbag.py:538} INFO - Filling up the DagBag from /home/airflow/.local/lib/python3.7/site-packages/airflow/example_dags/example_skip_dag.py
[2023-01-02T02:06:18.463+0000] {processor.py:753} INFO - DAG(s) dict_keys(['example_skip_dag']) retrieved from /home/airflow/.local/lib/python3.7/site-packages/airflow/example_dags/example_skip_dag.py
[2023-01-02T02:06:18.490+0000] {logging_mixin.py:137} INFO - [2023-01-02T02:06:18.490+0000] {dag.py:2676} INFO - Sync 1 DAGs
[2023-01-02T02:06:18.506+0000] {logging_mixin.py:137} INFO - [2023-01-02T02:06:18.506+0000] {dag.py:3427} INFO - Setting next_dagrun for example_skip_dag to 2023-01-01T02:06:18.505921+00:00, run_after=2023-01-02T02:06:18.505921+00:00
[2023-01-02T02:06:18.517+0000] {processor.py:175} INFO - Processing /home/airflow/.local/lib/python3.7/site-packages/airflow/example_dags/example_skip_dag.py took 0.070 seconds
[2023-01-02T02:06:48.930+0000] {processor.py:153} INFO - Started process (PID=930) to work on /home/airflow/.local/lib/python3.7/site-packages/airflow/example_dags/example_skip_dag.py
[2023-01-02T02:06:48.932+0000] {processor.py:743} INFO - Processing file /home/airflow/.local/lib/python3.7/site-packages/airflow/example_dags/example_skip_dag.py for tasks to queue
[2023-01-02T02:06:48.933+0000] {logging_mixin.py:137} INFO - [2023-01-02T02:06:48.933+0000] {dagbag.py:538} INFO - Filling up the DagBag from /home/airflow/.local/lib/python3.7/site-packages/airflow/example_dags/example_skip_dag.py
[2023-01-02T02:06:48.947+0000] {processor.py:753} INFO - DAG(s) dict_keys(['example_skip_dag']) retrieved from /home/airflow/.local/lib/python3.7/site-packages/airflow/example_dags/example_skip_dag.py
[2023-01-02T02:06:48.985+0000] {logging_mixin.py:137} INFO - [2023-01-02T02:06:48.985+0000] {dag.py:2676} INFO - Sync 1 DAGs
[2023-01-02T02:06:49.007+0000] {logging_mixin.py:137} INFO - [2023-01-02T02:06:49.007+0000] {dag.py:3427} INFO - Setting next_dagrun for example_skip_dag to 2023-01-01T02:06:49.006855+00:00, run_after=2023-01-02T02:06:49.006855+00:00
[2023-01-02T02:06:49.043+0000] {processor.py:175} INFO - Processing /home/airflow/.local/lib/python3.7/site-packages/airflow/example_dags/example_skip_dag.py took 0.117 seconds
[2023-01-02T02:07:19.701+0000] {processor.py:153} INFO - Started process (PID=996) to work on /home/airflow/.local/lib/python3.7/site-packages/airflow/example_dags/example_skip_dag.py
[2023-01-02T02:07:19.702+0000] {processor.py:743} INFO - Processing file /home/airflow/.local/lib/python3.7/site-packages/airflow/example_dags/example_skip_dag.py for tasks to queue
[2023-01-02T02:07:19.703+0000] {logging_mixin.py:137} INFO - [2023-01-02T02:07:19.703+0000] {dagbag.py:538} INFO - Filling up the DagBag from /home/airflow/.local/lib/python3.7/site-packages/airflow/example_dags/example_skip_dag.py
[2023-01-02T02:07:19.713+0000] {processor.py:753} INFO - DAG(s) dict_keys(['example_skip_dag']) retrieved from /home/airflow/.local/lib/python3.7/site-packages/airflow/example_dags/example_skip_dag.py
[2023-01-02T02:07:19.740+0000] {logging_mixin.py:137} INFO - [2023-01-02T02:07:19.740+0000] {dag.py:2676} INFO - Sync 1 DAGs
[2023-01-02T02:07:19.754+0000] {logging_mixin.py:137} INFO - [2023-01-02T02:07:19.754+0000] {dag.py:3427} INFO - Setting next_dagrun for example_skip_dag to 2023-01-01T02:07:19.754205+00:00, run_after=2023-01-02T02:07:19.754205+00:00
[2023-01-02T02:07:19.765+0000] {processor.py:175} INFO - Processing /home/airflow/.local/lib/python3.7/site-packages/airflow/example_dags/example_skip_dag.py took 0.068 seconds
[2023-01-02T02:07:50.316+0000] {processor.py:153} INFO - Started process (PID=1075) to work on /home/airflow/.local/lib/python3.7/site-packages/airflow/example_dags/example_skip_dag.py
[2023-01-02T02:07:50.318+0000] {processor.py:743} INFO - Processing file /home/airflow/.local/lib/python3.7/site-packages/airflow/example_dags/example_skip_dag.py for tasks to queue
[2023-01-02T02:07:50.319+0000] {logging_mixin.py:137} INFO - [2023-01-02T02:07:50.319+0000] {dagbag.py:538} INFO - Filling up the DagBag from /home/airflow/.local/lib/python3.7/site-packages/airflow/example_dags/example_skip_dag.py
[2023-01-02T02:07:50.331+0000] {processor.py:753} INFO - DAG(s) dict_keys(['example_skip_dag']) retrieved from /home/airflow/.local/lib/python3.7/site-packages/airflow/example_dags/example_skip_dag.py
[2023-01-02T02:07:50.359+0000] {logging_mixin.py:137} INFO - [2023-01-02T02:07:50.359+0000] {dag.py:2676} INFO - Sync 1 DAGs
[2023-01-02T02:07:50.375+0000] {logging_mixin.py:137} INFO - [2023-01-02T02:07:50.375+0000] {dag.py:3427} INFO - Setting next_dagrun for example_skip_dag to 2023-01-01T02:07:50.375106+00:00, run_after=2023-01-02T02:07:50.375106+00:00
[2023-01-02T02:07:50.388+0000] {processor.py:175} INFO - Processing /home/airflow/.local/lib/python3.7/site-packages/airflow/example_dags/example_skip_dag.py took 0.075 seconds
[2023-01-02T02:08:20.859+0000] {processor.py:153} INFO - Started process (PID=1140) to work on /home/airflow/.local/lib/python3.7/site-packages/airflow/example_dags/example_skip_dag.py
[2023-01-02T02:08:20.861+0000] {processor.py:743} INFO - Processing file /home/airflow/.local/lib/python3.7/site-packages/airflow/example_dags/example_skip_dag.py for tasks to queue
[2023-01-02T02:08:20.862+0000] {logging_mixin.py:137} INFO - [2023-01-02T02:08:20.862+0000] {dagbag.py:538} INFO - Filling up the DagBag from /home/airflow/.local/lib/python3.7/site-packages/airflow/example_dags/example_skip_dag.py
[2023-01-02T02:08:20.874+0000] {processor.py:753} INFO - DAG(s) dict_keys(['example_skip_dag']) retrieved from /home/airflow/.local/lib/python3.7/site-packages/airflow/example_dags/example_skip_dag.py
[2023-01-02T02:08:20.906+0000] {logging_mixin.py:137} INFO - [2023-01-02T02:08:20.906+0000] {dag.py:2676} INFO - Sync 1 DAGs
[2023-01-02T02:08:20.931+0000] {logging_mixin.py:137} INFO - [2023-01-02T02:08:20.931+0000] {dag.py:3427} INFO - Setting next_dagrun for example_skip_dag to 2023-01-01T02:08:20.931145+00:00, run_after=2023-01-02T02:08:20.931145+00:00
[2023-01-02T02:08:20.951+0000] {processor.py:175} INFO - Processing /home/airflow/.local/lib/python3.7/site-packages/airflow/example_dags/example_skip_dag.py took 0.095 seconds
[2023-01-02T02:08:51.939+0000] {processor.py:153} INFO - Started process (PID=1217) to work on /home/airflow/.local/lib/python3.7/site-packages/airflow/example_dags/example_skip_dag.py
[2023-01-02T02:08:51.940+0000] {processor.py:743} INFO - Processing file /home/airflow/.local/lib/python3.7/site-packages/airflow/example_dags/example_skip_dag.py for tasks to queue
[2023-01-02T02:08:51.941+0000] {logging_mixin.py:137} INFO - [2023-01-02T02:08:51.941+0000] {dagbag.py:538} INFO - Filling up the DagBag from /home/airflow/.local/lib/python3.7/site-packages/airflow/example_dags/example_skip_dag.py
[2023-01-02T02:08:51.953+0000] {processor.py:753} INFO - DAG(s) dict_keys(['example_skip_dag']) retrieved from /home/airflow/.local/lib/python3.7/site-packages/airflow/example_dags/example_skip_dag.py
[2023-01-02T02:08:51.983+0000] {logging_mixin.py:137} INFO - [2023-01-02T02:08:51.983+0000] {dag.py:2676} INFO - Sync 1 DAGs
[2023-01-02T02:08:52.004+0000] {logging_mixin.py:137} INFO - [2023-01-02T02:08:52.004+0000] {dag.py:3427} INFO - Setting next_dagrun for example_skip_dag to 2023-01-01T02:08:52.004021+00:00, run_after=2023-01-02T02:08:52.004021+00:00
[2023-01-02T02:08:52.028+0000] {processor.py:175} INFO - Processing /home/airflow/.local/lib/python3.7/site-packages/airflow/example_dags/example_skip_dag.py took 0.093 seconds
[2023-01-02T02:09:22.361+0000] {processor.py:153} INFO - Started process (PID=1296) to work on /home/airflow/.local/lib/python3.7/site-packages/airflow/example_dags/example_skip_dag.py
[2023-01-02T02:09:22.363+0000] {processor.py:743} INFO - Processing file /home/airflow/.local/lib/python3.7/site-packages/airflow/example_dags/example_skip_dag.py for tasks to queue
[2023-01-02T02:09:22.364+0000] {logging_mixin.py:137} INFO - [2023-01-02T02:09:22.364+0000] {dagbag.py:538} INFO - Filling up the DagBag from /home/airflow/.local/lib/python3.7/site-packages/airflow/example_dags/example_skip_dag.py
[2023-01-02T02:09:22.375+0000] {processor.py:753} INFO - DAG(s) dict_keys(['example_skip_dag']) retrieved from /home/airflow/.local/lib/python3.7/site-packages/airflow/example_dags/example_skip_dag.py
[2023-01-02T02:09:22.402+0000] {logging_mixin.py:137} INFO - [2023-01-02T02:09:22.402+0000] {dag.py:2676} INFO - Sync 1 DAGs
[2023-01-02T02:09:22.416+0000] {logging_mixin.py:137} INFO - [2023-01-02T02:09:22.416+0000] {dag.py:3427} INFO - Setting next_dagrun for example_skip_dag to 2023-01-01T02:09:22.416316+00:00, run_after=2023-01-02T02:09:22.416316+00:00
[2023-01-02T02:09:22.428+0000] {processor.py:175} INFO - Processing /home/airflow/.local/lib/python3.7/site-packages/airflow/example_dags/example_skip_dag.py took 0.070 seconds
[2023-01-02T02:09:52.753+0000] {processor.py:153} INFO - Started process (PID=1361) to work on /home/airflow/.local/lib/python3.7/site-packages/airflow/example_dags/example_skip_dag.py
[2023-01-02T02:09:52.754+0000] {processor.py:743} INFO - Processing file /home/airflow/.local/lib/python3.7/site-packages/airflow/example_dags/example_skip_dag.py for tasks to queue
[2023-01-02T02:09:52.755+0000] {logging_mixin.py:137} INFO - [2023-01-02T02:09:52.755+0000] {dagbag.py:538} INFO - Filling up the DagBag from /home/airflow/.local/lib/python3.7/site-packages/airflow/example_dags/example_skip_dag.py
[2023-01-02T02:09:52.765+0000] {processor.py:753} INFO - DAG(s) dict_keys(['example_skip_dag']) retrieved from /home/airflow/.local/lib/python3.7/site-packages/airflow/example_dags/example_skip_dag.py
[2023-01-02T02:09:52.793+0000] {logging_mixin.py:137} INFO - [2023-01-02T02:09:52.793+0000] {dag.py:2676} INFO - Sync 1 DAGs
[2023-01-02T02:09:52.808+0000] {logging_mixin.py:137} INFO - [2023-01-02T02:09:52.808+0000] {dag.py:3427} INFO - Setting next_dagrun for example_skip_dag to 2023-01-01T02:09:52.808115+00:00, run_after=2023-01-02T02:09:52.808115+00:00
[2023-01-02T02:09:52.820+0000] {processor.py:175} INFO - Processing /home/airflow/.local/lib/python3.7/site-packages/airflow/example_dags/example_skip_dag.py took 0.070 seconds
