[2023-01-02T01:57:11.692+0000] {processor.py:153} INFO - Started process (PID=59) to work on /home/airflow/.local/lib/python3.7/site-packages/airflow/example_dags/example_short_circuit_operator.py
[2023-01-02T01:57:11.694+0000] {processor.py:743} INFO - Processing file /home/airflow/.local/lib/python3.7/site-packages/airflow/example_dags/example_short_circuit_operator.py for tasks to queue
[2023-01-02T01:57:11.695+0000] {logging_mixin.py:137} INFO - [2023-01-02T01:57:11.695+0000] {dagbag.py:538} INFO - Filling up the DagBag from /home/airflow/.local/lib/python3.7/site-packages/airflow/example_dags/example_short_circuit_operator.py
[2023-01-02T01:57:11.717+0000] {processor.py:753} INFO - DAG(s) dict_keys(['example_short_circuit_operator']) retrieved from /home/airflow/.local/lib/python3.7/site-packages/airflow/example_dags/example_short_circuit_operator.py
[2023-01-02T01:57:11.755+0000] {logging_mixin.py:137} INFO - [2023-01-02T01:57:11.754+0000] {dag.py:2676} INFO - Sync 1 DAGs
[2023-01-02T01:57:11.786+0000] {logging_mixin.py:137} INFO - [2023-01-02T01:57:11.786+0000] {dag.py:3427} INFO - Setting next_dagrun for example_short_circuit_operator to 2023-01-01T01:57:11.786192+00:00, run_after=2023-01-02T01:57:11.786192+00:00
[2023-01-02T01:57:11.808+0000] {processor.py:175} INFO - Processing /home/airflow/.local/lib/python3.7/site-packages/airflow/example_dags/example_short_circuit_operator.py took 0.121 seconds
[2023-01-02T01:57:41.916+0000] {processor.py:153} INFO - Started process (PID=137) to work on /home/airflow/.local/lib/python3.7/site-packages/airflow/example_dags/example_short_circuit_operator.py
[2023-01-02T01:57:41.917+0000] {processor.py:743} INFO - Processing file /home/airflow/.local/lib/python3.7/site-packages/airflow/example_dags/example_short_circuit_operator.py for tasks to queue
[2023-01-02T01:57:41.918+0000] {logging_mixin.py:137} INFO - [2023-01-02T01:57:41.918+0000] {dagbag.py:538} INFO - Filling up the DagBag from /home/airflow/.local/lib/python3.7/site-packages/airflow/example_dags/example_short_circuit_operator.py
[2023-01-02T01:57:41.930+0000] {processor.py:753} INFO - DAG(s) dict_keys(['example_short_circuit_operator']) retrieved from /home/airflow/.local/lib/python3.7/site-packages/airflow/example_dags/example_short_circuit_operator.py
[2023-01-02T01:57:41.959+0000] {logging_mixin.py:137} INFO - [2023-01-02T01:57:41.959+0000] {dag.py:2676} INFO - Sync 1 DAGs
[2023-01-02T01:57:41.976+0000] {logging_mixin.py:137} INFO - [2023-01-02T01:57:41.976+0000] {dag.py:3427} INFO - Setting next_dagrun for example_short_circuit_operator to 2023-01-01T01:57:41.976177+00:00, run_after=2023-01-02T01:57:41.976177+00:00
[2023-01-02T01:57:41.989+0000] {processor.py:175} INFO - Processing /home/airflow/.local/lib/python3.7/site-packages/airflow/example_dags/example_short_circuit_operator.py took 0.076 seconds
[2023-01-02T01:58:12.858+0000] {processor.py:153} INFO - Started process (PID=214) to work on /home/airflow/.local/lib/python3.7/site-packages/airflow/example_dags/example_short_circuit_operator.py
[2023-01-02T01:58:12.861+0000] {processor.py:743} INFO - Processing file /home/airflow/.local/lib/python3.7/site-packages/airflow/example_dags/example_short_circuit_operator.py for tasks to queue
[2023-01-02T01:58:12.862+0000] {logging_mixin.py:137} INFO - [2023-01-02T01:58:12.861+0000] {dagbag.py:538} INFO - Filling up the DagBag from /home/airflow/.local/lib/python3.7/site-packages/airflow/example_dags/example_short_circuit_operator.py
[2023-01-02T01:58:12.885+0000] {processor.py:753} INFO - DAG(s) dict_keys(['example_short_circuit_operator']) retrieved from /home/airflow/.local/lib/python3.7/site-packages/airflow/example_dags/example_short_circuit_operator.py
[2023-01-02T01:58:12.931+0000] {logging_mixin.py:137} INFO - [2023-01-02T01:58:12.931+0000] {dag.py:2676} INFO - Sync 1 DAGs
[2023-01-02T01:58:12.953+0000] {logging_mixin.py:137} INFO - [2023-01-02T01:58:12.953+0000] {dag.py:3427} INFO - Setting next_dagrun for example_short_circuit_operator to 2023-01-01T01:58:12.953454+00:00, run_after=2023-01-02T01:58:12.953454+00:00
[2023-01-02T01:58:12.981+0000] {processor.py:175} INFO - Processing /home/airflow/.local/lib/python3.7/site-packages/airflow/example_dags/example_short_circuit_operator.py took 0.128 seconds
[2023-01-02T02:00:43.082+0000] {processor.py:153} INFO - Started process (PID=59) to work on /home/airflow/.local/lib/python3.7/site-packages/airflow/example_dags/example_short_circuit_operator.py
[2023-01-02T02:00:43.084+0000] {processor.py:743} INFO - Processing file /home/airflow/.local/lib/python3.7/site-packages/airflow/example_dags/example_short_circuit_operator.py for tasks to queue
[2023-01-02T02:00:43.086+0000] {logging_mixin.py:137} INFO - [2023-01-02T02:00:43.085+0000] {dagbag.py:538} INFO - Filling up the DagBag from /home/airflow/.local/lib/python3.7/site-packages/airflow/example_dags/example_short_circuit_operator.py
[2023-01-02T02:00:43.118+0000] {processor.py:753} INFO - DAG(s) dict_keys(['example_short_circuit_operator']) retrieved from /home/airflow/.local/lib/python3.7/site-packages/airflow/example_dags/example_short_circuit_operator.py
[2023-01-02T02:00:43.153+0000] {logging_mixin.py:137} INFO - [2023-01-02T02:00:43.153+0000] {dag.py:2676} INFO - Sync 1 DAGs
[2023-01-02T02:00:43.178+0000] {logging_mixin.py:137} INFO - [2023-01-02T02:00:43.178+0000] {dag.py:3427} INFO - Setting next_dagrun for example_short_circuit_operator to 2023-01-01T02:00:43.178114+00:00, run_after=2023-01-02T02:00:43.178114+00:00
[2023-01-02T02:00:43.197+0000] {processor.py:175} INFO - Processing /home/airflow/.local/lib/python3.7/site-packages/airflow/example_dags/example_short_circuit_operator.py took 0.122 seconds
[2023-01-02T02:01:14.100+0000] {processor.py:153} INFO - Started process (PID=137) to work on /home/airflow/.local/lib/python3.7/site-packages/airflow/example_dags/example_short_circuit_operator.py
[2023-01-02T02:01:14.101+0000] {processor.py:743} INFO - Processing file /home/airflow/.local/lib/python3.7/site-packages/airflow/example_dags/example_short_circuit_operator.py for tasks to queue
[2023-01-02T02:01:14.102+0000] {logging_mixin.py:137} INFO - [2023-01-02T02:01:14.102+0000] {dagbag.py:538} INFO - Filling up the DagBag from /home/airflow/.local/lib/python3.7/site-packages/airflow/example_dags/example_short_circuit_operator.py
[2023-01-02T02:01:14.115+0000] {processor.py:753} INFO - DAG(s) dict_keys(['example_short_circuit_operator']) retrieved from /home/airflow/.local/lib/python3.7/site-packages/airflow/example_dags/example_short_circuit_operator.py
[2023-01-02T02:01:14.148+0000] {logging_mixin.py:137} INFO - [2023-01-02T02:01:14.148+0000] {dag.py:2676} INFO - Sync 1 DAGs
[2023-01-02T02:01:14.165+0000] {logging_mixin.py:137} INFO - [2023-01-02T02:01:14.165+0000] {dag.py:3427} INFO - Setting next_dagrun for example_short_circuit_operator to 2023-01-01T02:01:14.165174+00:00, run_after=2023-01-02T02:01:14.165174+00:00
[2023-01-02T02:01:14.178+0000] {processor.py:175} INFO - Processing /home/airflow/.local/lib/python3.7/site-packages/airflow/example_dags/example_short_circuit_operator.py took 0.081 seconds
[2023-01-02T02:01:44.619+0000] {processor.py:153} INFO - Started process (PID=202) to work on /home/airflow/.local/lib/python3.7/site-packages/airflow/example_dags/example_short_circuit_operator.py
[2023-01-02T02:01:44.622+0000] {processor.py:743} INFO - Processing file /home/airflow/.local/lib/python3.7/site-packages/airflow/example_dags/example_short_circuit_operator.py for tasks to queue
[2023-01-02T02:01:44.623+0000] {logging_mixin.py:137} INFO - [2023-01-02T02:01:44.623+0000] {dagbag.py:538} INFO - Filling up the DagBag from /home/airflow/.local/lib/python3.7/site-packages/airflow/example_dags/example_short_circuit_operator.py
[2023-01-02T02:01:44.643+0000] {processor.py:753} INFO - DAG(s) dict_keys(['example_short_circuit_operator']) retrieved from /home/airflow/.local/lib/python3.7/site-packages/airflow/example_dags/example_short_circuit_operator.py
[2023-01-02T02:01:44.695+0000] {logging_mixin.py:137} INFO - [2023-01-02T02:01:44.695+0000] {dag.py:2676} INFO - Sync 1 DAGs
[2023-01-02T02:01:44.727+0000] {logging_mixin.py:137} INFO - [2023-01-02T02:01:44.727+0000] {dag.py:3427} INFO - Setting next_dagrun for example_short_circuit_operator to 2023-01-01T02:01:44.726114+00:00, run_after=2023-01-02T02:01:44.726114+00:00
[2023-01-02T02:01:44.757+0000] {processor.py:175} INFO - Processing /home/airflow/.local/lib/python3.7/site-packages/airflow/example_dags/example_short_circuit_operator.py took 0.141 seconds
[2023-01-02T02:02:15.107+0000] {processor.py:153} INFO - Started process (PID=280) to work on /home/airflow/.local/lib/python3.7/site-packages/airflow/example_dags/example_short_circuit_operator.py
[2023-01-02T02:02:15.109+0000] {processor.py:743} INFO - Processing file /home/airflow/.local/lib/python3.7/site-packages/airflow/example_dags/example_short_circuit_operator.py for tasks to queue
[2023-01-02T02:02:15.110+0000] {logging_mixin.py:137} INFO - [2023-01-02T02:02:15.110+0000] {dagbag.py:538} INFO - Filling up the DagBag from /home/airflow/.local/lib/python3.7/site-packages/airflow/example_dags/example_short_circuit_operator.py
[2023-01-02T02:02:15.122+0000] {processor.py:753} INFO - DAG(s) dict_keys(['example_short_circuit_operator']) retrieved from /home/airflow/.local/lib/python3.7/site-packages/airflow/example_dags/example_short_circuit_operator.py
[2023-01-02T02:02:15.150+0000] {logging_mixin.py:137} INFO - [2023-01-02T02:02:15.150+0000] {dag.py:2676} INFO - Sync 1 DAGs
[2023-01-02T02:02:15.166+0000] {logging_mixin.py:137} INFO - [2023-01-02T02:02:15.166+0000] {dag.py:3427} INFO - Setting next_dagrun for example_short_circuit_operator to 2023-01-01T02:02:15.166040+00:00, run_after=2023-01-02T02:02:15.166040+00:00
[2023-01-02T02:02:15.178+0000] {processor.py:175} INFO - Processing /home/airflow/.local/lib/python3.7/site-packages/airflow/example_dags/example_short_circuit_operator.py took 0.074 seconds
[2023-01-02T02:02:45.280+0000] {processor.py:153} INFO - Started process (PID=359) to work on /home/airflow/.local/lib/python3.7/site-packages/airflow/example_dags/example_short_circuit_operator.py
[2023-01-02T02:02:45.281+0000] {processor.py:743} INFO - Processing file /home/airflow/.local/lib/python3.7/site-packages/airflow/example_dags/example_short_circuit_operator.py for tasks to queue
[2023-01-02T02:02:45.282+0000] {logging_mixin.py:137} INFO - [2023-01-02T02:02:45.282+0000] {dagbag.py:538} INFO - Filling up the DagBag from /home/airflow/.local/lib/python3.7/site-packages/airflow/example_dags/example_short_circuit_operator.py
[2023-01-02T02:02:45.295+0000] {processor.py:753} INFO - DAG(s) dict_keys(['example_short_circuit_operator']) retrieved from /home/airflow/.local/lib/python3.7/site-packages/airflow/example_dags/example_short_circuit_operator.py
[2023-01-02T02:02:45.326+0000] {logging_mixin.py:137} INFO - [2023-01-02T02:02:45.326+0000] {dag.py:2676} INFO - Sync 1 DAGs
[2023-01-02T02:02:45.343+0000] {logging_mixin.py:137} INFO - [2023-01-02T02:02:45.343+0000] {dag.py:3427} INFO - Setting next_dagrun for example_short_circuit_operator to 2023-01-01T02:02:45.343434+00:00, run_after=2023-01-02T02:02:45.343434+00:00
[2023-01-02T02:02:45.357+0000] {processor.py:175} INFO - Processing /home/airflow/.local/lib/python3.7/site-packages/airflow/example_dags/example_short_circuit_operator.py took 0.080 seconds
[2023-01-02T02:03:15.767+0000] {processor.py:153} INFO - Started process (PID=424) to work on /home/airflow/.local/lib/python3.7/site-packages/airflow/example_dags/example_short_circuit_operator.py
[2023-01-02T02:03:15.768+0000] {processor.py:743} INFO - Processing file /home/airflow/.local/lib/python3.7/site-packages/airflow/example_dags/example_short_circuit_operator.py for tasks to queue
[2023-01-02T02:03:15.769+0000] {logging_mixin.py:137} INFO - [2023-01-02T02:03:15.769+0000] {dagbag.py:538} INFO - Filling up the DagBag from /home/airflow/.local/lib/python3.7/site-packages/airflow/example_dags/example_short_circuit_operator.py
[2023-01-02T02:03:15.783+0000] {processor.py:753} INFO - DAG(s) dict_keys(['example_short_circuit_operator']) retrieved from /home/airflow/.local/lib/python3.7/site-packages/airflow/example_dags/example_short_circuit_operator.py
[2023-01-02T02:03:15.817+0000] {logging_mixin.py:137} INFO - [2023-01-02T02:03:15.817+0000] {dag.py:2676} INFO - Sync 1 DAGs
[2023-01-02T02:03:15.834+0000] {logging_mixin.py:137} INFO - [2023-01-02T02:03:15.834+0000] {dag.py:3427} INFO - Setting next_dagrun for example_short_circuit_operator to 2023-01-01T02:03:15.834341+00:00, run_after=2023-01-02T02:03:15.834341+00:00
[2023-01-02T02:03:15.846+0000] {processor.py:175} INFO - Processing /home/airflow/.local/lib/python3.7/site-packages/airflow/example_dags/example_short_circuit_operator.py took 0.083 seconds
[2023-01-02T02:03:45.952+0000] {processor.py:153} INFO - Started process (PID=502) to work on /home/airflow/.local/lib/python3.7/site-packages/airflow/example_dags/example_short_circuit_operator.py
[2023-01-02T02:03:45.953+0000] {processor.py:743} INFO - Processing file /home/airflow/.local/lib/python3.7/site-packages/airflow/example_dags/example_short_circuit_operator.py for tasks to queue
[2023-01-02T02:03:45.954+0000] {logging_mixin.py:137} INFO - [2023-01-02T02:03:45.954+0000] {dagbag.py:538} INFO - Filling up the DagBag from /home/airflow/.local/lib/python3.7/site-packages/airflow/example_dags/example_short_circuit_operator.py
[2023-01-02T02:03:45.966+0000] {processor.py:753} INFO - DAG(s) dict_keys(['example_short_circuit_operator']) retrieved from /home/airflow/.local/lib/python3.7/site-packages/airflow/example_dags/example_short_circuit_operator.py
[2023-01-02T02:03:45.994+0000] {logging_mixin.py:137} INFO - [2023-01-02T02:03:45.994+0000] {dag.py:2676} INFO - Sync 1 DAGs
[2023-01-02T02:03:46.010+0000] {logging_mixin.py:137} INFO - [2023-01-02T02:03:46.010+0000] {dag.py:3427} INFO - Setting next_dagrun for example_short_circuit_operator to 2023-01-01T02:03:46.010655+00:00, run_after=2023-01-02T02:03:46.010655+00:00
[2023-01-02T02:03:46.022+0000] {processor.py:175} INFO - Processing /home/airflow/.local/lib/python3.7/site-packages/airflow/example_dags/example_short_circuit_operator.py took 0.074 seconds
[2023-01-02T02:04:16.571+0000] {processor.py:153} INFO - Started process (PID=580) to work on /home/airflow/.local/lib/python3.7/site-packages/airflow/example_dags/example_short_circuit_operator.py
[2023-01-02T02:04:16.573+0000] {processor.py:743} INFO - Processing file /home/airflow/.local/lib/python3.7/site-packages/airflow/example_dags/example_short_circuit_operator.py for tasks to queue
[2023-01-02T02:04:16.574+0000] {logging_mixin.py:137} INFO - [2023-01-02T02:04:16.574+0000] {dagbag.py:538} INFO - Filling up the DagBag from /home/airflow/.local/lib/python3.7/site-packages/airflow/example_dags/example_short_circuit_operator.py
[2023-01-02T02:04:16.589+0000] {processor.py:753} INFO - DAG(s) dict_keys(['example_short_circuit_operator']) retrieved from /home/airflow/.local/lib/python3.7/site-packages/airflow/example_dags/example_short_circuit_operator.py
[2023-01-02T02:04:16.625+0000] {logging_mixin.py:137} INFO - [2023-01-02T02:04:16.625+0000] {dag.py:2676} INFO - Sync 1 DAGs
[2023-01-02T02:04:16.675+0000] {logging_mixin.py:137} INFO - [2023-01-02T02:04:16.675+0000] {dag.py:3427} INFO - Setting next_dagrun for example_short_circuit_operator to 2023-01-01T02:04:16.674777+00:00, run_after=2023-01-02T02:04:16.674777+00:00
[2023-01-02T02:04:16.696+0000] {processor.py:175} INFO - Processing /home/airflow/.local/lib/python3.7/site-packages/airflow/example_dags/example_short_circuit_operator.py took 0.128 seconds
[2023-01-02T02:04:47.513+0000] {processor.py:153} INFO - Started process (PID=647) to work on /home/airflow/.local/lib/python3.7/site-packages/airflow/example_dags/example_short_circuit_operator.py
[2023-01-02T02:04:47.514+0000] {processor.py:743} INFO - Processing file /home/airflow/.local/lib/python3.7/site-packages/airflow/example_dags/example_short_circuit_operator.py for tasks to queue
[2023-01-02T02:04:47.515+0000] {logging_mixin.py:137} INFO - [2023-01-02T02:04:47.515+0000] {dagbag.py:538} INFO - Filling up the DagBag from /home/airflow/.local/lib/python3.7/site-packages/airflow/example_dags/example_short_circuit_operator.py
[2023-01-02T02:04:47.528+0000] {processor.py:753} INFO - DAG(s) dict_keys(['example_short_circuit_operator']) retrieved from /home/airflow/.local/lib/python3.7/site-packages/airflow/example_dags/example_short_circuit_operator.py
[2023-01-02T02:04:47.557+0000] {logging_mixin.py:137} INFO - [2023-01-02T02:04:47.557+0000] {dag.py:2676} INFO - Sync 1 DAGs
[2023-01-02T02:04:47.573+0000] {logging_mixin.py:137} INFO - [2023-01-02T02:04:47.573+0000] {dag.py:3427} INFO - Setting next_dagrun for example_short_circuit_operator to 2023-01-01T02:04:47.573345+00:00, run_after=2023-01-02T02:04:47.573345+00:00
[2023-01-02T02:04:47.586+0000] {processor.py:175} INFO - Processing /home/airflow/.local/lib/python3.7/site-packages/airflow/example_dags/example_short_circuit_operator.py took 0.076 seconds
[2023-01-02T02:05:18.033+0000] {processor.py:153} INFO - Started process (PID=724) to work on /home/airflow/.local/lib/python3.7/site-packages/airflow/example_dags/example_short_circuit_operator.py
[2023-01-02T02:05:18.035+0000] {processor.py:743} INFO - Processing file /home/airflow/.local/lib/python3.7/site-packages/airflow/example_dags/example_short_circuit_operator.py for tasks to queue
[2023-01-02T02:05:18.036+0000] {logging_mixin.py:137} INFO - [2023-01-02T02:05:18.035+0000] {dagbag.py:538} INFO - Filling up the DagBag from /home/airflow/.local/lib/python3.7/site-packages/airflow/example_dags/example_short_circuit_operator.py
[2023-01-02T02:05:18.050+0000] {processor.py:753} INFO - DAG(s) dict_keys(['example_short_circuit_operator']) retrieved from /home/airflow/.local/lib/python3.7/site-packages/airflow/example_dags/example_short_circuit_operator.py
[2023-01-02T02:05:18.083+0000] {logging_mixin.py:137} INFO - [2023-01-02T02:05:18.083+0000] {dag.py:2676} INFO - Sync 1 DAGs
[2023-01-02T02:05:18.100+0000] {logging_mixin.py:137} INFO - [2023-01-02T02:05:18.100+0000] {dag.py:3427} INFO - Setting next_dagrun for example_short_circuit_operator to 2023-01-01T02:05:18.100168+00:00, run_after=2023-01-02T02:05:18.100168+00:00
[2023-01-02T02:05:18.112+0000] {processor.py:175} INFO - Processing /home/airflow/.local/lib/python3.7/site-packages/airflow/example_dags/example_short_circuit_operator.py took 0.081 seconds
[2023-01-02T02:05:48.774+0000] {processor.py:153} INFO - Started process (PID=789) to work on /home/airflow/.local/lib/python3.7/site-packages/airflow/example_dags/example_short_circuit_operator.py
[2023-01-02T02:05:48.776+0000] {processor.py:743} INFO - Processing file /home/airflow/.local/lib/python3.7/site-packages/airflow/example_dags/example_short_circuit_operator.py for tasks to queue
[2023-01-02T02:05:48.777+0000] {logging_mixin.py:137} INFO - [2023-01-02T02:05:48.777+0000] {dagbag.py:538} INFO - Filling up the DagBag from /home/airflow/.local/lib/python3.7/site-packages/airflow/example_dags/example_short_circuit_operator.py
[2023-01-02T02:05:48.790+0000] {processor.py:753} INFO - DAG(s) dict_keys(['example_short_circuit_operator']) retrieved from /home/airflow/.local/lib/python3.7/site-packages/airflow/example_dags/example_short_circuit_operator.py
[2023-01-02T02:05:48.818+0000] {logging_mixin.py:137} INFO - [2023-01-02T02:05:48.818+0000] {dag.py:2676} INFO - Sync 1 DAGs
[2023-01-02T02:05:48.834+0000] {logging_mixin.py:137} INFO - [2023-01-02T02:05:48.834+0000] {dag.py:3427} INFO - Setting next_dagrun for example_short_circuit_operator to 2023-01-01T02:05:48.834205+00:00, run_after=2023-01-02T02:05:48.834205+00:00
[2023-01-02T02:05:48.849+0000] {processor.py:175} INFO - Processing /home/airflow/.local/lib/python3.7/site-packages/airflow/example_dags/example_short_circuit_operator.py took 0.077 seconds
[2023-01-02T02:06:19.262+0000] {processor.py:153} INFO - Started process (PID=868) to work on /home/airflow/.local/lib/python3.7/site-packages/airflow/example_dags/example_short_circuit_operator.py
[2023-01-02T02:06:19.263+0000] {processor.py:743} INFO - Processing file /home/airflow/.local/lib/python3.7/site-packages/airflow/example_dags/example_short_circuit_operator.py for tasks to queue
[2023-01-02T02:06:19.264+0000] {logging_mixin.py:137} INFO - [2023-01-02T02:06:19.264+0000] {dagbag.py:538} INFO - Filling up the DagBag from /home/airflow/.local/lib/python3.7/site-packages/airflow/example_dags/example_short_circuit_operator.py
[2023-01-02T02:06:19.278+0000] {processor.py:753} INFO - DAG(s) dict_keys(['example_short_circuit_operator']) retrieved from /home/airflow/.local/lib/python3.7/site-packages/airflow/example_dags/example_short_circuit_operator.py
[2023-01-02T02:06:19.304+0000] {logging_mixin.py:137} INFO - [2023-01-02T02:06:19.304+0000] {dag.py:2676} INFO - Sync 1 DAGs
[2023-01-02T02:06:19.320+0000] {logging_mixin.py:137} INFO - [2023-01-02T02:06:19.320+0000] {dag.py:3427} INFO - Setting next_dagrun for example_short_circuit_operator to 2023-01-01T02:06:19.320251+00:00, run_after=2023-01-02T02:06:19.320251+00:00
[2023-01-02T02:06:19.334+0000] {processor.py:175} INFO - Processing /home/airflow/.local/lib/python3.7/site-packages/airflow/example_dags/example_short_circuit_operator.py took 0.075 seconds
[2023-01-02T02:06:49.940+0000] {processor.py:153} INFO - Started process (PID=946) to work on /home/airflow/.local/lib/python3.7/site-packages/airflow/example_dags/example_short_circuit_operator.py
[2023-01-02T02:06:49.942+0000] {processor.py:743} INFO - Processing file /home/airflow/.local/lib/python3.7/site-packages/airflow/example_dags/example_short_circuit_operator.py for tasks to queue
[2023-01-02T02:06:49.943+0000] {logging_mixin.py:137} INFO - [2023-01-02T02:06:49.943+0000] {dagbag.py:538} INFO - Filling up the DagBag from /home/airflow/.local/lib/python3.7/site-packages/airflow/example_dags/example_short_circuit_operator.py
[2023-01-02T02:06:49.961+0000] {processor.py:753} INFO - DAG(s) dict_keys(['example_short_circuit_operator']) retrieved from /home/airflow/.local/lib/python3.7/site-packages/airflow/example_dags/example_short_circuit_operator.py
[2023-01-02T02:06:49.998+0000] {logging_mixin.py:137} INFO - [2023-01-02T02:06:49.998+0000] {dag.py:2676} INFO - Sync 1 DAGs
[2023-01-02T02:06:50.014+0000] {logging_mixin.py:137} INFO - [2023-01-02T02:06:50.014+0000] {dag.py:3427} INFO - Setting next_dagrun for example_short_circuit_operator to 2023-01-01T02:06:50.013838+00:00, run_after=2023-01-02T02:06:50.013838+00:00
[2023-01-02T02:06:50.025+0000] {processor.py:175} INFO - Processing /home/airflow/.local/lib/python3.7/site-packages/airflow/example_dags/example_short_circuit_operator.py took 0.088 seconds
[2023-01-02T02:07:20.747+0000] {processor.py:153} INFO - Started process (PID=1012) to work on /home/airflow/.local/lib/python3.7/site-packages/airflow/example_dags/example_short_circuit_operator.py
[2023-01-02T02:07:20.748+0000] {processor.py:743} INFO - Processing file /home/airflow/.local/lib/python3.7/site-packages/airflow/example_dags/example_short_circuit_operator.py for tasks to queue
[2023-01-02T02:07:20.749+0000] {logging_mixin.py:137} INFO - [2023-01-02T02:07:20.749+0000] {dagbag.py:538} INFO - Filling up the DagBag from /home/airflow/.local/lib/python3.7/site-packages/airflow/example_dags/example_short_circuit_operator.py
[2023-01-02T02:07:20.763+0000] {processor.py:753} INFO - DAG(s) dict_keys(['example_short_circuit_operator']) retrieved from /home/airflow/.local/lib/python3.7/site-packages/airflow/example_dags/example_short_circuit_operator.py
[2023-01-02T02:07:20.794+0000] {logging_mixin.py:137} INFO - [2023-01-02T02:07:20.794+0000] {dag.py:2676} INFO - Sync 1 DAGs
[2023-01-02T02:07:20.813+0000] {logging_mixin.py:137} INFO - [2023-01-02T02:07:20.813+0000] {dag.py:3427} INFO - Setting next_dagrun for example_short_circuit_operator to 2023-01-01T02:07:20.813023+00:00, run_after=2023-01-02T02:07:20.813023+00:00
[2023-01-02T02:07:20.826+0000] {processor.py:175} INFO - Processing /home/airflow/.local/lib/python3.7/site-packages/airflow/example_dags/example_short_circuit_operator.py took 0.082 seconds
[2023-01-02T02:07:51.187+0000] {processor.py:153} INFO - Started process (PID=1090) to work on /home/airflow/.local/lib/python3.7/site-packages/airflow/example_dags/example_short_circuit_operator.py
[2023-01-02T02:07:51.189+0000] {processor.py:743} INFO - Processing file /home/airflow/.local/lib/python3.7/site-packages/airflow/example_dags/example_short_circuit_operator.py for tasks to queue
[2023-01-02T02:07:51.190+0000] {logging_mixin.py:137} INFO - [2023-01-02T02:07:51.190+0000] {dagbag.py:538} INFO - Filling up the DagBag from /home/airflow/.local/lib/python3.7/site-packages/airflow/example_dags/example_short_circuit_operator.py
[2023-01-02T02:07:51.203+0000] {processor.py:753} INFO - DAG(s) dict_keys(['example_short_circuit_operator']) retrieved from /home/airflow/.local/lib/python3.7/site-packages/airflow/example_dags/example_short_circuit_operator.py
[2023-01-02T02:07:51.236+0000] {logging_mixin.py:137} INFO - [2023-01-02T02:07:51.236+0000] {dag.py:2676} INFO - Sync 1 DAGs
[2023-01-02T02:07:51.252+0000] {logging_mixin.py:137} INFO - [2023-01-02T02:07:51.252+0000] {dag.py:3427} INFO - Setting next_dagrun for example_short_circuit_operator to 2023-01-01T02:07:51.252023+00:00, run_after=2023-01-02T02:07:51.252023+00:00
[2023-01-02T02:07:51.264+0000] {processor.py:175} INFO - Processing /home/airflow/.local/lib/python3.7/site-packages/airflow/example_dags/example_short_circuit_operator.py took 0.081 seconds
[2023-01-02T02:08:22.135+0000] {processor.py:153} INFO - Started process (PID=1167) to work on /home/airflow/.local/lib/python3.7/site-packages/airflow/example_dags/example_short_circuit_operator.py
[2023-01-02T02:08:22.138+0000] {processor.py:743} INFO - Processing file /home/airflow/.local/lib/python3.7/site-packages/airflow/example_dags/example_short_circuit_operator.py for tasks to queue
[2023-01-02T02:08:22.139+0000] {logging_mixin.py:137} INFO - [2023-01-02T02:08:22.139+0000] {dagbag.py:538} INFO - Filling up the DagBag from /home/airflow/.local/lib/python3.7/site-packages/airflow/example_dags/example_short_circuit_operator.py
[2023-01-02T02:08:22.162+0000] {processor.py:753} INFO - DAG(s) dict_keys(['example_short_circuit_operator']) retrieved from /home/airflow/.local/lib/python3.7/site-packages/airflow/example_dags/example_short_circuit_operator.py
[2023-01-02T02:08:22.211+0000] {logging_mixin.py:137} INFO - [2023-01-02T02:08:22.211+0000] {dag.py:2676} INFO - Sync 1 DAGs
[2023-01-02T02:08:22.232+0000] {logging_mixin.py:137} INFO - [2023-01-02T02:08:22.232+0000] {dag.py:3427} INFO - Setting next_dagrun for example_short_circuit_operator to 2023-01-01T02:08:22.232171+00:00, run_after=2023-01-02T02:08:22.232171+00:00
[2023-01-02T02:08:22.260+0000] {processor.py:175} INFO - Processing /home/airflow/.local/lib/python3.7/site-packages/airflow/example_dags/example_short_circuit_operator.py took 0.130 seconds
[2023-01-02T02:08:52.807+0000] {processor.py:153} INFO - Started process (PID=1232) to work on /home/airflow/.local/lib/python3.7/site-packages/airflow/example_dags/example_short_circuit_operator.py
[2023-01-02T02:08:52.809+0000] {processor.py:743} INFO - Processing file /home/airflow/.local/lib/python3.7/site-packages/airflow/example_dags/example_short_circuit_operator.py for tasks to queue
[2023-01-02T02:08:52.809+0000] {logging_mixin.py:137} INFO - [2023-01-02T02:08:52.809+0000] {dagbag.py:538} INFO - Filling up the DagBag from /home/airflow/.local/lib/python3.7/site-packages/airflow/example_dags/example_short_circuit_operator.py
[2023-01-02T02:08:52.822+0000] {processor.py:753} INFO - DAG(s) dict_keys(['example_short_circuit_operator']) retrieved from /home/airflow/.local/lib/python3.7/site-packages/airflow/example_dags/example_short_circuit_operator.py
[2023-01-02T02:08:52.851+0000] {logging_mixin.py:137} INFO - [2023-01-02T02:08:52.851+0000] {dag.py:2676} INFO - Sync 1 DAGs
[2023-01-02T02:08:52.866+0000] {logging_mixin.py:137} INFO - [2023-01-02T02:08:52.866+0000] {dag.py:3427} INFO - Setting next_dagrun for example_short_circuit_operator to 2023-01-01T02:08:52.866266+00:00, run_after=2023-01-02T02:08:52.866266+00:00
[2023-01-02T02:08:52.879+0000] {processor.py:175} INFO - Processing /home/airflow/.local/lib/python3.7/site-packages/airflow/example_dags/example_short_circuit_operator.py took 0.075 seconds
[2023-01-02T02:09:23.135+0000] {processor.py:153} INFO - Started process (PID=1311) to work on /home/airflow/.local/lib/python3.7/site-packages/airflow/example_dags/example_short_circuit_operator.py
[2023-01-02T02:09:23.137+0000] {processor.py:743} INFO - Processing file /home/airflow/.local/lib/python3.7/site-packages/airflow/example_dags/example_short_circuit_operator.py for tasks to queue
[2023-01-02T02:09:23.137+0000] {logging_mixin.py:137} INFO - [2023-01-02T02:09:23.137+0000] {dagbag.py:538} INFO - Filling up the DagBag from /home/airflow/.local/lib/python3.7/site-packages/airflow/example_dags/example_short_circuit_operator.py
[2023-01-02T02:09:23.149+0000] {processor.py:753} INFO - DAG(s) dict_keys(['example_short_circuit_operator']) retrieved from /home/airflow/.local/lib/python3.7/site-packages/airflow/example_dags/example_short_circuit_operator.py
[2023-01-02T02:09:23.179+0000] {logging_mixin.py:137} INFO - [2023-01-02T02:09:23.179+0000] {dag.py:2676} INFO - Sync 1 DAGs
[2023-01-02T02:09:23.199+0000] {logging_mixin.py:137} INFO - [2023-01-02T02:09:23.199+0000] {dag.py:3427} INFO - Setting next_dagrun for example_short_circuit_operator to 2023-01-01T02:09:23.199357+00:00, run_after=2023-01-02T02:09:23.199357+00:00
[2023-01-02T02:09:23.212+0000] {processor.py:175} INFO - Processing /home/airflow/.local/lib/python3.7/site-packages/airflow/example_dags/example_short_circuit_operator.py took 0.080 seconds
[2023-01-02T02:09:53.703+0000] {processor.py:153} INFO - Started process (PID=1385) to work on /home/airflow/.local/lib/python3.7/site-packages/airflow/example_dags/example_short_circuit_operator.py
[2023-01-02T02:09:53.704+0000] {processor.py:743} INFO - Processing file /home/airflow/.local/lib/python3.7/site-packages/airflow/example_dags/example_short_circuit_operator.py for tasks to queue
[2023-01-02T02:09:53.712+0000] {logging_mixin.py:137} INFO - [2023-01-02T02:09:53.712+0000] {dagbag.py:538} INFO - Filling up the DagBag from /home/airflow/.local/lib/python3.7/site-packages/airflow/example_dags/example_short_circuit_operator.py
[2023-01-02T02:09:53.724+0000] {processor.py:753} INFO - DAG(s) dict_keys(['example_short_circuit_operator']) retrieved from /home/airflow/.local/lib/python3.7/site-packages/airflow/example_dags/example_short_circuit_operator.py
[2023-01-02T02:09:53.751+0000] {logging_mixin.py:137} INFO - [2023-01-02T02:09:53.751+0000] {dag.py:2676} INFO - Sync 1 DAGs
[2023-01-02T02:09:53.768+0000] {logging_mixin.py:137} INFO - [2023-01-02T02:09:53.768+0000] {dag.py:3427} INFO - Setting next_dagrun for example_short_circuit_operator to 2023-01-01T02:09:53.767995+00:00, run_after=2023-01-02T02:09:53.767995+00:00
[2023-01-02T02:09:53.780+0000] {processor.py:175} INFO - Processing /home/airflow/.local/lib/python3.7/site-packages/airflow/example_dags/example_short_circuit_operator.py took 0.081 seconds
