[2023-01-02T01:57:10.512+0000] {processor.py:153} INFO - Started process (PID=46) to work on /home/airflow/.local/lib/python3.7/site-packages/airflow/example_dags/example_sensors.py
[2023-01-02T01:57:10.515+0000] {processor.py:743} INFO - Processing file /home/airflow/.local/lib/python3.7/site-packages/airflow/example_dags/example_sensors.py for tasks to queue
[2023-01-02T01:57:10.516+0000] {logging_mixin.py:137} INFO - [2023-01-02T01:57:10.516+0000] {dagbag.py:538} INFO - Filling up the DagBag from /home/airflow/.local/lib/python3.7/site-packages/airflow/example_dags/example_sensors.py
[2023-01-02T01:57:10.541+0000] {processor.py:753} INFO - DAG(s) dict_keys(['example_sensors']) retrieved from /home/airflow/.local/lib/python3.7/site-packages/airflow/example_dags/example_sensors.py
[2023-01-02T01:57:10.568+0000] {logging_mixin.py:137} INFO - [2023-01-02T01:57:10.568+0000] {dag.py:2676} INFO - Sync 1 DAGs
[2023-01-02T01:57:10.585+0000] {logging_mixin.py:137} INFO - [2023-01-02T01:57:10.585+0000] {dag.py:3427} INFO - Setting next_dagrun for example_sensors to None, run_after=None
[2023-01-02T01:57:10.599+0000] {processor.py:175} INFO - Processing /home/airflow/.local/lib/python3.7/site-packages/airflow/example_dags/example_sensors.py took 0.090 seconds
[2023-01-02T01:57:40.792+0000] {processor.py:153} INFO - Started process (PID=124) to work on /home/airflow/.local/lib/python3.7/site-packages/airflow/example_dags/example_sensors.py
[2023-01-02T01:57:40.793+0000] {processor.py:743} INFO - Processing file /home/airflow/.local/lib/python3.7/site-packages/airflow/example_dags/example_sensors.py for tasks to queue
[2023-01-02T01:57:40.794+0000] {logging_mixin.py:137} INFO - [2023-01-02T01:57:40.794+0000] {dagbag.py:538} INFO - Filling up the DagBag from /home/airflow/.local/lib/python3.7/site-packages/airflow/example_dags/example_sensors.py
[2023-01-02T01:57:40.811+0000] {processor.py:753} INFO - DAG(s) dict_keys(['example_sensors']) retrieved from /home/airflow/.local/lib/python3.7/site-packages/airflow/example_dags/example_sensors.py
[2023-01-02T01:57:40.841+0000] {logging_mixin.py:137} INFO - [2023-01-02T01:57:40.841+0000] {dag.py:2676} INFO - Sync 1 DAGs
[2023-01-02T01:57:40.857+0000] {logging_mixin.py:137} INFO - [2023-01-02T01:57:40.857+0000] {dag.py:3427} INFO - Setting next_dagrun for example_sensors to None, run_after=None
[2023-01-02T01:57:40.868+0000] {processor.py:175} INFO - Processing /home/airflow/.local/lib/python3.7/site-packages/airflow/example_dags/example_sensors.py took 0.079 seconds
[2023-01-02T01:58:11.742+0000] {processor.py:153} INFO - Started process (PID=197) to work on /home/airflow/.local/lib/python3.7/site-packages/airflow/example_dags/example_sensors.py
[2023-01-02T01:58:11.744+0000] {processor.py:743} INFO - Processing file /home/airflow/.local/lib/python3.7/site-packages/airflow/example_dags/example_sensors.py for tasks to queue
[2023-01-02T01:58:11.745+0000] {logging_mixin.py:137} INFO - [2023-01-02T01:58:11.745+0000] {dagbag.py:538} INFO - Filling up the DagBag from /home/airflow/.local/lib/python3.7/site-packages/airflow/example_dags/example_sensors.py
[2023-01-02T01:58:11.767+0000] {processor.py:753} INFO - DAG(s) dict_keys(['example_sensors']) retrieved from /home/airflow/.local/lib/python3.7/site-packages/airflow/example_dags/example_sensors.py
[2023-01-02T01:58:11.828+0000] {logging_mixin.py:137} INFO - [2023-01-02T01:58:11.828+0000] {dag.py:2676} INFO - Sync 1 DAGs
[2023-01-02T01:58:11.859+0000] {logging_mixin.py:137} INFO - [2023-01-02T01:58:11.859+0000] {dag.py:3427} INFO - Setting next_dagrun for example_sensors to None, run_after=None
[2023-01-02T01:58:11.878+0000] {processor.py:175} INFO - Processing /home/airflow/.local/lib/python3.7/site-packages/airflow/example_dags/example_sensors.py took 0.138 seconds
[2023-01-02T02:00:41.874+0000] {processor.py:153} INFO - Started process (PID=46) to work on /home/airflow/.local/lib/python3.7/site-packages/airflow/example_dags/example_sensors.py
[2023-01-02T02:00:41.877+0000] {processor.py:743} INFO - Processing file /home/airflow/.local/lib/python3.7/site-packages/airflow/example_dags/example_sensors.py for tasks to queue
[2023-01-02T02:00:41.879+0000] {logging_mixin.py:137} INFO - [2023-01-02T02:00:41.878+0000] {dagbag.py:538} INFO - Filling up the DagBag from /home/airflow/.local/lib/python3.7/site-packages/airflow/example_dags/example_sensors.py
[2023-01-02T02:00:41.901+0000] {processor.py:753} INFO - DAG(s) dict_keys(['example_sensors']) retrieved from /home/airflow/.local/lib/python3.7/site-packages/airflow/example_dags/example_sensors.py
[2023-01-02T02:00:41.944+0000] {logging_mixin.py:137} INFO - [2023-01-02T02:00:41.944+0000] {dag.py:2676} INFO - Sync 1 DAGs
[2023-01-02T02:00:41.981+0000] {logging_mixin.py:137} INFO - [2023-01-02T02:00:41.981+0000] {dag.py:3427} INFO - Setting next_dagrun for example_sensors to None, run_after=None
[2023-01-02T02:00:42.000+0000] {processor.py:175} INFO - Processing /home/airflow/.local/lib/python3.7/site-packages/airflow/example_dags/example_sensors.py took 0.131 seconds
[2023-01-02T02:01:12.380+0000] {processor.py:153} INFO - Started process (PID=124) to work on /home/airflow/.local/lib/python3.7/site-packages/airflow/example_dags/example_sensors.py
[2023-01-02T02:01:12.381+0000] {processor.py:743} INFO - Processing file /home/airflow/.local/lib/python3.7/site-packages/airflow/example_dags/example_sensors.py for tasks to queue
[2023-01-02T02:01:12.382+0000] {logging_mixin.py:137} INFO - [2023-01-02T02:01:12.382+0000] {dagbag.py:538} INFO - Filling up the DagBag from /home/airflow/.local/lib/python3.7/site-packages/airflow/example_dags/example_sensors.py
[2023-01-02T02:01:12.398+0000] {processor.py:753} INFO - DAG(s) dict_keys(['example_sensors']) retrieved from /home/airflow/.local/lib/python3.7/site-packages/airflow/example_dags/example_sensors.py
[2023-01-02T02:01:12.435+0000] {logging_mixin.py:137} INFO - [2023-01-02T02:01:12.435+0000] {dag.py:2676} INFO - Sync 1 DAGs
[2023-01-02T02:01:12.453+0000] {logging_mixin.py:137} INFO - [2023-01-02T02:01:12.453+0000] {dag.py:3427} INFO - Setting next_dagrun for example_sensors to None, run_after=None
[2023-01-02T02:01:12.464+0000] {processor.py:175} INFO - Processing /home/airflow/.local/lib/python3.7/site-packages/airflow/example_dags/example_sensors.py took 0.087 seconds
[2023-01-02T02:01:42.799+0000] {processor.py:153} INFO - Started process (PID=189) to work on /home/airflow/.local/lib/python3.7/site-packages/airflow/example_dags/example_sensors.py
[2023-01-02T02:01:42.801+0000] {processor.py:743} INFO - Processing file /home/airflow/.local/lib/python3.7/site-packages/airflow/example_dags/example_sensors.py for tasks to queue
[2023-01-02T02:01:42.803+0000] {logging_mixin.py:137} INFO - [2023-01-02T02:01:42.803+0000] {dagbag.py:538} INFO - Filling up the DagBag from /home/airflow/.local/lib/python3.7/site-packages/airflow/example_dags/example_sensors.py
[2023-01-02T02:01:42.823+0000] {processor.py:753} INFO - DAG(s) dict_keys(['example_sensors']) retrieved from /home/airflow/.local/lib/python3.7/site-packages/airflow/example_dags/example_sensors.py
[2023-01-02T02:01:42.855+0000] {logging_mixin.py:137} INFO - [2023-01-02T02:01:42.855+0000] {dag.py:2676} INFO - Sync 1 DAGs
[2023-01-02T02:01:42.873+0000] {logging_mixin.py:137} INFO - [2023-01-02T02:01:42.873+0000] {dag.py:3427} INFO - Setting next_dagrun for example_sensors to None, run_after=None
[2023-01-02T02:01:42.887+0000] {processor.py:175} INFO - Processing /home/airflow/.local/lib/python3.7/site-packages/airflow/example_dags/example_sensors.py took 0.092 seconds
[2023-01-02T02:02:13.422+0000] {processor.py:153} INFO - Started process (PID=267) to work on /home/airflow/.local/lib/python3.7/site-packages/airflow/example_dags/example_sensors.py
[2023-01-02T02:02:13.423+0000] {processor.py:743} INFO - Processing file /home/airflow/.local/lib/python3.7/site-packages/airflow/example_dags/example_sensors.py for tasks to queue
[2023-01-02T02:02:13.424+0000] {logging_mixin.py:137} INFO - [2023-01-02T02:02:13.424+0000] {dagbag.py:538} INFO - Filling up the DagBag from /home/airflow/.local/lib/python3.7/site-packages/airflow/example_dags/example_sensors.py
[2023-01-02T02:02:13.438+0000] {processor.py:753} INFO - DAG(s) dict_keys(['example_sensors']) retrieved from /home/airflow/.local/lib/python3.7/site-packages/airflow/example_dags/example_sensors.py
[2023-01-02T02:02:13.466+0000] {logging_mixin.py:137} INFO - [2023-01-02T02:02:13.465+0000] {dag.py:2676} INFO - Sync 1 DAGs
[2023-01-02T02:02:13.482+0000] {logging_mixin.py:137} INFO - [2023-01-02T02:02:13.482+0000] {dag.py:3427} INFO - Setting next_dagrun for example_sensors to None, run_after=None
[2023-01-02T02:02:13.493+0000] {processor.py:175} INFO - Processing /home/airflow/.local/lib/python3.7/site-packages/airflow/example_dags/example_sensors.py took 0.074 seconds
[2023-01-02T02:02:44.119+0000] {processor.py:153} INFO - Started process (PID=346) to work on /home/airflow/.local/lib/python3.7/site-packages/airflow/example_dags/example_sensors.py
[2023-01-02T02:02:44.121+0000] {processor.py:743} INFO - Processing file /home/airflow/.local/lib/python3.7/site-packages/airflow/example_dags/example_sensors.py for tasks to queue
[2023-01-02T02:02:44.122+0000] {logging_mixin.py:137} INFO - [2023-01-02T02:02:44.122+0000] {dagbag.py:538} INFO - Filling up the DagBag from /home/airflow/.local/lib/python3.7/site-packages/airflow/example_dags/example_sensors.py
[2023-01-02T02:02:44.138+0000] {processor.py:753} INFO - DAG(s) dict_keys(['example_sensors']) retrieved from /home/airflow/.local/lib/python3.7/site-packages/airflow/example_dags/example_sensors.py
[2023-01-02T02:02:44.179+0000] {logging_mixin.py:137} INFO - [2023-01-02T02:02:44.179+0000] {dag.py:2676} INFO - Sync 1 DAGs
[2023-01-02T02:02:44.199+0000] {logging_mixin.py:137} INFO - [2023-01-02T02:02:44.199+0000] {dag.py:3427} INFO - Setting next_dagrun for example_sensors to None, run_after=None
[2023-01-02T02:02:44.224+0000] {processor.py:175} INFO - Processing /home/airflow/.local/lib/python3.7/site-packages/airflow/example_dags/example_sensors.py took 0.107 seconds
[2023-01-02T02:03:15.015+0000] {processor.py:153} INFO - Started process (PID=411) to work on /home/airflow/.local/lib/python3.7/site-packages/airflow/example_dags/example_sensors.py
[2023-01-02T02:03:15.016+0000] {processor.py:743} INFO - Processing file /home/airflow/.local/lib/python3.7/site-packages/airflow/example_dags/example_sensors.py for tasks to queue
[2023-01-02T02:03:15.017+0000] {logging_mixin.py:137} INFO - [2023-01-02T02:03:15.017+0000] {dagbag.py:538} INFO - Filling up the DagBag from /home/airflow/.local/lib/python3.7/site-packages/airflow/example_dags/example_sensors.py
[2023-01-02T02:03:15.032+0000] {processor.py:753} INFO - DAG(s) dict_keys(['example_sensors']) retrieved from /home/airflow/.local/lib/python3.7/site-packages/airflow/example_dags/example_sensors.py
[2023-01-02T02:03:15.065+0000] {logging_mixin.py:137} INFO - [2023-01-02T02:03:15.065+0000] {dag.py:2676} INFO - Sync 1 DAGs
[2023-01-02T02:03:15.083+0000] {logging_mixin.py:137} INFO - [2023-01-02T02:03:15.083+0000] {dag.py:3427} INFO - Setting next_dagrun for example_sensors to None, run_after=None
[2023-01-02T02:03:15.097+0000] {processor.py:175} INFO - Processing /home/airflow/.local/lib/python3.7/site-packages/airflow/example_dags/example_sensors.py took 0.085 seconds
[2023-01-02T02:03:45.283+0000] {processor.py:153} INFO - Started process (PID=489) to work on /home/airflow/.local/lib/python3.7/site-packages/airflow/example_dags/example_sensors.py
[2023-01-02T02:03:45.285+0000] {processor.py:743} INFO - Processing file /home/airflow/.local/lib/python3.7/site-packages/airflow/example_dags/example_sensors.py for tasks to queue
[2023-01-02T02:03:45.286+0000] {logging_mixin.py:137} INFO - [2023-01-02T02:03:45.285+0000] {dagbag.py:538} INFO - Filling up the DagBag from /home/airflow/.local/lib/python3.7/site-packages/airflow/example_dags/example_sensors.py
[2023-01-02T02:03:45.299+0000] {processor.py:753} INFO - DAG(s) dict_keys(['example_sensors']) retrieved from /home/airflow/.local/lib/python3.7/site-packages/airflow/example_dags/example_sensors.py
[2023-01-02T02:03:45.329+0000] {logging_mixin.py:137} INFO - [2023-01-02T02:03:45.328+0000] {dag.py:2676} INFO - Sync 1 DAGs
[2023-01-02T02:03:45.344+0000] {logging_mixin.py:137} INFO - [2023-01-02T02:03:45.344+0000] {dag.py:3427} INFO - Setting next_dagrun for example_sensors to None, run_after=None
[2023-01-02T02:03:45.356+0000] {processor.py:175} INFO - Processing /home/airflow/.local/lib/python3.7/site-packages/airflow/example_dags/example_sensors.py took 0.076 seconds
[2023-01-02T02:04:15.747+0000] {processor.py:153} INFO - Started process (PID=563) to work on /home/airflow/.local/lib/python3.7/site-packages/airflow/example_dags/example_sensors.py
[2023-01-02T02:04:15.748+0000] {processor.py:743} INFO - Processing file /home/airflow/.local/lib/python3.7/site-packages/airflow/example_dags/example_sensors.py for tasks to queue
[2023-01-02T02:04:15.749+0000] {logging_mixin.py:137} INFO - [2023-01-02T02:04:15.749+0000] {dagbag.py:538} INFO - Filling up the DagBag from /home/airflow/.local/lib/python3.7/site-packages/airflow/example_dags/example_sensors.py
[2023-01-02T02:04:15.764+0000] {processor.py:753} INFO - DAG(s) dict_keys(['example_sensors']) retrieved from /home/airflow/.local/lib/python3.7/site-packages/airflow/example_dags/example_sensors.py
[2023-01-02T02:04:15.798+0000] {logging_mixin.py:137} INFO - [2023-01-02T02:04:15.798+0000] {dag.py:2676} INFO - Sync 1 DAGs
[2023-01-02T02:04:15.817+0000] {logging_mixin.py:137} INFO - [2023-01-02T02:04:15.817+0000] {dag.py:3427} INFO - Setting next_dagrun for example_sensors to None, run_after=None
[2023-01-02T02:04:15.831+0000] {processor.py:175} INFO - Processing /home/airflow/.local/lib/python3.7/site-packages/airflow/example_dags/example_sensors.py took 0.087 seconds
[2023-01-02T02:04:46.605+0000] {processor.py:153} INFO - Started process (PID=633) to work on /home/airflow/.local/lib/python3.7/site-packages/airflow/example_dags/example_sensors.py
[2023-01-02T02:04:46.606+0000] {processor.py:743} INFO - Processing file /home/airflow/.local/lib/python3.7/site-packages/airflow/example_dags/example_sensors.py for tasks to queue
[2023-01-02T02:04:46.607+0000] {logging_mixin.py:137} INFO - [2023-01-02T02:04:46.607+0000] {dagbag.py:538} INFO - Filling up the DagBag from /home/airflow/.local/lib/python3.7/site-packages/airflow/example_dags/example_sensors.py
[2023-01-02T02:04:46.621+0000] {processor.py:753} INFO - DAG(s) dict_keys(['example_sensors']) retrieved from /home/airflow/.local/lib/python3.7/site-packages/airflow/example_dags/example_sensors.py
[2023-01-02T02:04:46.654+0000] {logging_mixin.py:137} INFO - [2023-01-02T02:04:46.654+0000] {dag.py:2676} INFO - Sync 1 DAGs
[2023-01-02T02:04:46.669+0000] {logging_mixin.py:137} INFO - [2023-01-02T02:04:46.669+0000] {dag.py:3427} INFO - Setting next_dagrun for example_sensors to None, run_after=None
[2023-01-02T02:04:46.684+0000] {processor.py:175} INFO - Processing /home/airflow/.local/lib/python3.7/site-packages/airflow/example_dags/example_sensors.py took 0.083 seconds
[2023-01-02T02:05:17.199+0000] {processor.py:153} INFO - Started process (PID=710) to work on /home/airflow/.local/lib/python3.7/site-packages/airflow/example_dags/example_sensors.py
[2023-01-02T02:05:17.201+0000] {processor.py:743} INFO - Processing file /home/airflow/.local/lib/python3.7/site-packages/airflow/example_dags/example_sensors.py for tasks to queue
[2023-01-02T02:05:17.202+0000] {logging_mixin.py:137} INFO - [2023-01-02T02:05:17.201+0000] {dagbag.py:538} INFO - Filling up the DagBag from /home/airflow/.local/lib/python3.7/site-packages/airflow/example_dags/example_sensors.py
[2023-01-02T02:05:17.216+0000] {processor.py:753} INFO - DAG(s) dict_keys(['example_sensors']) retrieved from /home/airflow/.local/lib/python3.7/site-packages/airflow/example_dags/example_sensors.py
[2023-01-02T02:05:17.247+0000] {logging_mixin.py:137} INFO - [2023-01-02T02:05:17.247+0000] {dag.py:2676} INFO - Sync 1 DAGs
[2023-01-02T02:05:17.262+0000] {logging_mixin.py:137} INFO - [2023-01-02T02:05:17.262+0000] {dag.py:3427} INFO - Setting next_dagrun for example_sensors to None, run_after=None
[2023-01-02T02:05:17.274+0000] {processor.py:175} INFO - Processing /home/airflow/.local/lib/python3.7/site-packages/airflow/example_dags/example_sensors.py took 0.077 seconds
[2023-01-02T02:05:47.971+0000] {processor.py:153} INFO - Started process (PID=775) to work on /home/airflow/.local/lib/python3.7/site-packages/airflow/example_dags/example_sensors.py
[2023-01-02T02:05:47.973+0000] {processor.py:743} INFO - Processing file /home/airflow/.local/lib/python3.7/site-packages/airflow/example_dags/example_sensors.py for tasks to queue
[2023-01-02T02:05:47.975+0000] {logging_mixin.py:137} INFO - [2023-01-02T02:05:47.975+0000] {dagbag.py:538} INFO - Filling up the DagBag from /home/airflow/.local/lib/python3.7/site-packages/airflow/example_dags/example_sensors.py
[2023-01-02T02:05:47.994+0000] {processor.py:753} INFO - DAG(s) dict_keys(['example_sensors']) retrieved from /home/airflow/.local/lib/python3.7/site-packages/airflow/example_dags/example_sensors.py
[2023-01-02T02:05:48.026+0000] {logging_mixin.py:137} INFO - [2023-01-02T02:05:48.026+0000] {dag.py:2676} INFO - Sync 1 DAGs
[2023-01-02T02:05:48.042+0000] {logging_mixin.py:137} INFO - [2023-01-02T02:05:48.042+0000] {dag.py:3427} INFO - Setting next_dagrun for example_sensors to None, run_after=None
[2023-01-02T02:05:48.055+0000] {processor.py:175} INFO - Processing /home/airflow/.local/lib/python3.7/site-packages/airflow/example_dags/example_sensors.py took 0.088 seconds
[2023-01-02T02:06:18.542+0000] {processor.py:153} INFO - Started process (PID=854) to work on /home/airflow/.local/lib/python3.7/site-packages/airflow/example_dags/example_sensors.py
[2023-01-02T02:06:18.543+0000] {processor.py:743} INFO - Processing file /home/airflow/.local/lib/python3.7/site-packages/airflow/example_dags/example_sensors.py for tasks to queue
[2023-01-02T02:06:18.544+0000] {logging_mixin.py:137} INFO - [2023-01-02T02:06:18.544+0000] {dagbag.py:538} INFO - Filling up the DagBag from /home/airflow/.local/lib/python3.7/site-packages/airflow/example_dags/example_sensors.py
[2023-01-02T02:06:18.559+0000] {processor.py:753} INFO - DAG(s) dict_keys(['example_sensors']) retrieved from /home/airflow/.local/lib/python3.7/site-packages/airflow/example_dags/example_sensors.py
[2023-01-02T02:06:18.588+0000] {logging_mixin.py:137} INFO - [2023-01-02T02:06:18.588+0000] {dag.py:2676} INFO - Sync 1 DAGs
[2023-01-02T02:06:18.603+0000] {logging_mixin.py:137} INFO - [2023-01-02T02:06:18.603+0000] {dag.py:3427} INFO - Setting next_dagrun for example_sensors to None, run_after=None
[2023-01-02T02:06:18.615+0000] {processor.py:175} INFO - Processing /home/airflow/.local/lib/python3.7/site-packages/airflow/example_dags/example_sensors.py took 0.076 seconds
[2023-01-02T02:06:49.097+0000] {processor.py:153} INFO - Started process (PID=933) to work on /home/airflow/.local/lib/python3.7/site-packages/airflow/example_dags/example_sensors.py
[2023-01-02T02:06:49.099+0000] {processor.py:743} INFO - Processing file /home/airflow/.local/lib/python3.7/site-packages/airflow/example_dags/example_sensors.py for tasks to queue
[2023-01-02T02:06:49.100+0000] {logging_mixin.py:137} INFO - [2023-01-02T02:06:49.100+0000] {dagbag.py:538} INFO - Filling up the DagBag from /home/airflow/.local/lib/python3.7/site-packages/airflow/example_dags/example_sensors.py
[2023-01-02T02:06:49.121+0000] {processor.py:753} INFO - DAG(s) dict_keys(['example_sensors']) retrieved from /home/airflow/.local/lib/python3.7/site-packages/airflow/example_dags/example_sensors.py
[2023-01-02T02:06:49.159+0000] {logging_mixin.py:137} INFO - [2023-01-02T02:06:49.159+0000] {dag.py:2676} INFO - Sync 1 DAGs
[2023-01-02T02:06:49.176+0000] {logging_mixin.py:137} INFO - [2023-01-02T02:06:49.176+0000] {dag.py:3427} INFO - Setting next_dagrun for example_sensors to None, run_after=None
[2023-01-02T02:06:49.191+0000] {processor.py:175} INFO - Processing /home/airflow/.local/lib/python3.7/site-packages/airflow/example_dags/example_sensors.py took 0.097 seconds
[2023-01-02T02:07:19.835+0000] {processor.py:153} INFO - Started process (PID=999) to work on /home/airflow/.local/lib/python3.7/site-packages/airflow/example_dags/example_sensors.py
[2023-01-02T02:07:19.837+0000] {processor.py:743} INFO - Processing file /home/airflow/.local/lib/python3.7/site-packages/airflow/example_dags/example_sensors.py for tasks to queue
[2023-01-02T02:07:19.838+0000] {logging_mixin.py:137} INFO - [2023-01-02T02:07:19.838+0000] {dagbag.py:538} INFO - Filling up the DagBag from /home/airflow/.local/lib/python3.7/site-packages/airflow/example_dags/example_sensors.py
[2023-01-02T02:07:19.854+0000] {processor.py:753} INFO - DAG(s) dict_keys(['example_sensors']) retrieved from /home/airflow/.local/lib/python3.7/site-packages/airflow/example_dags/example_sensors.py
[2023-01-02T02:07:19.886+0000] {logging_mixin.py:137} INFO - [2023-01-02T02:07:19.886+0000] {dag.py:2676} INFO - Sync 1 DAGs
[2023-01-02T02:07:19.905+0000] {logging_mixin.py:137} INFO - [2023-01-02T02:07:19.905+0000] {dag.py:3427} INFO - Setting next_dagrun for example_sensors to None, run_after=None
[2023-01-02T02:07:19.915+0000] {processor.py:175} INFO - Processing /home/airflow/.local/lib/python3.7/site-packages/airflow/example_dags/example_sensors.py took 0.083 seconds
[2023-01-02T02:07:50.414+0000] {processor.py:153} INFO - Started process (PID=1077) to work on /home/airflow/.local/lib/python3.7/site-packages/airflow/example_dags/example_sensors.py
[2023-01-02T02:07:50.415+0000] {processor.py:743} INFO - Processing file /home/airflow/.local/lib/python3.7/site-packages/airflow/example_dags/example_sensors.py for tasks to queue
[2023-01-02T02:07:50.416+0000] {logging_mixin.py:137} INFO - [2023-01-02T02:07:50.416+0000] {dagbag.py:538} INFO - Filling up the DagBag from /home/airflow/.local/lib/python3.7/site-packages/airflow/example_dags/example_sensors.py
[2023-01-02T02:07:50.431+0000] {processor.py:753} INFO - DAG(s) dict_keys(['example_sensors']) retrieved from /home/airflow/.local/lib/python3.7/site-packages/airflow/example_dags/example_sensors.py
[2023-01-02T02:07:50.463+0000] {logging_mixin.py:137} INFO - [2023-01-02T02:07:50.463+0000] {dag.py:2676} INFO - Sync 1 DAGs
[2023-01-02T02:07:50.481+0000] {logging_mixin.py:137} INFO - [2023-01-02T02:07:50.481+0000] {dag.py:3427} INFO - Setting next_dagrun for example_sensors to None, run_after=None
[2023-01-02T02:07:50.494+0000] {processor.py:175} INFO - Processing /home/airflow/.local/lib/python3.7/site-packages/airflow/example_dags/example_sensors.py took 0.082 seconds
[2023-01-02T02:08:21.007+0000] {processor.py:153} INFO - Started process (PID=1148) to work on /home/airflow/.local/lib/python3.7/site-packages/airflow/example_dags/example_sensors.py
[2023-01-02T02:08:21.009+0000] {processor.py:743} INFO - Processing file /home/airflow/.local/lib/python3.7/site-packages/airflow/example_dags/example_sensors.py for tasks to queue
[2023-01-02T02:08:21.011+0000] {logging_mixin.py:137} INFO - [2023-01-02T02:08:21.010+0000] {dagbag.py:538} INFO - Filling up the DagBag from /home/airflow/.local/lib/python3.7/site-packages/airflow/example_dags/example_sensors.py
[2023-01-02T02:08:21.031+0000] {processor.py:753} INFO - DAG(s) dict_keys(['example_sensors']) retrieved from /home/airflow/.local/lib/python3.7/site-packages/airflow/example_dags/example_sensors.py
[2023-01-02T02:08:21.071+0000] {logging_mixin.py:137} INFO - [2023-01-02T02:08:21.071+0000] {dag.py:2676} INFO - Sync 1 DAGs
[2023-01-02T02:08:21.091+0000] {logging_mixin.py:137} INFO - [2023-01-02T02:08:21.091+0000] {dag.py:3427} INFO - Setting next_dagrun for example_sensors to None, run_after=None
[2023-01-02T02:08:21.107+0000] {processor.py:175} INFO - Processing /home/airflow/.local/lib/python3.7/site-packages/airflow/example_dags/example_sensors.py took 0.105 seconds
[2023-01-02T02:08:52.066+0000] {processor.py:153} INFO - Started process (PID=1219) to work on /home/airflow/.local/lib/python3.7/site-packages/airflow/example_dags/example_sensors.py
[2023-01-02T02:08:52.067+0000] {processor.py:743} INFO - Processing file /home/airflow/.local/lib/python3.7/site-packages/airflow/example_dags/example_sensors.py for tasks to queue
[2023-01-02T02:08:52.068+0000] {logging_mixin.py:137} INFO - [2023-01-02T02:08:52.068+0000] {dagbag.py:538} INFO - Filling up the DagBag from /home/airflow/.local/lib/python3.7/site-packages/airflow/example_dags/example_sensors.py
[2023-01-02T02:08:52.092+0000] {processor.py:753} INFO - DAG(s) dict_keys(['example_sensors']) retrieved from /home/airflow/.local/lib/python3.7/site-packages/airflow/example_dags/example_sensors.py
[2023-01-02T02:08:52.127+0000] {logging_mixin.py:137} INFO - [2023-01-02T02:08:52.127+0000] {dag.py:2676} INFO - Sync 1 DAGs
[2023-01-02T02:08:52.144+0000] {logging_mixin.py:137} INFO - [2023-01-02T02:08:52.144+0000] {dag.py:3427} INFO - Setting next_dagrun for example_sensors to None, run_after=None
[2023-01-02T02:08:52.160+0000] {processor.py:175} INFO - Processing /home/airflow/.local/lib/python3.7/site-packages/airflow/example_dags/example_sensors.py took 0.098 seconds
[2023-01-02T02:09:22.453+0000] {processor.py:153} INFO - Started process (PID=1298) to work on /home/airflow/.local/lib/python3.7/site-packages/airflow/example_dags/example_sensors.py
[2023-01-02T02:09:22.455+0000] {processor.py:743} INFO - Processing file /home/airflow/.local/lib/python3.7/site-packages/airflow/example_dags/example_sensors.py for tasks to queue
[2023-01-02T02:09:22.455+0000] {logging_mixin.py:137} INFO - [2023-01-02T02:09:22.455+0000] {dagbag.py:538} INFO - Filling up the DagBag from /home/airflow/.local/lib/python3.7/site-packages/airflow/example_dags/example_sensors.py
[2023-01-02T02:09:22.469+0000] {processor.py:753} INFO - DAG(s) dict_keys(['example_sensors']) retrieved from /home/airflow/.local/lib/python3.7/site-packages/airflow/example_dags/example_sensors.py
[2023-01-02T02:09:22.498+0000] {logging_mixin.py:137} INFO - [2023-01-02T02:09:22.498+0000] {dag.py:2676} INFO - Sync 1 DAGs
[2023-01-02T02:09:22.512+0000] {logging_mixin.py:137} INFO - [2023-01-02T02:09:22.512+0000] {dag.py:3427} INFO - Setting next_dagrun for example_sensors to None, run_after=None
[2023-01-02T02:09:22.526+0000] {processor.py:175} INFO - Processing /home/airflow/.local/lib/python3.7/site-packages/airflow/example_dags/example_sensors.py took 0.075 seconds
[2023-01-02T02:09:52.942+0000] {processor.py:153} INFO - Started process (PID=1363) to work on /home/airflow/.local/lib/python3.7/site-packages/airflow/example_dags/example_sensors.py
[2023-01-02T02:09:52.943+0000] {processor.py:743} INFO - Processing file /home/airflow/.local/lib/python3.7/site-packages/airflow/example_dags/example_sensors.py for tasks to queue
[2023-01-02T02:09:52.944+0000] {logging_mixin.py:137} INFO - [2023-01-02T02:09:52.944+0000] {dagbag.py:538} INFO - Filling up the DagBag from /home/airflow/.local/lib/python3.7/site-packages/airflow/example_dags/example_sensors.py
[2023-01-02T02:09:52.959+0000] {processor.py:753} INFO - DAG(s) dict_keys(['example_sensors']) retrieved from /home/airflow/.local/lib/python3.7/site-packages/airflow/example_dags/example_sensors.py
[2023-01-02T02:09:52.988+0000] {logging_mixin.py:137} INFO - [2023-01-02T02:09:52.988+0000] {dag.py:2676} INFO - Sync 1 DAGs
[2023-01-02T02:09:53.003+0000] {logging_mixin.py:137} INFO - [2023-01-02T02:09:53.003+0000] {dag.py:3427} INFO - Setting next_dagrun for example_sensors to None, run_after=None
[2023-01-02T02:09:53.014+0000] {processor.py:175} INFO - Processing /home/airflow/.local/lib/python3.7/site-packages/airflow/example_dags/example_sensors.py took 0.076 seconds
