[2023-01-02T01:57:10.040+0000] {processor.py:153} INFO - Started process (PID=40) to work on /home/airflow/.local/lib/python3.7/site-packages/airflow/example_dags/example_datasets.py
[2023-01-02T01:57:10.042+0000] {processor.py:743} INFO - Processing file /home/airflow/.local/lib/python3.7/site-packages/airflow/example_dags/example_datasets.py for tasks to queue
[2023-01-02T01:57:10.043+0000] {logging_mixin.py:137} INFO - [2023-01-02T01:57:10.043+0000] {dagbag.py:538} INFO - Filling up the DagBag from /home/airflow/.local/lib/python3.7/site-packages/airflow/example_dags/example_datasets.py
[2023-01-02T01:57:10.057+0000] {processor.py:753} INFO - DAG(s) dict_keys(['dataset_produces_1', 'dataset_consumes_unknown_never_scheduled', 'dataset_consumes_1_never_scheduled', 'dataset_produces_2', 'dataset_consumes_1_and_2', 'dataset_consumes_1']) retrieved from /home/airflow/.local/lib/python3.7/site-packages/airflow/example_dags/example_datasets.py
[2023-01-02T01:57:10.082+0000] {logging_mixin.py:137} INFO - [2023-01-02T01:57:10.082+0000] {dag.py:2676} INFO - Sync 6 DAGs
[2023-01-02T01:57:10.100+0000] {logging_mixin.py:137} INFO - [2023-01-02T01:57:10.100+0000] {dag.py:3427} INFO - Setting next_dagrun for dataset_consumes_1 to None, run_after=None
[2023-01-02T01:57:10.102+0000] {logging_mixin.py:137} INFO - [2023-01-02T01:57:10.102+0000] {dag.py:3427} INFO - Setting next_dagrun for dataset_consumes_1_and_2 to None, run_after=None
[2023-01-02T01:57:10.103+0000] {logging_mixin.py:137} INFO - [2023-01-02T01:57:10.103+0000] {dag.py:3427} INFO - Setting next_dagrun for dataset_consumes_1_never_scheduled to None, run_after=None
[2023-01-02T01:57:10.105+0000] {logging_mixin.py:137} INFO - [2023-01-02T01:57:10.105+0000] {dag.py:3427} INFO - Setting next_dagrun for dataset_consumes_unknown_never_scheduled to None, run_after=None
[2023-01-02T01:57:10.107+0000] {logging_mixin.py:137} INFO - [2023-01-02T01:57:10.107+0000] {dag.py:3427} INFO - Setting next_dagrun for dataset_produces_1 to 2023-01-01T00:00:00+00:00, run_after=2023-01-02T00:00:00+00:00
[2023-01-02T01:57:10.108+0000] {logging_mixin.py:137} INFO - [2023-01-02T01:57:10.108+0000] {dag.py:3427} INFO - Setting next_dagrun for dataset_produces_2 to None, run_after=None
[2023-01-02T01:57:10.128+0000] {processor.py:175} INFO - Processing /home/airflow/.local/lib/python3.7/site-packages/airflow/example_dags/example_datasets.py took 0.091 seconds
[2023-01-02T01:57:40.440+0000] {processor.py:153} INFO - Started process (PID=118) to work on /home/airflow/.local/lib/python3.7/site-packages/airflow/example_dags/example_datasets.py
[2023-01-02T01:57:40.441+0000] {processor.py:743} INFO - Processing file /home/airflow/.local/lib/python3.7/site-packages/airflow/example_dags/example_datasets.py for tasks to queue
[2023-01-02T01:57:40.442+0000] {logging_mixin.py:137} INFO - [2023-01-02T01:57:40.442+0000] {dagbag.py:538} INFO - Filling up the DagBag from /home/airflow/.local/lib/python3.7/site-packages/airflow/example_dags/example_datasets.py
[2023-01-02T01:57:40.457+0000] {processor.py:753} INFO - DAG(s) dict_keys(['dataset_consumes_unknown_never_scheduled', 'dataset_produces_1', 'dataset_produces_2', 'dataset_consumes_1_never_scheduled', 'dataset_consumes_1_and_2', 'dataset_consumes_1']) retrieved from /home/airflow/.local/lib/python3.7/site-packages/airflow/example_dags/example_datasets.py
[2023-01-02T01:57:40.522+0000] {logging_mixin.py:137} INFO - [2023-01-02T01:57:40.522+0000] {dag.py:2676} INFO - Sync 6 DAGs
[2023-01-02T01:57:40.536+0000] {logging_mixin.py:137} INFO - [2023-01-02T01:57:40.536+0000] {dag.py:3427} INFO - Setting next_dagrun for dataset_consumes_1 to None, run_after=None
[2023-01-02T01:57:40.538+0000] {logging_mixin.py:137} INFO - [2023-01-02T01:57:40.538+0000] {dag.py:3427} INFO - Setting next_dagrun for dataset_consumes_1_and_2 to None, run_after=None
[2023-01-02T01:57:40.540+0000] {logging_mixin.py:137} INFO - [2023-01-02T01:57:40.540+0000] {dag.py:3427} INFO - Setting next_dagrun for dataset_consumes_1_never_scheduled to None, run_after=None
[2023-01-02T01:57:40.541+0000] {logging_mixin.py:137} INFO - [2023-01-02T01:57:40.541+0000] {dag.py:3427} INFO - Setting next_dagrun for dataset_consumes_unknown_never_scheduled to None, run_after=None
[2023-01-02T01:57:40.543+0000] {logging_mixin.py:137} INFO - [2023-01-02T01:57:40.543+0000] {dag.py:3427} INFO - Setting next_dagrun for dataset_produces_1 to 2023-01-01T00:00:00+00:00, run_after=2023-01-02T00:00:00+00:00
[2023-01-02T01:57:40.544+0000] {logging_mixin.py:137} INFO - [2023-01-02T01:57:40.544+0000] {dag.py:3427} INFO - Setting next_dagrun for dataset_produces_2 to None, run_after=None
[2023-01-02T01:57:40.565+0000] {processor.py:175} INFO - Processing /home/airflow/.local/lib/python3.7/site-packages/airflow/example_dags/example_datasets.py took 0.127 seconds
[2023-01-02T01:58:11.222+0000] {processor.py:153} INFO - Started process (PID=183) to work on /home/airflow/.local/lib/python3.7/site-packages/airflow/example_dags/example_datasets.py
[2023-01-02T01:58:11.224+0000] {processor.py:743} INFO - Processing file /home/airflow/.local/lib/python3.7/site-packages/airflow/example_dags/example_datasets.py for tasks to queue
[2023-01-02T01:58:11.226+0000] {logging_mixin.py:137} INFO - [2023-01-02T01:58:11.226+0000] {dagbag.py:538} INFO - Filling up the DagBag from /home/airflow/.local/lib/python3.7/site-packages/airflow/example_dags/example_datasets.py
[2023-01-02T01:58:11.240+0000] {processor.py:753} INFO - DAG(s) dict_keys(['dataset_consumes_1_and_2', 'dataset_consumes_1_never_scheduled', 'dataset_produces_2', 'dataset_consumes_1', 'dataset_consumes_unknown_never_scheduled', 'dataset_produces_1']) retrieved from /home/airflow/.local/lib/python3.7/site-packages/airflow/example_dags/example_datasets.py
[2023-01-02T01:58:11.295+0000] {logging_mixin.py:137} INFO - [2023-01-02T01:58:11.295+0000] {dag.py:2676} INFO - Sync 6 DAGs
[2023-01-02T01:58:11.317+0000] {logging_mixin.py:137} INFO - [2023-01-02T01:58:11.317+0000] {dag.py:3427} INFO - Setting next_dagrun for dataset_consumes_1 to None, run_after=None
[2023-01-02T01:58:11.322+0000] {logging_mixin.py:137} INFO - [2023-01-02T01:58:11.322+0000] {dag.py:3427} INFO - Setting next_dagrun for dataset_consumes_1_and_2 to None, run_after=None
[2023-01-02T01:58:11.324+0000] {logging_mixin.py:137} INFO - [2023-01-02T01:58:11.324+0000] {dag.py:3427} INFO - Setting next_dagrun for dataset_consumes_1_never_scheduled to None, run_after=None
[2023-01-02T01:58:11.325+0000] {logging_mixin.py:137} INFO - [2023-01-02T01:58:11.325+0000] {dag.py:3427} INFO - Setting next_dagrun for dataset_consumes_unknown_never_scheduled to None, run_after=None
[2023-01-02T01:58:11.328+0000] {logging_mixin.py:137} INFO - [2023-01-02T01:58:11.328+0000] {dag.py:3427} INFO - Setting next_dagrun for dataset_produces_1 to 2023-01-01T00:00:00+00:00, run_after=2023-01-02T00:00:00+00:00
[2023-01-02T01:58:11.330+0000] {logging_mixin.py:137} INFO - [2023-01-02T01:58:11.330+0000] {dag.py:3427} INFO - Setting next_dagrun for dataset_produces_2 to None, run_after=None
[2023-01-02T01:58:11.352+0000] {processor.py:175} INFO - Processing /home/airflow/.local/lib/python3.7/site-packages/airflow/example_dags/example_datasets.py took 0.134 seconds
[2023-01-02T02:00:41.394+0000] {processor.py:153} INFO - Started process (PID=40) to work on /home/airflow/.local/lib/python3.7/site-packages/airflow/example_dags/example_datasets.py
[2023-01-02T02:00:41.396+0000] {processor.py:743} INFO - Processing file /home/airflow/.local/lib/python3.7/site-packages/airflow/example_dags/example_datasets.py for tasks to queue
[2023-01-02T02:00:41.397+0000] {logging_mixin.py:137} INFO - [2023-01-02T02:00:41.397+0000] {dagbag.py:538} INFO - Filling up the DagBag from /home/airflow/.local/lib/python3.7/site-packages/airflow/example_dags/example_datasets.py
[2023-01-02T02:00:41.414+0000] {processor.py:753} INFO - DAG(s) dict_keys(['dataset_produces_2', 'dataset_consumes_1_and_2', 'dataset_consumes_1_never_scheduled', 'dataset_consumes_unknown_never_scheduled', 'dataset_produces_1', 'dataset_consumes_1']) retrieved from /home/airflow/.local/lib/python3.7/site-packages/airflow/example_dags/example_datasets.py
[2023-01-02T02:00:41.444+0000] {logging_mixin.py:137} INFO - [2023-01-02T02:00:41.444+0000] {dag.py:2676} INFO - Sync 6 DAGs
[2023-01-02T02:00:41.478+0000] {logging_mixin.py:137} INFO - [2023-01-02T02:00:41.477+0000] {dag.py:3427} INFO - Setting next_dagrun for dataset_consumes_1 to None, run_after=None
[2023-01-02T02:00:41.483+0000] {logging_mixin.py:137} INFO - [2023-01-02T02:00:41.483+0000] {dag.py:3427} INFO - Setting next_dagrun for dataset_consumes_1_and_2 to None, run_after=None
[2023-01-02T02:00:41.485+0000] {logging_mixin.py:137} INFO - [2023-01-02T02:00:41.485+0000] {dag.py:3427} INFO - Setting next_dagrun for dataset_consumes_1_never_scheduled to None, run_after=None
[2023-01-02T02:00:41.487+0000] {logging_mixin.py:137} INFO - [2023-01-02T02:00:41.487+0000] {dag.py:3427} INFO - Setting next_dagrun for dataset_consumes_unknown_never_scheduled to None, run_after=None
[2023-01-02T02:00:41.493+0000] {logging_mixin.py:137} INFO - [2023-01-02T02:00:41.493+0000] {dag.py:3427} INFO - Setting next_dagrun for dataset_produces_1 to 2023-01-01T00:00:00+00:00, run_after=2023-01-02T00:00:00+00:00
[2023-01-02T02:00:41.496+0000] {logging_mixin.py:137} INFO - [2023-01-02T02:00:41.495+0000] {dag.py:3427} INFO - Setting next_dagrun for dataset_produces_2 to None, run_after=None
[2023-01-02T02:00:41.533+0000] {processor.py:175} INFO - Processing /home/airflow/.local/lib/python3.7/site-packages/airflow/example_dags/example_datasets.py took 0.145 seconds
[2023-01-02T02:01:11.944+0000] {processor.py:153} INFO - Started process (PID=118) to work on /home/airflow/.local/lib/python3.7/site-packages/airflow/example_dags/example_datasets.py
[2023-01-02T02:01:11.945+0000] {processor.py:743} INFO - Processing file /home/airflow/.local/lib/python3.7/site-packages/airflow/example_dags/example_datasets.py for tasks to queue
[2023-01-02T02:01:11.947+0000] {logging_mixin.py:137} INFO - [2023-01-02T02:01:11.946+0000] {dagbag.py:538} INFO - Filling up the DagBag from /home/airflow/.local/lib/python3.7/site-packages/airflow/example_dags/example_datasets.py
[2023-01-02T02:01:11.964+0000] {processor.py:753} INFO - DAG(s) dict_keys(['dataset_produces_1', 'dataset_produces_2', 'dataset_consumes_1', 'dataset_consumes_1_never_scheduled', 'dataset_consumes_1_and_2', 'dataset_consumes_unknown_never_scheduled']) retrieved from /home/airflow/.local/lib/python3.7/site-packages/airflow/example_dags/example_datasets.py
[2023-01-02T02:01:12.037+0000] {logging_mixin.py:137} INFO - [2023-01-02T02:01:12.037+0000] {dag.py:2676} INFO - Sync 6 DAGs
[2023-01-02T02:01:12.055+0000] {logging_mixin.py:137} INFO - [2023-01-02T02:01:12.055+0000] {dag.py:3427} INFO - Setting next_dagrun for dataset_consumes_1 to None, run_after=None
[2023-01-02T02:01:12.058+0000] {logging_mixin.py:137} INFO - [2023-01-02T02:01:12.058+0000] {dag.py:3427} INFO - Setting next_dagrun for dataset_consumes_1_and_2 to None, run_after=None
[2023-01-02T02:01:12.060+0000] {logging_mixin.py:137} INFO - [2023-01-02T02:01:12.060+0000] {dag.py:3427} INFO - Setting next_dagrun for dataset_consumes_1_never_scheduled to None, run_after=None
[2023-01-02T02:01:12.062+0000] {logging_mixin.py:137} INFO - [2023-01-02T02:01:12.062+0000] {dag.py:3427} INFO - Setting next_dagrun for dataset_consumes_unknown_never_scheduled to None, run_after=None
[2023-01-02T02:01:12.064+0000] {logging_mixin.py:137} INFO - [2023-01-02T02:01:12.064+0000] {dag.py:3427} INFO - Setting next_dagrun for dataset_produces_1 to 2023-01-01T00:00:00+00:00, run_after=2023-01-02T00:00:00+00:00
[2023-01-02T02:01:12.066+0000] {logging_mixin.py:137} INFO - [2023-01-02T02:01:12.066+0000] {dag.py:3427} INFO - Setting next_dagrun for dataset_produces_2 to None, run_after=None
[2023-01-02T02:01:12.092+0000] {processor.py:175} INFO - Processing /home/airflow/.local/lib/python3.7/site-packages/airflow/example_dags/example_datasets.py took 0.152 seconds
[2023-01-02T02:01:42.451+0000] {processor.py:153} INFO - Started process (PID=183) to work on /home/airflow/.local/lib/python3.7/site-packages/airflow/example_dags/example_datasets.py
[2023-01-02T02:01:42.453+0000] {processor.py:743} INFO - Processing file /home/airflow/.local/lib/python3.7/site-packages/airflow/example_dags/example_datasets.py for tasks to queue
[2023-01-02T02:01:42.454+0000] {logging_mixin.py:137} INFO - [2023-01-02T02:01:42.454+0000] {dagbag.py:538} INFO - Filling up the DagBag from /home/airflow/.local/lib/python3.7/site-packages/airflow/example_dags/example_datasets.py
[2023-01-02T02:01:42.466+0000] {processor.py:753} INFO - DAG(s) dict_keys(['dataset_consumes_unknown_never_scheduled', 'dataset_produces_2', 'dataset_produces_1', 'dataset_consumes_1_never_scheduled', 'dataset_consumes_1', 'dataset_consumes_1_and_2']) retrieved from /home/airflow/.local/lib/python3.7/site-packages/airflow/example_dags/example_datasets.py
[2023-01-02T02:01:42.502+0000] {logging_mixin.py:137} INFO - [2023-01-02T02:01:42.502+0000] {dag.py:2676} INFO - Sync 6 DAGs
[2023-01-02T02:01:42.518+0000] {logging_mixin.py:137} INFO - [2023-01-02T02:01:42.518+0000] {dag.py:3427} INFO - Setting next_dagrun for dataset_consumes_1 to None, run_after=None
[2023-01-02T02:01:42.520+0000] {logging_mixin.py:137} INFO - [2023-01-02T02:01:42.520+0000] {dag.py:3427} INFO - Setting next_dagrun for dataset_consumes_1_and_2 to None, run_after=None
[2023-01-02T02:01:42.522+0000] {logging_mixin.py:137} INFO - [2023-01-02T02:01:42.522+0000] {dag.py:3427} INFO - Setting next_dagrun for dataset_consumes_1_never_scheduled to None, run_after=None
[2023-01-02T02:01:42.523+0000] {logging_mixin.py:137} INFO - [2023-01-02T02:01:42.523+0000] {dag.py:3427} INFO - Setting next_dagrun for dataset_consumes_unknown_never_scheduled to None, run_after=None
[2023-01-02T02:01:42.525+0000] {logging_mixin.py:137} INFO - [2023-01-02T02:01:42.524+0000] {dag.py:3427} INFO - Setting next_dagrun for dataset_produces_1 to 2023-01-01T00:00:00+00:00, run_after=2023-01-02T00:00:00+00:00
[2023-01-02T02:01:42.525+0000] {logging_mixin.py:137} INFO - [2023-01-02T02:01:42.525+0000] {dag.py:3427} INFO - Setting next_dagrun for dataset_produces_2 to None, run_after=None
[2023-01-02T02:01:42.545+0000] {processor.py:175} INFO - Processing /home/airflow/.local/lib/python3.7/site-packages/airflow/example_dags/example_datasets.py took 0.097 seconds
[2023-01-02T02:02:13.117+0000] {processor.py:153} INFO - Started process (PID=261) to work on /home/airflow/.local/lib/python3.7/site-packages/airflow/example_dags/example_datasets.py
[2023-01-02T02:02:13.119+0000] {processor.py:743} INFO - Processing file /home/airflow/.local/lib/python3.7/site-packages/airflow/example_dags/example_datasets.py for tasks to queue
[2023-01-02T02:02:13.120+0000] {logging_mixin.py:137} INFO - [2023-01-02T02:02:13.120+0000] {dagbag.py:538} INFO - Filling up the DagBag from /home/airflow/.local/lib/python3.7/site-packages/airflow/example_dags/example_datasets.py
[2023-01-02T02:02:13.131+0000] {processor.py:753} INFO - DAG(s) dict_keys(['dataset_consumes_1', 'dataset_produces_1', 'dataset_consumes_unknown_never_scheduled', 'dataset_consumes_1_never_scheduled', 'dataset_consumes_1_and_2', 'dataset_produces_2']) retrieved from /home/airflow/.local/lib/python3.7/site-packages/airflow/example_dags/example_datasets.py
[2023-01-02T02:02:13.170+0000] {logging_mixin.py:137} INFO - [2023-01-02T02:02:13.170+0000] {dag.py:2676} INFO - Sync 6 DAGs
[2023-01-02T02:02:13.187+0000] {logging_mixin.py:137} INFO - [2023-01-02T02:02:13.187+0000] {dag.py:3427} INFO - Setting next_dagrun for dataset_consumes_1 to None, run_after=None
[2023-01-02T02:02:13.189+0000] {logging_mixin.py:137} INFO - [2023-01-02T02:02:13.189+0000] {dag.py:3427} INFO - Setting next_dagrun for dataset_consumes_1_and_2 to None, run_after=None
[2023-01-02T02:02:13.190+0000] {logging_mixin.py:137} INFO - [2023-01-02T02:02:13.190+0000] {dag.py:3427} INFO - Setting next_dagrun for dataset_consumes_1_never_scheduled to None, run_after=None
[2023-01-02T02:02:13.191+0000] {logging_mixin.py:137} INFO - [2023-01-02T02:02:13.191+0000] {dag.py:3427} INFO - Setting next_dagrun for dataset_consumes_unknown_never_scheduled to None, run_after=None
[2023-01-02T02:02:13.193+0000] {logging_mixin.py:137} INFO - [2023-01-02T02:02:13.193+0000] {dag.py:3427} INFO - Setting next_dagrun for dataset_produces_1 to 2023-01-01T00:00:00+00:00, run_after=2023-01-02T00:00:00+00:00
[2023-01-02T02:02:13.194+0000] {logging_mixin.py:137} INFO - [2023-01-02T02:02:13.194+0000] {dag.py:3427} INFO - Setting next_dagrun for dataset_produces_2 to None, run_after=None
[2023-01-02T02:02:13.212+0000] {processor.py:175} INFO - Processing /home/airflow/.local/lib/python3.7/site-packages/airflow/example_dags/example_datasets.py took 0.097 seconds
[2023-01-02T02:02:43.667+0000] {processor.py:153} INFO - Started process (PID=336) to work on /home/airflow/.local/lib/python3.7/site-packages/airflow/example_dags/example_datasets.py
[2023-01-02T02:02:43.671+0000] {processor.py:743} INFO - Processing file /home/airflow/.local/lib/python3.7/site-packages/airflow/example_dags/example_datasets.py for tasks to queue
[2023-01-02T02:02:43.672+0000] {logging_mixin.py:137} INFO - [2023-01-02T02:02:43.672+0000] {dagbag.py:538} INFO - Filling up the DagBag from /home/airflow/.local/lib/python3.7/site-packages/airflow/example_dags/example_datasets.py
[2023-01-02T02:02:43.686+0000] {processor.py:753} INFO - DAG(s) dict_keys(['dataset_consumes_1_and_2', 'dataset_consumes_1', 'dataset_consumes_unknown_never_scheduled', 'dataset_produces_2', 'dataset_consumes_1_never_scheduled', 'dataset_produces_1']) retrieved from /home/airflow/.local/lib/python3.7/site-packages/airflow/example_dags/example_datasets.py
[2023-01-02T02:02:43.769+0000] {logging_mixin.py:137} INFO - [2023-01-02T02:02:43.769+0000] {dag.py:2676} INFO - Sync 6 DAGs
[2023-01-02T02:02:43.795+0000] {logging_mixin.py:137} INFO - [2023-01-02T02:02:43.795+0000] {dag.py:3427} INFO - Setting next_dagrun for dataset_consumes_1 to None, run_after=None
[2023-01-02T02:02:43.799+0000] {logging_mixin.py:137} INFO - [2023-01-02T02:02:43.799+0000] {dag.py:3427} INFO - Setting next_dagrun for dataset_consumes_1_and_2 to None, run_after=None
[2023-01-02T02:02:43.800+0000] {logging_mixin.py:137} INFO - [2023-01-02T02:02:43.800+0000] {dag.py:3427} INFO - Setting next_dagrun for dataset_consumes_1_never_scheduled to None, run_after=None
[2023-01-02T02:02:43.802+0000] {logging_mixin.py:137} INFO - [2023-01-02T02:02:43.802+0000] {dag.py:3427} INFO - Setting next_dagrun for dataset_consumes_unknown_never_scheduled to None, run_after=None
[2023-01-02T02:02:43.805+0000] {logging_mixin.py:137} INFO - [2023-01-02T02:02:43.804+0000] {dag.py:3427} INFO - Setting next_dagrun for dataset_produces_1 to 2023-01-01T00:00:00+00:00, run_after=2023-01-02T00:00:00+00:00
[2023-01-02T02:02:43.806+0000] {logging_mixin.py:137} INFO - [2023-01-02T02:02:43.806+0000] {dag.py:3427} INFO - Setting next_dagrun for dataset_produces_2 to None, run_after=None
[2023-01-02T02:02:43.834+0000] {processor.py:175} INFO - Processing /home/airflow/.local/lib/python3.7/site-packages/airflow/example_dags/example_datasets.py took 0.170 seconds
[2023-01-02T02:03:14.667+0000] {processor.py:153} INFO - Started process (PID=405) to work on /home/airflow/.local/lib/python3.7/site-packages/airflow/example_dags/example_datasets.py
[2023-01-02T02:03:14.668+0000] {processor.py:743} INFO - Processing file /home/airflow/.local/lib/python3.7/site-packages/airflow/example_dags/example_datasets.py for tasks to queue
[2023-01-02T02:03:14.669+0000] {logging_mixin.py:137} INFO - [2023-01-02T02:03:14.669+0000] {dagbag.py:538} INFO - Filling up the DagBag from /home/airflow/.local/lib/python3.7/site-packages/airflow/example_dags/example_datasets.py
[2023-01-02T02:03:14.682+0000] {processor.py:753} INFO - DAG(s) dict_keys(['dataset_produces_2', 'dataset_produces_1', 'dataset_consumes_1_never_scheduled', 'dataset_consumes_1', 'dataset_consumes_1_and_2', 'dataset_consumes_unknown_never_scheduled']) retrieved from /home/airflow/.local/lib/python3.7/site-packages/airflow/example_dags/example_datasets.py
[2023-01-02T02:03:14.724+0000] {logging_mixin.py:137} INFO - [2023-01-02T02:03:14.724+0000] {dag.py:2676} INFO - Sync 6 DAGs
[2023-01-02T02:03:14.744+0000] {logging_mixin.py:137} INFO - [2023-01-02T02:03:14.744+0000] {dag.py:3427} INFO - Setting next_dagrun for dataset_consumes_1 to None, run_after=None
[2023-01-02T02:03:14.748+0000] {logging_mixin.py:137} INFO - [2023-01-02T02:03:14.748+0000] {dag.py:3427} INFO - Setting next_dagrun for dataset_consumes_1_and_2 to None, run_after=None
[2023-01-02T02:03:14.750+0000] {logging_mixin.py:137} INFO - [2023-01-02T02:03:14.750+0000] {dag.py:3427} INFO - Setting next_dagrun for dataset_consumes_1_never_scheduled to None, run_after=None
[2023-01-02T02:03:14.751+0000] {logging_mixin.py:137} INFO - [2023-01-02T02:03:14.751+0000] {dag.py:3427} INFO - Setting next_dagrun for dataset_consumes_unknown_never_scheduled to None, run_after=None
[2023-01-02T02:03:14.753+0000] {logging_mixin.py:137} INFO - [2023-01-02T02:03:14.753+0000] {dag.py:3427} INFO - Setting next_dagrun for dataset_produces_1 to 2023-01-01T00:00:00+00:00, run_after=2023-01-02T00:00:00+00:00
[2023-01-02T02:03:14.754+0000] {logging_mixin.py:137} INFO - [2023-01-02T02:03:14.754+0000] {dag.py:3427} INFO - Setting next_dagrun for dataset_produces_2 to None, run_after=None
[2023-01-02T02:03:14.778+0000] {processor.py:175} INFO - Processing /home/airflow/.local/lib/python3.7/site-packages/airflow/example_dags/example_datasets.py took 0.115 seconds
[2023-01-02T02:03:44.972+0000] {processor.py:153} INFO - Started process (PID=483) to work on /home/airflow/.local/lib/python3.7/site-packages/airflow/example_dags/example_datasets.py
[2023-01-02T02:03:44.974+0000] {processor.py:743} INFO - Processing file /home/airflow/.local/lib/python3.7/site-packages/airflow/example_dags/example_datasets.py for tasks to queue
[2023-01-02T02:03:44.975+0000] {logging_mixin.py:137} INFO - [2023-01-02T02:03:44.975+0000] {dagbag.py:538} INFO - Filling up the DagBag from /home/airflow/.local/lib/python3.7/site-packages/airflow/example_dags/example_datasets.py
[2023-01-02T02:03:44.986+0000] {processor.py:753} INFO - DAG(s) dict_keys(['dataset_produces_2', 'dataset_produces_1', 'dataset_consumes_1', 'dataset_consumes_1_never_scheduled', 'dataset_consumes_unknown_never_scheduled', 'dataset_consumes_1_and_2']) retrieved from /home/airflow/.local/lib/python3.7/site-packages/airflow/example_dags/example_datasets.py
[2023-01-02T02:03:45.024+0000] {logging_mixin.py:137} INFO - [2023-01-02T02:03:45.024+0000] {dag.py:2676} INFO - Sync 6 DAGs
[2023-01-02T02:03:45.039+0000] {logging_mixin.py:137} INFO - [2023-01-02T02:03:45.039+0000] {dag.py:3427} INFO - Setting next_dagrun for dataset_consumes_1 to None, run_after=None
[2023-01-02T02:03:45.042+0000] {logging_mixin.py:137} INFO - [2023-01-02T02:03:45.041+0000] {dag.py:3427} INFO - Setting next_dagrun for dataset_consumes_1_and_2 to None, run_after=None
[2023-01-02T02:03:45.043+0000] {logging_mixin.py:137} INFO - [2023-01-02T02:03:45.043+0000] {dag.py:3427} INFO - Setting next_dagrun for dataset_consumes_1_never_scheduled to None, run_after=None
[2023-01-02T02:03:45.044+0000] {logging_mixin.py:137} INFO - [2023-01-02T02:03:45.044+0000] {dag.py:3427} INFO - Setting next_dagrun for dataset_consumes_unknown_never_scheduled to None, run_after=None
[2023-01-02T02:03:45.045+0000] {logging_mixin.py:137} INFO - [2023-01-02T02:03:45.045+0000] {dag.py:3427} INFO - Setting next_dagrun for dataset_produces_1 to 2023-01-01T00:00:00+00:00, run_after=2023-01-02T00:00:00+00:00
[2023-01-02T02:03:45.047+0000] {logging_mixin.py:137} INFO - [2023-01-02T02:03:45.047+0000] {dag.py:3427} INFO - Setting next_dagrun for dataset_produces_2 to None, run_after=None
[2023-01-02T02:03:45.066+0000] {processor.py:175} INFO - Processing /home/airflow/.local/lib/python3.7/site-packages/airflow/example_dags/example_datasets.py took 0.096 seconds
[2023-01-02T02:04:15.179+0000] {processor.py:153} INFO - Started process (PID=548) to work on /home/airflow/.local/lib/python3.7/site-packages/airflow/example_dags/example_datasets.py
[2023-01-02T02:04:15.181+0000] {processor.py:743} INFO - Processing file /home/airflow/.local/lib/python3.7/site-packages/airflow/example_dags/example_datasets.py for tasks to queue
[2023-01-02T02:04:15.186+0000] {logging_mixin.py:137} INFO - [2023-01-02T02:04:15.186+0000] {dagbag.py:538} INFO - Filling up the DagBag from /home/airflow/.local/lib/python3.7/site-packages/airflow/example_dags/example_datasets.py
[2023-01-02T02:04:15.201+0000] {processor.py:753} INFO - DAG(s) dict_keys(['dataset_consumes_unknown_never_scheduled', 'dataset_produces_1', 'dataset_consumes_1', 'dataset_consumes_1_and_2', 'dataset_consumes_1_never_scheduled', 'dataset_produces_2']) retrieved from /home/airflow/.local/lib/python3.7/site-packages/airflow/example_dags/example_datasets.py
[2023-01-02T02:04:15.246+0000] {logging_mixin.py:137} INFO - [2023-01-02T02:04:15.246+0000] {dag.py:2676} INFO - Sync 6 DAGs
[2023-01-02T02:04:15.269+0000] {logging_mixin.py:137} INFO - [2023-01-02T02:04:15.268+0000] {dag.py:3427} INFO - Setting next_dagrun for dataset_consumes_1 to None, run_after=None
[2023-01-02T02:04:15.275+0000] {logging_mixin.py:137} INFO - [2023-01-02T02:04:15.275+0000] {dag.py:3427} INFO - Setting next_dagrun for dataset_consumes_1_and_2 to None, run_after=None
[2023-01-02T02:04:15.277+0000] {logging_mixin.py:137} INFO - [2023-01-02T02:04:15.277+0000] {dag.py:3427} INFO - Setting next_dagrun for dataset_consumes_1_never_scheduled to None, run_after=None
[2023-01-02T02:04:15.278+0000] {logging_mixin.py:137} INFO - [2023-01-02T02:04:15.278+0000] {dag.py:3427} INFO - Setting next_dagrun for dataset_consumes_unknown_never_scheduled to None, run_after=None
[2023-01-02T02:04:15.281+0000] {logging_mixin.py:137} INFO - [2023-01-02T02:04:15.281+0000] {dag.py:3427} INFO - Setting next_dagrun for dataset_produces_1 to 2023-01-01T00:00:00+00:00, run_after=2023-01-02T00:00:00+00:00
[2023-01-02T02:04:15.282+0000] {logging_mixin.py:137} INFO - [2023-01-02T02:04:15.282+0000] {dag.py:3427} INFO - Setting next_dagrun for dataset_produces_2 to None, run_after=None
[2023-01-02T02:04:15.321+0000] {processor.py:175} INFO - Processing /home/airflow/.local/lib/python3.7/site-packages/airflow/example_dags/example_datasets.py took 0.145 seconds
[2023-01-02T02:04:46.168+0000] {processor.py:153} INFO - Started process (PID=627) to work on /home/airflow/.local/lib/python3.7/site-packages/airflow/example_dags/example_datasets.py
[2023-01-02T02:04:46.169+0000] {processor.py:743} INFO - Processing file /home/airflow/.local/lib/python3.7/site-packages/airflow/example_dags/example_datasets.py for tasks to queue
[2023-01-02T02:04:46.170+0000] {logging_mixin.py:137} INFO - [2023-01-02T02:04:46.170+0000] {dagbag.py:538} INFO - Filling up the DagBag from /home/airflow/.local/lib/python3.7/site-packages/airflow/example_dags/example_datasets.py
[2023-01-02T02:04:46.182+0000] {processor.py:753} INFO - DAG(s) dict_keys(['dataset_consumes_unknown_never_scheduled', 'dataset_consumes_1', 'dataset_produces_1', 'dataset_consumes_1_and_2', 'dataset_consumes_1_never_scheduled', 'dataset_produces_2']) retrieved from /home/airflow/.local/lib/python3.7/site-packages/airflow/example_dags/example_datasets.py
[2023-01-02T02:04:46.222+0000] {logging_mixin.py:137} INFO - [2023-01-02T02:04:46.222+0000] {dag.py:2676} INFO - Sync 6 DAGs
[2023-01-02T02:04:46.241+0000] {logging_mixin.py:137} INFO - [2023-01-02T02:04:46.240+0000] {dag.py:3427} INFO - Setting next_dagrun for dataset_consumes_1 to None, run_after=None
[2023-01-02T02:04:46.243+0000] {logging_mixin.py:137} INFO - [2023-01-02T02:04:46.243+0000] {dag.py:3427} INFO - Setting next_dagrun for dataset_consumes_1_and_2 to None, run_after=None
[2023-01-02T02:04:46.245+0000] {logging_mixin.py:137} INFO - [2023-01-02T02:04:46.245+0000] {dag.py:3427} INFO - Setting next_dagrun for dataset_consumes_1_never_scheduled to None, run_after=None
[2023-01-02T02:04:46.246+0000] {logging_mixin.py:137} INFO - [2023-01-02T02:04:46.246+0000] {dag.py:3427} INFO - Setting next_dagrun for dataset_consumes_unknown_never_scheduled to None, run_after=None
[2023-01-02T02:04:46.248+0000] {logging_mixin.py:137} INFO - [2023-01-02T02:04:46.248+0000] {dag.py:3427} INFO - Setting next_dagrun for dataset_produces_1 to 2023-01-01T00:00:00+00:00, run_after=2023-01-02T00:00:00+00:00
[2023-01-02T02:04:46.250+0000] {logging_mixin.py:137} INFO - [2023-01-02T02:04:46.250+0000] {dag.py:3427} INFO - Setting next_dagrun for dataset_produces_2 to None, run_after=None
[2023-01-02T02:04:46.270+0000] {processor.py:175} INFO - Processing /home/airflow/.local/lib/python3.7/site-packages/airflow/example_dags/example_datasets.py took 0.106 seconds
[2023-01-02T02:05:16.840+0000] {processor.py:153} INFO - Started process (PID=704) to work on /home/airflow/.local/lib/python3.7/site-packages/airflow/example_dags/example_datasets.py
[2023-01-02T02:05:16.842+0000] {processor.py:743} INFO - Processing file /home/airflow/.local/lib/python3.7/site-packages/airflow/example_dags/example_datasets.py for tasks to queue
[2023-01-02T02:05:16.843+0000] {logging_mixin.py:137} INFO - [2023-01-02T02:05:16.843+0000] {dagbag.py:538} INFO - Filling up the DagBag from /home/airflow/.local/lib/python3.7/site-packages/airflow/example_dags/example_datasets.py
[2023-01-02T02:05:16.855+0000] {processor.py:753} INFO - DAG(s) dict_keys(['dataset_produces_1', 'dataset_consumes_1_and_2', 'dataset_consumes_1_never_scheduled', 'dataset_consumes_1', 'dataset_produces_2', 'dataset_consumes_unknown_never_scheduled']) retrieved from /home/airflow/.local/lib/python3.7/site-packages/airflow/example_dags/example_datasets.py
[2023-01-02T02:05:16.894+0000] {logging_mixin.py:137} INFO - [2023-01-02T02:05:16.894+0000] {dag.py:2676} INFO - Sync 6 DAGs
[2023-01-02T02:05:16.912+0000] {logging_mixin.py:137} INFO - [2023-01-02T02:05:16.912+0000] {dag.py:3427} INFO - Setting next_dagrun for dataset_consumes_1 to None, run_after=None
[2023-01-02T02:05:16.915+0000] {logging_mixin.py:137} INFO - [2023-01-02T02:05:16.915+0000] {dag.py:3427} INFO - Setting next_dagrun for dataset_consumes_1_and_2 to None, run_after=None
[2023-01-02T02:05:16.917+0000] {logging_mixin.py:137} INFO - [2023-01-02T02:05:16.917+0000] {dag.py:3427} INFO - Setting next_dagrun for dataset_consumes_1_never_scheduled to None, run_after=None
[2023-01-02T02:05:16.918+0000] {logging_mixin.py:137} INFO - [2023-01-02T02:05:16.918+0000] {dag.py:3427} INFO - Setting next_dagrun for dataset_consumes_unknown_never_scheduled to None, run_after=None
[2023-01-02T02:05:16.920+0000] {logging_mixin.py:137} INFO - [2023-01-02T02:05:16.920+0000] {dag.py:3427} INFO - Setting next_dagrun for dataset_produces_1 to 2023-01-01T00:00:00+00:00, run_after=2023-01-02T00:00:00+00:00
[2023-01-02T02:05:16.921+0000] {logging_mixin.py:137} INFO - [2023-01-02T02:05:16.921+0000] {dag.py:3427} INFO - Setting next_dagrun for dataset_produces_2 to None, run_after=None
[2023-01-02T02:05:16.943+0000] {processor.py:175} INFO - Processing /home/airflow/.local/lib/python3.7/site-packages/airflow/example_dags/example_datasets.py took 0.106 seconds
[2023-01-02T02:05:47.643+0000] {processor.py:153} INFO - Started process (PID=769) to work on /home/airflow/.local/lib/python3.7/site-packages/airflow/example_dags/example_datasets.py
[2023-01-02T02:05:47.645+0000] {processor.py:743} INFO - Processing file /home/airflow/.local/lib/python3.7/site-packages/airflow/example_dags/example_datasets.py for tasks to queue
[2023-01-02T02:05:47.646+0000] {logging_mixin.py:137} INFO - [2023-01-02T02:05:47.646+0000] {dagbag.py:538} INFO - Filling up the DagBag from /home/airflow/.local/lib/python3.7/site-packages/airflow/example_dags/example_datasets.py
[2023-01-02T02:05:47.658+0000] {processor.py:753} INFO - DAG(s) dict_keys(['dataset_consumes_1_never_scheduled', 'dataset_produces_2', 'dataset_consumes_1', 'dataset_consumes_unknown_never_scheduled', 'dataset_consumes_1_and_2', 'dataset_produces_1']) retrieved from /home/airflow/.local/lib/python3.7/site-packages/airflow/example_dags/example_datasets.py
[2023-01-02T02:05:47.693+0000] {logging_mixin.py:137} INFO - [2023-01-02T02:05:47.693+0000] {dag.py:2676} INFO - Sync 6 DAGs
[2023-01-02T02:05:47.709+0000] {logging_mixin.py:137} INFO - [2023-01-02T02:05:47.709+0000] {dag.py:3427} INFO - Setting next_dagrun for dataset_consumes_1 to None, run_after=None
[2023-01-02T02:05:47.712+0000] {logging_mixin.py:137} INFO - [2023-01-02T02:05:47.712+0000] {dag.py:3427} INFO - Setting next_dagrun for dataset_consumes_1_and_2 to None, run_after=None
[2023-01-02T02:05:47.714+0000] {logging_mixin.py:137} INFO - [2023-01-02T02:05:47.713+0000] {dag.py:3427} INFO - Setting next_dagrun for dataset_consumes_1_never_scheduled to None, run_after=None
[2023-01-02T02:05:47.715+0000] {logging_mixin.py:137} INFO - [2023-01-02T02:05:47.715+0000] {dag.py:3427} INFO - Setting next_dagrun for dataset_consumes_unknown_never_scheduled to None, run_after=None
[2023-01-02T02:05:47.717+0000] {logging_mixin.py:137} INFO - [2023-01-02T02:05:47.717+0000] {dag.py:3427} INFO - Setting next_dagrun for dataset_produces_1 to 2023-01-01T00:00:00+00:00, run_after=2023-01-02T00:00:00+00:00
[2023-01-02T02:05:47.718+0000] {logging_mixin.py:137} INFO - [2023-01-02T02:05:47.718+0000] {dag.py:3427} INFO - Setting next_dagrun for dataset_produces_2 to None, run_after=None
[2023-01-02T02:05:47.740+0000] {processor.py:175} INFO - Processing /home/airflow/.local/lib/python3.7/site-packages/airflow/example_dags/example_datasets.py took 0.099 seconds
[2023-01-02T02:06:18.235+0000] {processor.py:153} INFO - Started process (PID=848) to work on /home/airflow/.local/lib/python3.7/site-packages/airflow/example_dags/example_datasets.py
[2023-01-02T02:06:18.236+0000] {processor.py:743} INFO - Processing file /home/airflow/.local/lib/python3.7/site-packages/airflow/example_dags/example_datasets.py for tasks to queue
[2023-01-02T02:06:18.237+0000] {logging_mixin.py:137} INFO - [2023-01-02T02:06:18.237+0000] {dagbag.py:538} INFO - Filling up the DagBag from /home/airflow/.local/lib/python3.7/site-packages/airflow/example_dags/example_datasets.py
[2023-01-02T02:06:18.250+0000] {processor.py:753} INFO - DAG(s) dict_keys(['dataset_consumes_unknown_never_scheduled', 'dataset_consumes_1', 'dataset_consumes_1_and_2', 'dataset_consumes_1_never_scheduled', 'dataset_produces_2', 'dataset_produces_1']) retrieved from /home/airflow/.local/lib/python3.7/site-packages/airflow/example_dags/example_datasets.py
[2023-01-02T02:06:18.286+0000] {logging_mixin.py:137} INFO - [2023-01-02T02:06:18.286+0000] {dag.py:2676} INFO - Sync 6 DAGs
[2023-01-02T02:06:18.302+0000] {logging_mixin.py:137} INFO - [2023-01-02T02:06:18.302+0000] {dag.py:3427} INFO - Setting next_dagrun for dataset_consumes_1 to None, run_after=None
[2023-01-02T02:06:18.304+0000] {logging_mixin.py:137} INFO - [2023-01-02T02:06:18.304+0000] {dag.py:3427} INFO - Setting next_dagrun for dataset_consumes_1_and_2 to None, run_after=None
[2023-01-02T02:06:18.306+0000] {logging_mixin.py:137} INFO - [2023-01-02T02:06:18.306+0000] {dag.py:3427} INFO - Setting next_dagrun for dataset_consumes_1_never_scheduled to None, run_after=None
[2023-01-02T02:06:18.307+0000] {logging_mixin.py:137} INFO - [2023-01-02T02:06:18.307+0000] {dag.py:3427} INFO - Setting next_dagrun for dataset_consumes_unknown_never_scheduled to None, run_after=None
[2023-01-02T02:06:18.309+0000] {logging_mixin.py:137} INFO - [2023-01-02T02:06:18.309+0000] {dag.py:3427} INFO - Setting next_dagrun for dataset_produces_1 to 2023-01-01T00:00:00+00:00, run_after=2023-01-02T00:00:00+00:00
[2023-01-02T02:06:18.310+0000] {logging_mixin.py:137} INFO - [2023-01-02T02:06:18.310+0000] {dag.py:3427} INFO - Setting next_dagrun for dataset_produces_2 to None, run_after=None
[2023-01-02T02:06:18.330+0000] {processor.py:175} INFO - Processing /home/airflow/.local/lib/python3.7/site-packages/airflow/example_dags/example_datasets.py took 0.098 seconds
[2023-01-02T02:06:48.603+0000] {processor.py:153} INFO - Started process (PID=926) to work on /home/airflow/.local/lib/python3.7/site-packages/airflow/example_dags/example_datasets.py
[2023-01-02T02:06:48.605+0000] {processor.py:743} INFO - Processing file /home/airflow/.local/lib/python3.7/site-packages/airflow/example_dags/example_datasets.py for tasks to queue
[2023-01-02T02:06:48.606+0000] {logging_mixin.py:137} INFO - [2023-01-02T02:06:48.606+0000] {dagbag.py:538} INFO - Filling up the DagBag from /home/airflow/.local/lib/python3.7/site-packages/airflow/example_dags/example_datasets.py
[2023-01-02T02:06:48.621+0000] {processor.py:753} INFO - DAG(s) dict_keys(['dataset_consumes_1', 'dataset_consumes_unknown_never_scheduled', 'dataset_produces_1', 'dataset_consumes_1_and_2', 'dataset_produces_2', 'dataset_consumes_1_never_scheduled']) retrieved from /home/airflow/.local/lib/python3.7/site-packages/airflow/example_dags/example_datasets.py
[2023-01-02T02:06:48.674+0000] {logging_mixin.py:137} INFO - [2023-01-02T02:06:48.674+0000] {dag.py:2676} INFO - Sync 6 DAGs
[2023-01-02T02:06:48.695+0000] {logging_mixin.py:137} INFO - [2023-01-02T02:06:48.695+0000] {dag.py:3427} INFO - Setting next_dagrun for dataset_consumes_1 to None, run_after=None
[2023-01-02T02:06:48.698+0000] {logging_mixin.py:137} INFO - [2023-01-02T02:06:48.698+0000] {dag.py:3427} INFO - Setting next_dagrun for dataset_consumes_1_and_2 to None, run_after=None
[2023-01-02T02:06:48.701+0000] {logging_mixin.py:137} INFO - [2023-01-02T02:06:48.700+0000] {dag.py:3427} INFO - Setting next_dagrun for dataset_consumes_1_never_scheduled to None, run_after=None
[2023-01-02T02:06:48.702+0000] {logging_mixin.py:137} INFO - [2023-01-02T02:06:48.702+0000] {dag.py:3427} INFO - Setting next_dagrun for dataset_consumes_unknown_never_scheduled to None, run_after=None
[2023-01-02T02:06:48.704+0000] {logging_mixin.py:137} INFO - [2023-01-02T02:06:48.704+0000] {dag.py:3427} INFO - Setting next_dagrun for dataset_produces_1 to 2023-01-01T00:00:00+00:00, run_after=2023-01-02T00:00:00+00:00
[2023-01-02T02:06:48.706+0000] {logging_mixin.py:137} INFO - [2023-01-02T02:06:48.706+0000] {dag.py:3427} INFO - Setting next_dagrun for dataset_produces_2 to None, run_after=None
[2023-01-02T02:06:48.752+0000] {processor.py:175} INFO - Processing /home/airflow/.local/lib/python3.7/site-packages/airflow/example_dags/example_datasets.py took 0.153 seconds
[2023-01-02T02:07:19.486+0000] {processor.py:153} INFO - Started process (PID=992) to work on /home/airflow/.local/lib/python3.7/site-packages/airflow/example_dags/example_datasets.py
[2023-01-02T02:07:19.487+0000] {processor.py:743} INFO - Processing file /home/airflow/.local/lib/python3.7/site-packages/airflow/example_dags/example_datasets.py for tasks to queue
[2023-01-02T02:07:19.488+0000] {logging_mixin.py:137} INFO - [2023-01-02T02:07:19.487+0000] {dagbag.py:538} INFO - Filling up the DagBag from /home/airflow/.local/lib/python3.7/site-packages/airflow/example_dags/example_datasets.py
[2023-01-02T02:07:19.500+0000] {processor.py:753} INFO - DAG(s) dict_keys(['dataset_consumes_unknown_never_scheduled', 'dataset_produces_2', 'dataset_consumes_1_never_scheduled', 'dataset_consumes_1', 'dataset_consumes_1_and_2', 'dataset_produces_1']) retrieved from /home/airflow/.local/lib/python3.7/site-packages/airflow/example_dags/example_datasets.py
[2023-01-02T02:07:19.535+0000] {logging_mixin.py:137} INFO - [2023-01-02T02:07:19.535+0000] {dag.py:2676} INFO - Sync 6 DAGs
[2023-01-02T02:07:19.551+0000] {logging_mixin.py:137} INFO - [2023-01-02T02:07:19.551+0000] {dag.py:3427} INFO - Setting next_dagrun for dataset_consumes_1 to None, run_after=None
[2023-01-02T02:07:19.553+0000] {logging_mixin.py:137} INFO - [2023-01-02T02:07:19.553+0000] {dag.py:3427} INFO - Setting next_dagrun for dataset_consumes_1_and_2 to None, run_after=None
[2023-01-02T02:07:19.555+0000] {logging_mixin.py:137} INFO - [2023-01-02T02:07:19.555+0000] {dag.py:3427} INFO - Setting next_dagrun for dataset_consumes_1_never_scheduled to None, run_after=None
[2023-01-02T02:07:19.556+0000] {logging_mixin.py:137} INFO - [2023-01-02T02:07:19.556+0000] {dag.py:3427} INFO - Setting next_dagrun for dataset_consumes_unknown_never_scheduled to None, run_after=None
[2023-01-02T02:07:19.558+0000] {logging_mixin.py:137} INFO - [2023-01-02T02:07:19.558+0000] {dag.py:3427} INFO - Setting next_dagrun for dataset_produces_1 to 2023-01-01T00:00:00+00:00, run_after=2023-01-02T00:00:00+00:00
[2023-01-02T02:07:19.559+0000] {logging_mixin.py:137} INFO - [2023-01-02T02:07:19.559+0000] {dag.py:3427} INFO - Setting next_dagrun for dataset_produces_2 to None, run_after=None
[2023-01-02T02:07:19.579+0000] {processor.py:175} INFO - Processing /home/airflow/.local/lib/python3.7/site-packages/airflow/example_dags/example_datasets.py took 0.097 seconds
[2023-01-02T02:07:50.063+0000] {processor.py:153} INFO - Started process (PID=1070) to work on /home/airflow/.local/lib/python3.7/site-packages/airflow/example_dags/example_datasets.py
[2023-01-02T02:07:50.065+0000] {processor.py:743} INFO - Processing file /home/airflow/.local/lib/python3.7/site-packages/airflow/example_dags/example_datasets.py for tasks to queue
[2023-01-02T02:07:50.065+0000] {logging_mixin.py:137} INFO - [2023-01-02T02:07:50.065+0000] {dagbag.py:538} INFO - Filling up the DagBag from /home/airflow/.local/lib/python3.7/site-packages/airflow/example_dags/example_datasets.py
[2023-01-02T02:07:50.077+0000] {processor.py:753} INFO - DAG(s) dict_keys(['dataset_produces_1', 'dataset_consumes_unknown_never_scheduled', 'dataset_produces_2', 'dataset_consumes_1_and_2', 'dataset_consumes_1', 'dataset_consumes_1_never_scheduled']) retrieved from /home/airflow/.local/lib/python3.7/site-packages/airflow/example_dags/example_datasets.py
[2023-01-02T02:07:50.111+0000] {logging_mixin.py:137} INFO - [2023-01-02T02:07:50.111+0000] {dag.py:2676} INFO - Sync 6 DAGs
[2023-01-02T02:07:50.126+0000] {logging_mixin.py:137} INFO - [2023-01-02T02:07:50.126+0000] {dag.py:3427} INFO - Setting next_dagrun for dataset_consumes_1 to None, run_after=None
[2023-01-02T02:07:50.129+0000] {logging_mixin.py:137} INFO - [2023-01-02T02:07:50.129+0000] {dag.py:3427} INFO - Setting next_dagrun for dataset_consumes_1_and_2 to None, run_after=None
[2023-01-02T02:07:50.130+0000] {logging_mixin.py:137} INFO - [2023-01-02T02:07:50.130+0000] {dag.py:3427} INFO - Setting next_dagrun for dataset_consumes_1_never_scheduled to None, run_after=None
[2023-01-02T02:07:50.132+0000] {logging_mixin.py:137} INFO - [2023-01-02T02:07:50.132+0000] {dag.py:3427} INFO - Setting next_dagrun for dataset_consumes_unknown_never_scheduled to None, run_after=None
[2023-01-02T02:07:50.133+0000] {logging_mixin.py:137} INFO - [2023-01-02T02:07:50.133+0000] {dag.py:3427} INFO - Setting next_dagrun for dataset_produces_1 to 2023-01-01T00:00:00+00:00, run_after=2023-01-02T00:00:00+00:00
[2023-01-02T02:07:50.135+0000] {logging_mixin.py:137} INFO - [2023-01-02T02:07:50.134+0000] {dag.py:3427} INFO - Setting next_dagrun for dataset_produces_2 to None, run_after=None
[2023-01-02T02:07:50.154+0000] {processor.py:175} INFO - Processing /home/airflow/.local/lib/python3.7/site-packages/airflow/example_dags/example_datasets.py took 0.093 seconds
[2023-01-02T02:08:20.527+0000] {processor.py:153} INFO - Started process (PID=1136) to work on /home/airflow/.local/lib/python3.7/site-packages/airflow/example_dags/example_datasets.py
[2023-01-02T02:08:20.529+0000] {processor.py:743} INFO - Processing file /home/airflow/.local/lib/python3.7/site-packages/airflow/example_dags/example_datasets.py for tasks to queue
[2023-01-02T02:08:20.529+0000] {logging_mixin.py:137} INFO - [2023-01-02T02:08:20.529+0000] {dagbag.py:538} INFO - Filling up the DagBag from /home/airflow/.local/lib/python3.7/site-packages/airflow/example_dags/example_datasets.py
[2023-01-02T02:08:20.543+0000] {processor.py:753} INFO - DAG(s) dict_keys(['dataset_consumes_1_never_scheduled', 'dataset_produces_2', 'dataset_consumes_unknown_never_scheduled', 'dataset_produces_1', 'dataset_consumes_1_and_2', 'dataset_consumes_1']) retrieved from /home/airflow/.local/lib/python3.7/site-packages/airflow/example_dags/example_datasets.py
[2023-01-02T02:08:20.578+0000] {logging_mixin.py:137} INFO - [2023-01-02T02:08:20.578+0000] {dag.py:2676} INFO - Sync 6 DAGs
[2023-01-02T02:08:20.595+0000] {logging_mixin.py:137} INFO - [2023-01-02T02:08:20.595+0000] {dag.py:3427} INFO - Setting next_dagrun for dataset_consumes_1 to None, run_after=None
[2023-01-02T02:08:20.598+0000] {logging_mixin.py:137} INFO - [2023-01-02T02:08:20.598+0000] {dag.py:3427} INFO - Setting next_dagrun for dataset_consumes_1_and_2 to None, run_after=None
[2023-01-02T02:08:20.600+0000] {logging_mixin.py:137} INFO - [2023-01-02T02:08:20.600+0000] {dag.py:3427} INFO - Setting next_dagrun for dataset_consumes_1_never_scheduled to None, run_after=None
[2023-01-02T02:08:20.601+0000] {logging_mixin.py:137} INFO - [2023-01-02T02:08:20.601+0000] {dag.py:3427} INFO - Setting next_dagrun for dataset_consumes_unknown_never_scheduled to None, run_after=None
[2023-01-02T02:08:20.603+0000] {logging_mixin.py:137} INFO - [2023-01-02T02:08:20.603+0000] {dag.py:3427} INFO - Setting next_dagrun for dataset_produces_1 to 2023-01-01T00:00:00+00:00, run_after=2023-01-02T00:00:00+00:00
[2023-01-02T02:08:20.605+0000] {logging_mixin.py:137} INFO - [2023-01-02T02:08:20.605+0000] {dag.py:3427} INFO - Setting next_dagrun for dataset_produces_2 to None, run_after=None
[2023-01-02T02:08:20.624+0000] {processor.py:175} INFO - Processing /home/airflow/.local/lib/python3.7/site-packages/airflow/example_dags/example_datasets.py took 0.100 seconds
[2023-01-02T02:08:51.689+0000] {processor.py:153} INFO - Started process (PID=1213) to work on /home/airflow/.local/lib/python3.7/site-packages/airflow/example_dags/example_datasets.py
[2023-01-02T02:08:51.691+0000] {processor.py:743} INFO - Processing file /home/airflow/.local/lib/python3.7/site-packages/airflow/example_dags/example_datasets.py for tasks to queue
[2023-01-02T02:08:51.692+0000] {logging_mixin.py:137} INFO - [2023-01-02T02:08:51.692+0000] {dagbag.py:538} INFO - Filling up the DagBag from /home/airflow/.local/lib/python3.7/site-packages/airflow/example_dags/example_datasets.py
[2023-01-02T02:08:51.709+0000] {processor.py:753} INFO - DAG(s) dict_keys(['dataset_consumes_unknown_never_scheduled', 'dataset_produces_1', 'dataset_consumes_1_never_scheduled', 'dataset_consumes_1_and_2', 'dataset_consumes_1', 'dataset_produces_2']) retrieved from /home/airflow/.local/lib/python3.7/site-packages/airflow/example_dags/example_datasets.py
[2023-01-02T02:08:51.749+0000] {logging_mixin.py:137} INFO - [2023-01-02T02:08:51.749+0000] {dag.py:2676} INFO - Sync 6 DAGs
[2023-01-02T02:08:51.765+0000] {logging_mixin.py:137} INFO - [2023-01-02T02:08:51.765+0000] {dag.py:3427} INFO - Setting next_dagrun for dataset_consumes_1 to None, run_after=None
[2023-01-02T02:08:51.767+0000] {logging_mixin.py:137} INFO - [2023-01-02T02:08:51.767+0000] {dag.py:3427} INFO - Setting next_dagrun for dataset_consumes_1_and_2 to None, run_after=None
[2023-01-02T02:08:51.768+0000] {logging_mixin.py:137} INFO - [2023-01-02T02:08:51.768+0000] {dag.py:3427} INFO - Setting next_dagrun for dataset_consumes_1_never_scheduled to None, run_after=None
[2023-01-02T02:08:51.769+0000] {logging_mixin.py:137} INFO - [2023-01-02T02:08:51.769+0000] {dag.py:3427} INFO - Setting next_dagrun for dataset_consumes_unknown_never_scheduled to None, run_after=None
[2023-01-02T02:08:51.771+0000] {logging_mixin.py:137} INFO - [2023-01-02T02:08:51.771+0000] {dag.py:3427} INFO - Setting next_dagrun for dataset_produces_1 to 2023-01-01T00:00:00+00:00, run_after=2023-01-02T00:00:00+00:00
[2023-01-02T02:08:51.772+0000] {logging_mixin.py:137} INFO - [2023-01-02T02:08:51.772+0000] {dag.py:3427} INFO - Setting next_dagrun for dataset_produces_2 to None, run_after=None
[2023-01-02T02:08:51.797+0000] {processor.py:175} INFO - Processing /home/airflow/.local/lib/python3.7/site-packages/airflow/example_dags/example_datasets.py took 0.112 seconds
[2023-01-02T02:09:22.114+0000] {processor.py:153} INFO - Started process (PID=1292) to work on /home/airflow/.local/lib/python3.7/site-packages/airflow/example_dags/example_datasets.py
[2023-01-02T02:09:22.116+0000] {processor.py:743} INFO - Processing file /home/airflow/.local/lib/python3.7/site-packages/airflow/example_dags/example_datasets.py for tasks to queue
[2023-01-02T02:09:22.116+0000] {logging_mixin.py:137} INFO - [2023-01-02T02:09:22.116+0000] {dagbag.py:538} INFO - Filling up the DagBag from /home/airflow/.local/lib/python3.7/site-packages/airflow/example_dags/example_datasets.py
[2023-01-02T02:09:22.132+0000] {processor.py:753} INFO - DAG(s) dict_keys(['dataset_consumes_unknown_never_scheduled', 'dataset_consumes_1', 'dataset_consumes_1_never_scheduled', 'dataset_produces_1', 'dataset_consumes_1_and_2', 'dataset_produces_2']) retrieved from /home/airflow/.local/lib/python3.7/site-packages/airflow/example_dags/example_datasets.py
[2023-01-02T02:09:22.178+0000] {logging_mixin.py:137} INFO - [2023-01-02T02:09:22.178+0000] {dag.py:2676} INFO - Sync 6 DAGs
[2023-01-02T02:09:22.197+0000] {logging_mixin.py:137} INFO - [2023-01-02T02:09:22.196+0000] {dag.py:3427} INFO - Setting next_dagrun for dataset_consumes_1 to None, run_after=None
[2023-01-02T02:09:22.199+0000] {logging_mixin.py:137} INFO - [2023-01-02T02:09:22.199+0000] {dag.py:3427} INFO - Setting next_dagrun for dataset_consumes_1_and_2 to None, run_after=None
[2023-01-02T02:09:22.200+0000] {logging_mixin.py:137} INFO - [2023-01-02T02:09:22.200+0000] {dag.py:3427} INFO - Setting next_dagrun for dataset_consumes_1_never_scheduled to None, run_after=None
[2023-01-02T02:09:22.201+0000] {logging_mixin.py:137} INFO - [2023-01-02T02:09:22.201+0000] {dag.py:3427} INFO - Setting next_dagrun for dataset_consumes_unknown_never_scheduled to None, run_after=None
[2023-01-02T02:09:22.203+0000] {logging_mixin.py:137} INFO - [2023-01-02T02:09:22.203+0000] {dag.py:3427} INFO - Setting next_dagrun for dataset_produces_1 to 2023-01-01T00:00:00+00:00, run_after=2023-01-02T00:00:00+00:00
[2023-01-02T02:09:22.204+0000] {logging_mixin.py:137} INFO - [2023-01-02T02:09:22.204+0000] {dag.py:3427} INFO - Setting next_dagrun for dataset_produces_2 to None, run_after=None
[2023-01-02T02:09:22.223+0000] {processor.py:175} INFO - Processing /home/airflow/.local/lib/python3.7/site-packages/airflow/example_dags/example_datasets.py took 0.113 seconds
[2023-01-02T02:09:52.496+0000] {processor.py:153} INFO - Started process (PID=1357) to work on /home/airflow/.local/lib/python3.7/site-packages/airflow/example_dags/example_datasets.py
[2023-01-02T02:09:52.497+0000] {processor.py:743} INFO - Processing file /home/airflow/.local/lib/python3.7/site-packages/airflow/example_dags/example_datasets.py for tasks to queue
[2023-01-02T02:09:52.498+0000] {logging_mixin.py:137} INFO - [2023-01-02T02:09:52.498+0000] {dagbag.py:538} INFO - Filling up the DagBag from /home/airflow/.local/lib/python3.7/site-packages/airflow/example_dags/example_datasets.py
[2023-01-02T02:09:52.511+0000] {processor.py:753} INFO - DAG(s) dict_keys(['dataset_produces_2', 'dataset_consumes_unknown_never_scheduled', 'dataset_consumes_1_never_scheduled', 'dataset_consumes_1', 'dataset_produces_1', 'dataset_consumes_1_and_2']) retrieved from /home/airflow/.local/lib/python3.7/site-packages/airflow/example_dags/example_datasets.py
[2023-01-02T02:09:52.554+0000] {logging_mixin.py:137} INFO - [2023-01-02T02:09:52.554+0000] {dag.py:2676} INFO - Sync 6 DAGs
[2023-01-02T02:09:52.571+0000] {logging_mixin.py:137} INFO - [2023-01-02T02:09:52.571+0000] {dag.py:3427} INFO - Setting next_dagrun for dataset_consumes_1 to None, run_after=None
[2023-01-02T02:09:52.575+0000] {logging_mixin.py:137} INFO - [2023-01-02T02:09:52.574+0000] {dag.py:3427} INFO - Setting next_dagrun for dataset_consumes_1_and_2 to None, run_after=None
[2023-01-02T02:09:52.576+0000] {logging_mixin.py:137} INFO - [2023-01-02T02:09:52.576+0000] {dag.py:3427} INFO - Setting next_dagrun for dataset_consumes_1_never_scheduled to None, run_after=None
[2023-01-02T02:09:52.577+0000] {logging_mixin.py:137} INFO - [2023-01-02T02:09:52.577+0000] {dag.py:3427} INFO - Setting next_dagrun for dataset_consumes_unknown_never_scheduled to None, run_after=None
[2023-01-02T02:09:52.579+0000] {logging_mixin.py:137} INFO - [2023-01-02T02:09:52.579+0000] {dag.py:3427} INFO - Setting next_dagrun for dataset_produces_1 to 2023-01-01T00:00:00+00:00, run_after=2023-01-02T00:00:00+00:00
[2023-01-02T02:09:52.580+0000] {logging_mixin.py:137} INFO - [2023-01-02T02:09:52.580+0000] {dag.py:3427} INFO - Setting next_dagrun for dataset_produces_2 to None, run_after=None
[2023-01-02T02:09:52.602+0000] {processor.py:175} INFO - Processing /home/airflow/.local/lib/python3.7/site-packages/airflow/example_dags/example_datasets.py took 0.109 seconds
