[2023-01-02T01:57:11.309+0000] {processor.py:153} INFO - Started process (PID=55) to work on /home/airflow/.local/lib/python3.7/site-packages/airflow/example_dags/example_branch_labels.py
[2023-01-02T01:57:11.311+0000] {processor.py:743} INFO - Processing file /home/airflow/.local/lib/python3.7/site-packages/airflow/example_dags/example_branch_labels.py for tasks to queue
[2023-01-02T01:57:11.312+0000] {logging_mixin.py:137} INFO - [2023-01-02T01:57:11.312+0000] {dagbag.py:538} INFO - Filling up the DagBag from /home/airflow/.local/lib/python3.7/site-packages/airflow/example_dags/example_branch_labels.py
[2023-01-02T01:57:11.331+0000] {processor.py:753} INFO - DAG(s) dict_keys(['example_branch_labels']) retrieved from /home/airflow/.local/lib/python3.7/site-packages/airflow/example_dags/example_branch_labels.py
[2023-01-02T01:57:11.373+0000] {logging_mixin.py:137} INFO - [2023-01-02T01:57:11.373+0000] {dag.py:2676} INFO - Sync 1 DAGs
[2023-01-02T01:57:11.449+0000] {logging_mixin.py:137} INFO - [2023-01-02T01:57:11.449+0000] {dag.py:3427} INFO - Setting next_dagrun for example_branch_labels to 2023-01-01T00:00:00+00:00, run_after=2023-01-02T00:00:00+00:00
[2023-01-02T01:57:11.478+0000] {processor.py:175} INFO - Processing /home/airflow/.local/lib/python3.7/site-packages/airflow/example_dags/example_branch_labels.py took 0.172 seconds
[2023-01-02T01:57:41.563+0000] {processor.py:153} INFO - Started process (PID=133) to work on /home/airflow/.local/lib/python3.7/site-packages/airflow/example_dags/example_branch_labels.py
[2023-01-02T01:57:41.565+0000] {processor.py:743} INFO - Processing file /home/airflow/.local/lib/python3.7/site-packages/airflow/example_dags/example_branch_labels.py for tasks to queue
[2023-01-02T01:57:41.566+0000] {logging_mixin.py:137} INFO - [2023-01-02T01:57:41.566+0000] {dagbag.py:538} INFO - Filling up the DagBag from /home/airflow/.local/lib/python3.7/site-packages/airflow/example_dags/example_branch_labels.py
[2023-01-02T01:57:41.577+0000] {processor.py:753} INFO - DAG(s) dict_keys(['example_branch_labels']) retrieved from /home/airflow/.local/lib/python3.7/site-packages/airflow/example_dags/example_branch_labels.py
[2023-01-02T01:57:41.608+0000] {logging_mixin.py:137} INFO - [2023-01-02T01:57:41.608+0000] {dag.py:2676} INFO - Sync 1 DAGs
[2023-01-02T01:57:41.627+0000] {logging_mixin.py:137} INFO - [2023-01-02T01:57:41.627+0000] {dag.py:3427} INFO - Setting next_dagrun for example_branch_labels to 2023-01-01T00:00:00+00:00, run_after=2023-01-02T00:00:00+00:00
[2023-01-02T01:57:41.639+0000] {processor.py:175} INFO - Processing /home/airflow/.local/lib/python3.7/site-packages/airflow/example_dags/example_branch_labels.py took 0.083 seconds
[2023-01-02T01:58:12.489+0000] {processor.py:153} INFO - Started process (PID=210) to work on /home/airflow/.local/lib/python3.7/site-packages/airflow/example_dags/example_branch_labels.py
[2023-01-02T01:58:12.491+0000] {processor.py:743} INFO - Processing file /home/airflow/.local/lib/python3.7/site-packages/airflow/example_dags/example_branch_labels.py for tasks to queue
[2023-01-02T01:58:12.493+0000] {logging_mixin.py:137} INFO - [2023-01-02T01:58:12.493+0000] {dagbag.py:538} INFO - Filling up the DagBag from /home/airflow/.local/lib/python3.7/site-packages/airflow/example_dags/example_branch_labels.py
[2023-01-02T01:58:12.504+0000] {processor.py:753} INFO - DAG(s) dict_keys(['example_branch_labels']) retrieved from /home/airflow/.local/lib/python3.7/site-packages/airflow/example_dags/example_branch_labels.py
[2023-01-02T01:58:12.573+0000] {logging_mixin.py:137} INFO - [2023-01-02T01:58:12.573+0000] {dag.py:2676} INFO - Sync 1 DAGs
[2023-01-02T01:58:12.617+0000] {logging_mixin.py:137} INFO - [2023-01-02T01:58:12.617+0000] {dag.py:3427} INFO - Setting next_dagrun for example_branch_labels to 2023-01-01T00:00:00+00:00, run_after=2023-01-02T00:00:00+00:00
[2023-01-02T01:58:12.650+0000] {processor.py:175} INFO - Processing /home/airflow/.local/lib/python3.7/site-packages/airflow/example_dags/example_branch_labels.py took 0.165 seconds
[2023-01-02T02:00:42.629+0000] {processor.py:153} INFO - Started process (PID=55) to work on /home/airflow/.local/lib/python3.7/site-packages/airflow/example_dags/example_branch_labels.py
[2023-01-02T02:00:42.631+0000] {processor.py:743} INFO - Processing file /home/airflow/.local/lib/python3.7/site-packages/airflow/example_dags/example_branch_labels.py for tasks to queue
[2023-01-02T02:00:42.633+0000] {logging_mixin.py:137} INFO - [2023-01-02T02:00:42.632+0000] {dagbag.py:538} INFO - Filling up the DagBag from /home/airflow/.local/lib/python3.7/site-packages/airflow/example_dags/example_branch_labels.py
[2023-01-02T02:00:42.655+0000] {processor.py:753} INFO - DAG(s) dict_keys(['example_branch_labels']) retrieved from /home/airflow/.local/lib/python3.7/site-packages/airflow/example_dags/example_branch_labels.py
[2023-01-02T02:00:42.685+0000] {logging_mixin.py:137} INFO - [2023-01-02T02:00:42.685+0000] {dag.py:2676} INFO - Sync 1 DAGs
[2023-01-02T02:00:42.723+0000] {logging_mixin.py:137} INFO - [2023-01-02T02:00:42.723+0000] {dag.py:3427} INFO - Setting next_dagrun for example_branch_labels to 2023-01-01T00:00:00+00:00, run_after=2023-01-02T00:00:00+00:00
[2023-01-02T02:00:42.740+0000] {processor.py:175} INFO - Processing /home/airflow/.local/lib/python3.7/site-packages/airflow/example_dags/example_branch_labels.py took 0.117 seconds
[2023-01-02T02:01:12.852+0000] {processor.py:153} INFO - Started process (PID=133) to work on /home/airflow/.local/lib/python3.7/site-packages/airflow/example_dags/example_branch_labels.py
[2023-01-02T02:01:12.853+0000] {processor.py:743} INFO - Processing file /home/airflow/.local/lib/python3.7/site-packages/airflow/example_dags/example_branch_labels.py for tasks to queue
[2023-01-02T02:01:12.854+0000] {logging_mixin.py:137} INFO - [2023-01-02T02:01:12.854+0000] {dagbag.py:538} INFO - Filling up the DagBag from /home/airflow/.local/lib/python3.7/site-packages/airflow/example_dags/example_branch_labels.py
[2023-01-02T02:01:12.865+0000] {processor.py:753} INFO - DAG(s) dict_keys(['example_branch_labels']) retrieved from /home/airflow/.local/lib/python3.7/site-packages/airflow/example_dags/example_branch_labels.py
[2023-01-02T02:01:12.894+0000] {logging_mixin.py:137} INFO - [2023-01-02T02:01:12.894+0000] {dag.py:2676} INFO - Sync 1 DAGs
[2023-01-02T02:01:12.911+0000] {logging_mixin.py:137} INFO - [2023-01-02T02:01:12.910+0000] {dag.py:3427} INFO - Setting next_dagrun for example_branch_labels to 2023-01-01T00:00:00+00:00, run_after=2023-01-02T00:00:00+00:00
[2023-01-02T02:01:12.922+0000] {processor.py:175} INFO - Processing /home/airflow/.local/lib/python3.7/site-packages/airflow/example_dags/example_branch_labels.py took 0.073 seconds
[2023-01-02T02:01:43.310+0000] {processor.py:153} INFO - Started process (PID=198) to work on /home/airflow/.local/lib/python3.7/site-packages/airflow/example_dags/example_branch_labels.py
[2023-01-02T02:01:43.311+0000] {processor.py:743} INFO - Processing file /home/airflow/.local/lib/python3.7/site-packages/airflow/example_dags/example_branch_labels.py for tasks to queue
[2023-01-02T02:01:43.312+0000] {logging_mixin.py:137} INFO - [2023-01-02T02:01:43.312+0000] {dagbag.py:538} INFO - Filling up the DagBag from /home/airflow/.local/lib/python3.7/site-packages/airflow/example_dags/example_branch_labels.py
[2023-01-02T02:01:43.323+0000] {processor.py:753} INFO - DAG(s) dict_keys(['example_branch_labels']) retrieved from /home/airflow/.local/lib/python3.7/site-packages/airflow/example_dags/example_branch_labels.py
[2023-01-02T02:01:43.354+0000] {logging_mixin.py:137} INFO - [2023-01-02T02:01:43.354+0000] {dag.py:2676} INFO - Sync 1 DAGs
[2023-01-02T02:01:43.372+0000] {logging_mixin.py:137} INFO - [2023-01-02T02:01:43.372+0000] {dag.py:3427} INFO - Setting next_dagrun for example_branch_labels to 2023-01-01T00:00:00+00:00, run_after=2023-01-02T00:00:00+00:00
[2023-01-02T02:01:43.384+0000] {processor.py:175} INFO - Processing /home/airflow/.local/lib/python3.7/site-packages/airflow/example_dags/example_branch_labels.py took 0.077 seconds
[2023-01-02T02:02:13.882+0000] {processor.py:153} INFO - Started process (PID=276) to work on /home/airflow/.local/lib/python3.7/site-packages/airflow/example_dags/example_branch_labels.py
[2023-01-02T02:02:13.884+0000] {processor.py:743} INFO - Processing file /home/airflow/.local/lib/python3.7/site-packages/airflow/example_dags/example_branch_labels.py for tasks to queue
[2023-01-02T02:02:13.885+0000] {logging_mixin.py:137} INFO - [2023-01-02T02:02:13.885+0000] {dagbag.py:538} INFO - Filling up the DagBag from /home/airflow/.local/lib/python3.7/site-packages/airflow/example_dags/example_branch_labels.py
[2023-01-02T02:02:13.895+0000] {processor.py:753} INFO - DAG(s) dict_keys(['example_branch_labels']) retrieved from /home/airflow/.local/lib/python3.7/site-packages/airflow/example_dags/example_branch_labels.py
[2023-01-02T02:02:13.923+0000] {logging_mixin.py:137} INFO - [2023-01-02T02:02:13.923+0000] {dag.py:2676} INFO - Sync 1 DAGs
[2023-01-02T02:02:13.940+0000] {logging_mixin.py:137} INFO - [2023-01-02T02:02:13.940+0000] {dag.py:3427} INFO - Setting next_dagrun for example_branch_labels to 2023-01-01T00:00:00+00:00, run_after=2023-01-02T00:00:00+00:00
[2023-01-02T02:02:13.950+0000] {processor.py:175} INFO - Processing /home/airflow/.local/lib/python3.7/site-packages/airflow/example_dags/example_branch_labels.py took 0.071 seconds
[2023-01-02T02:02:44.830+0000] {processor.py:153} INFO - Started process (PID=355) to work on /home/airflow/.local/lib/python3.7/site-packages/airflow/example_dags/example_branch_labels.py
[2023-01-02T02:02:44.835+0000] {processor.py:743} INFO - Processing file /home/airflow/.local/lib/python3.7/site-packages/airflow/example_dags/example_branch_labels.py for tasks to queue
[2023-01-02T02:02:44.842+0000] {logging_mixin.py:137} INFO - [2023-01-02T02:02:44.842+0000] {dagbag.py:538} INFO - Filling up the DagBag from /home/airflow/.local/lib/python3.7/site-packages/airflow/example_dags/example_branch_labels.py
[2023-01-02T02:02:44.857+0000] {processor.py:753} INFO - DAG(s) dict_keys(['example_branch_labels']) retrieved from /home/airflow/.local/lib/python3.7/site-packages/airflow/example_dags/example_branch_labels.py
[2023-01-02T02:02:44.892+0000] {logging_mixin.py:137} INFO - [2023-01-02T02:02:44.891+0000] {dag.py:2676} INFO - Sync 1 DAGs
[2023-01-02T02:02:44.919+0000] {logging_mixin.py:137} INFO - [2023-01-02T02:02:44.919+0000] {dag.py:3427} INFO - Setting next_dagrun for example_branch_labels to 2023-01-01T00:00:00+00:00, run_after=2023-01-02T00:00:00+00:00
[2023-01-02T02:02:44.945+0000] {processor.py:175} INFO - Processing /home/airflow/.local/lib/python3.7/site-packages/airflow/example_dags/example_branch_labels.py took 0.128 seconds
[2023-01-02T02:03:15.544+0000] {processor.py:153} INFO - Started process (PID=420) to work on /home/airflow/.local/lib/python3.7/site-packages/airflow/example_dags/example_branch_labels.py
[2023-01-02T02:03:15.545+0000] {processor.py:743} INFO - Processing file /home/airflow/.local/lib/python3.7/site-packages/airflow/example_dags/example_branch_labels.py for tasks to queue
[2023-01-02T02:03:15.546+0000] {logging_mixin.py:137} INFO - [2023-01-02T02:03:15.546+0000] {dagbag.py:538} INFO - Filling up the DagBag from /home/airflow/.local/lib/python3.7/site-packages/airflow/example_dags/example_branch_labels.py
[2023-01-02T02:03:15.557+0000] {processor.py:753} INFO - DAG(s) dict_keys(['example_branch_labels']) retrieved from /home/airflow/.local/lib/python3.7/site-packages/airflow/example_dags/example_branch_labels.py
[2023-01-02T02:03:15.589+0000] {logging_mixin.py:137} INFO - [2023-01-02T02:03:15.589+0000] {dag.py:2676} INFO - Sync 1 DAGs
[2023-01-02T02:03:15.608+0000] {logging_mixin.py:137} INFO - [2023-01-02T02:03:15.608+0000] {dag.py:3427} INFO - Setting next_dagrun for example_branch_labels to 2023-01-01T00:00:00+00:00, run_after=2023-01-02T00:00:00+00:00
[2023-01-02T02:03:15.621+0000] {processor.py:175} INFO - Processing /home/airflow/.local/lib/python3.7/site-packages/airflow/example_dags/example_branch_labels.py took 0.081 seconds
[2023-01-02T02:03:45.739+0000] {processor.py:153} INFO - Started process (PID=498) to work on /home/airflow/.local/lib/python3.7/site-packages/airflow/example_dags/example_branch_labels.py
[2023-01-02T02:03:45.741+0000] {processor.py:743} INFO - Processing file /home/airflow/.local/lib/python3.7/site-packages/airflow/example_dags/example_branch_labels.py for tasks to queue
[2023-01-02T02:03:45.742+0000] {logging_mixin.py:137} INFO - [2023-01-02T02:03:45.742+0000] {dagbag.py:538} INFO - Filling up the DagBag from /home/airflow/.local/lib/python3.7/site-packages/airflow/example_dags/example_branch_labels.py
[2023-01-02T02:03:45.753+0000] {processor.py:753} INFO - DAG(s) dict_keys(['example_branch_labels']) retrieved from /home/airflow/.local/lib/python3.7/site-packages/airflow/example_dags/example_branch_labels.py
[2023-01-02T02:03:45.785+0000] {logging_mixin.py:137} INFO - [2023-01-02T02:03:45.785+0000] {dag.py:2676} INFO - Sync 1 DAGs
[2023-01-02T02:03:45.802+0000] {logging_mixin.py:137} INFO - [2023-01-02T02:03:45.801+0000] {dag.py:3427} INFO - Setting next_dagrun for example_branch_labels to 2023-01-01T00:00:00+00:00, run_after=2023-01-02T00:00:00+00:00
[2023-01-02T02:03:45.813+0000] {processor.py:175} INFO - Processing /home/airflow/.local/lib/python3.7/site-packages/airflow/example_dags/example_branch_labels.py took 0.076 seconds
[2023-01-02T02:04:16.303+0000] {processor.py:153} INFO - Started process (PID=576) to work on /home/airflow/.local/lib/python3.7/site-packages/airflow/example_dags/example_branch_labels.py
[2023-01-02T02:04:16.304+0000] {processor.py:743} INFO - Processing file /home/airflow/.local/lib/python3.7/site-packages/airflow/example_dags/example_branch_labels.py for tasks to queue
[2023-01-02T02:04:16.305+0000] {logging_mixin.py:137} INFO - [2023-01-02T02:04:16.305+0000] {dagbag.py:538} INFO - Filling up the DagBag from /home/airflow/.local/lib/python3.7/site-packages/airflow/example_dags/example_branch_labels.py
[2023-01-02T02:04:16.319+0000] {processor.py:753} INFO - DAG(s) dict_keys(['example_branch_labels']) retrieved from /home/airflow/.local/lib/python3.7/site-packages/airflow/example_dags/example_branch_labels.py
[2023-01-02T02:04:16.374+0000] {logging_mixin.py:137} INFO - [2023-01-02T02:04:16.374+0000] {dag.py:2676} INFO - Sync 1 DAGs
[2023-01-02T02:04:16.399+0000] {logging_mixin.py:137} INFO - [2023-01-02T02:04:16.399+0000] {dag.py:3427} INFO - Setting next_dagrun for example_branch_labels to 2023-01-01T00:00:00+00:00, run_after=2023-01-02T00:00:00+00:00
[2023-01-02T02:04:16.414+0000] {processor.py:175} INFO - Processing /home/airflow/.local/lib/python3.7/site-packages/airflow/example_dags/example_branch_labels.py took 0.114 seconds
[2023-01-02T02:04:47.205+0000] {processor.py:153} INFO - Started process (PID=642) to work on /home/airflow/.local/lib/python3.7/site-packages/airflow/example_dags/example_branch_labels.py
[2023-01-02T02:04:47.206+0000] {processor.py:743} INFO - Processing file /home/airflow/.local/lib/python3.7/site-packages/airflow/example_dags/example_branch_labels.py for tasks to queue
[2023-01-02T02:04:47.207+0000] {logging_mixin.py:137} INFO - [2023-01-02T02:04:47.207+0000] {dagbag.py:538} INFO - Filling up the DagBag from /home/airflow/.local/lib/python3.7/site-packages/airflow/example_dags/example_branch_labels.py
[2023-01-02T02:04:47.218+0000] {processor.py:753} INFO - DAG(s) dict_keys(['example_branch_labels']) retrieved from /home/airflow/.local/lib/python3.7/site-packages/airflow/example_dags/example_branch_labels.py
[2023-01-02T02:04:47.247+0000] {logging_mixin.py:137} INFO - [2023-01-02T02:04:47.247+0000] {dag.py:2676} INFO - Sync 1 DAGs
[2023-01-02T02:04:47.265+0000] {logging_mixin.py:137} INFO - [2023-01-02T02:04:47.265+0000] {dag.py:3427} INFO - Setting next_dagrun for example_branch_labels to 2023-01-01T00:00:00+00:00, run_after=2023-01-02T00:00:00+00:00
[2023-01-02T02:04:47.276+0000] {processor.py:175} INFO - Processing /home/airflow/.local/lib/python3.7/site-packages/airflow/example_dags/example_branch_labels.py took 0.075 seconds
[2023-01-02T02:05:17.698+0000] {processor.py:153} INFO - Started process (PID=719) to work on /home/airflow/.local/lib/python3.7/site-packages/airflow/example_dags/example_branch_labels.py
[2023-01-02T02:05:17.700+0000] {processor.py:743} INFO - Processing file /home/airflow/.local/lib/python3.7/site-packages/airflow/example_dags/example_branch_labels.py for tasks to queue
[2023-01-02T02:05:17.701+0000] {logging_mixin.py:137} INFO - [2023-01-02T02:05:17.701+0000] {dagbag.py:538} INFO - Filling up the DagBag from /home/airflow/.local/lib/python3.7/site-packages/airflow/example_dags/example_branch_labels.py
[2023-01-02T02:05:17.713+0000] {processor.py:753} INFO - DAG(s) dict_keys(['example_branch_labels']) retrieved from /home/airflow/.local/lib/python3.7/site-packages/airflow/example_dags/example_branch_labels.py
[2023-01-02T02:05:17.744+0000] {logging_mixin.py:137} INFO - [2023-01-02T02:05:17.744+0000] {dag.py:2676} INFO - Sync 1 DAGs
[2023-01-02T02:05:17.763+0000] {logging_mixin.py:137} INFO - [2023-01-02T02:05:17.762+0000] {dag.py:3427} INFO - Setting next_dagrun for example_branch_labels to 2023-01-01T00:00:00+00:00, run_after=2023-01-02T00:00:00+00:00
[2023-01-02T02:05:17.780+0000] {processor.py:175} INFO - Processing /home/airflow/.local/lib/python3.7/site-packages/airflow/example_dags/example_branch_labels.py took 0.085 seconds
[2023-01-02T02:05:48.471+0000] {processor.py:153} INFO - Started process (PID=784) to work on /home/airflow/.local/lib/python3.7/site-packages/airflow/example_dags/example_branch_labels.py
[2023-01-02T02:05:48.473+0000] {processor.py:743} INFO - Processing file /home/airflow/.local/lib/python3.7/site-packages/airflow/example_dags/example_branch_labels.py for tasks to queue
[2023-01-02T02:05:48.474+0000] {logging_mixin.py:137} INFO - [2023-01-02T02:05:48.474+0000] {dagbag.py:538} INFO - Filling up the DagBag from /home/airflow/.local/lib/python3.7/site-packages/airflow/example_dags/example_branch_labels.py
[2023-01-02T02:05:48.487+0000] {processor.py:753} INFO - DAG(s) dict_keys(['example_branch_labels']) retrieved from /home/airflow/.local/lib/python3.7/site-packages/airflow/example_dags/example_branch_labels.py
[2023-01-02T02:05:48.519+0000] {logging_mixin.py:137} INFO - [2023-01-02T02:05:48.519+0000] {dag.py:2676} INFO - Sync 1 DAGs
[2023-01-02T02:05:48.537+0000] {logging_mixin.py:137} INFO - [2023-01-02T02:05:48.537+0000] {dag.py:3427} INFO - Setting next_dagrun for example_branch_labels to 2023-01-01T00:00:00+00:00, run_after=2023-01-02T00:00:00+00:00
[2023-01-02T02:05:48.549+0000] {processor.py:175} INFO - Processing /home/airflow/.local/lib/python3.7/site-packages/airflow/example_dags/example_branch_labels.py took 0.081 seconds
[2023-01-02T02:06:19.058+0000] {processor.py:153} INFO - Started process (PID=864) to work on /home/airflow/.local/lib/python3.7/site-packages/airflow/example_dags/example_branch_labels.py
[2023-01-02T02:06:19.059+0000] {processor.py:743} INFO - Processing file /home/airflow/.local/lib/python3.7/site-packages/airflow/example_dags/example_branch_labels.py for tasks to queue
[2023-01-02T02:06:19.060+0000] {logging_mixin.py:137} INFO - [2023-01-02T02:06:19.060+0000] {dagbag.py:538} INFO - Filling up the DagBag from /home/airflow/.local/lib/python3.7/site-packages/airflow/example_dags/example_branch_labels.py
[2023-01-02T02:06:19.072+0000] {processor.py:753} INFO - DAG(s) dict_keys(['example_branch_labels']) retrieved from /home/airflow/.local/lib/python3.7/site-packages/airflow/example_dags/example_branch_labels.py
[2023-01-02T02:06:19.099+0000] {logging_mixin.py:137} INFO - [2023-01-02T02:06:19.099+0000] {dag.py:2676} INFO - Sync 1 DAGs
[2023-01-02T02:06:19.116+0000] {logging_mixin.py:137} INFO - [2023-01-02T02:06:19.116+0000] {dag.py:3427} INFO - Setting next_dagrun for example_branch_labels to 2023-01-01T00:00:00+00:00, run_after=2023-01-02T00:00:00+00:00
[2023-01-02T02:06:19.128+0000] {processor.py:175} INFO - Processing /home/airflow/.local/lib/python3.7/site-packages/airflow/example_dags/example_branch_labels.py took 0.073 seconds
[2023-01-02T02:06:49.636+0000] {processor.py:153} INFO - Started process (PID=942) to work on /home/airflow/.local/lib/python3.7/site-packages/airflow/example_dags/example_branch_labels.py
[2023-01-02T02:06:49.638+0000] {processor.py:743} INFO - Processing file /home/airflow/.local/lib/python3.7/site-packages/airflow/example_dags/example_branch_labels.py for tasks to queue
[2023-01-02T02:06:49.639+0000] {logging_mixin.py:137} INFO - [2023-01-02T02:06:49.638+0000] {dagbag.py:538} INFO - Filling up the DagBag from /home/airflow/.local/lib/python3.7/site-packages/airflow/example_dags/example_branch_labels.py
[2023-01-02T02:06:49.649+0000] {processor.py:753} INFO - DAG(s) dict_keys(['example_branch_labels']) retrieved from /home/airflow/.local/lib/python3.7/site-packages/airflow/example_dags/example_branch_labels.py
[2023-01-02T02:06:49.677+0000] {logging_mixin.py:137} INFO - [2023-01-02T02:06:49.677+0000] {dag.py:2676} INFO - Sync 1 DAGs
[2023-01-02T02:06:49.692+0000] {logging_mixin.py:137} INFO - [2023-01-02T02:06:49.692+0000] {dag.py:3427} INFO - Setting next_dagrun for example_branch_labels to 2023-01-01T00:00:00+00:00, run_after=2023-01-02T00:00:00+00:00
[2023-01-02T02:06:49.702+0000] {processor.py:175} INFO - Processing /home/airflow/.local/lib/python3.7/site-packages/airflow/example_dags/example_branch_labels.py took 0.070 seconds
[2023-01-02T02:07:20.494+0000] {processor.py:153} INFO - Started process (PID=1008) to work on /home/airflow/.local/lib/python3.7/site-packages/airflow/example_dags/example_branch_labels.py
[2023-01-02T02:07:20.496+0000] {processor.py:743} INFO - Processing file /home/airflow/.local/lib/python3.7/site-packages/airflow/example_dags/example_branch_labels.py for tasks to queue
[2023-01-02T02:07:20.497+0000] {logging_mixin.py:137} INFO - [2023-01-02T02:07:20.497+0000] {dagbag.py:538} INFO - Filling up the DagBag from /home/airflow/.local/lib/python3.7/site-packages/airflow/example_dags/example_branch_labels.py
[2023-01-02T02:07:20.510+0000] {processor.py:753} INFO - DAG(s) dict_keys(['example_branch_labels']) retrieved from /home/airflow/.local/lib/python3.7/site-packages/airflow/example_dags/example_branch_labels.py
[2023-01-02T02:07:20.550+0000] {logging_mixin.py:137} INFO - [2023-01-02T02:07:20.550+0000] {dag.py:2676} INFO - Sync 1 DAGs
[2023-01-02T02:07:20.576+0000] {logging_mixin.py:137} INFO - [2023-01-02T02:07:20.575+0000] {dag.py:3427} INFO - Setting next_dagrun for example_branch_labels to 2023-01-01T00:00:00+00:00, run_after=2023-01-02T00:00:00+00:00
[2023-01-02T02:07:20.596+0000] {processor.py:175} INFO - Processing /home/airflow/.local/lib/python3.7/site-packages/airflow/example_dags/example_branch_labels.py took 0.106 seconds
[2023-01-02T02:07:50.960+0000] {processor.py:153} INFO - Started process (PID=1086) to work on /home/airflow/.local/lib/python3.7/site-packages/airflow/example_dags/example_branch_labels.py
[2023-01-02T02:07:50.962+0000] {processor.py:743} INFO - Processing file /home/airflow/.local/lib/python3.7/site-packages/airflow/example_dags/example_branch_labels.py for tasks to queue
[2023-01-02T02:07:50.962+0000] {logging_mixin.py:137} INFO - [2023-01-02T02:07:50.962+0000] {dagbag.py:538} INFO - Filling up the DagBag from /home/airflow/.local/lib/python3.7/site-packages/airflow/example_dags/example_branch_labels.py
[2023-01-02T02:07:50.974+0000] {processor.py:753} INFO - DAG(s) dict_keys(['example_branch_labels']) retrieved from /home/airflow/.local/lib/python3.7/site-packages/airflow/example_dags/example_branch_labels.py
[2023-01-02T02:07:51.005+0000] {logging_mixin.py:137} INFO - [2023-01-02T02:07:51.005+0000] {dag.py:2676} INFO - Sync 1 DAGs
[2023-01-02T02:07:51.024+0000] {logging_mixin.py:137} INFO - [2023-01-02T02:07:51.024+0000] {dag.py:3427} INFO - Setting next_dagrun for example_branch_labels to 2023-01-01T00:00:00+00:00, run_after=2023-01-02T00:00:00+00:00
[2023-01-02T02:07:51.043+0000] {processor.py:175} INFO - Processing /home/airflow/.local/lib/python3.7/site-packages/airflow/example_dags/example_branch_labels.py took 0.086 seconds
[2023-01-02T02:08:21.782+0000] {processor.py:153} INFO - Started process (PID=1163) to work on /home/airflow/.local/lib/python3.7/site-packages/airflow/example_dags/example_branch_labels.py
[2023-01-02T02:08:21.786+0000] {processor.py:743} INFO - Processing file /home/airflow/.local/lib/python3.7/site-packages/airflow/example_dags/example_branch_labels.py for tasks to queue
[2023-01-02T02:08:21.788+0000] {logging_mixin.py:137} INFO - [2023-01-02T02:08:21.787+0000] {dagbag.py:538} INFO - Filling up the DagBag from /home/airflow/.local/lib/python3.7/site-packages/airflow/example_dags/example_branch_labels.py
[2023-01-02T02:08:21.804+0000] {processor.py:753} INFO - DAG(s) dict_keys(['example_branch_labels']) retrieved from /home/airflow/.local/lib/python3.7/site-packages/airflow/example_dags/example_branch_labels.py
[2023-01-02T02:08:21.846+0000] {logging_mixin.py:137} INFO - [2023-01-02T02:08:21.846+0000] {dag.py:2676} INFO - Sync 1 DAGs
[2023-01-02T02:08:21.868+0000] {logging_mixin.py:137} INFO - [2023-01-02T02:08:21.868+0000] {dag.py:3427} INFO - Setting next_dagrun for example_branch_labels to 2023-01-01T00:00:00+00:00, run_after=2023-01-02T00:00:00+00:00
[2023-01-02T02:08:21.897+0000] {processor.py:175} INFO - Processing /home/airflow/.local/lib/python3.7/site-packages/airflow/example_dags/example_branch_labels.py took 0.118 seconds
[2023-01-02T02:08:52.607+0000] {processor.py:153} INFO - Started process (PID=1228) to work on /home/airflow/.local/lib/python3.7/site-packages/airflow/example_dags/example_branch_labels.py
[2023-01-02T02:08:52.608+0000] {processor.py:743} INFO - Processing file /home/airflow/.local/lib/python3.7/site-packages/airflow/example_dags/example_branch_labels.py for tasks to queue
[2023-01-02T02:08:52.609+0000] {logging_mixin.py:137} INFO - [2023-01-02T02:08:52.609+0000] {dagbag.py:538} INFO - Filling up the DagBag from /home/airflow/.local/lib/python3.7/site-packages/airflow/example_dags/example_branch_labels.py
[2023-01-02T02:08:52.621+0000] {processor.py:753} INFO - DAG(s) dict_keys(['example_branch_labels']) retrieved from /home/airflow/.local/lib/python3.7/site-packages/airflow/example_dags/example_branch_labels.py
[2023-01-02T02:08:52.653+0000] {logging_mixin.py:137} INFO - [2023-01-02T02:08:52.653+0000] {dag.py:2676} INFO - Sync 1 DAGs
[2023-01-02T02:08:52.669+0000] {logging_mixin.py:137} INFO - [2023-01-02T02:08:52.669+0000] {dag.py:3427} INFO - Setting next_dagrun for example_branch_labels to 2023-01-01T00:00:00+00:00, run_after=2023-01-02T00:00:00+00:00
[2023-01-02T02:08:52.680+0000] {processor.py:175} INFO - Processing /home/airflow/.local/lib/python3.7/site-packages/airflow/example_dags/example_branch_labels.py took 0.076 seconds
[2023-01-02T02:09:22.935+0000] {processor.py:153} INFO - Started process (PID=1307) to work on /home/airflow/.local/lib/python3.7/site-packages/airflow/example_dags/example_branch_labels.py
[2023-01-02T02:09:22.936+0000] {processor.py:743} INFO - Processing file /home/airflow/.local/lib/python3.7/site-packages/airflow/example_dags/example_branch_labels.py for tasks to queue
[2023-01-02T02:09:22.937+0000] {logging_mixin.py:137} INFO - [2023-01-02T02:09:22.937+0000] {dagbag.py:538} INFO - Filling up the DagBag from /home/airflow/.local/lib/python3.7/site-packages/airflow/example_dags/example_branch_labels.py
[2023-01-02T02:09:22.948+0000] {processor.py:753} INFO - DAG(s) dict_keys(['example_branch_labels']) retrieved from /home/airflow/.local/lib/python3.7/site-packages/airflow/example_dags/example_branch_labels.py
[2023-01-02T02:09:22.979+0000] {logging_mixin.py:137} INFO - [2023-01-02T02:09:22.979+0000] {dag.py:2676} INFO - Sync 1 DAGs
[2023-01-02T02:09:22.995+0000] {logging_mixin.py:137} INFO - [2023-01-02T02:09:22.995+0000] {dag.py:3427} INFO - Setting next_dagrun for example_branch_labels to 2023-01-01T00:00:00+00:00, run_after=2023-01-02T00:00:00+00:00
[2023-01-02T02:09:23.006+0000] {processor.py:175} INFO - Processing /home/airflow/.local/lib/python3.7/site-packages/airflow/example_dags/example_branch_labels.py took 0.074 seconds
[2023-01-02T02:09:53.461+0000] {processor.py:153} INFO - Started process (PID=1372) to work on /home/airflow/.local/lib/python3.7/site-packages/airflow/example_dags/example_branch_labels.py
[2023-01-02T02:09:53.462+0000] {processor.py:743} INFO - Processing file /home/airflow/.local/lib/python3.7/site-packages/airflow/example_dags/example_branch_labels.py for tasks to queue
[2023-01-02T02:09:53.463+0000] {logging_mixin.py:137} INFO - [2023-01-02T02:09:53.463+0000] {dagbag.py:538} INFO - Filling up the DagBag from /home/airflow/.local/lib/python3.7/site-packages/airflow/example_dags/example_branch_labels.py
[2023-01-02T02:09:53.475+0000] {processor.py:753} INFO - DAG(s) dict_keys(['example_branch_labels']) retrieved from /home/airflow/.local/lib/python3.7/site-packages/airflow/example_dags/example_branch_labels.py
[2023-01-02T02:09:53.509+0000] {logging_mixin.py:137} INFO - [2023-01-02T02:09:53.509+0000] {dag.py:2676} INFO - Sync 1 DAGs
[2023-01-02T02:09:53.529+0000] {logging_mixin.py:137} INFO - [2023-01-02T02:09:53.529+0000] {dag.py:3427} INFO - Setting next_dagrun for example_branch_labels to 2023-01-01T00:00:00+00:00, run_after=2023-01-02T00:00:00+00:00
[2023-01-02T02:09:53.542+0000] {processor.py:175} INFO - Processing /home/airflow/.local/lib/python3.7/site-packages/airflow/example_dags/example_branch_labels.py took 0.085 seconds
