[2023-01-02T01:57:10.918+0000] {processor.py:153} INFO - Started process (PID=51) to work on /home/airflow/.local/lib/python3.7/site-packages/airflow/example_dags/example_short_circuit_decorator.py
[2023-01-02T01:57:10.920+0000] {processor.py:743} INFO - Processing file /home/airflow/.local/lib/python3.7/site-packages/airflow/example_dags/example_short_circuit_decorator.py for tasks to queue
[2023-01-02T01:57:10.922+0000] {logging_mixin.py:137} INFO - [2023-01-02T01:57:10.922+0000] {dagbag.py:538} INFO - Filling up the DagBag from /home/airflow/.local/lib/python3.7/site-packages/airflow/example_dags/example_short_circuit_decorator.py
[2023-01-02T01:57:10.970+0000] {processor.py:753} INFO - DAG(s) dict_keys(['example_short_circuit_decorator']) retrieved from /home/airflow/.local/lib/python3.7/site-packages/airflow/example_dags/example_short_circuit_decorator.py
[2023-01-02T01:57:11.004+0000] {logging_mixin.py:137} INFO - [2023-01-02T01:57:11.004+0000] {dag.py:2676} INFO - Sync 1 DAGs
[2023-01-02T01:57:11.037+0000] {logging_mixin.py:137} INFO - [2023-01-02T01:57:11.037+0000] {dag.py:3427} INFO - Setting next_dagrun for example_short_circuit_decorator to 2023-01-01T01:57:11.037388+00:00, run_after=2023-01-02T01:57:11.037388+00:00
[2023-01-02T01:57:11.068+0000] {processor.py:175} INFO - Processing /home/airflow/.local/lib/python3.7/site-packages/airflow/example_dags/example_short_circuit_decorator.py took 0.158 seconds
[2023-01-02T01:57:41.119+0000] {processor.py:153} INFO - Started process (PID=129) to work on /home/airflow/.local/lib/python3.7/site-packages/airflow/example_dags/example_short_circuit_decorator.py
[2023-01-02T01:57:41.120+0000] {processor.py:743} INFO - Processing file /home/airflow/.local/lib/python3.7/site-packages/airflow/example_dags/example_short_circuit_decorator.py for tasks to queue
[2023-01-02T01:57:41.121+0000] {logging_mixin.py:137} INFO - [2023-01-02T01:57:41.121+0000] {dagbag.py:538} INFO - Filling up the DagBag from /home/airflow/.local/lib/python3.7/site-packages/airflow/example_dags/example_short_circuit_decorator.py
[2023-01-02T01:57:41.141+0000] {processor.py:753} INFO - DAG(s) dict_keys(['example_short_circuit_decorator']) retrieved from /home/airflow/.local/lib/python3.7/site-packages/airflow/example_dags/example_short_circuit_decorator.py
[2023-01-02T01:57:41.169+0000] {logging_mixin.py:137} INFO - [2023-01-02T01:57:41.169+0000] {dag.py:2676} INFO - Sync 1 DAGs
[2023-01-02T01:57:41.185+0000] {logging_mixin.py:137} INFO - [2023-01-02T01:57:41.185+0000] {dag.py:3427} INFO - Setting next_dagrun for example_short_circuit_decorator to 2023-01-01T01:57:41.184877+00:00, run_after=2023-01-02T01:57:41.184877+00:00
[2023-01-02T01:57:41.197+0000] {processor.py:175} INFO - Processing /home/airflow/.local/lib/python3.7/site-packages/airflow/example_dags/example_short_circuit_decorator.py took 0.081 seconds
[2023-01-02T01:58:12.175+0000] {processor.py:153} INFO - Started process (PID=206) to work on /home/airflow/.local/lib/python3.7/site-packages/airflow/example_dags/example_short_circuit_decorator.py
[2023-01-02T01:58:12.180+0000] {processor.py:743} INFO - Processing file /home/airflow/.local/lib/python3.7/site-packages/airflow/example_dags/example_short_circuit_decorator.py for tasks to queue
[2023-01-02T01:58:12.181+0000] {logging_mixin.py:137} INFO - [2023-01-02T01:58:12.181+0000] {dagbag.py:538} INFO - Filling up the DagBag from /home/airflow/.local/lib/python3.7/site-packages/airflow/example_dags/example_short_circuit_decorator.py
[2023-01-02T01:58:12.215+0000] {processor.py:753} INFO - DAG(s) dict_keys(['example_short_circuit_decorator']) retrieved from /home/airflow/.local/lib/python3.7/site-packages/airflow/example_dags/example_short_circuit_decorator.py
[2023-01-02T01:58:12.250+0000] {logging_mixin.py:137} INFO - [2023-01-02T01:58:12.250+0000] {dag.py:2676} INFO - Sync 1 DAGs
[2023-01-02T01:58:12.269+0000] {logging_mixin.py:137} INFO - [2023-01-02T01:58:12.269+0000] {dag.py:3427} INFO - Setting next_dagrun for example_short_circuit_decorator to 2023-01-01T01:58:12.269330+00:00, run_after=2023-01-02T01:58:12.269330+00:00
[2023-01-02T01:58:12.289+0000] {processor.py:175} INFO - Processing /home/airflow/.local/lib/python3.7/site-packages/airflow/example_dags/example_short_circuit_decorator.py took 0.118 seconds
[2023-01-02T02:00:42.297+0000] {processor.py:153} INFO - Started process (PID=51) to work on /home/airflow/.local/lib/python3.7/site-packages/airflow/example_dags/example_short_circuit_decorator.py
[2023-01-02T02:00:42.299+0000] {processor.py:743} INFO - Processing file /home/airflow/.local/lib/python3.7/site-packages/airflow/example_dags/example_short_circuit_decorator.py for tasks to queue
[2023-01-02T02:00:42.300+0000] {logging_mixin.py:137} INFO - [2023-01-02T02:00:42.300+0000] {dagbag.py:538} INFO - Filling up the DagBag from /home/airflow/.local/lib/python3.7/site-packages/airflow/example_dags/example_short_circuit_decorator.py
[2023-01-02T02:00:42.337+0000] {processor.py:753} INFO - DAG(s) dict_keys(['example_short_circuit_decorator']) retrieved from /home/airflow/.local/lib/python3.7/site-packages/airflow/example_dags/example_short_circuit_decorator.py
[2023-01-02T02:00:42.366+0000] {logging_mixin.py:137} INFO - [2023-01-02T02:00:42.366+0000] {dag.py:2676} INFO - Sync 1 DAGs
[2023-01-02T02:00:42.391+0000] {logging_mixin.py:137} INFO - [2023-01-02T02:00:42.391+0000] {dag.py:3427} INFO - Setting next_dagrun for example_short_circuit_decorator to 2023-01-01T02:00:42.390432+00:00, run_after=2023-01-02T02:00:42.390432+00:00
[2023-01-02T02:00:42.418+0000] {processor.py:175} INFO - Processing /home/airflow/.local/lib/python3.7/site-packages/airflow/example_dags/example_short_circuit_decorator.py took 0.133 seconds
[2023-01-02T02:01:12.653+0000] {processor.py:153} INFO - Started process (PID=129) to work on /home/airflow/.local/lib/python3.7/site-packages/airflow/example_dags/example_short_circuit_decorator.py
[2023-01-02T02:01:12.654+0000] {processor.py:743} INFO - Processing file /home/airflow/.local/lib/python3.7/site-packages/airflow/example_dags/example_short_circuit_decorator.py for tasks to queue
[2023-01-02T02:01:12.655+0000] {logging_mixin.py:137} INFO - [2023-01-02T02:01:12.655+0000] {dagbag.py:538} INFO - Filling up the DagBag from /home/airflow/.local/lib/python3.7/site-packages/airflow/example_dags/example_short_circuit_decorator.py
[2023-01-02T02:01:12.672+0000] {processor.py:753} INFO - DAG(s) dict_keys(['example_short_circuit_decorator']) retrieved from /home/airflow/.local/lib/python3.7/site-packages/airflow/example_dags/example_short_circuit_decorator.py
[2023-01-02T02:01:12.700+0000] {logging_mixin.py:137} INFO - [2023-01-02T02:01:12.700+0000] {dag.py:2676} INFO - Sync 1 DAGs
[2023-01-02T02:01:12.716+0000] {logging_mixin.py:137} INFO - [2023-01-02T02:01:12.716+0000] {dag.py:3427} INFO - Setting next_dagrun for example_short_circuit_decorator to 2023-01-01T02:01:12.716344+00:00, run_after=2023-01-02T02:01:12.716344+00:00
[2023-01-02T02:01:12.726+0000] {processor.py:175} INFO - Processing /home/airflow/.local/lib/python3.7/site-packages/airflow/example_dags/example_short_circuit_decorator.py took 0.076 seconds
[2023-01-02T02:01:43.097+0000] {processor.py:153} INFO - Started process (PID=194) to work on /home/airflow/.local/lib/python3.7/site-packages/airflow/example_dags/example_short_circuit_decorator.py
[2023-01-02T02:01:43.098+0000] {processor.py:743} INFO - Processing file /home/airflow/.local/lib/python3.7/site-packages/airflow/example_dags/example_short_circuit_decorator.py for tasks to queue
[2023-01-02T02:01:43.099+0000] {logging_mixin.py:137} INFO - [2023-01-02T02:01:43.099+0000] {dagbag.py:538} INFO - Filling up the DagBag from /home/airflow/.local/lib/python3.7/site-packages/airflow/example_dags/example_short_circuit_decorator.py
[2023-01-02T02:01:43.117+0000] {processor.py:753} INFO - DAG(s) dict_keys(['example_short_circuit_decorator']) retrieved from /home/airflow/.local/lib/python3.7/site-packages/airflow/example_dags/example_short_circuit_decorator.py
[2023-01-02T02:01:43.146+0000] {logging_mixin.py:137} INFO - [2023-01-02T02:01:43.146+0000] {dag.py:2676} INFO - Sync 1 DAGs
[2023-01-02T02:01:43.163+0000] {logging_mixin.py:137} INFO - [2023-01-02T02:01:43.163+0000] {dag.py:3427} INFO - Setting next_dagrun for example_short_circuit_decorator to 2023-01-01T02:01:43.163616+00:00, run_after=2023-01-02T02:01:43.163616+00:00
[2023-01-02T02:01:43.177+0000] {processor.py:175} INFO - Processing /home/airflow/.local/lib/python3.7/site-packages/airflow/example_dags/example_short_circuit_decorator.py took 0.083 seconds
[2023-01-02T02:02:13.682+0000] {processor.py:153} INFO - Started process (PID=272) to work on /home/airflow/.local/lib/python3.7/site-packages/airflow/example_dags/example_short_circuit_decorator.py
[2023-01-02T02:02:13.683+0000] {processor.py:743} INFO - Processing file /home/airflow/.local/lib/python3.7/site-packages/airflow/example_dags/example_short_circuit_decorator.py for tasks to queue
[2023-01-02T02:02:13.684+0000] {logging_mixin.py:137} INFO - [2023-01-02T02:02:13.684+0000] {dagbag.py:538} INFO - Filling up the DagBag from /home/airflow/.local/lib/python3.7/site-packages/airflow/example_dags/example_short_circuit_decorator.py
[2023-01-02T02:02:13.701+0000] {processor.py:753} INFO - DAG(s) dict_keys(['example_short_circuit_decorator']) retrieved from /home/airflow/.local/lib/python3.7/site-packages/airflow/example_dags/example_short_circuit_decorator.py
[2023-01-02T02:02:13.730+0000] {logging_mixin.py:137} INFO - [2023-01-02T02:02:13.730+0000] {dag.py:2676} INFO - Sync 1 DAGs
[2023-01-02T02:02:13.746+0000] {logging_mixin.py:137} INFO - [2023-01-02T02:02:13.746+0000] {dag.py:3427} INFO - Setting next_dagrun for example_short_circuit_decorator to 2023-01-01T02:02:13.746213+00:00, run_after=2023-01-02T02:02:13.746213+00:00
[2023-01-02T02:02:13.757+0000] {processor.py:175} INFO - Processing /home/airflow/.local/lib/python3.7/site-packages/airflow/example_dags/example_short_circuit_decorator.py took 0.078 seconds
[2023-01-02T02:02:44.500+0000] {processor.py:153} INFO - Started process (PID=351) to work on /home/airflow/.local/lib/python3.7/site-packages/airflow/example_dags/example_short_circuit_decorator.py
[2023-01-02T02:02:44.502+0000] {processor.py:743} INFO - Processing file /home/airflow/.local/lib/python3.7/site-packages/airflow/example_dags/example_short_circuit_decorator.py for tasks to queue
[2023-01-02T02:02:44.503+0000] {logging_mixin.py:137} INFO - [2023-01-02T02:02:44.503+0000] {dagbag.py:538} INFO - Filling up the DagBag from /home/airflow/.local/lib/python3.7/site-packages/airflow/example_dags/example_short_circuit_decorator.py
[2023-01-02T02:02:44.535+0000] {processor.py:753} INFO - DAG(s) dict_keys(['example_short_circuit_decorator']) retrieved from /home/airflow/.local/lib/python3.7/site-packages/airflow/example_dags/example_short_circuit_decorator.py
[2023-01-02T02:02:44.590+0000] {logging_mixin.py:137} INFO - [2023-01-02T02:02:44.590+0000] {dag.py:2676} INFO - Sync 1 DAGs
[2023-01-02T02:02:44.613+0000] {logging_mixin.py:137} INFO - [2023-01-02T02:02:44.613+0000] {dag.py:3427} INFO - Setting next_dagrun for example_short_circuit_decorator to 2023-01-01T02:02:44.613171+00:00, run_after=2023-01-02T02:02:44.613171+00:00
[2023-01-02T02:02:44.631+0000] {processor.py:175} INFO - Processing /home/airflow/.local/lib/python3.7/site-packages/airflow/example_dags/example_short_circuit_decorator.py took 0.134 seconds
[2023-01-02T02:03:15.301+0000] {processor.py:153} INFO - Started process (PID=416) to work on /home/airflow/.local/lib/python3.7/site-packages/airflow/example_dags/example_short_circuit_decorator.py
[2023-01-02T02:03:15.303+0000] {processor.py:743} INFO - Processing file /home/airflow/.local/lib/python3.7/site-packages/airflow/example_dags/example_short_circuit_decorator.py for tasks to queue
[2023-01-02T02:03:15.304+0000] {logging_mixin.py:137} INFO - [2023-01-02T02:03:15.304+0000] {dagbag.py:538} INFO - Filling up the DagBag from /home/airflow/.local/lib/python3.7/site-packages/airflow/example_dags/example_short_circuit_decorator.py
[2023-01-02T02:03:15.322+0000] {processor.py:753} INFO - DAG(s) dict_keys(['example_short_circuit_decorator']) retrieved from /home/airflow/.local/lib/python3.7/site-packages/airflow/example_dags/example_short_circuit_decorator.py
[2023-01-02T02:03:15.355+0000] {logging_mixin.py:137} INFO - [2023-01-02T02:03:15.355+0000] {dag.py:2676} INFO - Sync 1 DAGs
[2023-01-02T02:03:15.375+0000] {logging_mixin.py:137} INFO - [2023-01-02T02:03:15.375+0000] {dag.py:3427} INFO - Setting next_dagrun for example_short_circuit_decorator to 2023-01-01T02:03:15.374944+00:00, run_after=2023-01-02T02:03:15.374944+00:00
[2023-01-02T02:03:15.392+0000] {processor.py:175} INFO - Processing /home/airflow/.local/lib/python3.7/site-packages/airflow/example_dags/example_short_circuit_decorator.py took 0.094 seconds
[2023-01-02T02:03:45.535+0000] {processor.py:153} INFO - Started process (PID=494) to work on /home/airflow/.local/lib/python3.7/site-packages/airflow/example_dags/example_short_circuit_decorator.py
[2023-01-02T02:03:45.537+0000] {processor.py:743} INFO - Processing file /home/airflow/.local/lib/python3.7/site-packages/airflow/example_dags/example_short_circuit_decorator.py for tasks to queue
[2023-01-02T02:03:45.538+0000] {logging_mixin.py:137} INFO - [2023-01-02T02:03:45.538+0000] {dagbag.py:538} INFO - Filling up the DagBag from /home/airflow/.local/lib/python3.7/site-packages/airflow/example_dags/example_short_circuit_decorator.py
[2023-01-02T02:03:45.554+0000] {processor.py:753} INFO - DAG(s) dict_keys(['example_short_circuit_decorator']) retrieved from /home/airflow/.local/lib/python3.7/site-packages/airflow/example_dags/example_short_circuit_decorator.py
[2023-01-02T02:03:45.583+0000] {logging_mixin.py:137} INFO - [2023-01-02T02:03:45.583+0000] {dag.py:2676} INFO - Sync 1 DAGs
[2023-01-02T02:03:45.600+0000] {logging_mixin.py:137} INFO - [2023-01-02T02:03:45.600+0000] {dag.py:3427} INFO - Setting next_dagrun for example_short_circuit_decorator to 2023-01-01T02:03:45.599953+00:00, run_after=2023-01-02T02:03:45.599953+00:00
[2023-01-02T02:03:45.612+0000] {processor.py:175} INFO - Processing /home/airflow/.local/lib/python3.7/site-packages/airflow/example_dags/example_short_circuit_decorator.py took 0.080 seconds
[2023-01-02T02:04:16.028+0000] {processor.py:153} INFO - Started process (PID=568) to work on /home/airflow/.local/lib/python3.7/site-packages/airflow/example_dags/example_short_circuit_decorator.py
[2023-01-02T02:04:16.031+0000] {processor.py:743} INFO - Processing file /home/airflow/.local/lib/python3.7/site-packages/airflow/example_dags/example_short_circuit_decorator.py for tasks to queue
[2023-01-02T02:04:16.033+0000] {logging_mixin.py:137} INFO - [2023-01-02T02:04:16.033+0000] {dagbag.py:538} INFO - Filling up the DagBag from /home/airflow/.local/lib/python3.7/site-packages/airflow/example_dags/example_short_circuit_decorator.py
[2023-01-02T02:04:16.054+0000] {processor.py:753} INFO - DAG(s) dict_keys(['example_short_circuit_decorator']) retrieved from /home/airflow/.local/lib/python3.7/site-packages/airflow/example_dags/example_short_circuit_decorator.py
[2023-01-02T02:04:16.087+0000] {logging_mixin.py:137} INFO - [2023-01-02T02:04:16.086+0000] {dag.py:2676} INFO - Sync 1 DAGs
[2023-01-02T02:04:16.115+0000] {logging_mixin.py:137} INFO - [2023-01-02T02:04:16.115+0000] {dag.py:3427} INFO - Setting next_dagrun for example_short_circuit_decorator to 2023-01-01T02:04:16.115344+00:00, run_after=2023-01-02T02:04:16.115344+00:00
[2023-01-02T02:04:16.139+0000] {processor.py:175} INFO - Processing /home/airflow/.local/lib/python3.7/site-packages/airflow/example_dags/example_short_circuit_decorator.py took 0.116 seconds
[2023-01-02T02:04:46.969+0000] {processor.py:153} INFO - Started process (PID=638) to work on /home/airflow/.local/lib/python3.7/site-packages/airflow/example_dags/example_short_circuit_decorator.py
[2023-01-02T02:04:46.971+0000] {processor.py:743} INFO - Processing file /home/airflow/.local/lib/python3.7/site-packages/airflow/example_dags/example_short_circuit_decorator.py for tasks to queue
[2023-01-02T02:04:46.973+0000] {logging_mixin.py:137} INFO - [2023-01-02T02:04:46.972+0000] {dagbag.py:538} INFO - Filling up the DagBag from /home/airflow/.local/lib/python3.7/site-packages/airflow/example_dags/example_short_circuit_decorator.py
[2023-01-02T02:04:46.993+0000] {processor.py:753} INFO - DAG(s) dict_keys(['example_short_circuit_decorator']) retrieved from /home/airflow/.local/lib/python3.7/site-packages/airflow/example_dags/example_short_circuit_decorator.py
[2023-01-02T02:04:47.026+0000] {logging_mixin.py:137} INFO - [2023-01-02T02:04:47.026+0000] {dag.py:2676} INFO - Sync 1 DAGs
[2023-01-02T02:04:47.045+0000] {logging_mixin.py:137} INFO - [2023-01-02T02:04:47.045+0000] {dag.py:3427} INFO - Setting next_dagrun for example_short_circuit_decorator to 2023-01-01T02:04:47.045490+00:00, run_after=2023-01-02T02:04:47.045490+00:00
[2023-01-02T02:04:47.067+0000] {processor.py:175} INFO - Processing /home/airflow/.local/lib/python3.7/site-packages/airflow/example_dags/example_short_circuit_decorator.py took 0.102 seconds
[2023-01-02T02:05:17.458+0000] {processor.py:153} INFO - Started process (PID=715) to work on /home/airflow/.local/lib/python3.7/site-packages/airflow/example_dags/example_short_circuit_decorator.py
[2023-01-02T02:05:17.459+0000] {processor.py:743} INFO - Processing file /home/airflow/.local/lib/python3.7/site-packages/airflow/example_dags/example_short_circuit_decorator.py for tasks to queue
[2023-01-02T02:05:17.460+0000] {logging_mixin.py:137} INFO - [2023-01-02T02:05:17.460+0000] {dagbag.py:538} INFO - Filling up the DagBag from /home/airflow/.local/lib/python3.7/site-packages/airflow/example_dags/example_short_circuit_decorator.py
[2023-01-02T02:05:17.478+0000] {processor.py:753} INFO - DAG(s) dict_keys(['example_short_circuit_decorator']) retrieved from /home/airflow/.local/lib/python3.7/site-packages/airflow/example_dags/example_short_circuit_decorator.py
[2023-01-02T02:05:17.506+0000] {logging_mixin.py:137} INFO - [2023-01-02T02:05:17.506+0000] {dag.py:2676} INFO - Sync 1 DAGs
[2023-01-02T02:05:17.523+0000] {logging_mixin.py:137} INFO - [2023-01-02T02:05:17.523+0000] {dag.py:3427} INFO - Setting next_dagrun for example_short_circuit_decorator to 2023-01-01T02:05:17.523656+00:00, run_after=2023-01-02T02:05:17.523656+00:00
[2023-01-02T02:05:17.537+0000] {processor.py:175} INFO - Processing /home/airflow/.local/lib/python3.7/site-packages/airflow/example_dags/example_short_circuit_decorator.py took 0.082 seconds
[2023-01-02T02:05:48.248+0000] {processor.py:153} INFO - Started process (PID=780) to work on /home/airflow/.local/lib/python3.7/site-packages/airflow/example_dags/example_short_circuit_decorator.py
[2023-01-02T02:05:48.250+0000] {processor.py:743} INFO - Processing file /home/airflow/.local/lib/python3.7/site-packages/airflow/example_dags/example_short_circuit_decorator.py for tasks to queue
[2023-01-02T02:05:48.251+0000] {logging_mixin.py:137} INFO - [2023-01-02T02:05:48.251+0000] {dagbag.py:538} INFO - Filling up the DagBag from /home/airflow/.local/lib/python3.7/site-packages/airflow/example_dags/example_short_circuit_decorator.py
[2023-01-02T02:05:48.270+0000] {processor.py:753} INFO - DAG(s) dict_keys(['example_short_circuit_decorator']) retrieved from /home/airflow/.local/lib/python3.7/site-packages/airflow/example_dags/example_short_circuit_decorator.py
[2023-01-02T02:05:48.303+0000] {logging_mixin.py:137} INFO - [2023-01-02T02:05:48.303+0000] {dag.py:2676} INFO - Sync 1 DAGs
[2023-01-02T02:05:48.323+0000] {logging_mixin.py:137} INFO - [2023-01-02T02:05:48.323+0000] {dag.py:3427} INFO - Setting next_dagrun for example_short_circuit_decorator to 2023-01-01T02:05:48.323343+00:00, run_after=2023-01-02T02:05:48.323343+00:00
[2023-01-02T02:05:48.337+0000] {processor.py:175} INFO - Processing /home/airflow/.local/lib/python3.7/site-packages/airflow/example_dags/example_short_circuit_decorator.py took 0.092 seconds
[2023-01-02T02:06:18.775+0000] {processor.py:153} INFO - Started process (PID=859) to work on /home/airflow/.local/lib/python3.7/site-packages/airflow/example_dags/example_short_circuit_decorator.py
[2023-01-02T02:06:18.777+0000] {processor.py:743} INFO - Processing file /home/airflow/.local/lib/python3.7/site-packages/airflow/example_dags/example_short_circuit_decorator.py for tasks to queue
[2023-01-02T02:06:18.778+0000] {logging_mixin.py:137} INFO - [2023-01-02T02:06:18.778+0000] {dagbag.py:538} INFO - Filling up the DagBag from /home/airflow/.local/lib/python3.7/site-packages/airflow/example_dags/example_short_circuit_decorator.py
[2023-01-02T02:06:18.796+0000] {processor.py:753} INFO - DAG(s) dict_keys(['example_short_circuit_decorator']) retrieved from /home/airflow/.local/lib/python3.7/site-packages/airflow/example_dags/example_short_circuit_decorator.py
[2023-01-02T02:06:18.825+0000] {logging_mixin.py:137} INFO - [2023-01-02T02:06:18.825+0000] {dag.py:2676} INFO - Sync 1 DAGs
[2023-01-02T02:06:18.843+0000] {logging_mixin.py:137} INFO - [2023-01-02T02:06:18.843+0000] {dag.py:3427} INFO - Setting next_dagrun for example_short_circuit_decorator to 2023-01-01T02:06:18.843273+00:00, run_after=2023-01-02T02:06:18.843273+00:00
[2023-01-02T02:06:18.855+0000] {processor.py:175} INFO - Processing /home/airflow/.local/lib/python3.7/site-packages/airflow/example_dags/example_short_circuit_decorator.py took 0.082 seconds
[2023-01-02T02:06:49.425+0000] {processor.py:153} INFO - Started process (PID=938) to work on /home/airflow/.local/lib/python3.7/site-packages/airflow/example_dags/example_short_circuit_decorator.py
[2023-01-02T02:06:49.426+0000] {processor.py:743} INFO - Processing file /home/airflow/.local/lib/python3.7/site-packages/airflow/example_dags/example_short_circuit_decorator.py for tasks to queue
[2023-01-02T02:06:49.426+0000] {logging_mixin.py:137} INFO - [2023-01-02T02:06:49.426+0000] {dagbag.py:538} INFO - Filling up the DagBag from /home/airflow/.local/lib/python3.7/site-packages/airflow/example_dags/example_short_circuit_decorator.py
[2023-01-02T02:06:49.443+0000] {processor.py:753} INFO - DAG(s) dict_keys(['example_short_circuit_decorator']) retrieved from /home/airflow/.local/lib/python3.7/site-packages/airflow/example_dags/example_short_circuit_decorator.py
[2023-01-02T02:06:49.471+0000] {logging_mixin.py:137} INFO - [2023-01-02T02:06:49.471+0000] {dag.py:2676} INFO - Sync 1 DAGs
[2023-01-02T02:06:49.486+0000] {logging_mixin.py:137} INFO - [2023-01-02T02:06:49.486+0000] {dag.py:3427} INFO - Setting next_dagrun for example_short_circuit_decorator to 2023-01-01T02:06:49.486331+00:00, run_after=2023-01-02T02:06:49.486331+00:00
[2023-01-02T02:06:49.498+0000] {processor.py:175} INFO - Processing /home/airflow/.local/lib/python3.7/site-packages/airflow/example_dags/example_short_circuit_decorator.py took 0.076 seconds
[2023-01-02T02:07:20.217+0000] {processor.py:153} INFO - Started process (PID=1004) to work on /home/airflow/.local/lib/python3.7/site-packages/airflow/example_dags/example_short_circuit_decorator.py
[2023-01-02T02:07:20.218+0000] {processor.py:743} INFO - Processing file /home/airflow/.local/lib/python3.7/site-packages/airflow/example_dags/example_short_circuit_decorator.py for tasks to queue
[2023-01-02T02:07:20.219+0000] {logging_mixin.py:137} INFO - [2023-01-02T02:07:20.219+0000] {dagbag.py:538} INFO - Filling up the DagBag from /home/airflow/.local/lib/python3.7/site-packages/airflow/example_dags/example_short_circuit_decorator.py
[2023-01-02T02:07:20.242+0000] {processor.py:753} INFO - DAG(s) dict_keys(['example_short_circuit_decorator']) retrieved from /home/airflow/.local/lib/python3.7/site-packages/airflow/example_dags/example_short_circuit_decorator.py
[2023-01-02T02:07:20.299+0000] {logging_mixin.py:137} INFO - [2023-01-02T02:07:20.298+0000] {dag.py:2676} INFO - Sync 1 DAGs
[2023-01-02T02:07:20.323+0000] {logging_mixin.py:137} INFO - [2023-01-02T02:07:20.323+0000] {dag.py:3427} INFO - Setting next_dagrun for example_short_circuit_decorator to 2023-01-01T02:07:20.323340+00:00, run_after=2023-01-02T02:07:20.323340+00:00
[2023-01-02T02:07:20.339+0000] {processor.py:175} INFO - Processing /home/airflow/.local/lib/python3.7/site-packages/airflow/example_dags/example_short_circuit_decorator.py took 0.127 seconds
[2023-01-02T02:07:50.709+0000] {processor.py:153} INFO - Started process (PID=1082) to work on /home/airflow/.local/lib/python3.7/site-packages/airflow/example_dags/example_short_circuit_decorator.py
[2023-01-02T02:07:50.711+0000] {processor.py:743} INFO - Processing file /home/airflow/.local/lib/python3.7/site-packages/airflow/example_dags/example_short_circuit_decorator.py for tasks to queue
[2023-01-02T02:07:50.712+0000] {logging_mixin.py:137} INFO - [2023-01-02T02:07:50.712+0000] {dagbag.py:538} INFO - Filling up the DagBag from /home/airflow/.local/lib/python3.7/site-packages/airflow/example_dags/example_short_circuit_decorator.py
[2023-01-02T02:07:50.732+0000] {processor.py:753} INFO - DAG(s) dict_keys(['example_short_circuit_decorator']) retrieved from /home/airflow/.local/lib/python3.7/site-packages/airflow/example_dags/example_short_circuit_decorator.py
[2023-01-02T02:07:50.764+0000] {logging_mixin.py:137} INFO - [2023-01-02T02:07:50.764+0000] {dag.py:2676} INFO - Sync 1 DAGs
[2023-01-02T02:07:50.780+0000] {logging_mixin.py:137} INFO - [2023-01-02T02:07:50.780+0000] {dag.py:3427} INFO - Setting next_dagrun for example_short_circuit_decorator to 2023-01-01T02:07:50.780583+00:00, run_after=2023-01-02T02:07:50.780583+00:00
[2023-01-02T02:07:50.794+0000] {processor.py:175} INFO - Processing /home/airflow/.local/lib/python3.7/site-packages/airflow/example_dags/example_short_circuit_decorator.py took 0.088 seconds
[2023-01-02T02:08:21.444+0000] {processor.py:153} INFO - Started process (PID=1155) to work on /home/airflow/.local/lib/python3.7/site-packages/airflow/example_dags/example_short_circuit_decorator.py
[2023-01-02T02:08:21.446+0000] {processor.py:743} INFO - Processing file /home/airflow/.local/lib/python3.7/site-packages/airflow/example_dags/example_short_circuit_decorator.py for tasks to queue
[2023-01-02T02:08:21.447+0000] {logging_mixin.py:137} INFO - [2023-01-02T02:08:21.447+0000] {dagbag.py:538} INFO - Filling up the DagBag from /home/airflow/.local/lib/python3.7/site-packages/airflow/example_dags/example_short_circuit_decorator.py
[2023-01-02T02:08:21.466+0000] {processor.py:753} INFO - DAG(s) dict_keys(['example_short_circuit_decorator']) retrieved from /home/airflow/.local/lib/python3.7/site-packages/airflow/example_dags/example_short_circuit_decorator.py
[2023-01-02T02:08:21.503+0000] {logging_mixin.py:137} INFO - [2023-01-02T02:08:21.503+0000] {dag.py:2676} INFO - Sync 1 DAGs
[2023-01-02T02:08:21.523+0000] {logging_mixin.py:137} INFO - [2023-01-02T02:08:21.523+0000] {dag.py:3427} INFO - Setting next_dagrun for example_short_circuit_decorator to 2023-01-01T02:08:21.523387+00:00, run_after=2023-01-02T02:08:21.523387+00:00
[2023-01-02T02:08:21.546+0000] {processor.py:175} INFO - Processing /home/airflow/.local/lib/python3.7/site-packages/airflow/example_dags/example_short_circuit_decorator.py took 0.113 seconds
[2023-01-02T02:08:52.399+0000] {processor.py:153} INFO - Started process (PID=1224) to work on /home/airflow/.local/lib/python3.7/site-packages/airflow/example_dags/example_short_circuit_decorator.py
[2023-01-02T02:08:52.401+0000] {processor.py:743} INFO - Processing file /home/airflow/.local/lib/python3.7/site-packages/airflow/example_dags/example_short_circuit_decorator.py for tasks to queue
[2023-01-02T02:08:52.402+0000] {logging_mixin.py:137} INFO - [2023-01-02T02:08:52.402+0000] {dagbag.py:538} INFO - Filling up the DagBag from /home/airflow/.local/lib/python3.7/site-packages/airflow/example_dags/example_short_circuit_decorator.py
[2023-01-02T02:08:52.420+0000] {processor.py:753} INFO - DAG(s) dict_keys(['example_short_circuit_decorator']) retrieved from /home/airflow/.local/lib/python3.7/site-packages/airflow/example_dags/example_short_circuit_decorator.py
[2023-01-02T02:08:52.447+0000] {logging_mixin.py:137} INFO - [2023-01-02T02:08:52.447+0000] {dag.py:2676} INFO - Sync 1 DAGs
[2023-01-02T02:08:52.464+0000] {logging_mixin.py:137} INFO - [2023-01-02T02:08:52.464+0000] {dag.py:3427} INFO - Setting next_dagrun for example_short_circuit_decorator to 2023-01-01T02:08:52.464047+00:00, run_after=2023-01-02T02:08:52.464047+00:00
[2023-01-02T02:08:52.476+0000] {processor.py:175} INFO - Processing /home/airflow/.local/lib/python3.7/site-packages/airflow/example_dags/example_short_circuit_decorator.py took 0.079 seconds
[2023-01-02T02:09:22.733+0000] {processor.py:153} INFO - Started process (PID=1303) to work on /home/airflow/.local/lib/python3.7/site-packages/airflow/example_dags/example_short_circuit_decorator.py
[2023-01-02T02:09:22.734+0000] {processor.py:743} INFO - Processing file /home/airflow/.local/lib/python3.7/site-packages/airflow/example_dags/example_short_circuit_decorator.py for tasks to queue
[2023-01-02T02:09:22.735+0000] {logging_mixin.py:137} INFO - [2023-01-02T02:09:22.735+0000] {dagbag.py:538} INFO - Filling up the DagBag from /home/airflow/.local/lib/python3.7/site-packages/airflow/example_dags/example_short_circuit_decorator.py
[2023-01-02T02:09:22.752+0000] {processor.py:753} INFO - DAG(s) dict_keys(['example_short_circuit_decorator']) retrieved from /home/airflow/.local/lib/python3.7/site-packages/airflow/example_dags/example_short_circuit_decorator.py
[2023-01-02T02:09:22.783+0000] {logging_mixin.py:137} INFO - [2023-01-02T02:09:22.783+0000] {dag.py:2676} INFO - Sync 1 DAGs
[2023-01-02T02:09:22.800+0000] {logging_mixin.py:137} INFO - [2023-01-02T02:09:22.799+0000] {dag.py:3427} INFO - Setting next_dagrun for example_short_circuit_decorator to 2023-01-01T02:09:22.799762+00:00, run_after=2023-01-02T02:09:22.799762+00:00
[2023-01-02T02:09:22.813+0000] {processor.py:175} INFO - Processing /home/airflow/.local/lib/python3.7/site-packages/airflow/example_dags/example_short_circuit_decorator.py took 0.083 seconds
[2023-01-02T02:09:53.234+0000] {processor.py:153} INFO - Started process (PID=1368) to work on /home/airflow/.local/lib/python3.7/site-packages/airflow/example_dags/example_short_circuit_decorator.py
[2023-01-02T02:09:53.235+0000] {processor.py:743} INFO - Processing file /home/airflow/.local/lib/python3.7/site-packages/airflow/example_dags/example_short_circuit_decorator.py for tasks to queue
[2023-01-02T02:09:53.236+0000] {logging_mixin.py:137} INFO - [2023-01-02T02:09:53.236+0000] {dagbag.py:538} INFO - Filling up the DagBag from /home/airflow/.local/lib/python3.7/site-packages/airflow/example_dags/example_short_circuit_decorator.py
[2023-01-02T02:09:53.253+0000] {processor.py:753} INFO - DAG(s) dict_keys(['example_short_circuit_decorator']) retrieved from /home/airflow/.local/lib/python3.7/site-packages/airflow/example_dags/example_short_circuit_decorator.py
[2023-01-02T02:09:53.279+0000] {logging_mixin.py:137} INFO - [2023-01-02T02:09:53.279+0000] {dag.py:2676} INFO - Sync 1 DAGs
[2023-01-02T02:09:53.296+0000] {logging_mixin.py:137} INFO - [2023-01-02T02:09:53.295+0000] {dag.py:3427} INFO - Setting next_dagrun for example_short_circuit_decorator to 2023-01-01T02:09:53.295788+00:00, run_after=2023-01-02T02:09:53.295788+00:00
[2023-01-02T02:09:53.310+0000] {processor.py:175} INFO - Processing /home/airflow/.local/lib/python3.7/site-packages/airflow/example_dags/example_short_circuit_decorator.py took 0.078 seconds
