[2023-01-02T01:57:11.210+0000] {processor.py:153} INFO - Started process (PID=54) to work on /home/airflow/.local/lib/python3.7/site-packages/airflow/example_dags/example_python_operator.py
[2023-01-02T01:57:11.213+0000] {processor.py:743} INFO - Processing file /home/airflow/.local/lib/python3.7/site-packages/airflow/example_dags/example_python_operator.py for tasks to queue
[2023-01-02T01:57:11.214+0000] {logging_mixin.py:137} INFO - [2023-01-02T01:57:11.214+0000] {dagbag.py:538} INFO - Filling up the DagBag from /home/airflow/.local/lib/python3.7/site-packages/airflow/example_dags/example_python_operator.py
[2023-01-02T01:57:11.246+0000] {logging_mixin.py:137} INFO - [2023-01-02T01:57:11.246+0000] {taskmixin.py:205} WARNING - Dependency <Task(_PythonDecoratedOperator): print_the_context>, log_sql_query already registered for DAG: example_python_operator
[2023-01-02T01:57:11.255+0000] {logging_mixin.py:137} INFO - [2023-01-02T01:57:11.255+0000] {taskmixin.py:205} WARNING - Dependency <Task(_PythonDecoratedOperator): log_sql_query>, print_the_context already registered for DAG: example_python_operator
[2023-01-02T01:57:11.256+0000] {logging_mixin.py:137} INFO - [2023-01-02T01:57:11.256+0000] {taskmixin.py:205} WARNING - Dependency <Task(_PythonDecoratedOperator): print_the_context>, log_sql_query already registered for DAG: example_python_operator
[2023-01-02T01:57:11.257+0000] {logging_mixin.py:137} INFO - [2023-01-02T01:57:11.257+0000] {taskmixin.py:205} WARNING - Dependency <Task(_PythonDecoratedOperator): log_sql_query>, print_the_context already registered for DAG: example_python_operator
[2023-01-02T01:57:11.257+0000] {logging_mixin.py:137} INFO - [2023-01-02T01:57:11.257+0000] {taskmixin.py:205} WARNING - Dependency <Task(_PythonDecoratedOperator): print_the_context>, log_sql_query already registered for DAG: example_python_operator
[2023-01-02T01:57:11.258+0000] {logging_mixin.py:137} INFO - [2023-01-02T01:57:11.258+0000] {taskmixin.py:205} WARNING - Dependency <Task(_PythonDecoratedOperator): log_sql_query>, print_the_context already registered for DAG: example_python_operator
[2023-01-02T01:57:11.259+0000] {logging_mixin.py:137} INFO - [2023-01-02T01:57:11.258+0000] {taskmixin.py:205} WARNING - Dependency <Task(_PythonDecoratedOperator): print_the_context>, log_sql_query already registered for DAG: example_python_operator
[2023-01-02T01:57:11.259+0000] {logging_mixin.py:137} INFO - [2023-01-02T01:57:11.259+0000] {taskmixin.py:205} WARNING - Dependency <Task(_PythonDecoratedOperator): log_sql_query>, print_the_context already registered for DAG: example_python_operator
[2023-01-02T01:57:11.268+0000] {processor.py:753} INFO - DAG(s) dict_keys(['example_python_operator']) retrieved from /home/airflow/.local/lib/python3.7/site-packages/airflow/example_dags/example_python_operator.py
[2023-01-02T01:57:11.302+0000] {logging_mixin.py:137} INFO - [2023-01-02T01:57:11.302+0000] {dag.py:2676} INFO - Sync 1 DAGs
[2023-01-02T01:57:11.342+0000] {logging_mixin.py:137} INFO - [2023-01-02T01:57:11.342+0000] {dag.py:3427} INFO - Setting next_dagrun for example_python_operator to None, run_after=None
[2023-01-02T01:57:11.362+0000] {processor.py:175} INFO - Processing /home/airflow/.local/lib/python3.7/site-packages/airflow/example_dags/example_python_operator.py took 0.157 seconds
[2023-01-02T01:57:41.427+0000] {processor.py:153} INFO - Started process (PID=132) to work on /home/airflow/.local/lib/python3.7/site-packages/airflow/example_dags/example_python_operator.py
[2023-01-02T01:57:41.428+0000] {processor.py:743} INFO - Processing file /home/airflow/.local/lib/python3.7/site-packages/airflow/example_dags/example_python_operator.py for tasks to queue
[2023-01-02T01:57:41.429+0000] {logging_mixin.py:137} INFO - [2023-01-02T01:57:41.429+0000] {dagbag.py:538} INFO - Filling up the DagBag from /home/airflow/.local/lib/python3.7/site-packages/airflow/example_dags/example_python_operator.py
[2023-01-02T01:57:41.443+0000] {logging_mixin.py:137} INFO - [2023-01-02T01:57:41.442+0000] {taskmixin.py:205} WARNING - Dependency <Task(_PythonDecoratedOperator): print_the_context>, log_sql_query already registered for DAG: example_python_operator
[2023-01-02T01:57:41.444+0000] {logging_mixin.py:137} INFO - [2023-01-02T01:57:41.443+0000] {taskmixin.py:205} WARNING - Dependency <Task(_PythonDecoratedOperator): log_sql_query>, print_the_context already registered for DAG: example_python_operator
[2023-01-02T01:57:41.444+0000] {logging_mixin.py:137} INFO - [2023-01-02T01:57:41.444+0000] {taskmixin.py:205} WARNING - Dependency <Task(_PythonDecoratedOperator): print_the_context>, log_sql_query already registered for DAG: example_python_operator
[2023-01-02T01:57:41.445+0000] {logging_mixin.py:137} INFO - [2023-01-02T01:57:41.445+0000] {taskmixin.py:205} WARNING - Dependency <Task(_PythonDecoratedOperator): log_sql_query>, print_the_context already registered for DAG: example_python_operator
[2023-01-02T01:57:41.447+0000] {logging_mixin.py:137} INFO - [2023-01-02T01:57:41.447+0000] {taskmixin.py:205} WARNING - Dependency <Task(_PythonDecoratedOperator): print_the_context>, log_sql_query already registered for DAG: example_python_operator
[2023-01-02T01:57:41.447+0000] {logging_mixin.py:137} INFO - [2023-01-02T01:57:41.447+0000] {taskmixin.py:205} WARNING - Dependency <Task(_PythonDecoratedOperator): log_sql_query>, print_the_context already registered for DAG: example_python_operator
[2023-01-02T01:57:41.448+0000] {logging_mixin.py:137} INFO - [2023-01-02T01:57:41.448+0000] {taskmixin.py:205} WARNING - Dependency <Task(_PythonDecoratedOperator): print_the_context>, log_sql_query already registered for DAG: example_python_operator
[2023-01-02T01:57:41.448+0000] {logging_mixin.py:137} INFO - [2023-01-02T01:57:41.448+0000] {taskmixin.py:205} WARNING - Dependency <Task(_PythonDecoratedOperator): log_sql_query>, print_the_context already registered for DAG: example_python_operator
[2023-01-02T01:57:41.453+0000] {processor.py:753} INFO - DAG(s) dict_keys(['example_python_operator']) retrieved from /home/airflow/.local/lib/python3.7/site-packages/airflow/example_dags/example_python_operator.py
[2023-01-02T01:57:41.502+0000] {logging_mixin.py:137} INFO - [2023-01-02T01:57:41.502+0000] {dag.py:2676} INFO - Sync 1 DAGs
[2023-01-02T01:57:41.515+0000] {logging_mixin.py:137} INFO - [2023-01-02T01:57:41.515+0000] {dag.py:3427} INFO - Setting next_dagrun for example_python_operator to None, run_after=None
[2023-01-02T01:57:41.531+0000] {processor.py:175} INFO - Processing /home/airflow/.local/lib/python3.7/site-packages/airflow/example_dags/example_python_operator.py took 0.109 seconds
[2023-01-02T01:58:12.455+0000] {processor.py:153} INFO - Started process (PID=209) to work on /home/airflow/.local/lib/python3.7/site-packages/airflow/example_dags/example_python_operator.py
[2023-01-02T01:58:12.458+0000] {processor.py:743} INFO - Processing file /home/airflow/.local/lib/python3.7/site-packages/airflow/example_dags/example_python_operator.py for tasks to queue
[2023-01-02T01:58:12.459+0000] {logging_mixin.py:137} INFO - [2023-01-02T01:58:12.459+0000] {dagbag.py:538} INFO - Filling up the DagBag from /home/airflow/.local/lib/python3.7/site-packages/airflow/example_dags/example_python_operator.py
[2023-01-02T01:58:12.476+0000] {logging_mixin.py:137} INFO - [2023-01-02T01:58:12.476+0000] {taskmixin.py:205} WARNING - Dependency <Task(_PythonDecoratedOperator): print_the_context>, log_sql_query already registered for DAG: example_python_operator
[2023-01-02T01:58:12.477+0000] {logging_mixin.py:137} INFO - [2023-01-02T01:58:12.477+0000] {taskmixin.py:205} WARNING - Dependency <Task(_PythonDecoratedOperator): log_sql_query>, print_the_context already registered for DAG: example_python_operator
[2023-01-02T01:58:12.478+0000] {logging_mixin.py:137} INFO - [2023-01-02T01:58:12.478+0000] {taskmixin.py:205} WARNING - Dependency <Task(_PythonDecoratedOperator): print_the_context>, log_sql_query already registered for DAG: example_python_operator
[2023-01-02T01:58:12.479+0000] {logging_mixin.py:137} INFO - [2023-01-02T01:58:12.479+0000] {taskmixin.py:205} WARNING - Dependency <Task(_PythonDecoratedOperator): log_sql_query>, print_the_context already registered for DAG: example_python_operator
[2023-01-02T01:58:12.480+0000] {logging_mixin.py:137} INFO - [2023-01-02T01:58:12.480+0000] {taskmixin.py:205} WARNING - Dependency <Task(_PythonDecoratedOperator): print_the_context>, log_sql_query already registered for DAG: example_python_operator
[2023-01-02T01:58:12.481+0000] {logging_mixin.py:137} INFO - [2023-01-02T01:58:12.481+0000] {taskmixin.py:205} WARNING - Dependency <Task(_PythonDecoratedOperator): log_sql_query>, print_the_context already registered for DAG: example_python_operator
[2023-01-02T01:58:12.482+0000] {logging_mixin.py:137} INFO - [2023-01-02T01:58:12.482+0000] {taskmixin.py:205} WARNING - Dependency <Task(_PythonDecoratedOperator): print_the_context>, log_sql_query already registered for DAG: example_python_operator
[2023-01-02T01:58:12.483+0000] {logging_mixin.py:137} INFO - [2023-01-02T01:58:12.483+0000] {taskmixin.py:205} WARNING - Dependency <Task(_PythonDecoratedOperator): log_sql_query>, print_the_context already registered for DAG: example_python_operator
[2023-01-02T01:58:12.489+0000] {processor.py:753} INFO - DAG(s) dict_keys(['example_python_operator']) retrieved from /home/airflow/.local/lib/python3.7/site-packages/airflow/example_dags/example_python_operator.py
[2023-01-02T01:58:12.526+0000] {logging_mixin.py:137} INFO - [2023-01-02T01:58:12.526+0000] {dag.py:2676} INFO - Sync 1 DAGs
[2023-01-02T01:58:12.580+0000] {logging_mixin.py:137} INFO - [2023-01-02T01:58:12.580+0000] {dag.py:3427} INFO - Setting next_dagrun for example_python_operator to None, run_after=None
[2023-01-02T01:58:12.603+0000] {processor.py:175} INFO - Processing /home/airflow/.local/lib/python3.7/site-packages/airflow/example_dags/example_python_operator.py took 0.152 seconds
[2023-01-02T02:00:42.512+0000] {processor.py:153} INFO - Started process (PID=54) to work on /home/airflow/.local/lib/python3.7/site-packages/airflow/example_dags/example_python_operator.py
[2023-01-02T02:00:42.515+0000] {processor.py:743} INFO - Processing file /home/airflow/.local/lib/python3.7/site-packages/airflow/example_dags/example_python_operator.py for tasks to queue
[2023-01-02T02:00:42.517+0000] {logging_mixin.py:137} INFO - [2023-01-02T02:00:42.517+0000] {dagbag.py:538} INFO - Filling up the DagBag from /home/airflow/.local/lib/python3.7/site-packages/airflow/example_dags/example_python_operator.py
[2023-01-02T02:00:42.536+0000] {logging_mixin.py:137} INFO - [2023-01-02T02:00:42.536+0000] {taskmixin.py:205} WARNING - Dependency <Task(_PythonDecoratedOperator): print_the_context>, log_sql_query already registered for DAG: example_python_operator
[2023-01-02T02:00:42.537+0000] {logging_mixin.py:137} INFO - [2023-01-02T02:00:42.537+0000] {taskmixin.py:205} WARNING - Dependency <Task(_PythonDecoratedOperator): log_sql_query>, print_the_context already registered for DAG: example_python_operator
[2023-01-02T02:00:42.538+0000] {logging_mixin.py:137} INFO - [2023-01-02T02:00:42.538+0000] {taskmixin.py:205} WARNING - Dependency <Task(_PythonDecoratedOperator): print_the_context>, log_sql_query already registered for DAG: example_python_operator
[2023-01-02T02:00:42.538+0000] {logging_mixin.py:137} INFO - [2023-01-02T02:00:42.538+0000] {taskmixin.py:205} WARNING - Dependency <Task(_PythonDecoratedOperator): log_sql_query>, print_the_context already registered for DAG: example_python_operator
[2023-01-02T02:00:42.539+0000] {logging_mixin.py:137} INFO - [2023-01-02T02:00:42.539+0000] {taskmixin.py:205} WARNING - Dependency <Task(_PythonDecoratedOperator): print_the_context>, log_sql_query already registered for DAG: example_python_operator
[2023-01-02T02:00:42.540+0000] {logging_mixin.py:137} INFO - [2023-01-02T02:00:42.540+0000] {taskmixin.py:205} WARNING - Dependency <Task(_PythonDecoratedOperator): log_sql_query>, print_the_context already registered for DAG: example_python_operator
[2023-01-02T02:00:42.542+0000] {logging_mixin.py:137} INFO - [2023-01-02T02:00:42.542+0000] {taskmixin.py:205} WARNING - Dependency <Task(_PythonDecoratedOperator): print_the_context>, log_sql_query already registered for DAG: example_python_operator
[2023-01-02T02:00:42.543+0000] {logging_mixin.py:137} INFO - [2023-01-02T02:00:42.543+0000] {taskmixin.py:205} WARNING - Dependency <Task(_PythonDecoratedOperator): log_sql_query>, print_the_context already registered for DAG: example_python_operator
[2023-01-02T02:00:42.556+0000] {processor.py:753} INFO - DAG(s) dict_keys(['example_python_operator']) retrieved from /home/airflow/.local/lib/python3.7/site-packages/airflow/example_dags/example_python_operator.py
[2023-01-02T02:00:42.594+0000] {logging_mixin.py:137} INFO - [2023-01-02T02:00:42.594+0000] {dag.py:2676} INFO - Sync 1 DAGs
[2023-01-02T02:00:42.626+0000] {logging_mixin.py:137} INFO - [2023-01-02T02:00:42.626+0000] {dag.py:3427} INFO - Setting next_dagrun for example_python_operator to None, run_after=None
[2023-01-02T02:00:42.647+0000] {processor.py:175} INFO - Processing /home/airflow/.local/lib/python3.7/site-packages/airflow/example_dags/example_python_operator.py took 0.141 seconds
[2023-01-02T02:01:12.799+0000] {processor.py:153} INFO - Started process (PID=132) to work on /home/airflow/.local/lib/python3.7/site-packages/airflow/example_dags/example_python_operator.py
[2023-01-02T02:01:12.801+0000] {processor.py:743} INFO - Processing file /home/airflow/.local/lib/python3.7/site-packages/airflow/example_dags/example_python_operator.py for tasks to queue
[2023-01-02T02:01:12.801+0000] {logging_mixin.py:137} INFO - [2023-01-02T02:01:12.801+0000] {dagbag.py:538} INFO - Filling up the DagBag from /home/airflow/.local/lib/python3.7/site-packages/airflow/example_dags/example_python_operator.py
[2023-01-02T02:01:12.815+0000] {logging_mixin.py:137} INFO - [2023-01-02T02:01:12.814+0000] {taskmixin.py:205} WARNING - Dependency <Task(_PythonDecoratedOperator): print_the_context>, log_sql_query already registered for DAG: example_python_operator
[2023-01-02T02:01:12.815+0000] {logging_mixin.py:137} INFO - [2023-01-02T02:01:12.815+0000] {taskmixin.py:205} WARNING - Dependency <Task(_PythonDecoratedOperator): log_sql_query>, print_the_context already registered for DAG: example_python_operator
[2023-01-02T02:01:12.816+0000] {logging_mixin.py:137} INFO - [2023-01-02T02:01:12.816+0000] {taskmixin.py:205} WARNING - Dependency <Task(_PythonDecoratedOperator): print_the_context>, log_sql_query already registered for DAG: example_python_operator
[2023-01-02T02:01:12.816+0000] {logging_mixin.py:137} INFO - [2023-01-02T02:01:12.816+0000] {taskmixin.py:205} WARNING - Dependency <Task(_PythonDecoratedOperator): log_sql_query>, print_the_context already registered for DAG: example_python_operator
[2023-01-02T02:01:12.817+0000] {logging_mixin.py:137} INFO - [2023-01-02T02:01:12.817+0000] {taskmixin.py:205} WARNING - Dependency <Task(_PythonDecoratedOperator): print_the_context>, log_sql_query already registered for DAG: example_python_operator
[2023-01-02T02:01:12.818+0000] {logging_mixin.py:137} INFO - [2023-01-02T02:01:12.818+0000] {taskmixin.py:205} WARNING - Dependency <Task(_PythonDecoratedOperator): log_sql_query>, print_the_context already registered for DAG: example_python_operator
[2023-01-02T02:01:12.819+0000] {logging_mixin.py:137} INFO - [2023-01-02T02:01:12.818+0000] {taskmixin.py:205} WARNING - Dependency <Task(_PythonDecoratedOperator): print_the_context>, log_sql_query already registered for DAG: example_python_operator
[2023-01-02T02:01:12.819+0000] {logging_mixin.py:137} INFO - [2023-01-02T02:01:12.819+0000] {taskmixin.py:205} WARNING - Dependency <Task(_PythonDecoratedOperator): log_sql_query>, print_the_context already registered for DAG: example_python_operator
[2023-01-02T02:01:12.824+0000] {processor.py:753} INFO - DAG(s) dict_keys(['example_python_operator']) retrieved from /home/airflow/.local/lib/python3.7/site-packages/airflow/example_dags/example_python_operator.py
[2023-01-02T02:01:12.875+0000] {logging_mixin.py:137} INFO - [2023-01-02T02:01:12.875+0000] {dag.py:2676} INFO - Sync 1 DAGs
[2023-01-02T02:01:12.889+0000] {logging_mixin.py:137} INFO - [2023-01-02T02:01:12.889+0000] {dag.py:3427} INFO - Setting next_dagrun for example_python_operator to None, run_after=None
[2023-01-02T02:01:12.902+0000] {processor.py:175} INFO - Processing /home/airflow/.local/lib/python3.7/site-packages/airflow/example_dags/example_python_operator.py took 0.106 seconds
[2023-01-02T02:01:43.252+0000] {processor.py:153} INFO - Started process (PID=197) to work on /home/airflow/.local/lib/python3.7/site-packages/airflow/example_dags/example_python_operator.py
[2023-01-02T02:01:43.254+0000] {processor.py:743} INFO - Processing file /home/airflow/.local/lib/python3.7/site-packages/airflow/example_dags/example_python_operator.py for tasks to queue
[2023-01-02T02:01:43.255+0000] {logging_mixin.py:137} INFO - [2023-01-02T02:01:43.255+0000] {dagbag.py:538} INFO - Filling up the DagBag from /home/airflow/.local/lib/python3.7/site-packages/airflow/example_dags/example_python_operator.py
[2023-01-02T02:01:43.268+0000] {logging_mixin.py:137} INFO - [2023-01-02T02:01:43.268+0000] {taskmixin.py:205} WARNING - Dependency <Task(_PythonDecoratedOperator): print_the_context>, log_sql_query already registered for DAG: example_python_operator
[2023-01-02T02:01:43.269+0000] {logging_mixin.py:137} INFO - [2023-01-02T02:01:43.269+0000] {taskmixin.py:205} WARNING - Dependency <Task(_PythonDecoratedOperator): log_sql_query>, print_the_context already registered for DAG: example_python_operator
[2023-01-02T02:01:43.270+0000] {logging_mixin.py:137} INFO - [2023-01-02T02:01:43.270+0000] {taskmixin.py:205} WARNING - Dependency <Task(_PythonDecoratedOperator): print_the_context>, log_sql_query already registered for DAG: example_python_operator
[2023-01-02T02:01:43.270+0000] {logging_mixin.py:137} INFO - [2023-01-02T02:01:43.270+0000] {taskmixin.py:205} WARNING - Dependency <Task(_PythonDecoratedOperator): log_sql_query>, print_the_context already registered for DAG: example_python_operator
[2023-01-02T02:01:43.271+0000] {logging_mixin.py:137} INFO - [2023-01-02T02:01:43.271+0000] {taskmixin.py:205} WARNING - Dependency <Task(_PythonDecoratedOperator): print_the_context>, log_sql_query already registered for DAG: example_python_operator
[2023-01-02T02:01:43.272+0000] {logging_mixin.py:137} INFO - [2023-01-02T02:01:43.272+0000] {taskmixin.py:205} WARNING - Dependency <Task(_PythonDecoratedOperator): log_sql_query>, print_the_context already registered for DAG: example_python_operator
[2023-01-02T02:01:43.272+0000] {logging_mixin.py:137} INFO - [2023-01-02T02:01:43.272+0000] {taskmixin.py:205} WARNING - Dependency <Task(_PythonDecoratedOperator): print_the_context>, log_sql_query already registered for DAG: example_python_operator
[2023-01-02T02:01:43.273+0000] {logging_mixin.py:137} INFO - [2023-01-02T02:01:43.273+0000] {taskmixin.py:205} WARNING - Dependency <Task(_PythonDecoratedOperator): log_sql_query>, print_the_context already registered for DAG: example_python_operator
[2023-01-02T02:01:43.278+0000] {processor.py:753} INFO - DAG(s) dict_keys(['example_python_operator']) retrieved from /home/airflow/.local/lib/python3.7/site-packages/airflow/example_dags/example_python_operator.py
[2023-01-02T02:01:43.308+0000] {logging_mixin.py:137} INFO - [2023-01-02T02:01:43.308+0000] {dag.py:2676} INFO - Sync 1 DAGs
[2023-01-02T02:01:43.326+0000] {logging_mixin.py:137} INFO - [2023-01-02T02:01:43.326+0000] {dag.py:3427} INFO - Setting next_dagrun for example_python_operator to None, run_after=None
[2023-01-02T02:01:43.339+0000] {processor.py:175} INFO - Processing /home/airflow/.local/lib/python3.7/site-packages/airflow/example_dags/example_python_operator.py took 0.090 seconds
[2023-01-02T02:02:13.825+0000] {processor.py:153} INFO - Started process (PID=275) to work on /home/airflow/.local/lib/python3.7/site-packages/airflow/example_dags/example_python_operator.py
[2023-01-02T02:02:13.826+0000] {processor.py:743} INFO - Processing file /home/airflow/.local/lib/python3.7/site-packages/airflow/example_dags/example_python_operator.py for tasks to queue
[2023-01-02T02:02:13.827+0000] {logging_mixin.py:137} INFO - [2023-01-02T02:02:13.827+0000] {dagbag.py:538} INFO - Filling up the DagBag from /home/airflow/.local/lib/python3.7/site-packages/airflow/example_dags/example_python_operator.py
[2023-01-02T02:02:13.841+0000] {logging_mixin.py:137} INFO - [2023-01-02T02:02:13.841+0000] {taskmixin.py:205} WARNING - Dependency <Task(_PythonDecoratedOperator): print_the_context>, log_sql_query already registered for DAG: example_python_operator
[2023-01-02T02:02:13.842+0000] {logging_mixin.py:137} INFO - [2023-01-02T02:02:13.842+0000] {taskmixin.py:205} WARNING - Dependency <Task(_PythonDecoratedOperator): log_sql_query>, print_the_context already registered for DAG: example_python_operator
[2023-01-02T02:02:13.843+0000] {logging_mixin.py:137} INFO - [2023-01-02T02:02:13.843+0000] {taskmixin.py:205} WARNING - Dependency <Task(_PythonDecoratedOperator): print_the_context>, log_sql_query already registered for DAG: example_python_operator
[2023-01-02T02:02:13.843+0000] {logging_mixin.py:137} INFO - [2023-01-02T02:02:13.843+0000] {taskmixin.py:205} WARNING - Dependency <Task(_PythonDecoratedOperator): log_sql_query>, print_the_context already registered for DAG: example_python_operator
[2023-01-02T02:02:13.844+0000] {logging_mixin.py:137} INFO - [2023-01-02T02:02:13.844+0000] {taskmixin.py:205} WARNING - Dependency <Task(_PythonDecoratedOperator): print_the_context>, log_sql_query already registered for DAG: example_python_operator
[2023-01-02T02:02:13.845+0000] {logging_mixin.py:137} INFO - [2023-01-02T02:02:13.845+0000] {taskmixin.py:205} WARNING - Dependency <Task(_PythonDecoratedOperator): log_sql_query>, print_the_context already registered for DAG: example_python_operator
[2023-01-02T02:02:13.846+0000] {logging_mixin.py:137} INFO - [2023-01-02T02:02:13.845+0000] {taskmixin.py:205} WARNING - Dependency <Task(_PythonDecoratedOperator): print_the_context>, log_sql_query already registered for DAG: example_python_operator
[2023-01-02T02:02:13.846+0000] {logging_mixin.py:137} INFO - [2023-01-02T02:02:13.846+0000] {taskmixin.py:205} WARNING - Dependency <Task(_PythonDecoratedOperator): log_sql_query>, print_the_context already registered for DAG: example_python_operator
[2023-01-02T02:02:13.851+0000] {processor.py:753} INFO - DAG(s) dict_keys(['example_python_operator']) retrieved from /home/airflow/.local/lib/python3.7/site-packages/airflow/example_dags/example_python_operator.py
[2023-01-02T02:02:13.883+0000] {logging_mixin.py:137} INFO - [2023-01-02T02:02:13.882+0000] {dag.py:2676} INFO - Sync 1 DAGs
[2023-01-02T02:02:13.898+0000] {logging_mixin.py:137} INFO - [2023-01-02T02:02:13.898+0000] {dag.py:3427} INFO - Setting next_dagrun for example_python_operator to None, run_after=None
[2023-01-02T02:02:13.910+0000] {processor.py:175} INFO - Processing /home/airflow/.local/lib/python3.7/site-packages/airflow/example_dags/example_python_operator.py took 0.088 seconds
[2023-01-02T02:02:44.771+0000] {processor.py:153} INFO - Started process (PID=354) to work on /home/airflow/.local/lib/python3.7/site-packages/airflow/example_dags/example_python_operator.py
[2023-01-02T02:02:44.773+0000] {processor.py:743} INFO - Processing file /home/airflow/.local/lib/python3.7/site-packages/airflow/example_dags/example_python_operator.py for tasks to queue
[2023-01-02T02:02:44.776+0000] {logging_mixin.py:137} INFO - [2023-01-02T02:02:44.776+0000] {dagbag.py:538} INFO - Filling up the DagBag from /home/airflow/.local/lib/python3.7/site-packages/airflow/example_dags/example_python_operator.py
[2023-01-02T02:02:44.794+0000] {logging_mixin.py:137} INFO - [2023-01-02T02:02:44.793+0000] {taskmixin.py:205} WARNING - Dependency <Task(_PythonDecoratedOperator): print_the_context>, log_sql_query already registered for DAG: example_python_operator
[2023-01-02T02:02:44.795+0000] {logging_mixin.py:137} INFO - [2023-01-02T02:02:44.794+0000] {taskmixin.py:205} WARNING - Dependency <Task(_PythonDecoratedOperator): log_sql_query>, print_the_context already registered for DAG: example_python_operator
[2023-01-02T02:02:44.795+0000] {logging_mixin.py:137} INFO - [2023-01-02T02:02:44.795+0000] {taskmixin.py:205} WARNING - Dependency <Task(_PythonDecoratedOperator): print_the_context>, log_sql_query already registered for DAG: example_python_operator
[2023-01-02T02:02:44.797+0000] {logging_mixin.py:137} INFO - [2023-01-02T02:02:44.797+0000] {taskmixin.py:205} WARNING - Dependency <Task(_PythonDecoratedOperator): log_sql_query>, print_the_context already registered for DAG: example_python_operator
[2023-01-02T02:02:44.798+0000] {logging_mixin.py:137} INFO - [2023-01-02T02:02:44.798+0000] {taskmixin.py:205} WARNING - Dependency <Task(_PythonDecoratedOperator): print_the_context>, log_sql_query already registered for DAG: example_python_operator
[2023-01-02T02:02:44.798+0000] {logging_mixin.py:137} INFO - [2023-01-02T02:02:44.798+0000] {taskmixin.py:205} WARNING - Dependency <Task(_PythonDecoratedOperator): log_sql_query>, print_the_context already registered for DAG: example_python_operator
[2023-01-02T02:02:44.799+0000] {logging_mixin.py:137} INFO - [2023-01-02T02:02:44.799+0000] {taskmixin.py:205} WARNING - Dependency <Task(_PythonDecoratedOperator): print_the_context>, log_sql_query already registered for DAG: example_python_operator
[2023-01-02T02:02:44.800+0000] {logging_mixin.py:137} INFO - [2023-01-02T02:02:44.800+0000] {taskmixin.py:205} WARNING - Dependency <Task(_PythonDecoratedOperator): log_sql_query>, print_the_context already registered for DAG: example_python_operator
[2023-01-02T02:02:44.809+0000] {processor.py:753} INFO - DAG(s) dict_keys(['example_python_operator']) retrieved from /home/airflow/.local/lib/python3.7/site-packages/airflow/example_dags/example_python_operator.py
[2023-01-02T02:02:44.858+0000] {logging_mixin.py:137} INFO - [2023-01-02T02:02:44.858+0000] {dag.py:2676} INFO - Sync 1 DAGs
[2023-01-02T02:02:44.877+0000] {logging_mixin.py:137} INFO - [2023-01-02T02:02:44.877+0000] {dag.py:3427} INFO - Setting next_dagrun for example_python_operator to None, run_after=None
[2023-01-02T02:02:44.890+0000] {processor.py:175} INFO - Processing /home/airflow/.local/lib/python3.7/site-packages/airflow/example_dags/example_python_operator.py took 0.124 seconds
[2023-01-02T02:03:15.469+0000] {processor.py:153} INFO - Started process (PID=419) to work on /home/airflow/.local/lib/python3.7/site-packages/airflow/example_dags/example_python_operator.py
[2023-01-02T02:03:15.471+0000] {processor.py:743} INFO - Processing file /home/airflow/.local/lib/python3.7/site-packages/airflow/example_dags/example_python_operator.py for tasks to queue
[2023-01-02T02:03:15.472+0000] {logging_mixin.py:137} INFO - [2023-01-02T02:03:15.472+0000] {dagbag.py:538} INFO - Filling up the DagBag from /home/airflow/.local/lib/python3.7/site-packages/airflow/example_dags/example_python_operator.py
[2023-01-02T02:03:15.487+0000] {logging_mixin.py:137} INFO - [2023-01-02T02:03:15.487+0000] {taskmixin.py:205} WARNING - Dependency <Task(_PythonDecoratedOperator): print_the_context>, log_sql_query already registered for DAG: example_python_operator
[2023-01-02T02:03:15.488+0000] {logging_mixin.py:137} INFO - [2023-01-02T02:03:15.488+0000] {taskmixin.py:205} WARNING - Dependency <Task(_PythonDecoratedOperator): log_sql_query>, print_the_context already registered for DAG: example_python_operator
[2023-01-02T02:03:15.489+0000] {logging_mixin.py:137} INFO - [2023-01-02T02:03:15.488+0000] {taskmixin.py:205} WARNING - Dependency <Task(_PythonDecoratedOperator): print_the_context>, log_sql_query already registered for DAG: example_python_operator
[2023-01-02T02:03:15.489+0000] {logging_mixin.py:137} INFO - [2023-01-02T02:03:15.489+0000] {taskmixin.py:205} WARNING - Dependency <Task(_PythonDecoratedOperator): log_sql_query>, print_the_context already registered for DAG: example_python_operator
[2023-01-02T02:03:15.490+0000] {logging_mixin.py:137} INFO - [2023-01-02T02:03:15.490+0000] {taskmixin.py:205} WARNING - Dependency <Task(_PythonDecoratedOperator): print_the_context>, log_sql_query already registered for DAG: example_python_operator
[2023-01-02T02:03:15.491+0000] {logging_mixin.py:137} INFO - [2023-01-02T02:03:15.491+0000] {taskmixin.py:205} WARNING - Dependency <Task(_PythonDecoratedOperator): log_sql_query>, print_the_context already registered for DAG: example_python_operator
[2023-01-02T02:03:15.492+0000] {logging_mixin.py:137} INFO - [2023-01-02T02:03:15.492+0000] {taskmixin.py:205} WARNING - Dependency <Task(_PythonDecoratedOperator): print_the_context>, log_sql_query already registered for DAG: example_python_operator
[2023-01-02T02:03:15.492+0000] {logging_mixin.py:137} INFO - [2023-01-02T02:03:15.492+0000] {taskmixin.py:205} WARNING - Dependency <Task(_PythonDecoratedOperator): log_sql_query>, print_the_context already registered for DAG: example_python_operator
[2023-01-02T02:03:15.498+0000] {processor.py:753} INFO - DAG(s) dict_keys(['example_python_operator']) retrieved from /home/airflow/.local/lib/python3.7/site-packages/airflow/example_dags/example_python_operator.py
[2023-01-02T02:03:15.539+0000] {logging_mixin.py:137} INFO - [2023-01-02T02:03:15.539+0000] {dag.py:2676} INFO - Sync 1 DAGs
[2023-01-02T02:03:15.556+0000] {logging_mixin.py:137} INFO - [2023-01-02T02:03:15.556+0000] {dag.py:3427} INFO - Setting next_dagrun for example_python_operator to None, run_after=None
[2023-01-02T02:03:15.571+0000] {processor.py:175} INFO - Processing /home/airflow/.local/lib/python3.7/site-packages/airflow/example_dags/example_python_operator.py took 0.105 seconds
[2023-01-02T02:03:45.684+0000] {processor.py:153} INFO - Started process (PID=497) to work on /home/airflow/.local/lib/python3.7/site-packages/airflow/example_dags/example_python_operator.py
[2023-01-02T02:03:45.686+0000] {processor.py:743} INFO - Processing file /home/airflow/.local/lib/python3.7/site-packages/airflow/example_dags/example_python_operator.py for tasks to queue
[2023-01-02T02:03:45.686+0000] {logging_mixin.py:137} INFO - [2023-01-02T02:03:45.686+0000] {dagbag.py:538} INFO - Filling up the DagBag from /home/airflow/.local/lib/python3.7/site-packages/airflow/example_dags/example_python_operator.py
[2023-01-02T02:03:45.698+0000] {logging_mixin.py:137} INFO - [2023-01-02T02:03:45.698+0000] {taskmixin.py:205} WARNING - Dependency <Task(_PythonDecoratedOperator): print_the_context>, log_sql_query already registered for DAG: example_python_operator
[2023-01-02T02:03:45.699+0000] {logging_mixin.py:137} INFO - [2023-01-02T02:03:45.699+0000] {taskmixin.py:205} WARNING - Dependency <Task(_PythonDecoratedOperator): log_sql_query>, print_the_context already registered for DAG: example_python_operator
[2023-01-02T02:03:45.699+0000] {logging_mixin.py:137} INFO - [2023-01-02T02:03:45.699+0000] {taskmixin.py:205} WARNING - Dependency <Task(_PythonDecoratedOperator): print_the_context>, log_sql_query already registered for DAG: example_python_operator
[2023-01-02T02:03:45.700+0000] {logging_mixin.py:137} INFO - [2023-01-02T02:03:45.700+0000] {taskmixin.py:205} WARNING - Dependency <Task(_PythonDecoratedOperator): log_sql_query>, print_the_context already registered for DAG: example_python_operator
[2023-01-02T02:03:45.701+0000] {logging_mixin.py:137} INFO - [2023-01-02T02:03:45.701+0000] {taskmixin.py:205} WARNING - Dependency <Task(_PythonDecoratedOperator): print_the_context>, log_sql_query already registered for DAG: example_python_operator
[2023-01-02T02:03:45.701+0000] {logging_mixin.py:137} INFO - [2023-01-02T02:03:45.701+0000] {taskmixin.py:205} WARNING - Dependency <Task(_PythonDecoratedOperator): log_sql_query>, print_the_context already registered for DAG: example_python_operator
[2023-01-02T02:03:45.702+0000] {logging_mixin.py:137} INFO - [2023-01-02T02:03:45.702+0000] {taskmixin.py:205} WARNING - Dependency <Task(_PythonDecoratedOperator): print_the_context>, log_sql_query already registered for DAG: example_python_operator
[2023-01-02T02:03:45.702+0000] {logging_mixin.py:137} INFO - [2023-01-02T02:03:45.702+0000] {taskmixin.py:205} WARNING - Dependency <Task(_PythonDecoratedOperator): log_sql_query>, print_the_context already registered for DAG: example_python_operator
[2023-01-02T02:03:45.707+0000] {processor.py:753} INFO - DAG(s) dict_keys(['example_python_operator']) retrieved from /home/airflow/.local/lib/python3.7/site-packages/airflow/example_dags/example_python_operator.py
[2023-01-02T02:03:45.738+0000] {logging_mixin.py:137} INFO - [2023-01-02T02:03:45.738+0000] {dag.py:2676} INFO - Sync 1 DAGs
[2023-01-02T02:03:45.754+0000] {logging_mixin.py:137} INFO - [2023-01-02T02:03:45.754+0000] {dag.py:3427} INFO - Setting next_dagrun for example_python_operator to None, run_after=None
[2023-01-02T02:03:45.767+0000] {processor.py:175} INFO - Processing /home/airflow/.local/lib/python3.7/site-packages/airflow/example_dags/example_python_operator.py took 0.085 seconds
[2023-01-02T02:04:16.276+0000] {processor.py:153} INFO - Started process (PID=575) to work on /home/airflow/.local/lib/python3.7/site-packages/airflow/example_dags/example_python_operator.py
[2023-01-02T02:04:16.277+0000] {processor.py:743} INFO - Processing file /home/airflow/.local/lib/python3.7/site-packages/airflow/example_dags/example_python_operator.py for tasks to queue
[2023-01-02T02:04:16.278+0000] {logging_mixin.py:137} INFO - [2023-01-02T02:04:16.278+0000] {dagbag.py:538} INFO - Filling up the DagBag from /home/airflow/.local/lib/python3.7/site-packages/airflow/example_dags/example_python_operator.py
[2023-01-02T02:04:16.291+0000] {logging_mixin.py:137} INFO - [2023-01-02T02:04:16.291+0000] {taskmixin.py:205} WARNING - Dependency <Task(_PythonDecoratedOperator): print_the_context>, log_sql_query already registered for DAG: example_python_operator
[2023-01-02T02:04:16.292+0000] {logging_mixin.py:137} INFO - [2023-01-02T02:04:16.292+0000] {taskmixin.py:205} WARNING - Dependency <Task(_PythonDecoratedOperator): log_sql_query>, print_the_context already registered for DAG: example_python_operator
[2023-01-02T02:04:16.293+0000] {logging_mixin.py:137} INFO - [2023-01-02T02:04:16.293+0000] {taskmixin.py:205} WARNING - Dependency <Task(_PythonDecoratedOperator): print_the_context>, log_sql_query already registered for DAG: example_python_operator
[2023-01-02T02:04:16.294+0000] {logging_mixin.py:137} INFO - [2023-01-02T02:04:16.293+0000] {taskmixin.py:205} WARNING - Dependency <Task(_PythonDecoratedOperator): log_sql_query>, print_the_context already registered for DAG: example_python_operator
[2023-01-02T02:04:16.295+0000] {logging_mixin.py:137} INFO - [2023-01-02T02:04:16.294+0000] {taskmixin.py:205} WARNING - Dependency <Task(_PythonDecoratedOperator): print_the_context>, log_sql_query already registered for DAG: example_python_operator
[2023-01-02T02:04:16.295+0000] {logging_mixin.py:137} INFO - [2023-01-02T02:04:16.295+0000] {taskmixin.py:205} WARNING - Dependency <Task(_PythonDecoratedOperator): log_sql_query>, print_the_context already registered for DAG: example_python_operator
[2023-01-02T02:04:16.296+0000] {logging_mixin.py:137} INFO - [2023-01-02T02:04:16.296+0000] {taskmixin.py:205} WARNING - Dependency <Task(_PythonDecoratedOperator): print_the_context>, log_sql_query already registered for DAG: example_python_operator
[2023-01-02T02:04:16.296+0000] {logging_mixin.py:137} INFO - [2023-01-02T02:04:16.296+0000] {taskmixin.py:205} WARNING - Dependency <Task(_PythonDecoratedOperator): log_sql_query>, print_the_context already registered for DAG: example_python_operator
[2023-01-02T02:04:16.301+0000] {processor.py:753} INFO - DAG(s) dict_keys(['example_python_operator']) retrieved from /home/airflow/.local/lib/python3.7/site-packages/airflow/example_dags/example_python_operator.py
[2023-01-02T02:04:16.345+0000] {logging_mixin.py:137} INFO - [2023-01-02T02:04:16.345+0000] {dag.py:2676} INFO - Sync 1 DAGs
[2023-01-02T02:04:16.376+0000] {logging_mixin.py:137} INFO - [2023-01-02T02:04:16.376+0000] {dag.py:3427} INFO - Setting next_dagrun for example_python_operator to None, run_after=None
[2023-01-02T02:04:16.388+0000] {processor.py:175} INFO - Processing /home/airflow/.local/lib/python3.7/site-packages/airflow/example_dags/example_python_operator.py took 0.114 seconds
[2023-01-02T02:04:47.182+0000] {processor.py:153} INFO - Started process (PID=641) to work on /home/airflow/.local/lib/python3.7/site-packages/airflow/example_dags/example_python_operator.py
[2023-01-02T02:04:47.184+0000] {processor.py:743} INFO - Processing file /home/airflow/.local/lib/python3.7/site-packages/airflow/example_dags/example_python_operator.py for tasks to queue
[2023-01-02T02:04:47.185+0000] {logging_mixin.py:137} INFO - [2023-01-02T02:04:47.185+0000] {dagbag.py:538} INFO - Filling up the DagBag from /home/airflow/.local/lib/python3.7/site-packages/airflow/example_dags/example_python_operator.py
[2023-01-02T02:04:47.197+0000] {logging_mixin.py:137} INFO - [2023-01-02T02:04:47.197+0000] {taskmixin.py:205} WARNING - Dependency <Task(_PythonDecoratedOperator): print_the_context>, log_sql_query already registered for DAG: example_python_operator
[2023-01-02T02:04:47.198+0000] {logging_mixin.py:137} INFO - [2023-01-02T02:04:47.198+0000] {taskmixin.py:205} WARNING - Dependency <Task(_PythonDecoratedOperator): log_sql_query>, print_the_context already registered for DAG: example_python_operator
[2023-01-02T02:04:47.199+0000] {logging_mixin.py:137} INFO - [2023-01-02T02:04:47.199+0000] {taskmixin.py:205} WARNING - Dependency <Task(_PythonDecoratedOperator): print_the_context>, log_sql_query already registered for DAG: example_python_operator
[2023-01-02T02:04:47.200+0000] {logging_mixin.py:137} INFO - [2023-01-02T02:04:47.199+0000] {taskmixin.py:205} WARNING - Dependency <Task(_PythonDecoratedOperator): log_sql_query>, print_the_context already registered for DAG: example_python_operator
[2023-01-02T02:04:47.200+0000] {logging_mixin.py:137} INFO - [2023-01-02T02:04:47.200+0000] {taskmixin.py:205} WARNING - Dependency <Task(_PythonDecoratedOperator): print_the_context>, log_sql_query already registered for DAG: example_python_operator
[2023-01-02T02:04:47.201+0000] {logging_mixin.py:137} INFO - [2023-01-02T02:04:47.201+0000] {taskmixin.py:205} WARNING - Dependency <Task(_PythonDecoratedOperator): log_sql_query>, print_the_context already registered for DAG: example_python_operator
[2023-01-02T02:04:47.202+0000] {logging_mixin.py:137} INFO - [2023-01-02T02:04:47.201+0000] {taskmixin.py:205} WARNING - Dependency <Task(_PythonDecoratedOperator): print_the_context>, log_sql_query already registered for DAG: example_python_operator
[2023-01-02T02:04:47.202+0000] {logging_mixin.py:137} INFO - [2023-01-02T02:04:47.202+0000] {taskmixin.py:205} WARNING - Dependency <Task(_PythonDecoratedOperator): log_sql_query>, print_the_context already registered for DAG: example_python_operator
[2023-01-02T02:04:47.207+0000] {processor.py:753} INFO - DAG(s) dict_keys(['example_python_operator']) retrieved from /home/airflow/.local/lib/python3.7/site-packages/airflow/example_dags/example_python_operator.py
[2023-01-02T02:04:47.237+0000] {logging_mixin.py:137} INFO - [2023-01-02T02:04:47.237+0000] {dag.py:2676} INFO - Sync 1 DAGs
[2023-01-02T02:04:47.253+0000] {logging_mixin.py:137} INFO - [2023-01-02T02:04:47.253+0000] {dag.py:3427} INFO - Setting next_dagrun for example_python_operator to None, run_after=None
[2023-01-02T02:04:47.266+0000] {processor.py:175} INFO - Processing /home/airflow/.local/lib/python3.7/site-packages/airflow/example_dags/example_python_operator.py took 0.087 seconds
[2023-01-02T02:05:17.643+0000] {processor.py:153} INFO - Started process (PID=718) to work on /home/airflow/.local/lib/python3.7/site-packages/airflow/example_dags/example_python_operator.py
[2023-01-02T02:05:17.644+0000] {processor.py:743} INFO - Processing file /home/airflow/.local/lib/python3.7/site-packages/airflow/example_dags/example_python_operator.py for tasks to queue
[2023-01-02T02:05:17.645+0000] {logging_mixin.py:137} INFO - [2023-01-02T02:05:17.645+0000] {dagbag.py:538} INFO - Filling up the DagBag from /home/airflow/.local/lib/python3.7/site-packages/airflow/example_dags/example_python_operator.py
[2023-01-02T02:05:17.659+0000] {logging_mixin.py:137} INFO - [2023-01-02T02:05:17.659+0000] {taskmixin.py:205} WARNING - Dependency <Task(_PythonDecoratedOperator): print_the_context>, log_sql_query already registered for DAG: example_python_operator
[2023-01-02T02:05:17.660+0000] {logging_mixin.py:137} INFO - [2023-01-02T02:05:17.660+0000] {taskmixin.py:205} WARNING - Dependency <Task(_PythonDecoratedOperator): log_sql_query>, print_the_context already registered for DAG: example_python_operator
[2023-01-02T02:05:17.662+0000] {logging_mixin.py:137} INFO - [2023-01-02T02:05:17.661+0000] {taskmixin.py:205} WARNING - Dependency <Task(_PythonDecoratedOperator): print_the_context>, log_sql_query already registered for DAG: example_python_operator
[2023-01-02T02:05:17.662+0000] {logging_mixin.py:137} INFO - [2023-01-02T02:05:17.662+0000] {taskmixin.py:205} WARNING - Dependency <Task(_PythonDecoratedOperator): log_sql_query>, print_the_context already registered for DAG: example_python_operator
[2023-01-02T02:05:17.663+0000] {logging_mixin.py:137} INFO - [2023-01-02T02:05:17.663+0000] {taskmixin.py:205} WARNING - Dependency <Task(_PythonDecoratedOperator): print_the_context>, log_sql_query already registered for DAG: example_python_operator
[2023-01-02T02:05:17.664+0000] {logging_mixin.py:137} INFO - [2023-01-02T02:05:17.664+0000] {taskmixin.py:205} WARNING - Dependency <Task(_PythonDecoratedOperator): log_sql_query>, print_the_context already registered for DAG: example_python_operator
[2023-01-02T02:05:17.664+0000] {logging_mixin.py:137} INFO - [2023-01-02T02:05:17.664+0000] {taskmixin.py:205} WARNING - Dependency <Task(_PythonDecoratedOperator): print_the_context>, log_sql_query already registered for DAG: example_python_operator
[2023-01-02T02:05:17.665+0000] {logging_mixin.py:137} INFO - [2023-01-02T02:05:17.665+0000] {taskmixin.py:205} WARNING - Dependency <Task(_PythonDecoratedOperator): log_sql_query>, print_the_context already registered for DAG: example_python_operator
[2023-01-02T02:05:17.671+0000] {processor.py:753} INFO - DAG(s) dict_keys(['example_python_operator']) retrieved from /home/airflow/.local/lib/python3.7/site-packages/airflow/example_dags/example_python_operator.py
[2023-01-02T02:05:17.705+0000] {logging_mixin.py:137} INFO - [2023-01-02T02:05:17.705+0000] {dag.py:2676} INFO - Sync 1 DAGs
[2023-01-02T02:05:17.722+0000] {logging_mixin.py:137} INFO - [2023-01-02T02:05:17.722+0000] {dag.py:3427} INFO - Setting next_dagrun for example_python_operator to None, run_after=None
[2023-01-02T02:05:17.735+0000] {processor.py:175} INFO - Processing /home/airflow/.local/lib/python3.7/site-packages/airflow/example_dags/example_python_operator.py took 0.095 seconds
[2023-01-02T02:05:48.434+0000] {processor.py:153} INFO - Started process (PID=783) to work on /home/airflow/.local/lib/python3.7/site-packages/airflow/example_dags/example_python_operator.py
[2023-01-02T02:05:48.435+0000] {processor.py:743} INFO - Processing file /home/airflow/.local/lib/python3.7/site-packages/airflow/example_dags/example_python_operator.py for tasks to queue
[2023-01-02T02:05:48.436+0000] {logging_mixin.py:137} INFO - [2023-01-02T02:05:48.436+0000] {dagbag.py:538} INFO - Filling up the DagBag from /home/airflow/.local/lib/python3.7/site-packages/airflow/example_dags/example_python_operator.py
[2023-01-02T02:05:48.450+0000] {logging_mixin.py:137} INFO - [2023-01-02T02:05:48.450+0000] {taskmixin.py:205} WARNING - Dependency <Task(_PythonDecoratedOperator): print_the_context>, log_sql_query already registered for DAG: example_python_operator
[2023-01-02T02:05:48.451+0000] {logging_mixin.py:137} INFO - [2023-01-02T02:05:48.451+0000] {taskmixin.py:205} WARNING - Dependency <Task(_PythonDecoratedOperator): log_sql_query>, print_the_context already registered for DAG: example_python_operator
[2023-01-02T02:05:48.452+0000] {logging_mixin.py:137} INFO - [2023-01-02T02:05:48.452+0000] {taskmixin.py:205} WARNING - Dependency <Task(_PythonDecoratedOperator): print_the_context>, log_sql_query already registered for DAG: example_python_operator
[2023-01-02T02:05:48.453+0000] {logging_mixin.py:137} INFO - [2023-01-02T02:05:48.453+0000] {taskmixin.py:205} WARNING - Dependency <Task(_PythonDecoratedOperator): log_sql_query>, print_the_context already registered for DAG: example_python_operator
[2023-01-02T02:05:48.454+0000] {logging_mixin.py:137} INFO - [2023-01-02T02:05:48.454+0000] {taskmixin.py:205} WARNING - Dependency <Task(_PythonDecoratedOperator): print_the_context>, log_sql_query already registered for DAG: example_python_operator
[2023-01-02T02:05:48.455+0000] {logging_mixin.py:137} INFO - [2023-01-02T02:05:48.455+0000] {taskmixin.py:205} WARNING - Dependency <Task(_PythonDecoratedOperator): log_sql_query>, print_the_context already registered for DAG: example_python_operator
[2023-01-02T02:05:48.455+0000] {logging_mixin.py:137} INFO - [2023-01-02T02:05:48.455+0000] {taskmixin.py:205} WARNING - Dependency <Task(_PythonDecoratedOperator): print_the_context>, log_sql_query already registered for DAG: example_python_operator
[2023-01-02T02:05:48.456+0000] {logging_mixin.py:137} INFO - [2023-01-02T02:05:48.456+0000] {taskmixin.py:205} WARNING - Dependency <Task(_PythonDecoratedOperator): log_sql_query>, print_the_context already registered for DAG: example_python_operator
[2023-01-02T02:05:48.462+0000] {processor.py:753} INFO - DAG(s) dict_keys(['example_python_operator']) retrieved from /home/airflow/.local/lib/python3.7/site-packages/airflow/example_dags/example_python_operator.py
[2023-01-02T02:05:48.497+0000] {logging_mixin.py:137} INFO - [2023-01-02T02:05:48.497+0000] {dag.py:2676} INFO - Sync 1 DAGs
[2023-01-02T02:05:48.515+0000] {logging_mixin.py:137} INFO - [2023-01-02T02:05:48.514+0000] {dag.py:3427} INFO - Setting next_dagrun for example_python_operator to None, run_after=None
[2023-01-02T02:05:48.528+0000] {processor.py:175} INFO - Processing /home/airflow/.local/lib/python3.7/site-packages/airflow/example_dags/example_python_operator.py took 0.097 seconds
[2023-01-02T02:06:18.977+0000] {processor.py:153} INFO - Started process (PID=863) to work on /home/airflow/.local/lib/python3.7/site-packages/airflow/example_dags/example_python_operator.py
[2023-01-02T02:06:18.979+0000] {processor.py:743} INFO - Processing file /home/airflow/.local/lib/python3.7/site-packages/airflow/example_dags/example_python_operator.py for tasks to queue
[2023-01-02T02:06:18.979+0000] {logging_mixin.py:137} INFO - [2023-01-02T02:06:18.979+0000] {dagbag.py:538} INFO - Filling up the DagBag from /home/airflow/.local/lib/python3.7/site-packages/airflow/example_dags/example_python_operator.py
[2023-01-02T02:06:18.991+0000] {logging_mixin.py:137} INFO - [2023-01-02T02:06:18.991+0000] {taskmixin.py:205} WARNING - Dependency <Task(_PythonDecoratedOperator): print_the_context>, log_sql_query already registered for DAG: example_python_operator
[2023-01-02T02:06:18.991+0000] {logging_mixin.py:137} INFO - [2023-01-02T02:06:18.991+0000] {taskmixin.py:205} WARNING - Dependency <Task(_PythonDecoratedOperator): log_sql_query>, print_the_context already registered for DAG: example_python_operator
[2023-01-02T02:06:18.992+0000] {logging_mixin.py:137} INFO - [2023-01-02T02:06:18.992+0000] {taskmixin.py:205} WARNING - Dependency <Task(_PythonDecoratedOperator): print_the_context>, log_sql_query already registered for DAG: example_python_operator
[2023-01-02T02:06:18.993+0000] {logging_mixin.py:137} INFO - [2023-01-02T02:06:18.993+0000] {taskmixin.py:205} WARNING - Dependency <Task(_PythonDecoratedOperator): log_sql_query>, print_the_context already registered for DAG: example_python_operator
[2023-01-02T02:06:18.994+0000] {logging_mixin.py:137} INFO - [2023-01-02T02:06:18.994+0000] {taskmixin.py:205} WARNING - Dependency <Task(_PythonDecoratedOperator): print_the_context>, log_sql_query already registered for DAG: example_python_operator
[2023-01-02T02:06:18.994+0000] {logging_mixin.py:137} INFO - [2023-01-02T02:06:18.994+0000] {taskmixin.py:205} WARNING - Dependency <Task(_PythonDecoratedOperator): log_sql_query>, print_the_context already registered for DAG: example_python_operator
[2023-01-02T02:06:18.995+0000] {logging_mixin.py:137} INFO - [2023-01-02T02:06:18.995+0000] {taskmixin.py:205} WARNING - Dependency <Task(_PythonDecoratedOperator): print_the_context>, log_sql_query already registered for DAG: example_python_operator
[2023-01-02T02:06:18.995+0000] {logging_mixin.py:137} INFO - [2023-01-02T02:06:18.995+0000] {taskmixin.py:205} WARNING - Dependency <Task(_PythonDecoratedOperator): log_sql_query>, print_the_context already registered for DAG: example_python_operator
[2023-01-02T02:06:19.001+0000] {processor.py:753} INFO - DAG(s) dict_keys(['example_python_operator']) retrieved from /home/airflow/.local/lib/python3.7/site-packages/airflow/example_dags/example_python_operator.py
[2023-01-02T02:06:19.028+0000] {logging_mixin.py:137} INFO - [2023-01-02T02:06:19.028+0000] {dag.py:2676} INFO - Sync 1 DAGs
[2023-01-02T02:06:19.044+0000] {logging_mixin.py:137} INFO - [2023-01-02T02:06:19.044+0000] {dag.py:3427} INFO - Setting next_dagrun for example_python_operator to None, run_after=None
[2023-01-02T02:06:19.056+0000] {processor.py:175} INFO - Processing /home/airflow/.local/lib/python3.7/site-packages/airflow/example_dags/example_python_operator.py took 0.082 seconds
[2023-01-02T02:06:49.617+0000] {processor.py:153} INFO - Started process (PID=941) to work on /home/airflow/.local/lib/python3.7/site-packages/airflow/example_dags/example_python_operator.py
[2023-01-02T02:06:49.619+0000] {processor.py:743} INFO - Processing file /home/airflow/.local/lib/python3.7/site-packages/airflow/example_dags/example_python_operator.py for tasks to queue
[2023-01-02T02:06:49.620+0000] {logging_mixin.py:137} INFO - [2023-01-02T02:06:49.620+0000] {dagbag.py:538} INFO - Filling up the DagBag from /home/airflow/.local/lib/python3.7/site-packages/airflow/example_dags/example_python_operator.py
[2023-01-02T02:06:49.632+0000] {logging_mixin.py:137} INFO - [2023-01-02T02:06:49.632+0000] {taskmixin.py:205} WARNING - Dependency <Task(_PythonDecoratedOperator): print_the_context>, log_sql_query already registered for DAG: example_python_operator
[2023-01-02T02:06:49.632+0000] {logging_mixin.py:137} INFO - [2023-01-02T02:06:49.632+0000] {taskmixin.py:205} WARNING - Dependency <Task(_PythonDecoratedOperator): log_sql_query>, print_the_context already registered for DAG: example_python_operator
[2023-01-02T02:06:49.633+0000] {logging_mixin.py:137} INFO - [2023-01-02T02:06:49.633+0000] {taskmixin.py:205} WARNING - Dependency <Task(_PythonDecoratedOperator): print_the_context>, log_sql_query already registered for DAG: example_python_operator
[2023-01-02T02:06:49.634+0000] {logging_mixin.py:137} INFO - [2023-01-02T02:06:49.634+0000] {taskmixin.py:205} WARNING - Dependency <Task(_PythonDecoratedOperator): log_sql_query>, print_the_context already registered for DAG: example_python_operator
[2023-01-02T02:06:49.634+0000] {logging_mixin.py:137} INFO - [2023-01-02T02:06:49.634+0000] {taskmixin.py:205} WARNING - Dependency <Task(_PythonDecoratedOperator): print_the_context>, log_sql_query already registered for DAG: example_python_operator
[2023-01-02T02:06:49.635+0000] {logging_mixin.py:137} INFO - [2023-01-02T02:06:49.635+0000] {taskmixin.py:205} WARNING - Dependency <Task(_PythonDecoratedOperator): log_sql_query>, print_the_context already registered for DAG: example_python_operator
[2023-01-02T02:06:49.636+0000] {logging_mixin.py:137} INFO - [2023-01-02T02:06:49.635+0000] {taskmixin.py:205} WARNING - Dependency <Task(_PythonDecoratedOperator): print_the_context>, log_sql_query already registered for DAG: example_python_operator
[2023-01-02T02:06:49.636+0000] {logging_mixin.py:137} INFO - [2023-01-02T02:06:49.636+0000] {taskmixin.py:205} WARNING - Dependency <Task(_PythonDecoratedOperator): log_sql_query>, print_the_context already registered for DAG: example_python_operator
[2023-01-02T02:06:49.641+0000] {processor.py:753} INFO - DAG(s) dict_keys(['example_python_operator']) retrieved from /home/airflow/.local/lib/python3.7/site-packages/airflow/example_dags/example_python_operator.py
[2023-01-02T02:06:49.668+0000] {logging_mixin.py:137} INFO - [2023-01-02T02:06:49.668+0000] {dag.py:2676} INFO - Sync 1 DAGs
[2023-01-02T02:06:49.684+0000] {logging_mixin.py:137} INFO - [2023-01-02T02:06:49.684+0000] {dag.py:3427} INFO - Setting next_dagrun for example_python_operator to None, run_after=None
[2023-01-02T02:06:49.695+0000] {processor.py:175} INFO - Processing /home/airflow/.local/lib/python3.7/site-packages/airflow/example_dags/example_python_operator.py took 0.081 seconds
[2023-01-02T02:07:20.426+0000] {processor.py:153} INFO - Started process (PID=1007) to work on /home/airflow/.local/lib/python3.7/site-packages/airflow/example_dags/example_python_operator.py
[2023-01-02T02:07:20.428+0000] {processor.py:743} INFO - Processing file /home/airflow/.local/lib/python3.7/site-packages/airflow/example_dags/example_python_operator.py for tasks to queue
[2023-01-02T02:07:20.429+0000] {logging_mixin.py:137} INFO - [2023-01-02T02:07:20.429+0000] {dagbag.py:538} INFO - Filling up the DagBag from /home/airflow/.local/lib/python3.7/site-packages/airflow/example_dags/example_python_operator.py
[2023-01-02T02:07:20.443+0000] {logging_mixin.py:137} INFO - [2023-01-02T02:07:20.443+0000] {taskmixin.py:205} WARNING - Dependency <Task(_PythonDecoratedOperator): print_the_context>, log_sql_query already registered for DAG: example_python_operator
[2023-01-02T02:07:20.444+0000] {logging_mixin.py:137} INFO - [2023-01-02T02:07:20.444+0000] {taskmixin.py:205} WARNING - Dependency <Task(_PythonDecoratedOperator): log_sql_query>, print_the_context already registered for DAG: example_python_operator
[2023-01-02T02:07:20.445+0000] {logging_mixin.py:137} INFO - [2023-01-02T02:07:20.445+0000] {taskmixin.py:205} WARNING - Dependency <Task(_PythonDecoratedOperator): print_the_context>, log_sql_query already registered for DAG: example_python_operator
[2023-01-02T02:07:20.446+0000] {logging_mixin.py:137} INFO - [2023-01-02T02:07:20.446+0000] {taskmixin.py:205} WARNING - Dependency <Task(_PythonDecoratedOperator): log_sql_query>, print_the_context already registered for DAG: example_python_operator
[2023-01-02T02:07:20.447+0000] {logging_mixin.py:137} INFO - [2023-01-02T02:07:20.447+0000] {taskmixin.py:205} WARNING - Dependency <Task(_PythonDecoratedOperator): print_the_context>, log_sql_query already registered for DAG: example_python_operator
[2023-01-02T02:07:20.447+0000] {logging_mixin.py:137} INFO - [2023-01-02T02:07:20.447+0000] {taskmixin.py:205} WARNING - Dependency <Task(_PythonDecoratedOperator): log_sql_query>, print_the_context already registered for DAG: example_python_operator
[2023-01-02T02:07:20.448+0000] {logging_mixin.py:137} INFO - [2023-01-02T02:07:20.448+0000] {taskmixin.py:205} WARNING - Dependency <Task(_PythonDecoratedOperator): print_the_context>, log_sql_query already registered for DAG: example_python_operator
[2023-01-02T02:07:20.449+0000] {logging_mixin.py:137} INFO - [2023-01-02T02:07:20.449+0000] {taskmixin.py:205} WARNING - Dependency <Task(_PythonDecoratedOperator): log_sql_query>, print_the_context already registered for DAG: example_python_operator
[2023-01-02T02:07:20.455+0000] {processor.py:753} INFO - DAG(s) dict_keys(['example_python_operator']) retrieved from /home/airflow/.local/lib/python3.7/site-packages/airflow/example_dags/example_python_operator.py
[2023-01-02T02:07:20.495+0000] {logging_mixin.py:137} INFO - [2023-01-02T02:07:20.495+0000] {dag.py:2676} INFO - Sync 1 DAGs
[2023-01-02T02:07:20.511+0000] {logging_mixin.py:137} INFO - [2023-01-02T02:07:20.511+0000] {dag.py:3427} INFO - Setting next_dagrun for example_python_operator to None, run_after=None
[2023-01-02T02:07:20.530+0000] {processor.py:175} INFO - Processing /home/airflow/.local/lib/python3.7/site-packages/airflow/example_dags/example_python_operator.py took 0.108 seconds
[2023-01-02T02:07:50.884+0000] {processor.py:153} INFO - Started process (PID=1085) to work on /home/airflow/.local/lib/python3.7/site-packages/airflow/example_dags/example_python_operator.py
[2023-01-02T02:07:50.885+0000] {processor.py:743} INFO - Processing file /home/airflow/.local/lib/python3.7/site-packages/airflow/example_dags/example_python_operator.py for tasks to queue
[2023-01-02T02:07:50.886+0000] {logging_mixin.py:137} INFO - [2023-01-02T02:07:50.886+0000] {dagbag.py:538} INFO - Filling up the DagBag from /home/airflow/.local/lib/python3.7/site-packages/airflow/example_dags/example_python_operator.py
[2023-01-02T02:07:50.899+0000] {logging_mixin.py:137} INFO - [2023-01-02T02:07:50.899+0000] {taskmixin.py:205} WARNING - Dependency <Task(_PythonDecoratedOperator): print_the_context>, log_sql_query already registered for DAG: example_python_operator
[2023-01-02T02:07:50.900+0000] {logging_mixin.py:137} INFO - [2023-01-02T02:07:50.900+0000] {taskmixin.py:205} WARNING - Dependency <Task(_PythonDecoratedOperator): log_sql_query>, print_the_context already registered for DAG: example_python_operator
[2023-01-02T02:07:50.901+0000] {logging_mixin.py:137} INFO - [2023-01-02T02:07:50.901+0000] {taskmixin.py:205} WARNING - Dependency <Task(_PythonDecoratedOperator): print_the_context>, log_sql_query already registered for DAG: example_python_operator
[2023-01-02T02:07:50.902+0000] {logging_mixin.py:137} INFO - [2023-01-02T02:07:50.902+0000] {taskmixin.py:205} WARNING - Dependency <Task(_PythonDecoratedOperator): log_sql_query>, print_the_context already registered for DAG: example_python_operator
[2023-01-02T02:07:50.902+0000] {logging_mixin.py:137} INFO - [2023-01-02T02:07:50.902+0000] {taskmixin.py:205} WARNING - Dependency <Task(_PythonDecoratedOperator): print_the_context>, log_sql_query already registered for DAG: example_python_operator
[2023-01-02T02:07:50.903+0000] {logging_mixin.py:137} INFO - [2023-01-02T02:07:50.903+0000] {taskmixin.py:205} WARNING - Dependency <Task(_PythonDecoratedOperator): log_sql_query>, print_the_context already registered for DAG: example_python_operator
[2023-01-02T02:07:50.904+0000] {logging_mixin.py:137} INFO - [2023-01-02T02:07:50.904+0000] {taskmixin.py:205} WARNING - Dependency <Task(_PythonDecoratedOperator): print_the_context>, log_sql_query already registered for DAG: example_python_operator
[2023-01-02T02:07:50.904+0000] {logging_mixin.py:137} INFO - [2023-01-02T02:07:50.904+0000] {taskmixin.py:205} WARNING - Dependency <Task(_PythonDecoratedOperator): log_sql_query>, print_the_context already registered for DAG: example_python_operator
[2023-01-02T02:07:50.914+0000] {processor.py:753} INFO - DAG(s) dict_keys(['example_python_operator']) retrieved from /home/airflow/.local/lib/python3.7/site-packages/airflow/example_dags/example_python_operator.py
[2023-01-02T02:07:50.956+0000] {logging_mixin.py:137} INFO - [2023-01-02T02:07:50.956+0000] {dag.py:2676} INFO - Sync 1 DAGs
[2023-01-02T02:07:50.975+0000] {logging_mixin.py:137} INFO - [2023-01-02T02:07:50.975+0000] {dag.py:3427} INFO - Setting next_dagrun for example_python_operator to None, run_after=None
[2023-01-02T02:07:50.988+0000] {processor.py:175} INFO - Processing /home/airflow/.local/lib/python3.7/site-packages/airflow/example_dags/example_python_operator.py took 0.107 seconds
[2023-01-02T02:08:21.608+0000] {processor.py:153} INFO - Started process (PID=1158) to work on /home/airflow/.local/lib/python3.7/site-packages/airflow/example_dags/example_python_operator.py
[2023-01-02T02:08:21.613+0000] {processor.py:743} INFO - Processing file /home/airflow/.local/lib/python3.7/site-packages/airflow/example_dags/example_python_operator.py for tasks to queue
[2023-01-02T02:08:21.615+0000] {logging_mixin.py:137} INFO - [2023-01-02T02:08:21.615+0000] {dagbag.py:538} INFO - Filling up the DagBag from /home/airflow/.local/lib/python3.7/site-packages/airflow/example_dags/example_python_operator.py
[2023-01-02T02:08:21.631+0000] {logging_mixin.py:137} INFO - [2023-01-02T02:08:21.631+0000] {taskmixin.py:205} WARNING - Dependency <Task(_PythonDecoratedOperator): print_the_context>, log_sql_query already registered for DAG: example_python_operator
[2023-01-02T02:08:21.631+0000] {logging_mixin.py:137} INFO - [2023-01-02T02:08:21.631+0000] {taskmixin.py:205} WARNING - Dependency <Task(_PythonDecoratedOperator): log_sql_query>, print_the_context already registered for DAG: example_python_operator
[2023-01-02T02:08:21.632+0000] {logging_mixin.py:137} INFO - [2023-01-02T02:08:21.632+0000] {taskmixin.py:205} WARNING - Dependency <Task(_PythonDecoratedOperator): print_the_context>, log_sql_query already registered for DAG: example_python_operator
[2023-01-02T02:08:21.633+0000] {logging_mixin.py:137} INFO - [2023-01-02T02:08:21.633+0000] {taskmixin.py:205} WARNING - Dependency <Task(_PythonDecoratedOperator): log_sql_query>, print_the_context already registered for DAG: example_python_operator
[2023-01-02T02:08:21.634+0000] {logging_mixin.py:137} INFO - [2023-01-02T02:08:21.634+0000] {taskmixin.py:205} WARNING - Dependency <Task(_PythonDecoratedOperator): print_the_context>, log_sql_query already registered for DAG: example_python_operator
[2023-01-02T02:08:21.635+0000] {logging_mixin.py:137} INFO - [2023-01-02T02:08:21.635+0000] {taskmixin.py:205} WARNING - Dependency <Task(_PythonDecoratedOperator): log_sql_query>, print_the_context already registered for DAG: example_python_operator
[2023-01-02T02:08:21.635+0000] {logging_mixin.py:137} INFO - [2023-01-02T02:08:21.635+0000] {taskmixin.py:205} WARNING - Dependency <Task(_PythonDecoratedOperator): print_the_context>, log_sql_query already registered for DAG: example_python_operator
[2023-01-02T02:08:21.636+0000] {logging_mixin.py:137} INFO - [2023-01-02T02:08:21.636+0000] {taskmixin.py:205} WARNING - Dependency <Task(_PythonDecoratedOperator): log_sql_query>, print_the_context already registered for DAG: example_python_operator
[2023-01-02T02:08:21.642+0000] {processor.py:753} INFO - DAG(s) dict_keys(['example_python_operator']) retrieved from /home/airflow/.local/lib/python3.7/site-packages/airflow/example_dags/example_python_operator.py
[2023-01-02T02:08:21.753+0000] {logging_mixin.py:137} INFO - [2023-01-02T02:08:21.751+0000] {dag.py:2676} INFO - Sync 1 DAGs
[2023-01-02T02:08:21.794+0000] {logging_mixin.py:137} INFO - [2023-01-02T02:08:21.794+0000] {dag.py:3427} INFO - Setting next_dagrun for example_python_operator to None, run_after=None
[2023-01-02T02:08:21.811+0000] {processor.py:175} INFO - Processing /home/airflow/.local/lib/python3.7/site-packages/airflow/example_dags/example_python_operator.py took 0.205 seconds
[2023-01-02T02:08:52.531+0000] {processor.py:153} INFO - Started process (PID=1227) to work on /home/airflow/.local/lib/python3.7/site-packages/airflow/example_dags/example_python_operator.py
[2023-01-02T02:08:52.532+0000] {processor.py:743} INFO - Processing file /home/airflow/.local/lib/python3.7/site-packages/airflow/example_dags/example_python_operator.py for tasks to queue
[2023-01-02T02:08:52.533+0000] {logging_mixin.py:137} INFO - [2023-01-02T02:08:52.533+0000] {dagbag.py:538} INFO - Filling up the DagBag from /home/airflow/.local/lib/python3.7/site-packages/airflow/example_dags/example_python_operator.py
[2023-01-02T02:08:52.544+0000] {logging_mixin.py:137} INFO - [2023-01-02T02:08:52.544+0000] {taskmixin.py:205} WARNING - Dependency <Task(_PythonDecoratedOperator): print_the_context>, log_sql_query already registered for DAG: example_python_operator
[2023-01-02T02:08:52.545+0000] {logging_mixin.py:137} INFO - [2023-01-02T02:08:52.545+0000] {taskmixin.py:205} WARNING - Dependency <Task(_PythonDecoratedOperator): log_sql_query>, print_the_context already registered for DAG: example_python_operator
[2023-01-02T02:08:52.546+0000] {logging_mixin.py:137} INFO - [2023-01-02T02:08:52.546+0000] {taskmixin.py:205} WARNING - Dependency <Task(_PythonDecoratedOperator): print_the_context>, log_sql_query already registered for DAG: example_python_operator
[2023-01-02T02:08:52.547+0000] {logging_mixin.py:137} INFO - [2023-01-02T02:08:52.547+0000] {taskmixin.py:205} WARNING - Dependency <Task(_PythonDecoratedOperator): log_sql_query>, print_the_context already registered for DAG: example_python_operator
[2023-01-02T02:08:52.548+0000] {logging_mixin.py:137} INFO - [2023-01-02T02:08:52.548+0000] {taskmixin.py:205} WARNING - Dependency <Task(_PythonDecoratedOperator): print_the_context>, log_sql_query already registered for DAG: example_python_operator
[2023-01-02T02:08:52.548+0000] {logging_mixin.py:137} INFO - [2023-01-02T02:08:52.548+0000] {taskmixin.py:205} WARNING - Dependency <Task(_PythonDecoratedOperator): log_sql_query>, print_the_context already registered for DAG: example_python_operator
[2023-01-02T02:08:52.549+0000] {logging_mixin.py:137} INFO - [2023-01-02T02:08:52.549+0000] {taskmixin.py:205} WARNING - Dependency <Task(_PythonDecoratedOperator): print_the_context>, log_sql_query already registered for DAG: example_python_operator
[2023-01-02T02:08:52.550+0000] {logging_mixin.py:137} INFO - [2023-01-02T02:08:52.550+0000] {taskmixin.py:205} WARNING - Dependency <Task(_PythonDecoratedOperator): log_sql_query>, print_the_context already registered for DAG: example_python_operator
[2023-01-02T02:08:52.555+0000] {processor.py:753} INFO - DAG(s) dict_keys(['example_python_operator']) retrieved from /home/airflow/.local/lib/python3.7/site-packages/airflow/example_dags/example_python_operator.py
[2023-01-02T02:08:52.587+0000] {logging_mixin.py:137} INFO - [2023-01-02T02:08:52.587+0000] {dag.py:2676} INFO - Sync 1 DAGs
[2023-01-02T02:08:52.605+0000] {logging_mixin.py:137} INFO - [2023-01-02T02:08:52.605+0000] {dag.py:3427} INFO - Setting next_dagrun for example_python_operator to None, run_after=None
[2023-01-02T02:08:52.617+0000] {processor.py:175} INFO - Processing /home/airflow/.local/lib/python3.7/site-packages/airflow/example_dags/example_python_operator.py took 0.089 seconds
[2023-01-02T02:09:22.858+0000] {processor.py:153} INFO - Started process (PID=1306) to work on /home/airflow/.local/lib/python3.7/site-packages/airflow/example_dags/example_python_operator.py
[2023-01-02T02:09:22.860+0000] {processor.py:743} INFO - Processing file /home/airflow/.local/lib/python3.7/site-packages/airflow/example_dags/example_python_operator.py for tasks to queue
[2023-01-02T02:09:22.860+0000] {logging_mixin.py:137} INFO - [2023-01-02T02:09:22.860+0000] {dagbag.py:538} INFO - Filling up the DagBag from /home/airflow/.local/lib/python3.7/site-packages/airflow/example_dags/example_python_operator.py
[2023-01-02T02:09:22.872+0000] {logging_mixin.py:137} INFO - [2023-01-02T02:09:22.872+0000] {taskmixin.py:205} WARNING - Dependency <Task(_PythonDecoratedOperator): print_the_context>, log_sql_query already registered for DAG: example_python_operator
[2023-01-02T02:09:22.873+0000] {logging_mixin.py:137} INFO - [2023-01-02T02:09:22.873+0000] {taskmixin.py:205} WARNING - Dependency <Task(_PythonDecoratedOperator): log_sql_query>, print_the_context already registered for DAG: example_python_operator
[2023-01-02T02:09:22.874+0000] {logging_mixin.py:137} INFO - [2023-01-02T02:09:22.874+0000] {taskmixin.py:205} WARNING - Dependency <Task(_PythonDecoratedOperator): print_the_context>, log_sql_query already registered for DAG: example_python_operator
[2023-01-02T02:09:22.874+0000] {logging_mixin.py:137} INFO - [2023-01-02T02:09:22.874+0000] {taskmixin.py:205} WARNING - Dependency <Task(_PythonDecoratedOperator): log_sql_query>, print_the_context already registered for DAG: example_python_operator
[2023-01-02T02:09:22.875+0000] {logging_mixin.py:137} INFO - [2023-01-02T02:09:22.875+0000] {taskmixin.py:205} WARNING - Dependency <Task(_PythonDecoratedOperator): print_the_context>, log_sql_query already registered for DAG: example_python_operator
[2023-01-02T02:09:22.876+0000] {logging_mixin.py:137} INFO - [2023-01-02T02:09:22.875+0000] {taskmixin.py:205} WARNING - Dependency <Task(_PythonDecoratedOperator): log_sql_query>, print_the_context already registered for DAG: example_python_operator
[2023-01-02T02:09:22.876+0000] {logging_mixin.py:137} INFO - [2023-01-02T02:09:22.876+0000] {taskmixin.py:205} WARNING - Dependency <Task(_PythonDecoratedOperator): print_the_context>, log_sql_query already registered for DAG: example_python_operator
[2023-01-02T02:09:22.877+0000] {logging_mixin.py:137} INFO - [2023-01-02T02:09:22.877+0000] {taskmixin.py:205} WARNING - Dependency <Task(_PythonDecoratedOperator): log_sql_query>, print_the_context already registered for DAG: example_python_operator
[2023-01-02T02:09:22.882+0000] {processor.py:753} INFO - DAG(s) dict_keys(['example_python_operator']) retrieved from /home/airflow/.local/lib/python3.7/site-packages/airflow/example_dags/example_python_operator.py
[2023-01-02T02:09:22.909+0000] {logging_mixin.py:137} INFO - [2023-01-02T02:09:22.909+0000] {dag.py:2676} INFO - Sync 1 DAGs
[2023-01-02T02:09:22.925+0000] {logging_mixin.py:137} INFO - [2023-01-02T02:09:22.925+0000] {dag.py:3427} INFO - Setting next_dagrun for example_python_operator to None, run_after=None
[2023-01-02T02:09:22.937+0000] {processor.py:175} INFO - Processing /home/airflow/.local/lib/python3.7/site-packages/airflow/example_dags/example_python_operator.py took 0.082 seconds
[2023-01-02T02:09:53.457+0000] {processor.py:153} INFO - Started process (PID=1371) to work on /home/airflow/.local/lib/python3.7/site-packages/airflow/example_dags/example_python_operator.py
[2023-01-02T02:09:53.459+0000] {processor.py:743} INFO - Processing file /home/airflow/.local/lib/python3.7/site-packages/airflow/example_dags/example_python_operator.py for tasks to queue
[2023-01-02T02:09:53.460+0000] {logging_mixin.py:137} INFO - [2023-01-02T02:09:53.460+0000] {dagbag.py:538} INFO - Filling up the DagBag from /home/airflow/.local/lib/python3.7/site-packages/airflow/example_dags/example_python_operator.py
[2023-01-02T02:09:53.472+0000] {logging_mixin.py:137} INFO - [2023-01-02T02:09:53.472+0000] {taskmixin.py:205} WARNING - Dependency <Task(_PythonDecoratedOperator): print_the_context>, log_sql_query already registered for DAG: example_python_operator
[2023-01-02T02:09:53.473+0000] {logging_mixin.py:137} INFO - [2023-01-02T02:09:53.473+0000] {taskmixin.py:205} WARNING - Dependency <Task(_PythonDecoratedOperator): log_sql_query>, print_the_context already registered for DAG: example_python_operator
[2023-01-02T02:09:53.474+0000] {logging_mixin.py:137} INFO - [2023-01-02T02:09:53.474+0000] {taskmixin.py:205} WARNING - Dependency <Task(_PythonDecoratedOperator): print_the_context>, log_sql_query already registered for DAG: example_python_operator
[2023-01-02T02:09:53.475+0000] {logging_mixin.py:137} INFO - [2023-01-02T02:09:53.475+0000] {taskmixin.py:205} WARNING - Dependency <Task(_PythonDecoratedOperator): log_sql_query>, print_the_context already registered for DAG: example_python_operator
[2023-01-02T02:09:53.477+0000] {logging_mixin.py:137} INFO - [2023-01-02T02:09:53.477+0000] {taskmixin.py:205} WARNING - Dependency <Task(_PythonDecoratedOperator): print_the_context>, log_sql_query already registered for DAG: example_python_operator
[2023-01-02T02:09:53.482+0000] {logging_mixin.py:137} INFO - [2023-01-02T02:09:53.482+0000] {taskmixin.py:205} WARNING - Dependency <Task(_PythonDecoratedOperator): log_sql_query>, print_the_context already registered for DAG: example_python_operator
[2023-01-02T02:09:53.483+0000] {logging_mixin.py:137} INFO - [2023-01-02T02:09:53.483+0000] {taskmixin.py:205} WARNING - Dependency <Task(_PythonDecoratedOperator): print_the_context>, log_sql_query already registered for DAG: example_python_operator
[2023-01-02T02:09:53.484+0000] {logging_mixin.py:137} INFO - [2023-01-02T02:09:53.484+0000] {taskmixin.py:205} WARNING - Dependency <Task(_PythonDecoratedOperator): log_sql_query>, print_the_context already registered for DAG: example_python_operator
[2023-01-02T02:09:53.490+0000] {processor.py:753} INFO - DAG(s) dict_keys(['example_python_operator']) retrieved from /home/airflow/.local/lib/python3.7/site-packages/airflow/example_dags/example_python_operator.py
[2023-01-02T02:09:53.524+0000] {logging_mixin.py:137} INFO - [2023-01-02T02:09:53.523+0000] {dag.py:2676} INFO - Sync 1 DAGs
[2023-01-02T02:09:53.541+0000] {logging_mixin.py:137} INFO - [2023-01-02T02:09:53.541+0000] {dag.py:3427} INFO - Setting next_dagrun for example_python_operator to None, run_after=None
[2023-01-02T02:09:53.559+0000] {processor.py:175} INFO - Processing /home/airflow/.local/lib/python3.7/site-packages/airflow/example_dags/example_python_operator.py took 0.105 seconds
