[2023-01-02T01:57:12.443+0000] {processor.py:153} INFO - Started process (PID=67) to work on /home/airflow/.local/lib/python3.7/site-packages/airflow/example_dags/example_subdag_operator.py
[2023-01-02T01:57:12.445+0000] {processor.py:743} INFO - Processing file /home/airflow/.local/lib/python3.7/site-packages/airflow/example_dags/example_subdag_operator.py for tasks to queue
[2023-01-02T01:57:12.447+0000] {logging_mixin.py:137} INFO - [2023-01-02T01:57:12.447+0000] {dagbag.py:538} INFO - Filling up the DagBag from /home/airflow/.local/lib/python3.7/site-packages/airflow/example_dags/example_subdag_operator.py
[2023-01-02T01:57:12.494+0000] {processor.py:753} INFO - DAG(s) dict_keys(['example_subdag_operator.section-1', 'example_subdag_operator.section-2', 'example_subdag_operator']) retrieved from /home/airflow/.local/lib/python3.7/site-packages/airflow/example_dags/example_subdag_operator.py
[2023-01-02T01:57:12.508+0000] {logging_mixin.py:137} INFO - [2023-01-02T01:57:12.507+0000] {dag.py:2676} INFO - Sync 3 DAGs
[2023-01-02T01:57:12.540+0000] {logging_mixin.py:137} INFO - [2023-01-02T01:57:12.540+0000] {dag.py:3427} INFO - Setting next_dagrun for example_subdag_operator to 2022-01-01T00:00:00+00:00, run_after=2022-01-01T00:00:00+00:00
[2023-01-02T01:57:12.544+0000] {logging_mixin.py:137} INFO - [2023-01-02T01:57:12.544+0000] {dag.py:3427} INFO - Setting next_dagrun for example_subdag_operator.section-1 to None, run_after=None
[2023-01-02T01:57:12.546+0000] {logging_mixin.py:137} INFO - [2023-01-02T01:57:12.546+0000] {dag.py:3427} INFO - Setting next_dagrun for example_subdag_operator.section-2 to None, run_after=None
[2023-01-02T01:57:12.555+0000] {logging_mixin.py:137} INFO - [2023-01-02T01:57:12.555+0000] {dag.py:2676} INFO - Sync 2 DAGs
[2023-01-02T01:57:12.561+0000] {logging_mixin.py:137} INFO - [2023-01-02T01:57:12.561+0000] {dag.py:3427} INFO - Setting next_dagrun for example_subdag_operator.section-1 to None, run_after=None
[2023-01-02T01:57:12.562+0000] {logging_mixin.py:137} INFO - [2023-01-02T01:57:12.562+0000] {dag.py:3427} INFO - Setting next_dagrun for example_subdag_operator.section-2 to None, run_after=None
[2023-01-02T01:57:12.586+0000] {processor.py:175} INFO - Processing /home/airflow/.local/lib/python3.7/site-packages/airflow/example_dags/example_subdag_operator.py took 0.147 seconds
[2023-01-02T01:57:43.353+0000] {processor.py:153} INFO - Started process (PID=145) to work on /home/airflow/.local/lib/python3.7/site-packages/airflow/example_dags/example_subdag_operator.py
[2023-01-02T01:57:43.355+0000] {processor.py:743} INFO - Processing file /home/airflow/.local/lib/python3.7/site-packages/airflow/example_dags/example_subdag_operator.py for tasks to queue
[2023-01-02T01:57:43.356+0000] {logging_mixin.py:137} INFO - [2023-01-02T01:57:43.356+0000] {dagbag.py:538} INFO - Filling up the DagBag from /home/airflow/.local/lib/python3.7/site-packages/airflow/example_dags/example_subdag_operator.py
[2023-01-02T01:57:43.389+0000] {processor.py:753} INFO - DAG(s) dict_keys(['example_subdag_operator.section-1', 'example_subdag_operator.section-2', 'example_subdag_operator']) retrieved from /home/airflow/.local/lib/python3.7/site-packages/airflow/example_dags/example_subdag_operator.py
[2023-01-02T01:57:43.410+0000] {logging_mixin.py:137} INFO - [2023-01-02T01:57:43.410+0000] {dag.py:2676} INFO - Sync 3 DAGs
[2023-01-02T01:57:43.427+0000] {logging_mixin.py:137} INFO - [2023-01-02T01:57:43.427+0000] {dag.py:3427} INFO - Setting next_dagrun for example_subdag_operator to 2022-01-01T00:00:00+00:00, run_after=2022-01-01T00:00:00+00:00
[2023-01-02T01:57:43.430+0000] {logging_mixin.py:137} INFO - [2023-01-02T01:57:43.430+0000] {dag.py:3427} INFO - Setting next_dagrun for example_subdag_operator.section-1 to None, run_after=None
[2023-01-02T01:57:43.432+0000] {logging_mixin.py:137} INFO - [2023-01-02T01:57:43.432+0000] {dag.py:3427} INFO - Setting next_dagrun for example_subdag_operator.section-2 to None, run_after=None
[2023-01-02T01:57:43.438+0000] {logging_mixin.py:137} INFO - [2023-01-02T01:57:43.437+0000] {dag.py:2676} INFO - Sync 2 DAGs
[2023-01-02T01:57:43.442+0000] {logging_mixin.py:137} INFO - [2023-01-02T01:57:43.442+0000] {dag.py:3427} INFO - Setting next_dagrun for example_subdag_operator.section-1 to None, run_after=None
[2023-01-02T01:57:43.443+0000] {logging_mixin.py:137} INFO - [2023-01-02T01:57:43.443+0000] {dag.py:3427} INFO - Setting next_dagrun for example_subdag_operator.section-2 to None, run_after=None
[2023-01-02T01:57:43.450+0000] {processor.py:175} INFO - Processing /home/airflow/.local/lib/python3.7/site-packages/airflow/example_dags/example_subdag_operator.py took 0.103 seconds
[2023-01-02T01:58:13.555+0000] {processor.py:153} INFO - Started process (PID=222) to work on /home/airflow/.local/lib/python3.7/site-packages/airflow/example_dags/example_subdag_operator.py
[2023-01-02T01:58:13.556+0000] {processor.py:743} INFO - Processing file /home/airflow/.local/lib/python3.7/site-packages/airflow/example_dags/example_subdag_operator.py for tasks to queue
[2023-01-02T01:58:13.557+0000] {logging_mixin.py:137} INFO - [2023-01-02T01:58:13.557+0000] {dagbag.py:538} INFO - Filling up the DagBag from /home/airflow/.local/lib/python3.7/site-packages/airflow/example_dags/example_subdag_operator.py
[2023-01-02T01:58:13.597+0000] {processor.py:753} INFO - DAG(s) dict_keys(['example_subdag_operator.section-1', 'example_subdag_operator.section-2', 'example_subdag_operator']) retrieved from /home/airflow/.local/lib/python3.7/site-packages/airflow/example_dags/example_subdag_operator.py
[2023-01-02T01:58:13.621+0000] {logging_mixin.py:137} INFO - [2023-01-02T01:58:13.621+0000] {dag.py:2676} INFO - Sync 3 DAGs
[2023-01-02T01:58:13.638+0000] {logging_mixin.py:137} INFO - [2023-01-02T01:58:13.638+0000] {dag.py:3427} INFO - Setting next_dagrun for example_subdag_operator to 2022-01-01T00:00:00+00:00, run_after=2022-01-01T00:00:00+00:00
[2023-01-02T01:58:13.641+0000] {logging_mixin.py:137} INFO - [2023-01-02T01:58:13.641+0000] {dag.py:3427} INFO - Setting next_dagrun for example_subdag_operator.section-1 to None, run_after=None
[2023-01-02T01:58:13.642+0000] {logging_mixin.py:137} INFO - [2023-01-02T01:58:13.642+0000] {dag.py:3427} INFO - Setting next_dagrun for example_subdag_operator.section-2 to None, run_after=None
[2023-01-02T01:58:13.648+0000] {logging_mixin.py:137} INFO - [2023-01-02T01:58:13.648+0000] {dag.py:2676} INFO - Sync 2 DAGs
[2023-01-02T01:58:13.654+0000] {logging_mixin.py:137} INFO - [2023-01-02T01:58:13.654+0000] {dag.py:3427} INFO - Setting next_dagrun for example_subdag_operator.section-1 to None, run_after=None
[2023-01-02T01:58:13.655+0000] {logging_mixin.py:137} INFO - [2023-01-02T01:58:13.655+0000] {dag.py:3427} INFO - Setting next_dagrun for example_subdag_operator.section-2 to None, run_after=None
[2023-01-02T01:58:13.667+0000] {processor.py:175} INFO - Processing /home/airflow/.local/lib/python3.7/site-packages/airflow/example_dags/example_subdag_operator.py took 0.115 seconds
[2023-01-02T02:00:43.673+0000] {processor.py:153} INFO - Started process (PID=67) to work on /home/airflow/.local/lib/python3.7/site-packages/airflow/example_dags/example_subdag_operator.py
[2023-01-02T02:00:43.676+0000] {processor.py:743} INFO - Processing file /home/airflow/.local/lib/python3.7/site-packages/airflow/example_dags/example_subdag_operator.py for tasks to queue
[2023-01-02T02:00:43.677+0000] {logging_mixin.py:137} INFO - [2023-01-02T02:00:43.677+0000] {dagbag.py:538} INFO - Filling up the DagBag from /home/airflow/.local/lib/python3.7/site-packages/airflow/example_dags/example_subdag_operator.py
[2023-01-02T02:00:43.711+0000] {processor.py:753} INFO - DAG(s) dict_keys(['example_subdag_operator.section-1', 'example_subdag_operator.section-2', 'example_subdag_operator']) retrieved from /home/airflow/.local/lib/python3.7/site-packages/airflow/example_dags/example_subdag_operator.py
[2023-01-02T02:00:43.726+0000] {logging_mixin.py:137} INFO - [2023-01-02T02:00:43.725+0000] {dag.py:2676} INFO - Sync 3 DAGs
[2023-01-02T02:00:43.766+0000] {logging_mixin.py:137} INFO - [2023-01-02T02:00:43.766+0000] {dag.py:3427} INFO - Setting next_dagrun for example_subdag_operator to 2022-01-01T00:00:00+00:00, run_after=2022-01-01T00:00:00+00:00
[2023-01-02T02:00:43.780+0000] {logging_mixin.py:137} INFO - [2023-01-02T02:00:43.780+0000] {dag.py:3427} INFO - Setting next_dagrun for example_subdag_operator.section-1 to None, run_after=None
[2023-01-02T02:00:43.784+0000] {logging_mixin.py:137} INFO - [2023-01-02T02:00:43.784+0000] {dag.py:3427} INFO - Setting next_dagrun for example_subdag_operator.section-2 to None, run_after=None
[2023-01-02T02:00:43.800+0000] {logging_mixin.py:137} INFO - [2023-01-02T02:00:43.800+0000] {dag.py:2676} INFO - Sync 2 DAGs
[2023-01-02T02:00:43.808+0000] {logging_mixin.py:137} INFO - [2023-01-02T02:00:43.808+0000] {dag.py:3427} INFO - Setting next_dagrun for example_subdag_operator.section-1 to None, run_after=None
[2023-01-02T02:00:43.810+0000] {logging_mixin.py:137} INFO - [2023-01-02T02:00:43.809+0000] {dag.py:3427} INFO - Setting next_dagrun for example_subdag_operator.section-2 to None, run_after=None
[2023-01-02T02:00:43.823+0000] {processor.py:175} INFO - Processing /home/airflow/.local/lib/python3.7/site-packages/airflow/example_dags/example_subdag_operator.py took 0.153 seconds
[2023-01-02T02:01:14.572+0000] {processor.py:153} INFO - Started process (PID=145) to work on /home/airflow/.local/lib/python3.7/site-packages/airflow/example_dags/example_subdag_operator.py
[2023-01-02T02:01:14.573+0000] {processor.py:743} INFO - Processing file /home/airflow/.local/lib/python3.7/site-packages/airflow/example_dags/example_subdag_operator.py for tasks to queue
[2023-01-02T02:01:14.574+0000] {logging_mixin.py:137} INFO - [2023-01-02T02:01:14.574+0000] {dagbag.py:538} INFO - Filling up the DagBag from /home/airflow/.local/lib/python3.7/site-packages/airflow/example_dags/example_subdag_operator.py
[2023-01-02T02:01:14.607+0000] {processor.py:753} INFO - DAG(s) dict_keys(['example_subdag_operator.section-1', 'example_subdag_operator.section-2', 'example_subdag_operator']) retrieved from /home/airflow/.local/lib/python3.7/site-packages/airflow/example_dags/example_subdag_operator.py
[2023-01-02T02:01:14.629+0000] {logging_mixin.py:137} INFO - [2023-01-02T02:01:14.628+0000] {dag.py:2676} INFO - Sync 3 DAGs
[2023-01-02T02:01:14.647+0000] {logging_mixin.py:137} INFO - [2023-01-02T02:01:14.647+0000] {dag.py:3427} INFO - Setting next_dagrun for example_subdag_operator to 2022-01-01T00:00:00+00:00, run_after=2022-01-01T00:00:00+00:00
[2023-01-02T02:01:14.650+0000] {logging_mixin.py:137} INFO - [2023-01-02T02:01:14.650+0000] {dag.py:3427} INFO - Setting next_dagrun for example_subdag_operator.section-1 to None, run_after=None
[2023-01-02T02:01:14.651+0000] {logging_mixin.py:137} INFO - [2023-01-02T02:01:14.651+0000] {dag.py:3427} INFO - Setting next_dagrun for example_subdag_operator.section-2 to None, run_after=None
[2023-01-02T02:01:14.657+0000] {logging_mixin.py:137} INFO - [2023-01-02T02:01:14.657+0000] {dag.py:2676} INFO - Sync 2 DAGs
[2023-01-02T02:01:14.661+0000] {logging_mixin.py:137} INFO - [2023-01-02T02:01:14.661+0000] {dag.py:3427} INFO - Setting next_dagrun for example_subdag_operator.section-1 to None, run_after=None
[2023-01-02T02:01:14.662+0000] {logging_mixin.py:137} INFO - [2023-01-02T02:01:14.662+0000] {dag.py:3427} INFO - Setting next_dagrun for example_subdag_operator.section-2 to None, run_after=None
[2023-01-02T02:01:14.669+0000] {processor.py:175} INFO - Processing /home/airflow/.local/lib/python3.7/site-packages/airflow/example_dags/example_subdag_operator.py took 0.099 seconds
[2023-01-02T02:01:45.209+0000] {processor.py:153} INFO - Started process (PID=210) to work on /home/airflow/.local/lib/python3.7/site-packages/airflow/example_dags/example_subdag_operator.py
[2023-01-02T02:01:45.210+0000] {processor.py:743} INFO - Processing file /home/airflow/.local/lib/python3.7/site-packages/airflow/example_dags/example_subdag_operator.py for tasks to queue
[2023-01-02T02:01:45.211+0000] {logging_mixin.py:137} INFO - [2023-01-02T02:01:45.211+0000] {dagbag.py:538} INFO - Filling up the DagBag from /home/airflow/.local/lib/python3.7/site-packages/airflow/example_dags/example_subdag_operator.py
[2023-01-02T02:01:45.239+0000] {processor.py:753} INFO - DAG(s) dict_keys(['example_subdag_operator.section-1', 'example_subdag_operator.section-2', 'example_subdag_operator']) retrieved from /home/airflow/.local/lib/python3.7/site-packages/airflow/example_dags/example_subdag_operator.py
[2023-01-02T02:01:45.261+0000] {logging_mixin.py:137} INFO - [2023-01-02T02:01:45.261+0000] {dag.py:2676} INFO - Sync 3 DAGs
[2023-01-02T02:01:45.291+0000] {logging_mixin.py:137} INFO - [2023-01-02T02:01:45.291+0000] {dag.py:3427} INFO - Setting next_dagrun for example_subdag_operator to 2022-01-01T00:00:00+00:00, run_after=2022-01-01T00:00:00+00:00
[2023-01-02T02:01:45.296+0000] {logging_mixin.py:137} INFO - [2023-01-02T02:01:45.296+0000] {dag.py:3427} INFO - Setting next_dagrun for example_subdag_operator.section-1 to None, run_after=None
[2023-01-02T02:01:45.298+0000] {logging_mixin.py:137} INFO - [2023-01-02T02:01:45.298+0000] {dag.py:3427} INFO - Setting next_dagrun for example_subdag_operator.section-2 to None, run_after=None
[2023-01-02T02:01:45.308+0000] {logging_mixin.py:137} INFO - [2023-01-02T02:01:45.308+0000] {dag.py:2676} INFO - Sync 2 DAGs
[2023-01-02T02:01:45.313+0000] {logging_mixin.py:137} INFO - [2023-01-02T02:01:45.313+0000] {dag.py:3427} INFO - Setting next_dagrun for example_subdag_operator.section-1 to None, run_after=None
[2023-01-02T02:01:45.314+0000] {logging_mixin.py:137} INFO - [2023-01-02T02:01:45.314+0000] {dag.py:3427} INFO - Setting next_dagrun for example_subdag_operator.section-2 to None, run_after=None
[2023-01-02T02:01:45.336+0000] {processor.py:175} INFO - Processing /home/airflow/.local/lib/python3.7/site-packages/airflow/example_dags/example_subdag_operator.py took 0.130 seconds
[2023-01-02T02:02:15.596+0000] {processor.py:153} INFO - Started process (PID=288) to work on /home/airflow/.local/lib/python3.7/site-packages/airflow/example_dags/example_subdag_operator.py
[2023-01-02T02:02:15.597+0000] {processor.py:743} INFO - Processing file /home/airflow/.local/lib/python3.7/site-packages/airflow/example_dags/example_subdag_operator.py for tasks to queue
[2023-01-02T02:02:15.598+0000] {logging_mixin.py:137} INFO - [2023-01-02T02:02:15.598+0000] {dagbag.py:538} INFO - Filling up the DagBag from /home/airflow/.local/lib/python3.7/site-packages/airflow/example_dags/example_subdag_operator.py
[2023-01-02T02:02:15.631+0000] {processor.py:753} INFO - DAG(s) dict_keys(['example_subdag_operator.section-1', 'example_subdag_operator.section-2', 'example_subdag_operator']) retrieved from /home/airflow/.local/lib/python3.7/site-packages/airflow/example_dags/example_subdag_operator.py
[2023-01-02T02:02:15.659+0000] {logging_mixin.py:137} INFO - [2023-01-02T02:02:15.659+0000] {dag.py:2676} INFO - Sync 3 DAGs
[2023-01-02T02:02:15.680+0000] {logging_mixin.py:137} INFO - [2023-01-02T02:02:15.680+0000] {dag.py:3427} INFO - Setting next_dagrun for example_subdag_operator to 2022-01-01T00:00:00+00:00, run_after=2022-01-01T00:00:00+00:00
[2023-01-02T02:02:15.683+0000] {logging_mixin.py:137} INFO - [2023-01-02T02:02:15.683+0000] {dag.py:3427} INFO - Setting next_dagrun for example_subdag_operator.section-1 to None, run_after=None
[2023-01-02T02:02:15.684+0000] {logging_mixin.py:137} INFO - [2023-01-02T02:02:15.684+0000] {dag.py:3427} INFO - Setting next_dagrun for example_subdag_operator.section-2 to None, run_after=None
[2023-01-02T02:02:15.690+0000] {logging_mixin.py:137} INFO - [2023-01-02T02:02:15.690+0000] {dag.py:2676} INFO - Sync 2 DAGs
[2023-01-02T02:02:15.694+0000] {logging_mixin.py:137} INFO - [2023-01-02T02:02:15.694+0000] {dag.py:3427} INFO - Setting next_dagrun for example_subdag_operator.section-1 to None, run_after=None
[2023-01-02T02:02:15.695+0000] {logging_mixin.py:137} INFO - [2023-01-02T02:02:15.695+0000] {dag.py:3427} INFO - Setting next_dagrun for example_subdag_operator.section-2 to None, run_after=None
[2023-01-02T02:02:15.702+0000] {processor.py:175} INFO - Processing /home/airflow/.local/lib/python3.7/site-packages/airflow/example_dags/example_subdag_operator.py took 0.109 seconds
[2023-01-02T02:02:45.747+0000] {processor.py:153} INFO - Started process (PID=367) to work on /home/airflow/.local/lib/python3.7/site-packages/airflow/example_dags/example_subdag_operator.py
[2023-01-02T02:02:45.750+0000] {processor.py:743} INFO - Processing file /home/airflow/.local/lib/python3.7/site-packages/airflow/example_dags/example_subdag_operator.py for tasks to queue
[2023-01-02T02:02:45.751+0000] {logging_mixin.py:137} INFO - [2023-01-02T02:02:45.751+0000] {dagbag.py:538} INFO - Filling up the DagBag from /home/airflow/.local/lib/python3.7/site-packages/airflow/example_dags/example_subdag_operator.py
[2023-01-02T02:02:45.778+0000] {processor.py:753} INFO - DAG(s) dict_keys(['example_subdag_operator.section-1', 'example_subdag_operator.section-2', 'example_subdag_operator']) retrieved from /home/airflow/.local/lib/python3.7/site-packages/airflow/example_dags/example_subdag_operator.py
[2023-01-02T02:02:45.799+0000] {logging_mixin.py:137} INFO - [2023-01-02T02:02:45.799+0000] {dag.py:2676} INFO - Sync 3 DAGs
[2023-01-02T02:02:45.818+0000] {logging_mixin.py:137} INFO - [2023-01-02T02:02:45.818+0000] {dag.py:3427} INFO - Setting next_dagrun for example_subdag_operator to 2022-01-01T00:00:00+00:00, run_after=2022-01-01T00:00:00+00:00
[2023-01-02T02:02:45.820+0000] {logging_mixin.py:137} INFO - [2023-01-02T02:02:45.820+0000] {dag.py:3427} INFO - Setting next_dagrun for example_subdag_operator.section-1 to None, run_after=None
[2023-01-02T02:02:45.822+0000] {logging_mixin.py:137} INFO - [2023-01-02T02:02:45.822+0000] {dag.py:3427} INFO - Setting next_dagrun for example_subdag_operator.section-2 to None, run_after=None
[2023-01-02T02:02:45.827+0000] {logging_mixin.py:137} INFO - [2023-01-02T02:02:45.827+0000] {dag.py:2676} INFO - Sync 2 DAGs
[2023-01-02T02:02:45.831+0000] {logging_mixin.py:137} INFO - [2023-01-02T02:02:45.831+0000] {dag.py:3427} INFO - Setting next_dagrun for example_subdag_operator.section-1 to None, run_after=None
[2023-01-02T02:02:45.832+0000] {logging_mixin.py:137} INFO - [2023-01-02T02:02:45.832+0000] {dag.py:3427} INFO - Setting next_dagrun for example_subdag_operator.section-2 to None, run_after=None
[2023-01-02T02:02:45.838+0000] {processor.py:175} INFO - Processing /home/airflow/.local/lib/python3.7/site-packages/airflow/example_dags/example_subdag_operator.py took 0.094 seconds
[2023-01-02T02:03:16.198+0000] {processor.py:153} INFO - Started process (PID=432) to work on /home/airflow/.local/lib/python3.7/site-packages/airflow/example_dags/example_subdag_operator.py
[2023-01-02T02:03:16.199+0000] {processor.py:743} INFO - Processing file /home/airflow/.local/lib/python3.7/site-packages/airflow/example_dags/example_subdag_operator.py for tasks to queue
[2023-01-02T02:03:16.200+0000] {logging_mixin.py:137} INFO - [2023-01-02T02:03:16.200+0000] {dagbag.py:538} INFO - Filling up the DagBag from /home/airflow/.local/lib/python3.7/site-packages/airflow/example_dags/example_subdag_operator.py
[2023-01-02T02:03:16.227+0000] {processor.py:753} INFO - DAG(s) dict_keys(['example_subdag_operator.section-1', 'example_subdag_operator.section-2', 'example_subdag_operator']) retrieved from /home/airflow/.local/lib/python3.7/site-packages/airflow/example_dags/example_subdag_operator.py
[2023-01-02T02:03:16.248+0000] {logging_mixin.py:137} INFO - [2023-01-02T02:03:16.248+0000] {dag.py:2676} INFO - Sync 3 DAGs
[2023-01-02T02:03:16.264+0000] {logging_mixin.py:137} INFO - [2023-01-02T02:03:16.264+0000] {dag.py:3427} INFO - Setting next_dagrun for example_subdag_operator to 2022-01-01T00:00:00+00:00, run_after=2022-01-01T00:00:00+00:00
[2023-01-02T02:03:16.268+0000] {logging_mixin.py:137} INFO - [2023-01-02T02:03:16.267+0000] {dag.py:3427} INFO - Setting next_dagrun for example_subdag_operator.section-1 to None, run_after=None
[2023-01-02T02:03:16.269+0000] {logging_mixin.py:137} INFO - [2023-01-02T02:03:16.269+0000] {dag.py:3427} INFO - Setting next_dagrun for example_subdag_operator.section-2 to None, run_after=None
[2023-01-02T02:03:16.275+0000] {logging_mixin.py:137} INFO - [2023-01-02T02:03:16.275+0000] {dag.py:2676} INFO - Sync 2 DAGs
[2023-01-02T02:03:16.280+0000] {logging_mixin.py:137} INFO - [2023-01-02T02:03:16.279+0000] {dag.py:3427} INFO - Setting next_dagrun for example_subdag_operator.section-1 to None, run_after=None
[2023-01-02T02:03:16.280+0000] {logging_mixin.py:137} INFO - [2023-01-02T02:03:16.280+0000] {dag.py:3427} INFO - Setting next_dagrun for example_subdag_operator.section-2 to None, run_after=None
[2023-01-02T02:03:16.287+0000] {processor.py:175} INFO - Processing /home/airflow/.local/lib/python3.7/site-packages/airflow/example_dags/example_subdag_operator.py took 0.093 seconds
[2023-01-02T02:03:46.344+0000] {processor.py:153} INFO - Started process (PID=510) to work on /home/airflow/.local/lib/python3.7/site-packages/airflow/example_dags/example_subdag_operator.py
[2023-01-02T02:03:46.346+0000] {processor.py:743} INFO - Processing file /home/airflow/.local/lib/python3.7/site-packages/airflow/example_dags/example_subdag_operator.py for tasks to queue
[2023-01-02T02:03:46.347+0000] {logging_mixin.py:137} INFO - [2023-01-02T02:03:46.347+0000] {dagbag.py:538} INFO - Filling up the DagBag from /home/airflow/.local/lib/python3.7/site-packages/airflow/example_dags/example_subdag_operator.py
[2023-01-02T02:03:46.376+0000] {processor.py:753} INFO - DAG(s) dict_keys(['example_subdag_operator.section-1', 'example_subdag_operator.section-2', 'example_subdag_operator']) retrieved from /home/airflow/.local/lib/python3.7/site-packages/airflow/example_dags/example_subdag_operator.py
[2023-01-02T02:03:46.394+0000] {logging_mixin.py:137} INFO - [2023-01-02T02:03:46.394+0000] {dag.py:2676} INFO - Sync 3 DAGs
[2023-01-02T02:03:46.409+0000] {logging_mixin.py:137} INFO - [2023-01-02T02:03:46.409+0000] {dag.py:3427} INFO - Setting next_dagrun for example_subdag_operator to 2022-01-01T00:00:00+00:00, run_after=2022-01-01T00:00:00+00:00
[2023-01-02T02:03:46.411+0000] {logging_mixin.py:137} INFO - [2023-01-02T02:03:46.411+0000] {dag.py:3427} INFO - Setting next_dagrun for example_subdag_operator.section-1 to None, run_after=None
[2023-01-02T02:03:46.412+0000] {logging_mixin.py:137} INFO - [2023-01-02T02:03:46.412+0000] {dag.py:3427} INFO - Setting next_dagrun for example_subdag_operator.section-2 to None, run_after=None
[2023-01-02T02:03:46.418+0000] {logging_mixin.py:137} INFO - [2023-01-02T02:03:46.418+0000] {dag.py:2676} INFO - Sync 2 DAGs
[2023-01-02T02:03:46.422+0000] {logging_mixin.py:137} INFO - [2023-01-02T02:03:46.422+0000] {dag.py:3427} INFO - Setting next_dagrun for example_subdag_operator.section-1 to None, run_after=None
[2023-01-02T02:03:46.422+0000] {logging_mixin.py:137} INFO - [2023-01-02T02:03:46.422+0000] {dag.py:3427} INFO - Setting next_dagrun for example_subdag_operator.section-2 to None, run_after=None
[2023-01-02T02:03:46.429+0000] {processor.py:175} INFO - Processing /home/airflow/.local/lib/python3.7/site-packages/airflow/example_dags/example_subdag_operator.py took 0.087 seconds
[2023-01-02T02:04:17.173+0000] {processor.py:153} INFO - Started process (PID=588) to work on /home/airflow/.local/lib/python3.7/site-packages/airflow/example_dags/example_subdag_operator.py
[2023-01-02T02:04:17.175+0000] {processor.py:743} INFO - Processing file /home/airflow/.local/lib/python3.7/site-packages/airflow/example_dags/example_subdag_operator.py for tasks to queue
[2023-01-02T02:04:17.176+0000] {logging_mixin.py:137} INFO - [2023-01-02T02:04:17.176+0000] {dagbag.py:538} INFO - Filling up the DagBag from /home/airflow/.local/lib/python3.7/site-packages/airflow/example_dags/example_subdag_operator.py
[2023-01-02T02:04:17.203+0000] {processor.py:753} INFO - DAG(s) dict_keys(['example_subdag_operator.section-1', 'example_subdag_operator.section-2', 'example_subdag_operator']) retrieved from /home/airflow/.local/lib/python3.7/site-packages/airflow/example_dags/example_subdag_operator.py
[2023-01-02T02:04:17.225+0000] {logging_mixin.py:137} INFO - [2023-01-02T02:04:17.225+0000] {dag.py:2676} INFO - Sync 3 DAGs
[2023-01-02T02:04:17.242+0000] {logging_mixin.py:137} INFO - [2023-01-02T02:04:17.242+0000] {dag.py:3427} INFO - Setting next_dagrun for example_subdag_operator to 2022-01-01T00:00:00+00:00, run_after=2022-01-01T00:00:00+00:00
[2023-01-02T02:04:17.245+0000] {logging_mixin.py:137} INFO - [2023-01-02T02:04:17.245+0000] {dag.py:3427} INFO - Setting next_dagrun for example_subdag_operator.section-1 to None, run_after=None
[2023-01-02T02:04:17.246+0000] {logging_mixin.py:137} INFO - [2023-01-02T02:04:17.246+0000] {dag.py:3427} INFO - Setting next_dagrun for example_subdag_operator.section-2 to None, run_after=None
[2023-01-02T02:04:17.252+0000] {logging_mixin.py:137} INFO - [2023-01-02T02:04:17.252+0000] {dag.py:2676} INFO - Sync 2 DAGs
[2023-01-02T02:04:17.256+0000] {logging_mixin.py:137} INFO - [2023-01-02T02:04:17.256+0000] {dag.py:3427} INFO - Setting next_dagrun for example_subdag_operator.section-1 to None, run_after=None
[2023-01-02T02:04:17.257+0000] {logging_mixin.py:137} INFO - [2023-01-02T02:04:17.257+0000] {dag.py:3427} INFO - Setting next_dagrun for example_subdag_operator.section-2 to None, run_after=None
[2023-01-02T02:04:17.264+0000] {processor.py:175} INFO - Processing /home/airflow/.local/lib/python3.7/site-packages/airflow/example_dags/example_subdag_operator.py took 0.094 seconds
[2023-01-02T02:04:47.937+0000] {processor.py:153} INFO - Started process (PID=655) to work on /home/airflow/.local/lib/python3.7/site-packages/airflow/example_dags/example_subdag_operator.py
[2023-01-02T02:04:47.938+0000] {processor.py:743} INFO - Processing file /home/airflow/.local/lib/python3.7/site-packages/airflow/example_dags/example_subdag_operator.py for tasks to queue
[2023-01-02T02:04:47.939+0000] {logging_mixin.py:137} INFO - [2023-01-02T02:04:47.939+0000] {dagbag.py:538} INFO - Filling up the DagBag from /home/airflow/.local/lib/python3.7/site-packages/airflow/example_dags/example_subdag_operator.py
[2023-01-02T02:04:47.966+0000] {processor.py:753} INFO - DAG(s) dict_keys(['example_subdag_operator.section-1', 'example_subdag_operator.section-2', 'example_subdag_operator']) retrieved from /home/airflow/.local/lib/python3.7/site-packages/airflow/example_dags/example_subdag_operator.py
[2023-01-02T02:04:47.986+0000] {logging_mixin.py:137} INFO - [2023-01-02T02:04:47.986+0000] {dag.py:2676} INFO - Sync 3 DAGs
[2023-01-02T02:04:48.003+0000] {logging_mixin.py:137} INFO - [2023-01-02T02:04:48.003+0000] {dag.py:3427} INFO - Setting next_dagrun for example_subdag_operator to 2022-01-01T00:00:00+00:00, run_after=2022-01-01T00:00:00+00:00
[2023-01-02T02:04:48.006+0000] {logging_mixin.py:137} INFO - [2023-01-02T02:04:48.006+0000] {dag.py:3427} INFO - Setting next_dagrun for example_subdag_operator.section-1 to None, run_after=None
[2023-01-02T02:04:48.007+0000] {logging_mixin.py:137} INFO - [2023-01-02T02:04:48.007+0000] {dag.py:3427} INFO - Setting next_dagrun for example_subdag_operator.section-2 to None, run_after=None
[2023-01-02T02:04:48.012+0000] {logging_mixin.py:137} INFO - [2023-01-02T02:04:48.012+0000] {dag.py:2676} INFO - Sync 2 DAGs
[2023-01-02T02:04:48.017+0000] {logging_mixin.py:137} INFO - [2023-01-02T02:04:48.017+0000] {dag.py:3427} INFO - Setting next_dagrun for example_subdag_operator.section-1 to None, run_after=None
[2023-01-02T02:04:48.017+0000] {logging_mixin.py:137} INFO - [2023-01-02T02:04:48.017+0000] {dag.py:3427} INFO - Setting next_dagrun for example_subdag_operator.section-2 to None, run_after=None
[2023-01-02T02:04:48.026+0000] {processor.py:175} INFO - Processing /home/airflow/.local/lib/python3.7/site-packages/airflow/example_dags/example_subdag_operator.py took 0.093 seconds
[2023-01-02T02:05:18.455+0000] {processor.py:153} INFO - Started process (PID=732) to work on /home/airflow/.local/lib/python3.7/site-packages/airflow/example_dags/example_subdag_operator.py
[2023-01-02T02:05:18.456+0000] {processor.py:743} INFO - Processing file /home/airflow/.local/lib/python3.7/site-packages/airflow/example_dags/example_subdag_operator.py for tasks to queue
[2023-01-02T02:05:18.457+0000] {logging_mixin.py:137} INFO - [2023-01-02T02:05:18.457+0000] {dagbag.py:538} INFO - Filling up the DagBag from /home/airflow/.local/lib/python3.7/site-packages/airflow/example_dags/example_subdag_operator.py
[2023-01-02T02:05:18.485+0000] {processor.py:753} INFO - DAG(s) dict_keys(['example_subdag_operator.section-1', 'example_subdag_operator.section-2', 'example_subdag_operator']) retrieved from /home/airflow/.local/lib/python3.7/site-packages/airflow/example_dags/example_subdag_operator.py
[2023-01-02T02:05:18.506+0000] {logging_mixin.py:137} INFO - [2023-01-02T02:05:18.506+0000] {dag.py:2676} INFO - Sync 3 DAGs
[2023-01-02T02:05:18.522+0000] {logging_mixin.py:137} INFO - [2023-01-02T02:05:18.521+0000] {dag.py:3427} INFO - Setting next_dagrun for example_subdag_operator to 2022-01-01T00:00:00+00:00, run_after=2022-01-01T00:00:00+00:00
[2023-01-02T02:05:18.526+0000] {logging_mixin.py:137} INFO - [2023-01-02T02:05:18.526+0000] {dag.py:3427} INFO - Setting next_dagrun for example_subdag_operator.section-1 to None, run_after=None
[2023-01-02T02:05:18.528+0000] {logging_mixin.py:137} INFO - [2023-01-02T02:05:18.528+0000] {dag.py:3427} INFO - Setting next_dagrun for example_subdag_operator.section-2 to None, run_after=None
[2023-01-02T02:05:18.538+0000] {logging_mixin.py:137} INFO - [2023-01-02T02:05:18.538+0000] {dag.py:2676} INFO - Sync 2 DAGs
[2023-01-02T02:05:18.543+0000] {logging_mixin.py:137} INFO - [2023-01-02T02:05:18.543+0000] {dag.py:3427} INFO - Setting next_dagrun for example_subdag_operator.section-1 to None, run_after=None
[2023-01-02T02:05:18.544+0000] {logging_mixin.py:137} INFO - [2023-01-02T02:05:18.544+0000] {dag.py:3427} INFO - Setting next_dagrun for example_subdag_operator.section-2 to None, run_after=None
[2023-01-02T02:05:18.552+0000] {processor.py:175} INFO - Processing /home/airflow/.local/lib/python3.7/site-packages/airflow/example_dags/example_subdag_operator.py took 0.100 seconds
[2023-01-02T02:05:49.376+0000] {processor.py:153} INFO - Started process (PID=797) to work on /home/airflow/.local/lib/python3.7/site-packages/airflow/example_dags/example_subdag_operator.py
[2023-01-02T02:05:49.377+0000] {processor.py:743} INFO - Processing file /home/airflow/.local/lib/python3.7/site-packages/airflow/example_dags/example_subdag_operator.py for tasks to queue
[2023-01-02T02:05:49.378+0000] {logging_mixin.py:137} INFO - [2023-01-02T02:05:49.377+0000] {dagbag.py:538} INFO - Filling up the DagBag from /home/airflow/.local/lib/python3.7/site-packages/airflow/example_dags/example_subdag_operator.py
[2023-01-02T02:05:49.404+0000] {processor.py:753} INFO - DAG(s) dict_keys(['example_subdag_operator.section-1', 'example_subdag_operator.section-2', 'example_subdag_operator']) retrieved from /home/airflow/.local/lib/python3.7/site-packages/airflow/example_dags/example_subdag_operator.py
[2023-01-02T02:05:49.424+0000] {logging_mixin.py:137} INFO - [2023-01-02T02:05:49.424+0000] {dag.py:2676} INFO - Sync 3 DAGs
[2023-01-02T02:05:49.441+0000] {logging_mixin.py:137} INFO - [2023-01-02T02:05:49.441+0000] {dag.py:3427} INFO - Setting next_dagrun for example_subdag_operator to 2022-01-01T00:00:00+00:00, run_after=2022-01-01T00:00:00+00:00
[2023-01-02T02:05:49.443+0000] {logging_mixin.py:137} INFO - [2023-01-02T02:05:49.443+0000] {dag.py:3427} INFO - Setting next_dagrun for example_subdag_operator.section-1 to None, run_after=None
[2023-01-02T02:05:49.444+0000] {logging_mixin.py:137} INFO - [2023-01-02T02:05:49.444+0000] {dag.py:3427} INFO - Setting next_dagrun for example_subdag_operator.section-2 to None, run_after=None
[2023-01-02T02:05:49.450+0000] {logging_mixin.py:137} INFO - [2023-01-02T02:05:49.450+0000] {dag.py:2676} INFO - Sync 2 DAGs
[2023-01-02T02:05:49.454+0000] {logging_mixin.py:137} INFO - [2023-01-02T02:05:49.454+0000] {dag.py:3427} INFO - Setting next_dagrun for example_subdag_operator.section-1 to None, run_after=None
[2023-01-02T02:05:49.455+0000] {logging_mixin.py:137} INFO - [2023-01-02T02:05:49.455+0000] {dag.py:3427} INFO - Setting next_dagrun for example_subdag_operator.section-2 to None, run_after=None
[2023-01-02T02:05:49.462+0000] {processor.py:175} INFO - Processing /home/airflow/.local/lib/python3.7/site-packages/airflow/example_dags/example_subdag_operator.py took 0.090 seconds
[2023-01-02T02:06:19.658+0000] {processor.py:153} INFO - Started process (PID=876) to work on /home/airflow/.local/lib/python3.7/site-packages/airflow/example_dags/example_subdag_operator.py
[2023-01-02T02:06:19.659+0000] {processor.py:743} INFO - Processing file /home/airflow/.local/lib/python3.7/site-packages/airflow/example_dags/example_subdag_operator.py for tasks to queue
[2023-01-02T02:06:19.660+0000] {logging_mixin.py:137} INFO - [2023-01-02T02:06:19.660+0000] {dagbag.py:538} INFO - Filling up the DagBag from /home/airflow/.local/lib/python3.7/site-packages/airflow/example_dags/example_subdag_operator.py
[2023-01-02T02:06:19.685+0000] {processor.py:753} INFO - DAG(s) dict_keys(['example_subdag_operator.section-1', 'example_subdag_operator.section-2', 'example_subdag_operator']) retrieved from /home/airflow/.local/lib/python3.7/site-packages/airflow/example_dags/example_subdag_operator.py
[2023-01-02T02:06:19.704+0000] {logging_mixin.py:137} INFO - [2023-01-02T02:06:19.704+0000] {dag.py:2676} INFO - Sync 3 DAGs
[2023-01-02T02:06:19.720+0000] {logging_mixin.py:137} INFO - [2023-01-02T02:06:19.720+0000] {dag.py:3427} INFO - Setting next_dagrun for example_subdag_operator to 2022-01-01T00:00:00+00:00, run_after=2022-01-01T00:00:00+00:00
[2023-01-02T02:06:19.723+0000] {logging_mixin.py:137} INFO - [2023-01-02T02:06:19.722+0000] {dag.py:3427} INFO - Setting next_dagrun for example_subdag_operator.section-1 to None, run_after=None
[2023-01-02T02:06:19.724+0000] {logging_mixin.py:137} INFO - [2023-01-02T02:06:19.724+0000] {dag.py:3427} INFO - Setting next_dagrun for example_subdag_operator.section-2 to None, run_after=None
[2023-01-02T02:06:19.728+0000] {logging_mixin.py:137} INFO - [2023-01-02T02:06:19.728+0000] {dag.py:2676} INFO - Sync 2 DAGs
[2023-01-02T02:06:19.731+0000] {logging_mixin.py:137} INFO - [2023-01-02T02:06:19.731+0000] {dag.py:3427} INFO - Setting next_dagrun for example_subdag_operator.section-1 to None, run_after=None
[2023-01-02T02:06:19.732+0000] {logging_mixin.py:137} INFO - [2023-01-02T02:06:19.732+0000] {dag.py:3427} INFO - Setting next_dagrun for example_subdag_operator.section-2 to None, run_after=None
[2023-01-02T02:06:19.738+0000] {processor.py:175} INFO - Processing /home/airflow/.local/lib/python3.7/site-packages/airflow/example_dags/example_subdag_operator.py took 0.083 seconds
[2023-01-02T02:06:50.576+0000] {processor.py:153} INFO - Started process (PID=954) to work on /home/airflow/.local/lib/python3.7/site-packages/airflow/example_dags/example_subdag_operator.py
[2023-01-02T02:06:50.577+0000] {processor.py:743} INFO - Processing file /home/airflow/.local/lib/python3.7/site-packages/airflow/example_dags/example_subdag_operator.py for tasks to queue
[2023-01-02T02:06:50.578+0000] {logging_mixin.py:137} INFO - [2023-01-02T02:06:50.578+0000] {dagbag.py:538} INFO - Filling up the DagBag from /home/airflow/.local/lib/python3.7/site-packages/airflow/example_dags/example_subdag_operator.py
[2023-01-02T02:06:50.603+0000] {processor.py:753} INFO - DAG(s) dict_keys(['example_subdag_operator.section-1', 'example_subdag_operator.section-2', 'example_subdag_operator']) retrieved from /home/airflow/.local/lib/python3.7/site-packages/airflow/example_dags/example_subdag_operator.py
[2023-01-02T02:06:50.623+0000] {logging_mixin.py:137} INFO - [2023-01-02T02:06:50.623+0000] {dag.py:2676} INFO - Sync 3 DAGs
[2023-01-02T02:06:50.637+0000] {logging_mixin.py:137} INFO - [2023-01-02T02:06:50.637+0000] {dag.py:3427} INFO - Setting next_dagrun for example_subdag_operator to 2022-01-01T00:00:00+00:00, run_after=2022-01-01T00:00:00+00:00
[2023-01-02T02:06:50.640+0000] {logging_mixin.py:137} INFO - [2023-01-02T02:06:50.640+0000] {dag.py:3427} INFO - Setting next_dagrun for example_subdag_operator.section-1 to None, run_after=None
[2023-01-02T02:06:50.642+0000] {logging_mixin.py:137} INFO - [2023-01-02T02:06:50.642+0000] {dag.py:3427} INFO - Setting next_dagrun for example_subdag_operator.section-2 to None, run_after=None
[2023-01-02T02:06:50.647+0000] {logging_mixin.py:137} INFO - [2023-01-02T02:06:50.647+0000] {dag.py:2676} INFO - Sync 2 DAGs
[2023-01-02T02:06:50.651+0000] {logging_mixin.py:137} INFO - [2023-01-02T02:06:50.651+0000] {dag.py:3427} INFO - Setting next_dagrun for example_subdag_operator.section-1 to None, run_after=None
[2023-01-02T02:06:50.652+0000] {logging_mixin.py:137} INFO - [2023-01-02T02:06:50.652+0000] {dag.py:3427} INFO - Setting next_dagrun for example_subdag_operator.section-2 to None, run_after=None
[2023-01-02T02:06:50.659+0000] {processor.py:175} INFO - Processing /home/airflow/.local/lib/python3.7/site-packages/airflow/example_dags/example_subdag_operator.py took 0.087 seconds
[2023-01-02T02:07:21.187+0000] {processor.py:153} INFO - Started process (PID=1020) to work on /home/airflow/.local/lib/python3.7/site-packages/airflow/example_dags/example_subdag_operator.py
[2023-01-02T02:07:21.188+0000] {processor.py:743} INFO - Processing file /home/airflow/.local/lib/python3.7/site-packages/airflow/example_dags/example_subdag_operator.py for tasks to queue
[2023-01-02T02:07:21.189+0000] {logging_mixin.py:137} INFO - [2023-01-02T02:07:21.189+0000] {dagbag.py:538} INFO - Filling up the DagBag from /home/airflow/.local/lib/python3.7/site-packages/airflow/example_dags/example_subdag_operator.py
[2023-01-02T02:07:21.214+0000] {processor.py:753} INFO - DAG(s) dict_keys(['example_subdag_operator.section-1', 'example_subdag_operator.section-2', 'example_subdag_operator']) retrieved from /home/airflow/.local/lib/python3.7/site-packages/airflow/example_dags/example_subdag_operator.py
[2023-01-02T02:07:21.236+0000] {logging_mixin.py:137} INFO - [2023-01-02T02:07:21.235+0000] {dag.py:2676} INFO - Sync 3 DAGs
[2023-01-02T02:07:21.250+0000] {logging_mixin.py:137} INFO - [2023-01-02T02:07:21.250+0000] {dag.py:3427} INFO - Setting next_dagrun for example_subdag_operator to 2022-01-01T00:00:00+00:00, run_after=2022-01-01T00:00:00+00:00
[2023-01-02T02:07:21.252+0000] {logging_mixin.py:137} INFO - [2023-01-02T02:07:21.252+0000] {dag.py:3427} INFO - Setting next_dagrun for example_subdag_operator.section-1 to None, run_after=None
[2023-01-02T02:07:21.253+0000] {logging_mixin.py:137} INFO - [2023-01-02T02:07:21.253+0000] {dag.py:3427} INFO - Setting next_dagrun for example_subdag_operator.section-2 to None, run_after=None
[2023-01-02T02:07:21.258+0000] {logging_mixin.py:137} INFO - [2023-01-02T02:07:21.258+0000] {dag.py:2676} INFO - Sync 2 DAGs
[2023-01-02T02:07:21.262+0000] {logging_mixin.py:137} INFO - [2023-01-02T02:07:21.262+0000] {dag.py:3427} INFO - Setting next_dagrun for example_subdag_operator.section-1 to None, run_after=None
[2023-01-02T02:07:21.262+0000] {logging_mixin.py:137} INFO - [2023-01-02T02:07:21.262+0000] {dag.py:3427} INFO - Setting next_dagrun for example_subdag_operator.section-2 to None, run_after=None
[2023-01-02T02:07:21.270+0000] {processor.py:175} INFO - Processing /home/airflow/.local/lib/python3.7/site-packages/airflow/example_dags/example_subdag_operator.py took 0.086 seconds
[2023-01-02T02:07:51.600+0000] {processor.py:153} INFO - Started process (PID=1098) to work on /home/airflow/.local/lib/python3.7/site-packages/airflow/example_dags/example_subdag_operator.py
[2023-01-02T02:07:51.601+0000] {processor.py:743} INFO - Processing file /home/airflow/.local/lib/python3.7/site-packages/airflow/example_dags/example_subdag_operator.py for tasks to queue
[2023-01-02T02:07:51.602+0000] {logging_mixin.py:137} INFO - [2023-01-02T02:07:51.602+0000] {dagbag.py:538} INFO - Filling up the DagBag from /home/airflow/.local/lib/python3.7/site-packages/airflow/example_dags/example_subdag_operator.py
[2023-01-02T02:07:51.628+0000] {processor.py:753} INFO - DAG(s) dict_keys(['example_subdag_operator.section-1', 'example_subdag_operator.section-2', 'example_subdag_operator']) retrieved from /home/airflow/.local/lib/python3.7/site-packages/airflow/example_dags/example_subdag_operator.py
[2023-01-02T02:07:51.649+0000] {logging_mixin.py:137} INFO - [2023-01-02T02:07:51.649+0000] {dag.py:2676} INFO - Sync 3 DAGs
[2023-01-02T02:07:51.664+0000] {logging_mixin.py:137} INFO - [2023-01-02T02:07:51.664+0000] {dag.py:3427} INFO - Setting next_dagrun for example_subdag_operator to 2022-01-01T00:00:00+00:00, run_after=2022-01-01T00:00:00+00:00
[2023-01-02T02:07:51.668+0000] {logging_mixin.py:137} INFO - [2023-01-02T02:07:51.668+0000] {dag.py:3427} INFO - Setting next_dagrun for example_subdag_operator.section-1 to None, run_after=None
[2023-01-02T02:07:51.669+0000] {logging_mixin.py:137} INFO - [2023-01-02T02:07:51.669+0000] {dag.py:3427} INFO - Setting next_dagrun for example_subdag_operator.section-2 to None, run_after=None
[2023-01-02T02:07:51.674+0000] {logging_mixin.py:137} INFO - [2023-01-02T02:07:51.674+0000] {dag.py:2676} INFO - Sync 2 DAGs
[2023-01-02T02:07:51.677+0000] {logging_mixin.py:137} INFO - [2023-01-02T02:07:51.677+0000] {dag.py:3427} INFO - Setting next_dagrun for example_subdag_operator.section-1 to None, run_after=None
[2023-01-02T02:07:51.678+0000] {logging_mixin.py:137} INFO - [2023-01-02T02:07:51.678+0000] {dag.py:3427} INFO - Setting next_dagrun for example_subdag_operator.section-2 to None, run_after=None
[2023-01-02T02:07:51.683+0000] {processor.py:175} INFO - Processing /home/airflow/.local/lib/python3.7/site-packages/airflow/example_dags/example_subdag_operator.py took 0.086 seconds
[2023-01-02T02:08:22.686+0000] {processor.py:153} INFO - Started process (PID=1175) to work on /home/airflow/.local/lib/python3.7/site-packages/airflow/example_dags/example_subdag_operator.py
[2023-01-02T02:08:22.687+0000] {processor.py:743} INFO - Processing file /home/airflow/.local/lib/python3.7/site-packages/airflow/example_dags/example_subdag_operator.py for tasks to queue
[2023-01-02T02:08:22.688+0000] {logging_mixin.py:137} INFO - [2023-01-02T02:08:22.688+0000] {dagbag.py:538} INFO - Filling up the DagBag from /home/airflow/.local/lib/python3.7/site-packages/airflow/example_dags/example_subdag_operator.py
[2023-01-02T02:08:22.724+0000] {processor.py:753} INFO - DAG(s) dict_keys(['example_subdag_operator.section-1', 'example_subdag_operator.section-2', 'example_subdag_operator']) retrieved from /home/airflow/.local/lib/python3.7/site-packages/airflow/example_dags/example_subdag_operator.py
[2023-01-02T02:08:22.749+0000] {logging_mixin.py:137} INFO - [2023-01-02T02:08:22.749+0000] {dag.py:2676} INFO - Sync 3 DAGs
[2023-01-02T02:08:22.768+0000] {logging_mixin.py:137} INFO - [2023-01-02T02:08:22.768+0000] {dag.py:3427} INFO - Setting next_dagrun for example_subdag_operator to 2022-01-01T00:00:00+00:00, run_after=2022-01-01T00:00:00+00:00
[2023-01-02T02:08:22.772+0000] {logging_mixin.py:137} INFO - [2023-01-02T02:08:22.771+0000] {dag.py:3427} INFO - Setting next_dagrun for example_subdag_operator.section-1 to None, run_after=None
[2023-01-02T02:08:22.773+0000] {logging_mixin.py:137} INFO - [2023-01-02T02:08:22.773+0000] {dag.py:3427} INFO - Setting next_dagrun for example_subdag_operator.section-2 to None, run_after=None
[2023-01-02T02:08:22.778+0000] {logging_mixin.py:137} INFO - [2023-01-02T02:08:22.778+0000] {dag.py:2676} INFO - Sync 2 DAGs
[2023-01-02T02:08:22.783+0000] {logging_mixin.py:137} INFO - [2023-01-02T02:08:22.782+0000] {dag.py:3427} INFO - Setting next_dagrun for example_subdag_operator.section-1 to None, run_after=None
[2023-01-02T02:08:22.783+0000] {logging_mixin.py:137} INFO - [2023-01-02T02:08:22.783+0000] {dag.py:3427} INFO - Setting next_dagrun for example_subdag_operator.section-2 to None, run_after=None
[2023-01-02T02:08:22.792+0000] {processor.py:175} INFO - Processing /home/airflow/.local/lib/python3.7/site-packages/airflow/example_dags/example_subdag_operator.py took 0.112 seconds
[2023-01-02T02:08:53.222+0000] {processor.py:153} INFO - Started process (PID=1240) to work on /home/airflow/.local/lib/python3.7/site-packages/airflow/example_dags/example_subdag_operator.py
[2023-01-02T02:08:53.223+0000] {processor.py:743} INFO - Processing file /home/airflow/.local/lib/python3.7/site-packages/airflow/example_dags/example_subdag_operator.py for tasks to queue
[2023-01-02T02:08:53.224+0000] {logging_mixin.py:137} INFO - [2023-01-02T02:08:53.224+0000] {dagbag.py:538} INFO - Filling up the DagBag from /home/airflow/.local/lib/python3.7/site-packages/airflow/example_dags/example_subdag_operator.py
[2023-01-02T02:08:53.253+0000] {processor.py:753} INFO - DAG(s) dict_keys(['example_subdag_operator.section-1', 'example_subdag_operator.section-2', 'example_subdag_operator']) retrieved from /home/airflow/.local/lib/python3.7/site-packages/airflow/example_dags/example_subdag_operator.py
[2023-01-02T02:08:53.275+0000] {logging_mixin.py:137} INFO - [2023-01-02T02:08:53.275+0000] {dag.py:2676} INFO - Sync 3 DAGs
[2023-01-02T02:08:53.290+0000] {logging_mixin.py:137} INFO - [2023-01-02T02:08:53.290+0000] {dag.py:3427} INFO - Setting next_dagrun for example_subdag_operator to 2022-01-01T00:00:00+00:00, run_after=2022-01-01T00:00:00+00:00
[2023-01-02T02:08:53.293+0000] {logging_mixin.py:137} INFO - [2023-01-02T02:08:53.292+0000] {dag.py:3427} INFO - Setting next_dagrun for example_subdag_operator.section-1 to None, run_after=None
[2023-01-02T02:08:53.294+0000] {logging_mixin.py:137} INFO - [2023-01-02T02:08:53.294+0000] {dag.py:3427} INFO - Setting next_dagrun for example_subdag_operator.section-2 to None, run_after=None
[2023-01-02T02:08:53.299+0000] {logging_mixin.py:137} INFO - [2023-01-02T02:08:53.299+0000] {dag.py:2676} INFO - Sync 2 DAGs
[2023-01-02T02:08:53.303+0000] {logging_mixin.py:137} INFO - [2023-01-02T02:08:53.303+0000] {dag.py:3427} INFO - Setting next_dagrun for example_subdag_operator.section-1 to None, run_after=None
[2023-01-02T02:08:53.304+0000] {logging_mixin.py:137} INFO - [2023-01-02T02:08:53.304+0000] {dag.py:3427} INFO - Setting next_dagrun for example_subdag_operator.section-2 to None, run_after=None
[2023-01-02T02:08:53.310+0000] {processor.py:175} INFO - Processing /home/airflow/.local/lib/python3.7/site-packages/airflow/example_dags/example_subdag_operator.py took 0.091 seconds
[2023-01-02T02:09:23.557+0000] {processor.py:153} INFO - Started process (PID=1319) to work on /home/airflow/.local/lib/python3.7/site-packages/airflow/example_dags/example_subdag_operator.py
[2023-01-02T02:09:23.559+0000] {processor.py:743} INFO - Processing file /home/airflow/.local/lib/python3.7/site-packages/airflow/example_dags/example_subdag_operator.py for tasks to queue
[2023-01-02T02:09:23.559+0000] {logging_mixin.py:137} INFO - [2023-01-02T02:09:23.559+0000] {dagbag.py:538} INFO - Filling up the DagBag from /home/airflow/.local/lib/python3.7/site-packages/airflow/example_dags/example_subdag_operator.py
[2023-01-02T02:09:23.586+0000] {processor.py:753} INFO - DAG(s) dict_keys(['example_subdag_operator.section-1', 'example_subdag_operator.section-2', 'example_subdag_operator']) retrieved from /home/airflow/.local/lib/python3.7/site-packages/airflow/example_dags/example_subdag_operator.py
[2023-01-02T02:09:23.607+0000] {logging_mixin.py:137} INFO - [2023-01-02T02:09:23.607+0000] {dag.py:2676} INFO - Sync 3 DAGs
[2023-01-02T02:09:23.625+0000] {logging_mixin.py:137} INFO - [2023-01-02T02:09:23.625+0000] {dag.py:3427} INFO - Setting next_dagrun for example_subdag_operator to 2022-01-01T00:00:00+00:00, run_after=2022-01-01T00:00:00+00:00
[2023-01-02T02:09:23.629+0000] {logging_mixin.py:137} INFO - [2023-01-02T02:09:23.629+0000] {dag.py:3427} INFO - Setting next_dagrun for example_subdag_operator.section-1 to None, run_after=None
[2023-01-02T02:09:23.630+0000] {logging_mixin.py:137} INFO - [2023-01-02T02:09:23.630+0000] {dag.py:3427} INFO - Setting next_dagrun for example_subdag_operator.section-2 to None, run_after=None
[2023-01-02T02:09:23.636+0000] {logging_mixin.py:137} INFO - [2023-01-02T02:09:23.636+0000] {dag.py:2676} INFO - Sync 2 DAGs
[2023-01-02T02:09:23.641+0000] {logging_mixin.py:137} INFO - [2023-01-02T02:09:23.640+0000] {dag.py:3427} INFO - Setting next_dagrun for example_subdag_operator.section-1 to None, run_after=None
[2023-01-02T02:09:23.641+0000] {logging_mixin.py:137} INFO - [2023-01-02T02:09:23.641+0000] {dag.py:3427} INFO - Setting next_dagrun for example_subdag_operator.section-2 to None, run_after=None
[2023-01-02T02:09:23.648+0000] {processor.py:175} INFO - Processing /home/airflow/.local/lib/python3.7/site-packages/airflow/example_dags/example_subdag_operator.py took 0.094 seconds
[2023-01-02T02:09:54.193+0000] {processor.py:153} INFO - Started process (PID=1397) to work on /home/airflow/.local/lib/python3.7/site-packages/airflow/example_dags/example_subdag_operator.py
[2023-01-02T02:09:54.196+0000] {processor.py:743} INFO - Processing file /home/airflow/.local/lib/python3.7/site-packages/airflow/example_dags/example_subdag_operator.py for tasks to queue
[2023-01-02T02:09:54.198+0000] {logging_mixin.py:137} INFO - [2023-01-02T02:09:54.198+0000] {dagbag.py:538} INFO - Filling up the DagBag from /home/airflow/.local/lib/python3.7/site-packages/airflow/example_dags/example_subdag_operator.py
[2023-01-02T02:09:54.264+0000] {processor.py:753} INFO - DAG(s) dict_keys(['example_subdag_operator.section-1', 'example_subdag_operator.section-2', 'example_subdag_operator']) retrieved from /home/airflow/.local/lib/python3.7/site-packages/airflow/example_dags/example_subdag_operator.py
[2023-01-02T02:09:54.287+0000] {logging_mixin.py:137} INFO - [2023-01-02T02:09:54.287+0000] {dag.py:2676} INFO - Sync 3 DAGs
[2023-01-02T02:09:54.308+0000] {logging_mixin.py:137} INFO - [2023-01-02T02:09:54.308+0000] {dag.py:3427} INFO - Setting next_dagrun for example_subdag_operator to 2022-01-01T00:00:00+00:00, run_after=2022-01-01T00:00:00+00:00
[2023-01-02T02:09:54.312+0000] {logging_mixin.py:137} INFO - [2023-01-02T02:09:54.312+0000] {dag.py:3427} INFO - Setting next_dagrun for example_subdag_operator.section-1 to None, run_after=None
[2023-01-02T02:09:54.314+0000] {logging_mixin.py:137} INFO - [2023-01-02T02:09:54.314+0000] {dag.py:3427} INFO - Setting next_dagrun for example_subdag_operator.section-2 to None, run_after=None
[2023-01-02T02:09:54.322+0000] {logging_mixin.py:137} INFO - [2023-01-02T02:09:54.322+0000] {dag.py:2676} INFO - Sync 2 DAGs
[2023-01-02T02:09:54.329+0000] {logging_mixin.py:137} INFO - [2023-01-02T02:09:54.329+0000] {dag.py:3427} INFO - Setting next_dagrun for example_subdag_operator.section-1 to None, run_after=None
[2023-01-02T02:09:54.331+0000] {logging_mixin.py:137} INFO - [2023-01-02T02:09:54.331+0000] {dag.py:3427} INFO - Setting next_dagrun for example_subdag_operator.section-2 to None, run_after=None
[2023-01-02T02:09:54.339+0000] {processor.py:175} INFO - Processing /home/airflow/.local/lib/python3.7/site-packages/airflow/example_dags/example_subdag_operator.py took 0.152 seconds
