[2023-01-02T01:57:09.872+0000] {processor.py:153} INFO - Started process (PID=37) to work on /home/airflow/.local/lib/python3.7/site-packages/airflow/example_dags/example_external_task_marker_dag.py
[2023-01-02T01:57:09.873+0000] {processor.py:743} INFO - Processing file /home/airflow/.local/lib/python3.7/site-packages/airflow/example_dags/example_external_task_marker_dag.py for tasks to queue
[2023-01-02T01:57:09.874+0000] {logging_mixin.py:137} INFO - [2023-01-02T01:57:09.874+0000] {dagbag.py:538} INFO - Filling up the DagBag from /home/airflow/.local/lib/python3.7/site-packages/airflow/example_dags/example_external_task_marker_dag.py
[2023-01-02T01:57:09.888+0000] {processor.py:753} INFO - DAG(s) dict_keys(['example_external_task_marker_child', 'example_external_task_marker_parent']) retrieved from /home/airflow/.local/lib/python3.7/site-packages/airflow/example_dags/example_external_task_marker_dag.py
[2023-01-02T01:57:09.912+0000] {logging_mixin.py:137} INFO - [2023-01-02T01:57:09.912+0000] {dag.py:2676} INFO - Sync 2 DAGs
[2023-01-02T01:57:09.931+0000] {logging_mixin.py:137} INFO - [2023-01-02T01:57:09.931+0000] {dag.py:3427} INFO - Setting next_dagrun for example_external_task_marker_child to None, run_after=None
[2023-01-02T01:57:09.933+0000] {logging_mixin.py:137} INFO - [2023-01-02T01:57:09.933+0000] {dag.py:3427} INFO - Setting next_dagrun for example_external_task_marker_parent to None, run_after=None
[2023-01-02T01:57:09.945+0000] {processor.py:175} INFO - Processing /home/airflow/.local/lib/python3.7/site-packages/airflow/example_dags/example_external_task_marker_dag.py took 0.076 seconds
[2023-01-02T01:57:40.272+0000] {processor.py:153} INFO - Started process (PID=115) to work on /home/airflow/.local/lib/python3.7/site-packages/airflow/example_dags/example_external_task_marker_dag.py
[2023-01-02T01:57:40.273+0000] {processor.py:743} INFO - Processing file /home/airflow/.local/lib/python3.7/site-packages/airflow/example_dags/example_external_task_marker_dag.py for tasks to queue
[2023-01-02T01:57:40.274+0000] {logging_mixin.py:137} INFO - [2023-01-02T01:57:40.274+0000] {dagbag.py:538} INFO - Filling up the DagBag from /home/airflow/.local/lib/python3.7/site-packages/airflow/example_dags/example_external_task_marker_dag.py
[2023-01-02T01:57:40.288+0000] {processor.py:753} INFO - DAG(s) dict_keys(['example_external_task_marker_child', 'example_external_task_marker_parent']) retrieved from /home/airflow/.local/lib/python3.7/site-packages/airflow/example_dags/example_external_task_marker_dag.py
[2023-01-02T01:57:40.318+0000] {logging_mixin.py:137} INFO - [2023-01-02T01:57:40.318+0000] {dag.py:2676} INFO - Sync 2 DAGs
[2023-01-02T01:57:40.334+0000] {logging_mixin.py:137} INFO - [2023-01-02T01:57:40.334+0000] {dag.py:3427} INFO - Setting next_dagrun for example_external_task_marker_child to None, run_after=None
[2023-01-02T01:57:40.337+0000] {logging_mixin.py:137} INFO - [2023-01-02T01:57:40.337+0000] {dag.py:3427} INFO - Setting next_dagrun for example_external_task_marker_parent to None, run_after=None
[2023-01-02T01:57:40.347+0000] {processor.py:175} INFO - Processing /home/airflow/.local/lib/python3.7/site-packages/airflow/example_dags/example_external_task_marker_dag.py took 0.078 seconds
[2023-01-02T01:58:10.993+0000] {processor.py:153} INFO - Started process (PID=180) to work on /home/airflow/.local/lib/python3.7/site-packages/airflow/example_dags/example_external_task_marker_dag.py
[2023-01-02T01:58:10.994+0000] {processor.py:743} INFO - Processing file /home/airflow/.local/lib/python3.7/site-packages/airflow/example_dags/example_external_task_marker_dag.py for tasks to queue
[2023-01-02T01:58:10.995+0000] {logging_mixin.py:137} INFO - [2023-01-02T01:58:10.995+0000] {dagbag.py:538} INFO - Filling up the DagBag from /home/airflow/.local/lib/python3.7/site-packages/airflow/example_dags/example_external_task_marker_dag.py
[2023-01-02T01:58:11.007+0000] {processor.py:753} INFO - DAG(s) dict_keys(['example_external_task_marker_parent', 'example_external_task_marker_child']) retrieved from /home/airflow/.local/lib/python3.7/site-packages/airflow/example_dags/example_external_task_marker_dag.py
[2023-01-02T01:58:11.043+0000] {logging_mixin.py:137} INFO - [2023-01-02T01:58:11.042+0000] {dag.py:2676} INFO - Sync 2 DAGs
[2023-01-02T01:58:11.062+0000] {logging_mixin.py:137} INFO - [2023-01-02T01:58:11.061+0000] {dag.py:3427} INFO - Setting next_dagrun for example_external_task_marker_child to None, run_after=None
[2023-01-02T01:58:11.066+0000] {logging_mixin.py:137} INFO - [2023-01-02T01:58:11.066+0000] {dag.py:3427} INFO - Setting next_dagrun for example_external_task_marker_parent to None, run_after=None
[2023-01-02T01:58:11.090+0000] {processor.py:175} INFO - Processing /home/airflow/.local/lib/python3.7/site-packages/airflow/example_dags/example_external_task_marker_dag.py took 0.100 seconds
[2023-01-02T02:00:41.146+0000] {processor.py:153} INFO - Started process (PID=37) to work on /home/airflow/.local/lib/python3.7/site-packages/airflow/example_dags/example_external_task_marker_dag.py
[2023-01-02T02:00:41.147+0000] {processor.py:743} INFO - Processing file /home/airflow/.local/lib/python3.7/site-packages/airflow/example_dags/example_external_task_marker_dag.py for tasks to queue
[2023-01-02T02:00:41.149+0000] {logging_mixin.py:137} INFO - [2023-01-02T02:00:41.148+0000] {dagbag.py:538} INFO - Filling up the DagBag from /home/airflow/.local/lib/python3.7/site-packages/airflow/example_dags/example_external_task_marker_dag.py
[2023-01-02T02:00:41.168+0000] {processor.py:753} INFO - DAG(s) dict_keys(['example_external_task_marker_parent', 'example_external_task_marker_child']) retrieved from /home/airflow/.local/lib/python3.7/site-packages/airflow/example_dags/example_external_task_marker_dag.py
[2023-01-02T02:00:41.217+0000] {logging_mixin.py:137} INFO - [2023-01-02T02:00:41.217+0000] {dag.py:2676} INFO - Sync 2 DAGs
[2023-01-02T02:00:41.240+0000] {logging_mixin.py:137} INFO - [2023-01-02T02:00:41.240+0000] {dag.py:3427} INFO - Setting next_dagrun for example_external_task_marker_child to None, run_after=None
[2023-01-02T02:00:41.244+0000] {logging_mixin.py:137} INFO - [2023-01-02T02:00:41.244+0000] {dag.py:3427} INFO - Setting next_dagrun for example_external_task_marker_parent to None, run_after=None
[2023-01-02T02:00:41.256+0000] {processor.py:175} INFO - Processing /home/airflow/.local/lib/python3.7/site-packages/airflow/example_dags/example_external_task_marker_dag.py took 0.114 seconds
[2023-01-02T02:01:11.722+0000] {processor.py:153} INFO - Started process (PID=115) to work on /home/airflow/.local/lib/python3.7/site-packages/airflow/example_dags/example_external_task_marker_dag.py
[2023-01-02T02:01:11.724+0000] {processor.py:743} INFO - Processing file /home/airflow/.local/lib/python3.7/site-packages/airflow/example_dags/example_external_task_marker_dag.py for tasks to queue
[2023-01-02T02:01:11.725+0000] {logging_mixin.py:137} INFO - [2023-01-02T02:01:11.725+0000] {dagbag.py:538} INFO - Filling up the DagBag from /home/airflow/.local/lib/python3.7/site-packages/airflow/example_dags/example_external_task_marker_dag.py
[2023-01-02T02:01:11.740+0000] {processor.py:753} INFO - DAG(s) dict_keys(['example_external_task_marker_parent', 'example_external_task_marker_child']) retrieved from /home/airflow/.local/lib/python3.7/site-packages/airflow/example_dags/example_external_task_marker_dag.py
[2023-01-02T02:01:11.826+0000] {logging_mixin.py:137} INFO - [2023-01-02T02:01:11.826+0000] {dag.py:2676} INFO - Sync 2 DAGs
[2023-01-02T02:01:11.846+0000] {logging_mixin.py:137} INFO - [2023-01-02T02:01:11.846+0000] {dag.py:3427} INFO - Setting next_dagrun for example_external_task_marker_child to None, run_after=None
[2023-01-02T02:01:11.849+0000] {logging_mixin.py:137} INFO - [2023-01-02T02:01:11.849+0000] {dag.py:3427} INFO - Setting next_dagrun for example_external_task_marker_parent to None, run_after=None
[2023-01-02T02:01:11.867+0000] {processor.py:175} INFO - Processing /home/airflow/.local/lib/python3.7/site-packages/airflow/example_dags/example_external_task_marker_dag.py took 0.149 seconds
[2023-01-02T02:01:42.295+0000] {processor.py:153} INFO - Started process (PID=180) to work on /home/airflow/.local/lib/python3.7/site-packages/airflow/example_dags/example_external_task_marker_dag.py
[2023-01-02T02:01:42.297+0000] {processor.py:743} INFO - Processing file /home/airflow/.local/lib/python3.7/site-packages/airflow/example_dags/example_external_task_marker_dag.py for tasks to queue
[2023-01-02T02:01:42.298+0000] {logging_mixin.py:137} INFO - [2023-01-02T02:01:42.298+0000] {dagbag.py:538} INFO - Filling up the DagBag from /home/airflow/.local/lib/python3.7/site-packages/airflow/example_dags/example_external_task_marker_dag.py
[2023-01-02T02:01:42.309+0000] {processor.py:753} INFO - DAG(s) dict_keys(['example_external_task_marker_child', 'example_external_task_marker_parent']) retrieved from /home/airflow/.local/lib/python3.7/site-packages/airflow/example_dags/example_external_task_marker_dag.py
[2023-01-02T02:01:42.339+0000] {logging_mixin.py:137} INFO - [2023-01-02T02:01:42.339+0000] {dag.py:2676} INFO - Sync 2 DAGs
[2023-01-02T02:01:42.355+0000] {logging_mixin.py:137} INFO - [2023-01-02T02:01:42.355+0000] {dag.py:3427} INFO - Setting next_dagrun for example_external_task_marker_child to None, run_after=None
[2023-01-02T02:01:42.357+0000] {logging_mixin.py:137} INFO - [2023-01-02T02:01:42.357+0000] {dag.py:3427} INFO - Setting next_dagrun for example_external_task_marker_parent to None, run_after=None
[2023-01-02T02:01:42.367+0000] {processor.py:175} INFO - Processing /home/airflow/.local/lib/python3.7/site-packages/airflow/example_dags/example_external_task_marker_dag.py took 0.074 seconds
[2023-01-02T02:02:12.961+0000] {processor.py:153} INFO - Started process (PID=258) to work on /home/airflow/.local/lib/python3.7/site-packages/airflow/example_dags/example_external_task_marker_dag.py
[2023-01-02T02:02:12.962+0000] {processor.py:743} INFO - Processing file /home/airflow/.local/lib/python3.7/site-packages/airflow/example_dags/example_external_task_marker_dag.py for tasks to queue
[2023-01-02T02:02:12.963+0000] {logging_mixin.py:137} INFO - [2023-01-02T02:02:12.963+0000] {dagbag.py:538} INFO - Filling up the DagBag from /home/airflow/.local/lib/python3.7/site-packages/airflow/example_dags/example_external_task_marker_dag.py
[2023-01-02T02:02:12.974+0000] {processor.py:753} INFO - DAG(s) dict_keys(['example_external_task_marker_child', 'example_external_task_marker_parent']) retrieved from /home/airflow/.local/lib/python3.7/site-packages/airflow/example_dags/example_external_task_marker_dag.py
[2023-01-02T02:02:13.003+0000] {logging_mixin.py:137} INFO - [2023-01-02T02:02:13.003+0000] {dag.py:2676} INFO - Sync 2 DAGs
[2023-01-02T02:02:13.020+0000] {logging_mixin.py:137} INFO - [2023-01-02T02:02:13.020+0000] {dag.py:3427} INFO - Setting next_dagrun for example_external_task_marker_child to None, run_after=None
[2023-01-02T02:02:13.024+0000] {logging_mixin.py:137} INFO - [2023-01-02T02:02:13.024+0000] {dag.py:3427} INFO - Setting next_dagrun for example_external_task_marker_parent to None, run_after=None
[2023-01-02T02:02:13.033+0000] {processor.py:175} INFO - Processing /home/airflow/.local/lib/python3.7/site-packages/airflow/example_dags/example_external_task_marker_dag.py took 0.076 seconds
[2023-01-02T02:02:43.469+0000] {processor.py:153} INFO - Started process (PID=333) to work on /home/airflow/.local/lib/python3.7/site-packages/airflow/example_dags/example_external_task_marker_dag.py
[2023-01-02T02:02:43.471+0000] {processor.py:743} INFO - Processing file /home/airflow/.local/lib/python3.7/site-packages/airflow/example_dags/example_external_task_marker_dag.py for tasks to queue
[2023-01-02T02:02:43.472+0000] {logging_mixin.py:137} INFO - [2023-01-02T02:02:43.472+0000] {dagbag.py:538} INFO - Filling up the DagBag from /home/airflow/.local/lib/python3.7/site-packages/airflow/example_dags/example_external_task_marker_dag.py
[2023-01-02T02:02:43.486+0000] {processor.py:753} INFO - DAG(s) dict_keys(['example_external_task_marker_parent', 'example_external_task_marker_child']) retrieved from /home/airflow/.local/lib/python3.7/site-packages/airflow/example_dags/example_external_task_marker_dag.py
[2023-01-02T02:02:43.523+0000] {logging_mixin.py:137} INFO - [2023-01-02T02:02:43.523+0000] {dag.py:2676} INFO - Sync 2 DAGs
[2023-01-02T02:02:43.546+0000] {logging_mixin.py:137} INFO - [2023-01-02T02:02:43.546+0000] {dag.py:3427} INFO - Setting next_dagrun for example_external_task_marker_child to None, run_after=None
[2023-01-02T02:02:43.549+0000] {logging_mixin.py:137} INFO - [2023-01-02T02:02:43.549+0000] {dag.py:3427} INFO - Setting next_dagrun for example_external_task_marker_parent to None, run_after=None
[2023-01-02T02:02:43.562+0000] {processor.py:175} INFO - Processing /home/airflow/.local/lib/python3.7/site-packages/airflow/example_dags/example_external_task_marker_dag.py took 0.096 seconds
[2023-01-02T02:03:14.479+0000] {processor.py:153} INFO - Started process (PID=402) to work on /home/airflow/.local/lib/python3.7/site-packages/airflow/example_dags/example_external_task_marker_dag.py
[2023-01-02T02:03:14.481+0000] {processor.py:743} INFO - Processing file /home/airflow/.local/lib/python3.7/site-packages/airflow/example_dags/example_external_task_marker_dag.py for tasks to queue
[2023-01-02T02:03:14.482+0000] {logging_mixin.py:137} INFO - [2023-01-02T02:03:14.482+0000] {dagbag.py:538} INFO - Filling up the DagBag from /home/airflow/.local/lib/python3.7/site-packages/airflow/example_dags/example_external_task_marker_dag.py
[2023-01-02T02:03:14.493+0000] {processor.py:753} INFO - DAG(s) dict_keys(['example_external_task_marker_parent', 'example_external_task_marker_child']) retrieved from /home/airflow/.local/lib/python3.7/site-packages/airflow/example_dags/example_external_task_marker_dag.py
[2023-01-02T02:03:14.533+0000] {logging_mixin.py:137} INFO - [2023-01-02T02:03:14.533+0000] {dag.py:2676} INFO - Sync 2 DAGs
[2023-01-02T02:03:14.553+0000] {logging_mixin.py:137} INFO - [2023-01-02T02:03:14.553+0000] {dag.py:3427} INFO - Setting next_dagrun for example_external_task_marker_child to None, run_after=None
[2023-01-02T02:03:14.556+0000] {logging_mixin.py:137} INFO - [2023-01-02T02:03:14.556+0000] {dag.py:3427} INFO - Setting next_dagrun for example_external_task_marker_parent to None, run_after=None
[2023-01-02T02:03:14.568+0000] {processor.py:175} INFO - Processing /home/airflow/.local/lib/python3.7/site-packages/airflow/example_dags/example_external_task_marker_dag.py took 0.092 seconds
[2023-01-02T02:03:44.818+0000] {processor.py:153} INFO - Started process (PID=480) to work on /home/airflow/.local/lib/python3.7/site-packages/airflow/example_dags/example_external_task_marker_dag.py
[2023-01-02T02:03:44.819+0000] {processor.py:743} INFO - Processing file /home/airflow/.local/lib/python3.7/site-packages/airflow/example_dags/example_external_task_marker_dag.py for tasks to queue
[2023-01-02T02:03:44.820+0000] {logging_mixin.py:137} INFO - [2023-01-02T02:03:44.820+0000] {dagbag.py:538} INFO - Filling up the DagBag from /home/airflow/.local/lib/python3.7/site-packages/airflow/example_dags/example_external_task_marker_dag.py
[2023-01-02T02:03:44.830+0000] {processor.py:753} INFO - DAG(s) dict_keys(['example_external_task_marker_parent', 'example_external_task_marker_child']) retrieved from /home/airflow/.local/lib/python3.7/site-packages/airflow/example_dags/example_external_task_marker_dag.py
[2023-01-02T02:03:44.859+0000] {logging_mixin.py:137} INFO - [2023-01-02T02:03:44.859+0000] {dag.py:2676} INFO - Sync 2 DAGs
[2023-01-02T02:03:44.875+0000] {logging_mixin.py:137} INFO - [2023-01-02T02:03:44.875+0000] {dag.py:3427} INFO - Setting next_dagrun for example_external_task_marker_child to None, run_after=None
[2023-01-02T02:03:44.877+0000] {logging_mixin.py:137} INFO - [2023-01-02T02:03:44.877+0000] {dag.py:3427} INFO - Setting next_dagrun for example_external_task_marker_parent to None, run_after=None
[2023-01-02T02:03:44.887+0000] {processor.py:175} INFO - Processing /home/airflow/.local/lib/python3.7/site-packages/airflow/example_dags/example_external_task_marker_dag.py took 0.072 seconds
[2023-01-02T02:04:14.991+0000] {processor.py:153} INFO - Started process (PID=545) to work on /home/airflow/.local/lib/python3.7/site-packages/airflow/example_dags/example_external_task_marker_dag.py
[2023-01-02T02:04:14.993+0000] {processor.py:743} INFO - Processing file /home/airflow/.local/lib/python3.7/site-packages/airflow/example_dags/example_external_task_marker_dag.py for tasks to queue
[2023-01-02T02:04:14.993+0000] {logging_mixin.py:137} INFO - [2023-01-02T02:04:14.993+0000] {dagbag.py:538} INFO - Filling up the DagBag from /home/airflow/.local/lib/python3.7/site-packages/airflow/example_dags/example_external_task_marker_dag.py
[2023-01-02T02:04:15.004+0000] {processor.py:753} INFO - DAG(s) dict_keys(['example_external_task_marker_parent', 'example_external_task_marker_child']) retrieved from /home/airflow/.local/lib/python3.7/site-packages/airflow/example_dags/example_external_task_marker_dag.py
[2023-01-02T02:04:15.036+0000] {logging_mixin.py:137} INFO - [2023-01-02T02:04:15.036+0000] {dag.py:2676} INFO - Sync 2 DAGs
[2023-01-02T02:04:15.052+0000] {logging_mixin.py:137} INFO - [2023-01-02T02:04:15.052+0000] {dag.py:3427} INFO - Setting next_dagrun for example_external_task_marker_child to None, run_after=None
[2023-01-02T02:04:15.055+0000] {logging_mixin.py:137} INFO - [2023-01-02T02:04:15.055+0000] {dag.py:3427} INFO - Setting next_dagrun for example_external_task_marker_parent to None, run_after=None
[2023-01-02T02:04:15.074+0000] {processor.py:175} INFO - Processing /home/airflow/.local/lib/python3.7/site-packages/airflow/example_dags/example_external_task_marker_dag.py took 0.086 seconds
[2023-01-02T02:04:46.048+0000] {processor.py:153} INFO - Started process (PID=624) to work on /home/airflow/.local/lib/python3.7/site-packages/airflow/example_dags/example_external_task_marker_dag.py
[2023-01-02T02:04:46.050+0000] {processor.py:743} INFO - Processing file /home/airflow/.local/lib/python3.7/site-packages/airflow/example_dags/example_external_task_marker_dag.py for tasks to queue
[2023-01-02T02:04:46.051+0000] {logging_mixin.py:137} INFO - [2023-01-02T02:04:46.051+0000] {dagbag.py:538} INFO - Filling up the DagBag from /home/airflow/.local/lib/python3.7/site-packages/airflow/example_dags/example_external_task_marker_dag.py
[2023-01-02T02:04:46.062+0000] {processor.py:753} INFO - DAG(s) dict_keys(['example_external_task_marker_child', 'example_external_task_marker_parent']) retrieved from /home/airflow/.local/lib/python3.7/site-packages/airflow/example_dags/example_external_task_marker_dag.py
[2023-01-02T02:04:46.090+0000] {logging_mixin.py:137} INFO - [2023-01-02T02:04:46.090+0000] {dag.py:2676} INFO - Sync 2 DAGs
[2023-01-02T02:04:46.109+0000] {logging_mixin.py:137} INFO - [2023-01-02T02:04:46.109+0000] {dag.py:3427} INFO - Setting next_dagrun for example_external_task_marker_child to None, run_after=None
[2023-01-02T02:04:46.112+0000] {logging_mixin.py:137} INFO - [2023-01-02T02:04:46.112+0000] {dag.py:3427} INFO - Setting next_dagrun for example_external_task_marker_parent to None, run_after=None
[2023-01-02T02:04:46.124+0000] {processor.py:175} INFO - Processing /home/airflow/.local/lib/python3.7/site-packages/airflow/example_dags/example_external_task_marker_dag.py took 0.079 seconds
[2023-01-02T02:05:16.638+0000] {processor.py:153} INFO - Started process (PID=701) to work on /home/airflow/.local/lib/python3.7/site-packages/airflow/example_dags/example_external_task_marker_dag.py
[2023-01-02T02:05:16.640+0000] {processor.py:743} INFO - Processing file /home/airflow/.local/lib/python3.7/site-packages/airflow/example_dags/example_external_task_marker_dag.py for tasks to queue
[2023-01-02T02:05:16.640+0000] {logging_mixin.py:137} INFO - [2023-01-02T02:05:16.640+0000] {dagbag.py:538} INFO - Filling up the DagBag from /home/airflow/.local/lib/python3.7/site-packages/airflow/example_dags/example_external_task_marker_dag.py
[2023-01-02T02:05:16.650+0000] {processor.py:753} INFO - DAG(s) dict_keys(['example_external_task_marker_parent', 'example_external_task_marker_child']) retrieved from /home/airflow/.local/lib/python3.7/site-packages/airflow/example_dags/example_external_task_marker_dag.py
[2023-01-02T02:05:16.680+0000] {logging_mixin.py:137} INFO - [2023-01-02T02:05:16.680+0000] {dag.py:2676} INFO - Sync 2 DAGs
[2023-01-02T02:05:16.697+0000] {logging_mixin.py:137} INFO - [2023-01-02T02:05:16.696+0000] {dag.py:3427} INFO - Setting next_dagrun for example_external_task_marker_child to None, run_after=None
[2023-01-02T02:05:16.700+0000] {logging_mixin.py:137} INFO - [2023-01-02T02:05:16.700+0000] {dag.py:3427} INFO - Setting next_dagrun for example_external_task_marker_parent to None, run_after=None
[2023-01-02T02:05:16.711+0000] {processor.py:175} INFO - Processing /home/airflow/.local/lib/python3.7/site-packages/airflow/example_dags/example_external_task_marker_dag.py took 0.076 seconds
[2023-01-02T02:05:47.437+0000] {processor.py:153} INFO - Started process (PID=766) to work on /home/airflow/.local/lib/python3.7/site-packages/airflow/example_dags/example_external_task_marker_dag.py
[2023-01-02T02:05:47.439+0000] {processor.py:743} INFO - Processing file /home/airflow/.local/lib/python3.7/site-packages/airflow/example_dags/example_external_task_marker_dag.py for tasks to queue
[2023-01-02T02:05:47.439+0000] {logging_mixin.py:137} INFO - [2023-01-02T02:05:47.439+0000] {dagbag.py:538} INFO - Filling up the DagBag from /home/airflow/.local/lib/python3.7/site-packages/airflow/example_dags/example_external_task_marker_dag.py
[2023-01-02T02:05:47.450+0000] {processor.py:753} INFO - DAG(s) dict_keys(['example_external_task_marker_child', 'example_external_task_marker_parent']) retrieved from /home/airflow/.local/lib/python3.7/site-packages/airflow/example_dags/example_external_task_marker_dag.py
[2023-01-02T02:05:47.481+0000] {logging_mixin.py:137} INFO - [2023-01-02T02:05:47.481+0000] {dag.py:2676} INFO - Sync 2 DAGs
[2023-01-02T02:05:47.495+0000] {logging_mixin.py:137} INFO - [2023-01-02T02:05:47.495+0000] {dag.py:3427} INFO - Setting next_dagrun for example_external_task_marker_child to None, run_after=None
[2023-01-02T02:05:47.498+0000] {logging_mixin.py:137} INFO - [2023-01-02T02:05:47.497+0000] {dag.py:3427} INFO - Setting next_dagrun for example_external_task_marker_parent to None, run_after=None
[2023-01-02T02:05:47.508+0000] {processor.py:175} INFO - Processing /home/airflow/.local/lib/python3.7/site-packages/airflow/example_dags/example_external_task_marker_dag.py took 0.074 seconds
[2023-01-02T02:06:18.031+0000] {processor.py:153} INFO - Started process (PID=845) to work on /home/airflow/.local/lib/python3.7/site-packages/airflow/example_dags/example_external_task_marker_dag.py
[2023-01-02T02:06:18.033+0000] {processor.py:743} INFO - Processing file /home/airflow/.local/lib/python3.7/site-packages/airflow/example_dags/example_external_task_marker_dag.py for tasks to queue
[2023-01-02T02:06:18.034+0000] {logging_mixin.py:137} INFO - [2023-01-02T02:06:18.034+0000] {dagbag.py:538} INFO - Filling up the DagBag from /home/airflow/.local/lib/python3.7/site-packages/airflow/example_dags/example_external_task_marker_dag.py
[2023-01-02T02:06:18.045+0000] {processor.py:753} INFO - DAG(s) dict_keys(['example_external_task_marker_parent', 'example_external_task_marker_child']) retrieved from /home/airflow/.local/lib/python3.7/site-packages/airflow/example_dags/example_external_task_marker_dag.py
[2023-01-02T02:06:18.079+0000] {logging_mixin.py:137} INFO - [2023-01-02T02:06:18.079+0000] {dag.py:2676} INFO - Sync 2 DAGs
[2023-01-02T02:06:18.096+0000] {logging_mixin.py:137} INFO - [2023-01-02T02:06:18.096+0000] {dag.py:3427} INFO - Setting next_dagrun for example_external_task_marker_child to None, run_after=None
[2023-01-02T02:06:18.099+0000] {logging_mixin.py:137} INFO - [2023-01-02T02:06:18.099+0000] {dag.py:3427} INFO - Setting next_dagrun for example_external_task_marker_parent to None, run_after=None
[2023-01-02T02:06:18.111+0000] {processor.py:175} INFO - Processing /home/airflow/.local/lib/python3.7/site-packages/airflow/example_dags/example_external_task_marker_dag.py took 0.083 seconds
[2023-01-02T02:06:48.314+0000] {processor.py:153} INFO - Started process (PID=923) to work on /home/airflow/.local/lib/python3.7/site-packages/airflow/example_dags/example_external_task_marker_dag.py
[2023-01-02T02:06:48.316+0000] {processor.py:743} INFO - Processing file /home/airflow/.local/lib/python3.7/site-packages/airflow/example_dags/example_external_task_marker_dag.py for tasks to queue
[2023-01-02T02:06:48.317+0000] {logging_mixin.py:137} INFO - [2023-01-02T02:06:48.317+0000] {dagbag.py:538} INFO - Filling up the DagBag from /home/airflow/.local/lib/python3.7/site-packages/airflow/example_dags/example_external_task_marker_dag.py
[2023-01-02T02:06:48.329+0000] {processor.py:753} INFO - DAG(s) dict_keys(['example_external_task_marker_parent', 'example_external_task_marker_child']) retrieved from /home/airflow/.local/lib/python3.7/site-packages/airflow/example_dags/example_external_task_marker_dag.py
[2023-01-02T02:06:48.363+0000] {logging_mixin.py:137} INFO - [2023-01-02T02:06:48.363+0000] {dag.py:2676} INFO - Sync 2 DAGs
[2023-01-02T02:06:48.383+0000] {logging_mixin.py:137} INFO - [2023-01-02T02:06:48.383+0000] {dag.py:3427} INFO - Setting next_dagrun for example_external_task_marker_child to None, run_after=None
[2023-01-02T02:06:48.386+0000] {logging_mixin.py:137} INFO - [2023-01-02T02:06:48.386+0000] {dag.py:3427} INFO - Setting next_dagrun for example_external_task_marker_parent to None, run_after=None
[2023-01-02T02:06:48.401+0000] {processor.py:175} INFO - Processing /home/airflow/.local/lib/python3.7/site-packages/airflow/example_dags/example_external_task_marker_dag.py took 0.090 seconds
[2023-01-02T02:07:19.288+0000] {processor.py:153} INFO - Started process (PID=989) to work on /home/airflow/.local/lib/python3.7/site-packages/airflow/example_dags/example_external_task_marker_dag.py
[2023-01-02T02:07:19.290+0000] {processor.py:743} INFO - Processing file /home/airflow/.local/lib/python3.7/site-packages/airflow/example_dags/example_external_task_marker_dag.py for tasks to queue
[2023-01-02T02:07:19.291+0000] {logging_mixin.py:137} INFO - [2023-01-02T02:07:19.291+0000] {dagbag.py:538} INFO - Filling up the DagBag from /home/airflow/.local/lib/python3.7/site-packages/airflow/example_dags/example_external_task_marker_dag.py
[2023-01-02T02:07:19.301+0000] {processor.py:753} INFO - DAG(s) dict_keys(['example_external_task_marker_child', 'example_external_task_marker_parent']) retrieved from /home/airflow/.local/lib/python3.7/site-packages/airflow/example_dags/example_external_task_marker_dag.py
[2023-01-02T02:07:19.333+0000] {logging_mixin.py:137} INFO - [2023-01-02T02:07:19.333+0000] {dag.py:2676} INFO - Sync 2 DAGs
[2023-01-02T02:07:19.348+0000] {logging_mixin.py:137} INFO - [2023-01-02T02:07:19.348+0000] {dag.py:3427} INFO - Setting next_dagrun for example_external_task_marker_child to None, run_after=None
[2023-01-02T02:07:19.350+0000] {logging_mixin.py:137} INFO - [2023-01-02T02:07:19.350+0000] {dag.py:3427} INFO - Setting next_dagrun for example_external_task_marker_parent to None, run_after=None
[2023-01-02T02:07:19.360+0000] {processor.py:175} INFO - Processing /home/airflow/.local/lib/python3.7/site-packages/airflow/example_dags/example_external_task_marker_dag.py took 0.074 seconds
[2023-01-02T02:07:49.874+0000] {processor.py:153} INFO - Started process (PID=1067) to work on /home/airflow/.local/lib/python3.7/site-packages/airflow/example_dags/example_external_task_marker_dag.py
[2023-01-02T02:07:49.875+0000] {processor.py:743} INFO - Processing file /home/airflow/.local/lib/python3.7/site-packages/airflow/example_dags/example_external_task_marker_dag.py for tasks to queue
[2023-01-02T02:07:49.876+0000] {logging_mixin.py:137} INFO - [2023-01-02T02:07:49.876+0000] {dagbag.py:538} INFO - Filling up the DagBag from /home/airflow/.local/lib/python3.7/site-packages/airflow/example_dags/example_external_task_marker_dag.py
[2023-01-02T02:07:49.886+0000] {processor.py:753} INFO - DAG(s) dict_keys(['example_external_task_marker_parent', 'example_external_task_marker_child']) retrieved from /home/airflow/.local/lib/python3.7/site-packages/airflow/example_dags/example_external_task_marker_dag.py
[2023-01-02T02:07:49.914+0000] {logging_mixin.py:137} INFO - [2023-01-02T02:07:49.914+0000] {dag.py:2676} INFO - Sync 2 DAGs
[2023-01-02T02:07:49.929+0000] {logging_mixin.py:137} INFO - [2023-01-02T02:07:49.929+0000] {dag.py:3427} INFO - Setting next_dagrun for example_external_task_marker_child to None, run_after=None
[2023-01-02T02:07:49.932+0000] {logging_mixin.py:137} INFO - [2023-01-02T02:07:49.932+0000] {dag.py:3427} INFO - Setting next_dagrun for example_external_task_marker_parent to None, run_after=None
[2023-01-02T02:07:49.942+0000] {processor.py:175} INFO - Processing /home/airflow/.local/lib/python3.7/site-packages/airflow/example_dags/example_external_task_marker_dag.py took 0.071 seconds
[2023-01-02T02:08:20.314+0000] {processor.py:153} INFO - Started process (PID=1132) to work on /home/airflow/.local/lib/python3.7/site-packages/airflow/example_dags/example_external_task_marker_dag.py
[2023-01-02T02:08:20.315+0000] {processor.py:743} INFO - Processing file /home/airflow/.local/lib/python3.7/site-packages/airflow/example_dags/example_external_task_marker_dag.py for tasks to queue
[2023-01-02T02:08:20.316+0000] {logging_mixin.py:137} INFO - [2023-01-02T02:08:20.316+0000] {dagbag.py:538} INFO - Filling up the DagBag from /home/airflow/.local/lib/python3.7/site-packages/airflow/example_dags/example_external_task_marker_dag.py
[2023-01-02T02:08:20.328+0000] {processor.py:753} INFO - DAG(s) dict_keys(['example_external_task_marker_child', 'example_external_task_marker_parent']) retrieved from /home/airflow/.local/lib/python3.7/site-packages/airflow/example_dags/example_external_task_marker_dag.py
[2023-01-02T02:08:20.358+0000] {logging_mixin.py:137} INFO - [2023-01-02T02:08:20.358+0000] {dag.py:2676} INFO - Sync 2 DAGs
[2023-01-02T02:08:20.374+0000] {logging_mixin.py:137} INFO - [2023-01-02T02:08:20.374+0000] {dag.py:3427} INFO - Setting next_dagrun for example_external_task_marker_child to None, run_after=None
[2023-01-02T02:08:20.376+0000] {logging_mixin.py:137} INFO - [2023-01-02T02:08:20.376+0000] {dag.py:3427} INFO - Setting next_dagrun for example_external_task_marker_parent to None, run_after=None
[2023-01-02T02:08:20.387+0000] {processor.py:175} INFO - Processing /home/airflow/.local/lib/python3.7/site-packages/airflow/example_dags/example_external_task_marker_dag.py took 0.077 seconds
[2023-01-02T02:08:51.459+0000] {processor.py:153} INFO - Started process (PID=1210) to work on /home/airflow/.local/lib/python3.7/site-packages/airflow/example_dags/example_external_task_marker_dag.py
[2023-01-02T02:08:51.461+0000] {processor.py:743} INFO - Processing file /home/airflow/.local/lib/python3.7/site-packages/airflow/example_dags/example_external_task_marker_dag.py for tasks to queue
[2023-01-02T02:08:51.462+0000] {logging_mixin.py:137} INFO - [2023-01-02T02:08:51.462+0000] {dagbag.py:538} INFO - Filling up the DagBag from /home/airflow/.local/lib/python3.7/site-packages/airflow/example_dags/example_external_task_marker_dag.py
[2023-01-02T02:08:51.479+0000] {processor.py:753} INFO - DAG(s) dict_keys(['example_external_task_marker_child', 'example_external_task_marker_parent']) retrieved from /home/airflow/.local/lib/python3.7/site-packages/airflow/example_dags/example_external_task_marker_dag.py
[2023-01-02T02:08:51.515+0000] {logging_mixin.py:137} INFO - [2023-01-02T02:08:51.515+0000] {dag.py:2676} INFO - Sync 2 DAGs
[2023-01-02T02:08:51.531+0000] {logging_mixin.py:137} INFO - [2023-01-02T02:08:51.531+0000] {dag.py:3427} INFO - Setting next_dagrun for example_external_task_marker_child to None, run_after=None
[2023-01-02T02:08:51.533+0000] {logging_mixin.py:137} INFO - [2023-01-02T02:08:51.533+0000] {dag.py:3427} INFO - Setting next_dagrun for example_external_task_marker_parent to None, run_after=None
[2023-01-02T02:08:51.543+0000] {processor.py:175} INFO - Processing /home/airflow/.local/lib/python3.7/site-packages/airflow/example_dags/example_external_task_marker_dag.py took 0.087 seconds
[2023-01-02T02:09:21.911+0000] {processor.py:153} INFO - Started process (PID=1289) to work on /home/airflow/.local/lib/python3.7/site-packages/airflow/example_dags/example_external_task_marker_dag.py
[2023-01-02T02:09:21.913+0000] {processor.py:743} INFO - Processing file /home/airflow/.local/lib/python3.7/site-packages/airflow/example_dags/example_external_task_marker_dag.py for tasks to queue
[2023-01-02T02:09:21.914+0000] {logging_mixin.py:137} INFO - [2023-01-02T02:09:21.914+0000] {dagbag.py:538} INFO - Filling up the DagBag from /home/airflow/.local/lib/python3.7/site-packages/airflow/example_dags/example_external_task_marker_dag.py
[2023-01-02T02:09:21.924+0000] {processor.py:753} INFO - DAG(s) dict_keys(['example_external_task_marker_child', 'example_external_task_marker_parent']) retrieved from /home/airflow/.local/lib/python3.7/site-packages/airflow/example_dags/example_external_task_marker_dag.py
[2023-01-02T02:09:21.956+0000] {logging_mixin.py:137} INFO - [2023-01-02T02:09:21.956+0000] {dag.py:2676} INFO - Sync 2 DAGs
[2023-01-02T02:09:21.971+0000] {logging_mixin.py:137} INFO - [2023-01-02T02:09:21.971+0000] {dag.py:3427} INFO - Setting next_dagrun for example_external_task_marker_child to None, run_after=None
[2023-01-02T02:09:21.974+0000] {logging_mixin.py:137} INFO - [2023-01-02T02:09:21.974+0000] {dag.py:3427} INFO - Setting next_dagrun for example_external_task_marker_parent to None, run_after=None
[2023-01-02T02:09:21.984+0000] {processor.py:175} INFO - Processing /home/airflow/.local/lib/python3.7/site-packages/airflow/example_dags/example_external_task_marker_dag.py took 0.076 seconds
[2023-01-02T02:09:52.294+0000] {processor.py:153} INFO - Started process (PID=1354) to work on /home/airflow/.local/lib/python3.7/site-packages/airflow/example_dags/example_external_task_marker_dag.py
[2023-01-02T02:09:52.295+0000] {processor.py:743} INFO - Processing file /home/airflow/.local/lib/python3.7/site-packages/airflow/example_dags/example_external_task_marker_dag.py for tasks to queue
[2023-01-02T02:09:52.296+0000] {logging_mixin.py:137} INFO - [2023-01-02T02:09:52.296+0000] {dagbag.py:538} INFO - Filling up the DagBag from /home/airflow/.local/lib/python3.7/site-packages/airflow/example_dags/example_external_task_marker_dag.py
[2023-01-02T02:09:52.306+0000] {processor.py:753} INFO - DAG(s) dict_keys(['example_external_task_marker_parent', 'example_external_task_marker_child']) retrieved from /home/airflow/.local/lib/python3.7/site-packages/airflow/example_dags/example_external_task_marker_dag.py
[2023-01-02T02:09:52.336+0000] {logging_mixin.py:137} INFO - [2023-01-02T02:09:52.336+0000] {dag.py:2676} INFO - Sync 2 DAGs
[2023-01-02T02:09:52.357+0000] {logging_mixin.py:137} INFO - [2023-01-02T02:09:52.357+0000] {dag.py:3427} INFO - Setting next_dagrun for example_external_task_marker_child to None, run_after=None
[2023-01-02T02:09:52.359+0000] {logging_mixin.py:137} INFO - [2023-01-02T02:09:52.359+0000] {dag.py:3427} INFO - Setting next_dagrun for example_external_task_marker_parent to None, run_after=None
[2023-01-02T02:09:52.373+0000] {processor.py:175} INFO - Processing /home/airflow/.local/lib/python3.7/site-packages/airflow/example_dags/example_external_task_marker_dag.py took 0.082 seconds
