[2023-01-02T01:57:11.533+0000] {processor.py:153} INFO - Started process (PID=57) to work on /home/airflow/.local/lib/python3.7/site-packages/airflow/example_dags/example_xcomargs.py
[2023-01-02T01:57:11.539+0000] {processor.py:743} INFO - Processing file /home/airflow/.local/lib/python3.7/site-packages/airflow/example_dags/example_xcomargs.py for tasks to queue
[2023-01-02T01:57:11.540+0000] {logging_mixin.py:137} INFO - [2023-01-02T01:57:11.540+0000] {dagbag.py:538} INFO - Filling up the DagBag from /home/airflow/.local/lib/python3.7/site-packages/airflow/example_dags/example_xcomargs.py
[2023-01-02T01:57:11.577+0000] {processor.py:753} INFO - DAG(s) dict_keys(['example_xcom_args_with_operators', 'example_xcom_args']) retrieved from /home/airflow/.local/lib/python3.7/site-packages/airflow/example_dags/example_xcomargs.py
[2023-01-02T01:57:11.607+0000] {logging_mixin.py:137} INFO - [2023-01-02T01:57:11.607+0000] {dag.py:2676} INFO - Sync 2 DAGs
[2023-01-02T01:57:11.630+0000] {logging_mixin.py:137} INFO - [2023-01-02T01:57:11.630+0000] {dag.py:3427} INFO - Setting next_dagrun for example_xcom_args to None, run_after=None
[2023-01-02T01:57:11.633+0000] {logging_mixin.py:137} INFO - [2023-01-02T01:57:11.633+0000] {dag.py:3427} INFO - Setting next_dagrun for example_xcom_args_with_operators to None, run_after=None
[2023-01-02T01:57:11.653+0000] {processor.py:175} INFO - Processing /home/airflow/.local/lib/python3.7/site-packages/airflow/example_dags/example_xcomargs.py took 0.127 seconds
[2023-01-02T01:57:41.807+0000] {processor.py:153} INFO - Started process (PID=135) to work on /home/airflow/.local/lib/python3.7/site-packages/airflow/example_dags/example_xcomargs.py
[2023-01-02T01:57:41.808+0000] {processor.py:743} INFO - Processing file /home/airflow/.local/lib/python3.7/site-packages/airflow/example_dags/example_xcomargs.py for tasks to queue
[2023-01-02T01:57:41.809+0000] {logging_mixin.py:137} INFO - [2023-01-02T01:57:41.809+0000] {dagbag.py:538} INFO - Filling up the DagBag from /home/airflow/.local/lib/python3.7/site-packages/airflow/example_dags/example_xcomargs.py
[2023-01-02T01:57:41.826+0000] {processor.py:753} INFO - DAG(s) dict_keys(['example_xcom_args_with_operators', 'example_xcom_args']) retrieved from /home/airflow/.local/lib/python3.7/site-packages/airflow/example_dags/example_xcomargs.py
[2023-01-02T01:57:41.857+0000] {logging_mixin.py:137} INFO - [2023-01-02T01:57:41.857+0000] {dag.py:2676} INFO - Sync 2 DAGs
[2023-01-02T01:57:41.873+0000] {logging_mixin.py:137} INFO - [2023-01-02T01:57:41.872+0000] {dag.py:3427} INFO - Setting next_dagrun for example_xcom_args to None, run_after=None
[2023-01-02T01:57:41.876+0000] {logging_mixin.py:137} INFO - [2023-01-02T01:57:41.876+0000] {dag.py:3427} INFO - Setting next_dagrun for example_xcom_args_with_operators to None, run_after=None
[2023-01-02T01:57:41.886+0000] {processor.py:175} INFO - Processing /home/airflow/.local/lib/python3.7/site-packages/airflow/example_dags/example_xcomargs.py took 0.082 seconds
[2023-01-02T01:58:12.687+0000] {processor.py:153} INFO - Started process (PID=212) to work on /home/airflow/.local/lib/python3.7/site-packages/airflow/example_dags/example_xcomargs.py
[2023-01-02T01:58:12.688+0000] {processor.py:743} INFO - Processing file /home/airflow/.local/lib/python3.7/site-packages/airflow/example_dags/example_xcomargs.py for tasks to queue
[2023-01-02T01:58:12.689+0000] {logging_mixin.py:137} INFO - [2023-01-02T01:58:12.689+0000] {dagbag.py:538} INFO - Filling up the DagBag from /home/airflow/.local/lib/python3.7/site-packages/airflow/example_dags/example_xcomargs.py
[2023-01-02T01:58:12.709+0000] {processor.py:753} INFO - DAG(s) dict_keys(['example_xcom_args', 'example_xcom_args_with_operators']) retrieved from /home/airflow/.local/lib/python3.7/site-packages/airflow/example_dags/example_xcomargs.py
[2023-01-02T01:58:12.766+0000] {logging_mixin.py:137} INFO - [2023-01-02T01:58:12.765+0000] {dag.py:2676} INFO - Sync 2 DAGs
[2023-01-02T01:58:12.794+0000] {logging_mixin.py:137} INFO - [2023-01-02T01:58:12.794+0000] {dag.py:3427} INFO - Setting next_dagrun for example_xcom_args to None, run_after=None
[2023-01-02T01:58:12.799+0000] {logging_mixin.py:137} INFO - [2023-01-02T01:58:12.799+0000] {dag.py:3427} INFO - Setting next_dagrun for example_xcom_args_with_operators to None, run_after=None
[2023-01-02T01:58:12.814+0000] {processor.py:175} INFO - Processing /home/airflow/.local/lib/python3.7/site-packages/airflow/example_dags/example_xcomargs.py took 0.130 seconds
[2023-01-02T02:00:42.790+0000] {processor.py:153} INFO - Started process (PID=57) to work on /home/airflow/.local/lib/python3.7/site-packages/airflow/example_dags/example_xcomargs.py
[2023-01-02T02:00:42.797+0000] {processor.py:743} INFO - Processing file /home/airflow/.local/lib/python3.7/site-packages/airflow/example_dags/example_xcomargs.py for tasks to queue
[2023-01-02T02:00:42.799+0000] {logging_mixin.py:137} INFO - [2023-01-02T02:00:42.799+0000] {dagbag.py:538} INFO - Filling up the DagBag from /home/airflow/.local/lib/python3.7/site-packages/airflow/example_dags/example_xcomargs.py
[2023-01-02T02:00:42.859+0000] {processor.py:753} INFO - DAG(s) dict_keys(['example_xcom_args', 'example_xcom_args_with_operators']) retrieved from /home/airflow/.local/lib/python3.7/site-packages/airflow/example_dags/example_xcomargs.py
[2023-01-02T02:00:42.901+0000] {logging_mixin.py:137} INFO - [2023-01-02T02:00:42.901+0000] {dag.py:2676} INFO - Sync 2 DAGs
[2023-01-02T02:00:42.995+0000] {logging_mixin.py:137} INFO - [2023-01-02T02:00:42.995+0000] {dag.py:3427} INFO - Setting next_dagrun for example_xcom_args to None, run_after=None
[2023-01-02T02:00:43.004+0000] {logging_mixin.py:137} INFO - [2023-01-02T02:00:43.004+0000] {dag.py:3427} INFO - Setting next_dagrun for example_xcom_args_with_operators to None, run_after=None
[2023-01-02T02:00:43.041+0000] {processor.py:175} INFO - Processing /home/airflow/.local/lib/python3.7/site-packages/airflow/example_dags/example_xcomargs.py took 0.265 seconds
[2023-01-02T02:01:13.986+0000] {processor.py:153} INFO - Started process (PID=135) to work on /home/airflow/.local/lib/python3.7/site-packages/airflow/example_dags/example_xcomargs.py
[2023-01-02T02:01:13.988+0000] {processor.py:743} INFO - Processing file /home/airflow/.local/lib/python3.7/site-packages/airflow/example_dags/example_xcomargs.py for tasks to queue
[2023-01-02T02:01:13.990+0000] {logging_mixin.py:137} INFO - [2023-01-02T02:01:13.989+0000] {dagbag.py:538} INFO - Filling up the DagBag from /home/airflow/.local/lib/python3.7/site-packages/airflow/example_dags/example_xcomargs.py
[2023-01-02T02:01:14.015+0000] {processor.py:753} INFO - DAG(s) dict_keys(['example_xcom_args', 'example_xcom_args_with_operators']) retrieved from /home/airflow/.local/lib/python3.7/site-packages/airflow/example_dags/example_xcomargs.py
[2023-01-02T02:01:14.049+0000] {logging_mixin.py:137} INFO - [2023-01-02T02:01:14.049+0000] {dag.py:2676} INFO - Sync 2 DAGs
[2023-01-02T02:01:14.063+0000] {logging_mixin.py:137} INFO - [2023-01-02T02:01:14.063+0000] {dag.py:3427} INFO - Setting next_dagrun for example_xcom_args to None, run_after=None
[2023-01-02T02:01:14.065+0000] {logging_mixin.py:137} INFO - [2023-01-02T02:01:14.065+0000] {dag.py:3427} INFO - Setting next_dagrun for example_xcom_args_with_operators to None, run_after=None
[2023-01-02T02:01:14.074+0000] {processor.py:175} INFO - Processing /home/airflow/.local/lib/python3.7/site-packages/airflow/example_dags/example_xcomargs.py took 0.094 seconds
[2023-01-02T02:01:44.443+0000] {processor.py:153} INFO - Started process (PID=200) to work on /home/airflow/.local/lib/python3.7/site-packages/airflow/example_dags/example_xcomargs.py
[2023-01-02T02:01:44.445+0000] {processor.py:743} INFO - Processing file /home/airflow/.local/lib/python3.7/site-packages/airflow/example_dags/example_xcomargs.py for tasks to queue
[2023-01-02T02:01:44.446+0000] {logging_mixin.py:137} INFO - [2023-01-02T02:01:44.445+0000] {dagbag.py:538} INFO - Filling up the DagBag from /home/airflow/.local/lib/python3.7/site-packages/airflow/example_dags/example_xcomargs.py
[2023-01-02T02:01:44.480+0000] {processor.py:753} INFO - DAG(s) dict_keys(['example_xcom_args_with_operators', 'example_xcom_args']) retrieved from /home/airflow/.local/lib/python3.7/site-packages/airflow/example_dags/example_xcomargs.py
[2023-01-02T02:01:44.532+0000] {logging_mixin.py:137} INFO - [2023-01-02T02:01:44.532+0000] {dag.py:2676} INFO - Sync 2 DAGs
[2023-01-02T02:01:44.564+0000] {logging_mixin.py:137} INFO - [2023-01-02T02:01:44.564+0000] {dag.py:3427} INFO - Setting next_dagrun for example_xcom_args to None, run_after=None
[2023-01-02T02:01:44.569+0000] {logging_mixin.py:137} INFO - [2023-01-02T02:01:44.569+0000] {dag.py:3427} INFO - Setting next_dagrun for example_xcom_args_with_operators to None, run_after=None
[2023-01-02T02:01:44.592+0000] {processor.py:175} INFO - Processing /home/airflow/.local/lib/python3.7/site-packages/airflow/example_dags/example_xcomargs.py took 0.154 seconds
[2023-01-02T02:02:14.992+0000] {processor.py:153} INFO - Started process (PID=278) to work on /home/airflow/.local/lib/python3.7/site-packages/airflow/example_dags/example_xcomargs.py
[2023-01-02T02:02:14.994+0000] {processor.py:743} INFO - Processing file /home/airflow/.local/lib/python3.7/site-packages/airflow/example_dags/example_xcomargs.py for tasks to queue
[2023-01-02T02:02:14.995+0000] {logging_mixin.py:137} INFO - [2023-01-02T02:02:14.995+0000] {dagbag.py:538} INFO - Filling up the DagBag from /home/airflow/.local/lib/python3.7/site-packages/airflow/example_dags/example_xcomargs.py
[2023-01-02T02:02:15.019+0000] {processor.py:753} INFO - DAG(s) dict_keys(['example_xcom_args_with_operators', 'example_xcom_args']) retrieved from /home/airflow/.local/lib/python3.7/site-packages/airflow/example_dags/example_xcomargs.py
[2023-01-02T02:02:15.053+0000] {logging_mixin.py:137} INFO - [2023-01-02T02:02:15.052+0000] {dag.py:2676} INFO - Sync 2 DAGs
[2023-01-02T02:02:15.068+0000] {logging_mixin.py:137} INFO - [2023-01-02T02:02:15.068+0000] {dag.py:3427} INFO - Setting next_dagrun for example_xcom_args to None, run_after=None
[2023-01-02T02:02:15.071+0000] {logging_mixin.py:137} INFO - [2023-01-02T02:02:15.071+0000] {dag.py:3427} INFO - Setting next_dagrun for example_xcom_args_with_operators to None, run_after=None
[2023-01-02T02:02:15.081+0000] {processor.py:175} INFO - Processing /home/airflow/.local/lib/python3.7/site-packages/airflow/example_dags/example_xcomargs.py took 0.094 seconds
[2023-01-02T02:02:45.162+0000] {processor.py:153} INFO - Started process (PID=357) to work on /home/airflow/.local/lib/python3.7/site-packages/airflow/example_dags/example_xcomargs.py
[2023-01-02T02:02:45.163+0000] {processor.py:743} INFO - Processing file /home/airflow/.local/lib/python3.7/site-packages/airflow/example_dags/example_xcomargs.py for tasks to queue
[2023-01-02T02:02:45.164+0000] {logging_mixin.py:137} INFO - [2023-01-02T02:02:45.164+0000] {dagbag.py:538} INFO - Filling up the DagBag from /home/airflow/.local/lib/python3.7/site-packages/airflow/example_dags/example_xcomargs.py
[2023-01-02T02:02:45.184+0000] {processor.py:753} INFO - DAG(s) dict_keys(['example_xcom_args', 'example_xcom_args_with_operators']) retrieved from /home/airflow/.local/lib/python3.7/site-packages/airflow/example_dags/example_xcomargs.py
[2023-01-02T02:02:45.221+0000] {logging_mixin.py:137} INFO - [2023-01-02T02:02:45.221+0000] {dag.py:2676} INFO - Sync 2 DAGs
[2023-01-02T02:02:45.238+0000] {logging_mixin.py:137} INFO - [2023-01-02T02:02:45.238+0000] {dag.py:3427} INFO - Setting next_dagrun for example_xcom_args to None, run_after=None
[2023-01-02T02:02:45.240+0000] {logging_mixin.py:137} INFO - [2023-01-02T02:02:45.240+0000] {dag.py:3427} INFO - Setting next_dagrun for example_xcom_args_with_operators to None, run_after=None
[2023-01-02T02:02:45.251+0000] {processor.py:175} INFO - Processing /home/airflow/.local/lib/python3.7/site-packages/airflow/example_dags/example_xcomargs.py took 0.093 seconds
[2023-01-02T02:03:15.649+0000] {processor.py:153} INFO - Started process (PID=422) to work on /home/airflow/.local/lib/python3.7/site-packages/airflow/example_dags/example_xcomargs.py
[2023-01-02T02:03:15.651+0000] {processor.py:743} INFO - Processing file /home/airflow/.local/lib/python3.7/site-packages/airflow/example_dags/example_xcomargs.py for tasks to queue
[2023-01-02T02:03:15.652+0000] {logging_mixin.py:137} INFO - [2023-01-02T02:03:15.652+0000] {dagbag.py:538} INFO - Filling up the DagBag from /home/airflow/.local/lib/python3.7/site-packages/airflow/example_dags/example_xcomargs.py
[2023-01-02T02:03:15.670+0000] {processor.py:753} INFO - DAG(s) dict_keys(['example_xcom_args_with_operators', 'example_xcom_args']) retrieved from /home/airflow/.local/lib/python3.7/site-packages/airflow/example_dags/example_xcomargs.py
[2023-01-02T02:03:15.708+0000] {logging_mixin.py:137} INFO - [2023-01-02T02:03:15.707+0000] {dag.py:2676} INFO - Sync 2 DAGs
[2023-01-02T02:03:15.725+0000] {logging_mixin.py:137} INFO - [2023-01-02T02:03:15.725+0000] {dag.py:3427} INFO - Setting next_dagrun for example_xcom_args to None, run_after=None
[2023-01-02T02:03:15.727+0000] {logging_mixin.py:137} INFO - [2023-01-02T02:03:15.727+0000] {dag.py:3427} INFO - Setting next_dagrun for example_xcom_args_with_operators to None, run_after=None
[2023-01-02T02:03:15.738+0000] {processor.py:175} INFO - Processing /home/airflow/.local/lib/python3.7/site-packages/airflow/example_dags/example_xcomargs.py took 0.092 seconds
[2023-01-02T02:03:45.839+0000] {processor.py:153} INFO - Started process (PID=500) to work on /home/airflow/.local/lib/python3.7/site-packages/airflow/example_dags/example_xcomargs.py
[2023-01-02T02:03:45.840+0000] {processor.py:743} INFO - Processing file /home/airflow/.local/lib/python3.7/site-packages/airflow/example_dags/example_xcomargs.py for tasks to queue
[2023-01-02T02:03:45.841+0000] {logging_mixin.py:137} INFO - [2023-01-02T02:03:45.841+0000] {dagbag.py:538} INFO - Filling up the DagBag from /home/airflow/.local/lib/python3.7/site-packages/airflow/example_dags/example_xcomargs.py
[2023-01-02T02:03:45.858+0000] {processor.py:753} INFO - DAG(s) dict_keys(['example_xcom_args', 'example_xcom_args_with_operators']) retrieved from /home/airflow/.local/lib/python3.7/site-packages/airflow/example_dags/example_xcomargs.py
[2023-01-02T02:03:45.890+0000] {logging_mixin.py:137} INFO - [2023-01-02T02:03:45.890+0000] {dag.py:2676} INFO - Sync 2 DAGs
[2023-01-02T02:03:45.909+0000] {logging_mixin.py:137} INFO - [2023-01-02T02:03:45.909+0000] {dag.py:3427} INFO - Setting next_dagrun for example_xcom_args to None, run_after=None
[2023-01-02T02:03:45.912+0000] {logging_mixin.py:137} INFO - [2023-01-02T02:03:45.912+0000] {dag.py:3427} INFO - Setting next_dagrun for example_xcom_args_with_operators to None, run_after=None
[2023-01-02T02:03:45.925+0000] {processor.py:175} INFO - Processing /home/airflow/.local/lib/python3.7/site-packages/airflow/example_dags/example_xcomargs.py took 0.089 seconds
[2023-01-02T02:04:16.449+0000] {processor.py:153} INFO - Started process (PID=578) to work on /home/airflow/.local/lib/python3.7/site-packages/airflow/example_dags/example_xcomargs.py
[2023-01-02T02:04:16.450+0000] {processor.py:743} INFO - Processing file /home/airflow/.local/lib/python3.7/site-packages/airflow/example_dags/example_xcomargs.py for tasks to queue
[2023-01-02T02:04:16.451+0000] {logging_mixin.py:137} INFO - [2023-01-02T02:04:16.451+0000] {dagbag.py:538} INFO - Filling up the DagBag from /home/airflow/.local/lib/python3.7/site-packages/airflow/example_dags/example_xcomargs.py
[2023-01-02T02:04:16.468+0000] {processor.py:753} INFO - DAG(s) dict_keys(['example_xcom_args', 'example_xcom_args_with_operators']) retrieved from /home/airflow/.local/lib/python3.7/site-packages/airflow/example_dags/example_xcomargs.py
[2023-01-02T02:04:16.504+0000] {logging_mixin.py:137} INFO - [2023-01-02T02:04:16.504+0000] {dag.py:2676} INFO - Sync 2 DAGs
[2023-01-02T02:04:16.523+0000] {logging_mixin.py:137} INFO - [2023-01-02T02:04:16.523+0000] {dag.py:3427} INFO - Setting next_dagrun for example_xcom_args to None, run_after=None
[2023-01-02T02:04:16.526+0000] {logging_mixin.py:137} INFO - [2023-01-02T02:04:16.526+0000] {dag.py:3427} INFO - Setting next_dagrun for example_xcom_args_with_operators to None, run_after=None
[2023-01-02T02:04:16.540+0000] {processor.py:175} INFO - Processing /home/airflow/.local/lib/python3.7/site-packages/airflow/example_dags/example_xcomargs.py took 0.094 seconds
[2023-01-02T02:04:47.304+0000] {processor.py:153} INFO - Started process (PID=644) to work on /home/airflow/.local/lib/python3.7/site-packages/airflow/example_dags/example_xcomargs.py
[2023-01-02T02:04:47.306+0000] {processor.py:743} INFO - Processing file /home/airflow/.local/lib/python3.7/site-packages/airflow/example_dags/example_xcomargs.py for tasks to queue
[2023-01-02T02:04:47.307+0000] {logging_mixin.py:137} INFO - [2023-01-02T02:04:47.307+0000] {dagbag.py:538} INFO - Filling up the DagBag from /home/airflow/.local/lib/python3.7/site-packages/airflow/example_dags/example_xcomargs.py
[2023-01-02T02:04:47.323+0000] {processor.py:753} INFO - DAG(s) dict_keys(['example_xcom_args', 'example_xcom_args_with_operators']) retrieved from /home/airflow/.local/lib/python3.7/site-packages/airflow/example_dags/example_xcomargs.py
[2023-01-02T02:04:47.356+0000] {logging_mixin.py:137} INFO - [2023-01-02T02:04:47.356+0000] {dag.py:2676} INFO - Sync 2 DAGs
[2023-01-02T02:04:47.372+0000] {logging_mixin.py:137} INFO - [2023-01-02T02:04:47.372+0000] {dag.py:3427} INFO - Setting next_dagrun for example_xcom_args to None, run_after=None
[2023-01-02T02:04:47.376+0000] {logging_mixin.py:137} INFO - [2023-01-02T02:04:47.375+0000] {dag.py:3427} INFO - Setting next_dagrun for example_xcom_args_with_operators to None, run_after=None
[2023-01-02T02:04:47.386+0000] {processor.py:175} INFO - Processing /home/airflow/.local/lib/python3.7/site-packages/airflow/example_dags/example_xcomargs.py took 0.084 seconds
[2023-01-02T02:05:17.815+0000] {processor.py:153} INFO - Started process (PID=721) to work on /home/airflow/.local/lib/python3.7/site-packages/airflow/example_dags/example_xcomargs.py
[2023-01-02T02:05:17.816+0000] {processor.py:743} INFO - Processing file /home/airflow/.local/lib/python3.7/site-packages/airflow/example_dags/example_xcomargs.py for tasks to queue
[2023-01-02T02:05:17.817+0000] {logging_mixin.py:137} INFO - [2023-01-02T02:05:17.817+0000] {dagbag.py:538} INFO - Filling up the DagBag from /home/airflow/.local/lib/python3.7/site-packages/airflow/example_dags/example_xcomargs.py
[2023-01-02T02:05:17.836+0000] {processor.py:753} INFO - DAG(s) dict_keys(['example_xcom_args_with_operators', 'example_xcom_args']) retrieved from /home/airflow/.local/lib/python3.7/site-packages/airflow/example_dags/example_xcomargs.py
[2023-01-02T02:05:17.871+0000] {logging_mixin.py:137} INFO - [2023-01-02T02:05:17.871+0000] {dag.py:2676} INFO - Sync 2 DAGs
[2023-01-02T02:05:17.888+0000] {logging_mixin.py:137} INFO - [2023-01-02T02:05:17.888+0000] {dag.py:3427} INFO - Setting next_dagrun for example_xcom_args to None, run_after=None
[2023-01-02T02:05:17.891+0000] {logging_mixin.py:137} INFO - [2023-01-02T02:05:17.891+0000] {dag.py:3427} INFO - Setting next_dagrun for example_xcom_args_with_operators to None, run_after=None
[2023-01-02T02:05:17.903+0000] {processor.py:175} INFO - Processing /home/airflow/.local/lib/python3.7/site-packages/airflow/example_dags/example_xcomargs.py took 0.091 seconds
[2023-01-02T02:05:48.578+0000] {processor.py:153} INFO - Started process (PID=786) to work on /home/airflow/.local/lib/python3.7/site-packages/airflow/example_dags/example_xcomargs.py
[2023-01-02T02:05:48.579+0000] {processor.py:743} INFO - Processing file /home/airflow/.local/lib/python3.7/site-packages/airflow/example_dags/example_xcomargs.py for tasks to queue
[2023-01-02T02:05:48.580+0000] {logging_mixin.py:137} INFO - [2023-01-02T02:05:48.580+0000] {dagbag.py:538} INFO - Filling up the DagBag from /home/airflow/.local/lib/python3.7/site-packages/airflow/example_dags/example_xcomargs.py
[2023-01-02T02:05:48.597+0000] {processor.py:753} INFO - DAG(s) dict_keys(['example_xcom_args', 'example_xcom_args_with_operators']) retrieved from /home/airflow/.local/lib/python3.7/site-packages/airflow/example_dags/example_xcomargs.py
[2023-01-02T02:05:48.627+0000] {logging_mixin.py:137} INFO - [2023-01-02T02:05:48.627+0000] {dag.py:2676} INFO - Sync 2 DAGs
[2023-01-02T02:05:48.644+0000] {logging_mixin.py:137} INFO - [2023-01-02T02:05:48.644+0000] {dag.py:3427} INFO - Setting next_dagrun for example_xcom_args to None, run_after=None
[2023-01-02T02:05:48.647+0000] {logging_mixin.py:137} INFO - [2023-01-02T02:05:48.647+0000] {dag.py:3427} INFO - Setting next_dagrun for example_xcom_args_with_operators to None, run_after=None
[2023-01-02T02:05:48.658+0000] {processor.py:175} INFO - Processing /home/airflow/.local/lib/python3.7/site-packages/airflow/example_dags/example_xcomargs.py took 0.082 seconds
[2023-01-02T02:06:19.154+0000] {processor.py:153} INFO - Started process (PID=866) to work on /home/airflow/.local/lib/python3.7/site-packages/airflow/example_dags/example_xcomargs.py
[2023-01-02T02:06:19.156+0000] {processor.py:743} INFO - Processing file /home/airflow/.local/lib/python3.7/site-packages/airflow/example_dags/example_xcomargs.py for tasks to queue
[2023-01-02T02:06:19.157+0000] {logging_mixin.py:137} INFO - [2023-01-02T02:06:19.156+0000] {dagbag.py:538} INFO - Filling up the DagBag from /home/airflow/.local/lib/python3.7/site-packages/airflow/example_dags/example_xcomargs.py
[2023-01-02T02:06:19.173+0000] {processor.py:753} INFO - DAG(s) dict_keys(['example_xcom_args', 'example_xcom_args_with_operators']) retrieved from /home/airflow/.local/lib/python3.7/site-packages/airflow/example_dags/example_xcomargs.py
[2023-01-02T02:06:19.205+0000] {logging_mixin.py:137} INFO - [2023-01-02T02:06:19.204+0000] {dag.py:2676} INFO - Sync 2 DAGs
[2023-01-02T02:06:19.221+0000] {logging_mixin.py:137} INFO - [2023-01-02T02:06:19.221+0000] {dag.py:3427} INFO - Setting next_dagrun for example_xcom_args to None, run_after=None
[2023-01-02T02:06:19.224+0000] {logging_mixin.py:137} INFO - [2023-01-02T02:06:19.224+0000] {dag.py:3427} INFO - Setting next_dagrun for example_xcom_args_with_operators to None, run_after=None
[2023-01-02T02:06:19.235+0000] {processor.py:175} INFO - Processing /home/airflow/.local/lib/python3.7/site-packages/airflow/example_dags/example_xcomargs.py took 0.083 seconds
[2023-01-02T02:06:49.729+0000] {processor.py:153} INFO - Started process (PID=944) to work on /home/airflow/.local/lib/python3.7/site-packages/airflow/example_dags/example_xcomargs.py
[2023-01-02T02:06:49.731+0000] {processor.py:743} INFO - Processing file /home/airflow/.local/lib/python3.7/site-packages/airflow/example_dags/example_xcomargs.py for tasks to queue
[2023-01-02T02:06:49.731+0000] {logging_mixin.py:137} INFO - [2023-01-02T02:06:49.731+0000] {dagbag.py:538} INFO - Filling up the DagBag from /home/airflow/.local/lib/python3.7/site-packages/airflow/example_dags/example_xcomargs.py
[2023-01-02T02:06:49.750+0000] {processor.py:753} INFO - DAG(s) dict_keys(['example_xcom_args', 'example_xcom_args_with_operators']) retrieved from /home/airflow/.local/lib/python3.7/site-packages/airflow/example_dags/example_xcomargs.py
[2023-01-02T02:06:49.793+0000] {logging_mixin.py:137} INFO - [2023-01-02T02:06:49.793+0000] {dag.py:2676} INFO - Sync 2 DAGs
[2023-01-02T02:06:49.809+0000] {logging_mixin.py:137} INFO - [2023-01-02T02:06:49.809+0000] {dag.py:3427} INFO - Setting next_dagrun for example_xcom_args to None, run_after=None
[2023-01-02T02:06:49.811+0000] {logging_mixin.py:137} INFO - [2023-01-02T02:06:49.811+0000] {dag.py:3427} INFO - Setting next_dagrun for example_xcom_args_with_operators to None, run_after=None
[2023-01-02T02:06:49.822+0000] {processor.py:175} INFO - Processing /home/airflow/.local/lib/python3.7/site-packages/airflow/example_dags/example_xcomargs.py took 0.095 seconds
[2023-01-02T02:07:20.628+0000] {processor.py:153} INFO - Started process (PID=1010) to work on /home/airflow/.local/lib/python3.7/site-packages/airflow/example_dags/example_xcomargs.py
[2023-01-02T02:07:20.629+0000] {processor.py:743} INFO - Processing file /home/airflow/.local/lib/python3.7/site-packages/airflow/example_dags/example_xcomargs.py for tasks to queue
[2023-01-02T02:07:20.630+0000] {logging_mixin.py:137} INFO - [2023-01-02T02:07:20.630+0000] {dagbag.py:538} INFO - Filling up the DagBag from /home/airflow/.local/lib/python3.7/site-packages/airflow/example_dags/example_xcomargs.py
[2023-01-02T02:07:20.653+0000] {processor.py:753} INFO - DAG(s) dict_keys(['example_xcom_args', 'example_xcom_args_with_operators']) retrieved from /home/airflow/.local/lib/python3.7/site-packages/airflow/example_dags/example_xcomargs.py
[2023-01-02T02:07:20.686+0000] {logging_mixin.py:137} INFO - [2023-01-02T02:07:20.686+0000] {dag.py:2676} INFO - Sync 2 DAGs
[2023-01-02T02:07:20.703+0000] {logging_mixin.py:137} INFO - [2023-01-02T02:07:20.703+0000] {dag.py:3427} INFO - Setting next_dagrun for example_xcom_args to None, run_after=None
[2023-01-02T02:07:20.706+0000] {logging_mixin.py:137} INFO - [2023-01-02T02:07:20.705+0000] {dag.py:3427} INFO - Setting next_dagrun for example_xcom_args_with_operators to None, run_after=None
[2023-01-02T02:07:20.718+0000] {processor.py:175} INFO - Processing /home/airflow/.local/lib/python3.7/site-packages/airflow/example_dags/example_xcomargs.py took 0.093 seconds
[2023-01-02T02:07:51.073+0000] {processor.py:153} INFO - Started process (PID=1088) to work on /home/airflow/.local/lib/python3.7/site-packages/airflow/example_dags/example_xcomargs.py
[2023-01-02T02:07:51.074+0000] {processor.py:743} INFO - Processing file /home/airflow/.local/lib/python3.7/site-packages/airflow/example_dags/example_xcomargs.py for tasks to queue
[2023-01-02T02:07:51.075+0000] {logging_mixin.py:137} INFO - [2023-01-02T02:07:51.075+0000] {dagbag.py:538} INFO - Filling up the DagBag from /home/airflow/.local/lib/python3.7/site-packages/airflow/example_dags/example_xcomargs.py
[2023-01-02T02:07:51.093+0000] {processor.py:753} INFO - DAG(s) dict_keys(['example_xcom_args', 'example_xcom_args_with_operators']) retrieved from /home/airflow/.local/lib/python3.7/site-packages/airflow/example_dags/example_xcomargs.py
[2023-01-02T02:07:51.125+0000] {logging_mixin.py:137} INFO - [2023-01-02T02:07:51.125+0000] {dag.py:2676} INFO - Sync 2 DAGs
[2023-01-02T02:07:51.142+0000] {logging_mixin.py:137} INFO - [2023-01-02T02:07:51.142+0000] {dag.py:3427} INFO - Setting next_dagrun for example_xcom_args to None, run_after=None
[2023-01-02T02:07:51.144+0000] {logging_mixin.py:137} INFO - [2023-01-02T02:07:51.144+0000] {dag.py:3427} INFO - Setting next_dagrun for example_xcom_args_with_operators to None, run_after=None
[2023-01-02T02:07:51.155+0000] {processor.py:175} INFO - Processing /home/airflow/.local/lib/python3.7/site-packages/airflow/example_dags/example_xcomargs.py took 0.086 seconds
[2023-01-02T02:08:21.933+0000] {processor.py:153} INFO - Started process (PID=1165) to work on /home/airflow/.local/lib/python3.7/site-packages/airflow/example_dags/example_xcomargs.py
[2023-01-02T02:08:21.935+0000] {processor.py:743} INFO - Processing file /home/airflow/.local/lib/python3.7/site-packages/airflow/example_dags/example_xcomargs.py for tasks to queue
[2023-01-02T02:08:21.936+0000] {logging_mixin.py:137} INFO - [2023-01-02T02:08:21.936+0000] {dagbag.py:538} INFO - Filling up the DagBag from /home/airflow/.local/lib/python3.7/site-packages/airflow/example_dags/example_xcomargs.py
[2023-01-02T02:08:21.979+0000] {processor.py:753} INFO - DAG(s) dict_keys(['example_xcom_args_with_operators', 'example_xcom_args']) retrieved from /home/airflow/.local/lib/python3.7/site-packages/airflow/example_dags/example_xcomargs.py
[2023-01-02T02:08:22.028+0000] {logging_mixin.py:137} INFO - [2023-01-02T02:08:22.028+0000] {dag.py:2676} INFO - Sync 2 DAGs
[2023-01-02T02:08:22.052+0000] {logging_mixin.py:137} INFO - [2023-01-02T02:08:22.052+0000] {dag.py:3427} INFO - Setting next_dagrun for example_xcom_args to None, run_after=None
[2023-01-02T02:08:22.062+0000] {logging_mixin.py:137} INFO - [2023-01-02T02:08:22.062+0000] {dag.py:3427} INFO - Setting next_dagrun for example_xcom_args_with_operators to None, run_after=None
[2023-01-02T02:08:22.076+0000] {processor.py:175} INFO - Processing /home/airflow/.local/lib/python3.7/site-packages/airflow/example_dags/example_xcomargs.py took 0.149 seconds
[2023-01-02T02:08:52.707+0000] {processor.py:153} INFO - Started process (PID=1230) to work on /home/airflow/.local/lib/python3.7/site-packages/airflow/example_dags/example_xcomargs.py
[2023-01-02T02:08:52.708+0000] {processor.py:743} INFO - Processing file /home/airflow/.local/lib/python3.7/site-packages/airflow/example_dags/example_xcomargs.py for tasks to queue
[2023-01-02T02:08:52.709+0000] {logging_mixin.py:137} INFO - [2023-01-02T02:08:52.709+0000] {dagbag.py:538} INFO - Filling up the DagBag from /home/airflow/.local/lib/python3.7/site-packages/airflow/example_dags/example_xcomargs.py
[2023-01-02T02:08:52.724+0000] {processor.py:753} INFO - DAG(s) dict_keys(['example_xcom_args', 'example_xcom_args_with_operators']) retrieved from /home/airflow/.local/lib/python3.7/site-packages/airflow/example_dags/example_xcomargs.py
[2023-01-02T02:08:52.755+0000] {logging_mixin.py:137} INFO - [2023-01-02T02:08:52.755+0000] {dag.py:2676} INFO - Sync 2 DAGs
[2023-01-02T02:08:52.770+0000] {logging_mixin.py:137} INFO - [2023-01-02T02:08:52.770+0000] {dag.py:3427} INFO - Setting next_dagrun for example_xcom_args to None, run_after=None
[2023-01-02T02:08:52.772+0000] {logging_mixin.py:137} INFO - [2023-01-02T02:08:52.772+0000] {dag.py:3427} INFO - Setting next_dagrun for example_xcom_args_with_operators to None, run_after=None
[2023-01-02T02:08:52.781+0000] {processor.py:175} INFO - Processing /home/airflow/.local/lib/python3.7/site-packages/airflow/example_dags/example_xcomargs.py took 0.078 seconds
[2023-01-02T02:09:23.032+0000] {processor.py:153} INFO - Started process (PID=1309) to work on /home/airflow/.local/lib/python3.7/site-packages/airflow/example_dags/example_xcomargs.py
[2023-01-02T02:09:23.033+0000] {processor.py:743} INFO - Processing file /home/airflow/.local/lib/python3.7/site-packages/airflow/example_dags/example_xcomargs.py for tasks to queue
[2023-01-02T02:09:23.034+0000] {logging_mixin.py:137} INFO - [2023-01-02T02:09:23.034+0000] {dagbag.py:538} INFO - Filling up the DagBag from /home/airflow/.local/lib/python3.7/site-packages/airflow/example_dags/example_xcomargs.py
[2023-01-02T02:09:23.051+0000] {processor.py:753} INFO - DAG(s) dict_keys(['example_xcom_args_with_operators', 'example_xcom_args']) retrieved from /home/airflow/.local/lib/python3.7/site-packages/airflow/example_dags/example_xcomargs.py
[2023-01-02T02:09:23.081+0000] {logging_mixin.py:137} INFO - [2023-01-02T02:09:23.081+0000] {dag.py:2676} INFO - Sync 2 DAGs
[2023-01-02T02:09:23.097+0000] {logging_mixin.py:137} INFO - [2023-01-02T02:09:23.096+0000] {dag.py:3427} INFO - Setting next_dagrun for example_xcom_args to None, run_after=None
[2023-01-02T02:09:23.099+0000] {logging_mixin.py:137} INFO - [2023-01-02T02:09:23.099+0000] {dag.py:3427} INFO - Setting next_dagrun for example_xcom_args_with_operators to None, run_after=None
[2023-01-02T02:09:23.110+0000] {processor.py:175} INFO - Processing /home/airflow/.local/lib/python3.7/site-packages/airflow/example_dags/example_xcomargs.py took 0.081 seconds
[2023-01-02T02:09:53.590+0000] {processor.py:153} INFO - Started process (PID=1381) to work on /home/airflow/.local/lib/python3.7/site-packages/airflow/example_dags/example_xcomargs.py
[2023-01-02T02:09:53.591+0000] {processor.py:743} INFO - Processing file /home/airflow/.local/lib/python3.7/site-packages/airflow/example_dags/example_xcomargs.py for tasks to queue
[2023-01-02T02:09:53.592+0000] {logging_mixin.py:137} INFO - [2023-01-02T02:09:53.592+0000] {dagbag.py:538} INFO - Filling up the DagBag from /home/airflow/.local/lib/python3.7/site-packages/airflow/example_dags/example_xcomargs.py
[2023-01-02T02:09:53.610+0000] {processor.py:753} INFO - DAG(s) dict_keys(['example_xcom_args_with_operators', 'example_xcom_args']) retrieved from /home/airflow/.local/lib/python3.7/site-packages/airflow/example_dags/example_xcomargs.py
[2023-01-02T02:09:53.643+0000] {logging_mixin.py:137} INFO - [2023-01-02T02:09:53.643+0000] {dag.py:2676} INFO - Sync 2 DAGs
[2023-01-02T02:09:53.660+0000] {logging_mixin.py:137} INFO - [2023-01-02T02:09:53.659+0000] {dag.py:3427} INFO - Setting next_dagrun for example_xcom_args to None, run_after=None
[2023-01-02T02:09:53.663+0000] {logging_mixin.py:137} INFO - [2023-01-02T02:09:53.663+0000] {dag.py:3427} INFO - Setting next_dagrun for example_xcom_args_with_operators to None, run_after=None
[2023-01-02T02:09:53.675+0000] {processor.py:175} INFO - Processing /home/airflow/.local/lib/python3.7/site-packages/airflow/example_dags/example_xcomargs.py took 0.088 seconds
