[2023-01-02T01:57:12.064+0000] {processor.py:153} INFO - Started process (PID=63) to work on /home/airflow/.local/lib/python3.7/site-packages/airflow/example_dags/example_task_group_decorator.py
[2023-01-02T01:57:12.066+0000] {processor.py:743} INFO - Processing file /home/airflow/.local/lib/python3.7/site-packages/airflow/example_dags/example_task_group_decorator.py for tasks to queue
[2023-01-02T01:57:12.067+0000] {logging_mixin.py:137} INFO - [2023-01-02T01:57:12.067+0000] {dagbag.py:538} INFO - Filling up the DagBag from /home/airflow/.local/lib/python3.7/site-packages/airflow/example_dags/example_task_group_decorator.py
[2023-01-02T01:57:12.101+0000] {processor.py:753} INFO - DAG(s) dict_keys(['example_task_group_decorator']) retrieved from /home/airflow/.local/lib/python3.7/site-packages/airflow/example_dags/example_task_group_decorator.py
[2023-01-02T01:57:12.135+0000] {logging_mixin.py:137} INFO - [2023-01-02T01:57:12.135+0000] {dag.py:2676} INFO - Sync 1 DAGs
[2023-01-02T01:57:12.171+0000] {logging_mixin.py:137} INFO - [2023-01-02T01:57:12.170+0000] {dag.py:3427} INFO - Setting next_dagrun for example_task_group_decorator to 2023-01-01T01:57:12.169945+00:00, run_after=2023-01-02T01:57:12.169945+00:00
[2023-01-02T01:57:12.207+0000] {processor.py:175} INFO - Processing /home/airflow/.local/lib/python3.7/site-packages/airflow/example_dags/example_task_group_decorator.py took 0.156 seconds
[2023-01-02T01:57:43.128+0000] {processor.py:153} INFO - Started process (PID=141) to work on /home/airflow/.local/lib/python3.7/site-packages/airflow/example_dags/example_task_group_decorator.py
[2023-01-02T01:57:43.130+0000] {processor.py:743} INFO - Processing file /home/airflow/.local/lib/python3.7/site-packages/airflow/example_dags/example_task_group_decorator.py for tasks to queue
[2023-01-02T01:57:43.131+0000] {logging_mixin.py:137} INFO - [2023-01-02T01:57:43.131+0000] {dagbag.py:538} INFO - Filling up the DagBag from /home/airflow/.local/lib/python3.7/site-packages/airflow/example_dags/example_task_group_decorator.py
[2023-01-02T01:57:43.151+0000] {processor.py:753} INFO - DAG(s) dict_keys(['example_task_group_decorator']) retrieved from /home/airflow/.local/lib/python3.7/site-packages/airflow/example_dags/example_task_group_decorator.py
[2023-01-02T01:57:43.179+0000] {logging_mixin.py:137} INFO - [2023-01-02T01:57:43.178+0000] {dag.py:2676} INFO - Sync 1 DAGs
[2023-01-02T01:57:43.200+0000] {logging_mixin.py:137} INFO - [2023-01-02T01:57:43.200+0000] {dag.py:3427} INFO - Setting next_dagrun for example_task_group_decorator to 2023-01-01T01:57:43.200552+00:00, run_after=2023-01-02T01:57:43.200552+00:00
[2023-01-02T01:57:43.214+0000] {processor.py:175} INFO - Processing /home/airflow/.local/lib/python3.7/site-packages/airflow/example_dags/example_task_group_decorator.py took 0.089 seconds
[2023-01-02T01:58:13.319+0000] {processor.py:153} INFO - Started process (PID=218) to work on /home/airflow/.local/lib/python3.7/site-packages/airflow/example_dags/example_task_group_decorator.py
[2023-01-02T01:58:13.320+0000] {processor.py:743} INFO - Processing file /home/airflow/.local/lib/python3.7/site-packages/airflow/example_dags/example_task_group_decorator.py for tasks to queue
[2023-01-02T01:58:13.321+0000] {logging_mixin.py:137} INFO - [2023-01-02T01:58:13.321+0000] {dagbag.py:538} INFO - Filling up the DagBag from /home/airflow/.local/lib/python3.7/site-packages/airflow/example_dags/example_task_group_decorator.py
[2023-01-02T01:58:13.341+0000] {processor.py:753} INFO - DAG(s) dict_keys(['example_task_group_decorator']) retrieved from /home/airflow/.local/lib/python3.7/site-packages/airflow/example_dags/example_task_group_decorator.py
[2023-01-02T01:58:13.375+0000] {logging_mixin.py:137} INFO - [2023-01-02T01:58:13.374+0000] {dag.py:2676} INFO - Sync 1 DAGs
[2023-01-02T01:58:13.394+0000] {logging_mixin.py:137} INFO - [2023-01-02T01:58:13.394+0000] {dag.py:3427} INFO - Setting next_dagrun for example_task_group_decorator to 2023-01-01T01:58:13.393778+00:00, run_after=2023-01-02T01:58:13.393778+00:00
[2023-01-02T01:58:13.407+0000] {processor.py:175} INFO - Processing /home/airflow/.local/lib/python3.7/site-packages/airflow/example_dags/example_task_group_decorator.py took 0.090 seconds
[2023-01-02T02:00:43.405+0000] {processor.py:153} INFO - Started process (PID=63) to work on /home/airflow/.local/lib/python3.7/site-packages/airflow/example_dags/example_task_group_decorator.py
[2023-01-02T02:00:43.409+0000] {processor.py:743} INFO - Processing file /home/airflow/.local/lib/python3.7/site-packages/airflow/example_dags/example_task_group_decorator.py for tasks to queue
[2023-01-02T02:00:43.411+0000] {logging_mixin.py:137} INFO - [2023-01-02T02:00:43.410+0000] {dagbag.py:538} INFO - Filling up the DagBag from /home/airflow/.local/lib/python3.7/site-packages/airflow/example_dags/example_task_group_decorator.py
[2023-01-02T02:00:43.454+0000] {processor.py:753} INFO - DAG(s) dict_keys(['example_task_group_decorator']) retrieved from /home/airflow/.local/lib/python3.7/site-packages/airflow/example_dags/example_task_group_decorator.py
[2023-01-02T02:00:43.482+0000] {logging_mixin.py:137} INFO - [2023-01-02T02:00:43.482+0000] {dag.py:2676} INFO - Sync 1 DAGs
[2023-01-02T02:00:43.505+0000] {logging_mixin.py:137} INFO - [2023-01-02T02:00:43.505+0000] {dag.py:3427} INFO - Setting next_dagrun for example_task_group_decorator to 2023-01-01T02:00:43.505075+00:00, run_after=2023-01-02T02:00:43.505075+00:00
[2023-01-02T02:00:43.522+0000] {processor.py:175} INFO - Processing /home/airflow/.local/lib/python3.7/site-packages/airflow/example_dags/example_task_group_decorator.py took 0.123 seconds
[2023-01-02T02:01:14.343+0000] {processor.py:153} INFO - Started process (PID=141) to work on /home/airflow/.local/lib/python3.7/site-packages/airflow/example_dags/example_task_group_decorator.py
[2023-01-02T02:01:14.345+0000] {processor.py:743} INFO - Processing file /home/airflow/.local/lib/python3.7/site-packages/airflow/example_dags/example_task_group_decorator.py for tasks to queue
[2023-01-02T02:01:14.346+0000] {logging_mixin.py:137} INFO - [2023-01-02T02:01:14.346+0000] {dagbag.py:538} INFO - Filling up the DagBag from /home/airflow/.local/lib/python3.7/site-packages/airflow/example_dags/example_task_group_decorator.py
[2023-01-02T02:01:14.368+0000] {processor.py:753} INFO - DAG(s) dict_keys(['example_task_group_decorator']) retrieved from /home/airflow/.local/lib/python3.7/site-packages/airflow/example_dags/example_task_group_decorator.py
[2023-01-02T02:01:14.401+0000] {logging_mixin.py:137} INFO - [2023-01-02T02:01:14.401+0000] {dag.py:2676} INFO - Sync 1 DAGs
[2023-01-02T02:01:14.420+0000] {logging_mixin.py:137} INFO - [2023-01-02T02:01:14.420+0000] {dag.py:3427} INFO - Setting next_dagrun for example_task_group_decorator to 2023-01-01T02:01:14.419754+00:00, run_after=2023-01-02T02:01:14.419754+00:00
[2023-01-02T02:01:14.436+0000] {processor.py:175} INFO - Processing /home/airflow/.local/lib/python3.7/site-packages/airflow/example_dags/example_task_group_decorator.py took 0.096 seconds
[2023-01-02T02:01:44.938+0000] {processor.py:153} INFO - Started process (PID=206) to work on /home/airflow/.local/lib/python3.7/site-packages/airflow/example_dags/example_task_group_decorator.py
[2023-01-02T02:01:44.940+0000] {processor.py:743} INFO - Processing file /home/airflow/.local/lib/python3.7/site-packages/airflow/example_dags/example_task_group_decorator.py for tasks to queue
[2023-01-02T02:01:44.941+0000] {logging_mixin.py:137} INFO - [2023-01-02T02:01:44.941+0000] {dagbag.py:538} INFO - Filling up the DagBag from /home/airflow/.local/lib/python3.7/site-packages/airflow/example_dags/example_task_group_decorator.py
[2023-01-02T02:01:44.975+0000] {processor.py:753} INFO - DAG(s) dict_keys(['example_task_group_decorator']) retrieved from /home/airflow/.local/lib/python3.7/site-packages/airflow/example_dags/example_task_group_decorator.py
[2023-01-02T02:01:45.012+0000] {logging_mixin.py:137} INFO - [2023-01-02T02:01:45.012+0000] {dag.py:2676} INFO - Sync 1 DAGs
[2023-01-02T02:01:45.041+0000] {logging_mixin.py:137} INFO - [2023-01-02T02:01:45.041+0000] {dag.py:3427} INFO - Setting next_dagrun for example_task_group_decorator to 2023-01-01T02:01:45.040873+00:00, run_after=2023-01-02T02:01:45.040873+00:00
[2023-01-02T02:01:45.063+0000] {processor.py:175} INFO - Processing /home/airflow/.local/lib/python3.7/site-packages/airflow/example_dags/example_task_group_decorator.py took 0.129 seconds
[2023-01-02T02:02:15.408+0000] {processor.py:153} INFO - Started process (PID=284) to work on /home/airflow/.local/lib/python3.7/site-packages/airflow/example_dags/example_task_group_decorator.py
[2023-01-02T02:02:15.410+0000] {processor.py:743} INFO - Processing file /home/airflow/.local/lib/python3.7/site-packages/airflow/example_dags/example_task_group_decorator.py for tasks to queue
[2023-01-02T02:02:15.411+0000] {logging_mixin.py:137} INFO - [2023-01-02T02:02:15.411+0000] {dagbag.py:538} INFO - Filling up the DagBag from /home/airflow/.local/lib/python3.7/site-packages/airflow/example_dags/example_task_group_decorator.py
[2023-01-02T02:02:15.428+0000] {processor.py:753} INFO - DAG(s) dict_keys(['example_task_group_decorator']) retrieved from /home/airflow/.local/lib/python3.7/site-packages/airflow/example_dags/example_task_group_decorator.py
[2023-01-02T02:02:15.455+0000] {logging_mixin.py:137} INFO - [2023-01-02T02:02:15.455+0000] {dag.py:2676} INFO - Sync 1 DAGs
[2023-01-02T02:02:15.471+0000] {logging_mixin.py:137} INFO - [2023-01-02T02:02:15.471+0000] {dag.py:3427} INFO - Setting next_dagrun for example_task_group_decorator to 2023-01-01T02:02:15.471067+00:00, run_after=2023-01-02T02:02:15.471067+00:00
[2023-01-02T02:02:15.482+0000] {processor.py:175} INFO - Processing /home/airflow/.local/lib/python3.7/site-packages/airflow/example_dags/example_task_group_decorator.py took 0.077 seconds
[2023-01-02T02:02:45.513+0000] {processor.py:153} INFO - Started process (PID=363) to work on /home/airflow/.local/lib/python3.7/site-packages/airflow/example_dags/example_task_group_decorator.py
[2023-01-02T02:02:45.515+0000] {processor.py:743} INFO - Processing file /home/airflow/.local/lib/python3.7/site-packages/airflow/example_dags/example_task_group_decorator.py for tasks to queue
[2023-01-02T02:02:45.517+0000] {logging_mixin.py:137} INFO - [2023-01-02T02:02:45.517+0000] {dagbag.py:538} INFO - Filling up the DagBag from /home/airflow/.local/lib/python3.7/site-packages/airflow/example_dags/example_task_group_decorator.py
[2023-01-02T02:02:45.545+0000] {processor.py:753} INFO - DAG(s) dict_keys(['example_task_group_decorator']) retrieved from /home/airflow/.local/lib/python3.7/site-packages/airflow/example_dags/example_task_group_decorator.py
[2023-01-02T02:02:45.579+0000] {logging_mixin.py:137} INFO - [2023-01-02T02:02:45.579+0000] {dag.py:2676} INFO - Sync 1 DAGs
[2023-01-02T02:02:45.595+0000] {logging_mixin.py:137} INFO - [2023-01-02T02:02:45.595+0000] {dag.py:3427} INFO - Setting next_dagrun for example_task_group_decorator to 2023-01-01T02:02:45.595343+00:00, run_after=2023-01-02T02:02:45.595343+00:00
[2023-01-02T02:02:45.607+0000] {processor.py:175} INFO - Processing /home/airflow/.local/lib/python3.7/site-packages/airflow/example_dags/example_task_group_decorator.py took 0.097 seconds
[2023-01-02T02:03:15.985+0000] {processor.py:153} INFO - Started process (PID=428) to work on /home/airflow/.local/lib/python3.7/site-packages/airflow/example_dags/example_task_group_decorator.py
[2023-01-02T02:03:15.986+0000] {processor.py:743} INFO - Processing file /home/airflow/.local/lib/python3.7/site-packages/airflow/example_dags/example_task_group_decorator.py for tasks to queue
[2023-01-02T02:03:15.987+0000] {logging_mixin.py:137} INFO - [2023-01-02T02:03:15.987+0000] {dagbag.py:538} INFO - Filling up the DagBag from /home/airflow/.local/lib/python3.7/site-packages/airflow/example_dags/example_task_group_decorator.py
[2023-01-02T02:03:16.007+0000] {processor.py:753} INFO - DAG(s) dict_keys(['example_task_group_decorator']) retrieved from /home/airflow/.local/lib/python3.7/site-packages/airflow/example_dags/example_task_group_decorator.py
[2023-01-02T02:03:16.037+0000] {logging_mixin.py:137} INFO - [2023-01-02T02:03:16.037+0000] {dag.py:2676} INFO - Sync 1 DAGs
[2023-01-02T02:03:16.055+0000] {logging_mixin.py:137} INFO - [2023-01-02T02:03:16.055+0000] {dag.py:3427} INFO - Setting next_dagrun for example_task_group_decorator to 2023-01-01T02:03:16.055302+00:00, run_after=2023-01-02T02:03:16.055302+00:00
[2023-01-02T02:03:16.068+0000] {processor.py:175} INFO - Processing /home/airflow/.local/lib/python3.7/site-packages/airflow/example_dags/example_task_group_decorator.py took 0.086 seconds
[2023-01-02T02:03:46.148+0000] {processor.py:153} INFO - Started process (PID=506) to work on /home/airflow/.local/lib/python3.7/site-packages/airflow/example_dags/example_task_group_decorator.py
[2023-01-02T02:03:46.149+0000] {processor.py:743} INFO - Processing file /home/airflow/.local/lib/python3.7/site-packages/airflow/example_dags/example_task_group_decorator.py for tasks to queue
[2023-01-02T02:03:46.150+0000] {logging_mixin.py:137} INFO - [2023-01-02T02:03:46.150+0000] {dagbag.py:538} INFO - Filling up the DagBag from /home/airflow/.local/lib/python3.7/site-packages/airflow/example_dags/example_task_group_decorator.py
[2023-01-02T02:03:46.168+0000] {processor.py:753} INFO - DAG(s) dict_keys(['example_task_group_decorator']) retrieved from /home/airflow/.local/lib/python3.7/site-packages/airflow/example_dags/example_task_group_decorator.py
[2023-01-02T02:03:46.196+0000] {logging_mixin.py:137} INFO - [2023-01-02T02:03:46.196+0000] {dag.py:2676} INFO - Sync 1 DAGs
[2023-01-02T02:03:46.213+0000] {logging_mixin.py:137} INFO - [2023-01-02T02:03:46.213+0000] {dag.py:3427} INFO - Setting next_dagrun for example_task_group_decorator to 2023-01-01T02:03:46.212925+00:00, run_after=2023-01-02T02:03:46.212925+00:00
[2023-01-02T02:03:46.224+0000] {processor.py:175} INFO - Processing /home/airflow/.local/lib/python3.7/site-packages/airflow/example_dags/example_task_group_decorator.py took 0.079 seconds
[2023-01-02T02:04:16.893+0000] {processor.py:153} INFO - Started process (PID=584) to work on /home/airflow/.local/lib/python3.7/site-packages/airflow/example_dags/example_task_group_decorator.py
[2023-01-02T02:04:16.899+0000] {processor.py:743} INFO - Processing file /home/airflow/.local/lib/python3.7/site-packages/airflow/example_dags/example_task_group_decorator.py for tasks to queue
[2023-01-02T02:04:16.901+0000] {logging_mixin.py:137} INFO - [2023-01-02T02:04:16.901+0000] {dagbag.py:538} INFO - Filling up the DagBag from /home/airflow/.local/lib/python3.7/site-packages/airflow/example_dags/example_task_group_decorator.py
[2023-01-02T02:04:16.926+0000] {processor.py:753} INFO - DAG(s) dict_keys(['example_task_group_decorator']) retrieved from /home/airflow/.local/lib/python3.7/site-packages/airflow/example_dags/example_task_group_decorator.py
[2023-01-02T02:04:16.975+0000] {logging_mixin.py:137} INFO - [2023-01-02T02:04:16.974+0000] {dag.py:2676} INFO - Sync 1 DAGs
[2023-01-02T02:04:17.003+0000] {logging_mixin.py:137} INFO - [2023-01-02T02:04:17.003+0000] {dag.py:3427} INFO - Setting next_dagrun for example_task_group_decorator to 2023-01-01T02:04:17.003279+00:00, run_after=2023-01-02T02:04:17.003279+00:00
[2023-01-02T02:04:17.020+0000] {processor.py:175} INFO - Processing /home/airflow/.local/lib/python3.7/site-packages/airflow/example_dags/example_task_group_decorator.py took 0.131 seconds
[2023-01-02T02:04:47.724+0000] {processor.py:153} INFO - Started process (PID=651) to work on /home/airflow/.local/lib/python3.7/site-packages/airflow/example_dags/example_task_group_decorator.py
[2023-01-02T02:04:47.725+0000] {processor.py:743} INFO - Processing file /home/airflow/.local/lib/python3.7/site-packages/airflow/example_dags/example_task_group_decorator.py for tasks to queue
[2023-01-02T02:04:47.726+0000] {logging_mixin.py:137} INFO - [2023-01-02T02:04:47.726+0000] {dagbag.py:538} INFO - Filling up the DagBag from /home/airflow/.local/lib/python3.7/site-packages/airflow/example_dags/example_task_group_decorator.py
[2023-01-02T02:04:47.745+0000] {processor.py:753} INFO - DAG(s) dict_keys(['example_task_group_decorator']) retrieved from /home/airflow/.local/lib/python3.7/site-packages/airflow/example_dags/example_task_group_decorator.py
[2023-01-02T02:04:47.777+0000] {logging_mixin.py:137} INFO - [2023-01-02T02:04:47.776+0000] {dag.py:2676} INFO - Sync 1 DAGs
[2023-01-02T02:04:47.793+0000] {logging_mixin.py:137} INFO - [2023-01-02T02:04:47.793+0000] {dag.py:3427} INFO - Setting next_dagrun for example_task_group_decorator to 2023-01-01T02:04:47.792950+00:00, run_after=2023-01-02T02:04:47.792950+00:00
[2023-01-02T02:04:47.806+0000] {processor.py:175} INFO - Processing /home/airflow/.local/lib/python3.7/site-packages/airflow/example_dags/example_task_group_decorator.py took 0.085 seconds
[2023-01-02T02:05:18.245+0000] {processor.py:153} INFO - Started process (PID=728) to work on /home/airflow/.local/lib/python3.7/site-packages/airflow/example_dags/example_task_group_decorator.py
[2023-01-02T02:05:18.247+0000] {processor.py:743} INFO - Processing file /home/airflow/.local/lib/python3.7/site-packages/airflow/example_dags/example_task_group_decorator.py for tasks to queue
[2023-01-02T02:05:18.248+0000] {logging_mixin.py:137} INFO - [2023-01-02T02:05:18.248+0000] {dagbag.py:538} INFO - Filling up the DagBag from /home/airflow/.local/lib/python3.7/site-packages/airflow/example_dags/example_task_group_decorator.py
[2023-01-02T02:05:18.269+0000] {processor.py:753} INFO - DAG(s) dict_keys(['example_task_group_decorator']) retrieved from /home/airflow/.local/lib/python3.7/site-packages/airflow/example_dags/example_task_group_decorator.py
[2023-01-02T02:05:18.299+0000] {logging_mixin.py:137} INFO - [2023-01-02T02:05:18.299+0000] {dag.py:2676} INFO - Sync 1 DAGs
[2023-01-02T02:05:18.315+0000] {logging_mixin.py:137} INFO - [2023-01-02T02:05:18.314+0000] {dag.py:3427} INFO - Setting next_dagrun for example_task_group_decorator to 2023-01-01T02:05:18.314746+00:00, run_after=2023-01-02T02:05:18.314746+00:00
[2023-01-02T02:05:18.328+0000] {processor.py:175} INFO - Processing /home/airflow/.local/lib/python3.7/site-packages/airflow/example_dags/example_task_group_decorator.py took 0.086 seconds
[2023-01-02T02:05:49.061+0000] {processor.py:153} INFO - Started process (PID=793) to work on /home/airflow/.local/lib/python3.7/site-packages/airflow/example_dags/example_task_group_decorator.py
[2023-01-02T02:05:49.063+0000] {processor.py:743} INFO - Processing file /home/airflow/.local/lib/python3.7/site-packages/airflow/example_dags/example_task_group_decorator.py for tasks to queue
[2023-01-02T02:05:49.065+0000] {logging_mixin.py:137} INFO - [2023-01-02T02:05:49.065+0000] {dagbag.py:538} INFO - Filling up the DagBag from /home/airflow/.local/lib/python3.7/site-packages/airflow/example_dags/example_task_group_decorator.py
[2023-01-02T02:05:49.122+0000] {processor.py:753} INFO - DAG(s) dict_keys(['example_task_group_decorator']) retrieved from /home/airflow/.local/lib/python3.7/site-packages/airflow/example_dags/example_task_group_decorator.py
[2023-01-02T02:05:49.171+0000] {logging_mixin.py:137} INFO - [2023-01-02T02:05:49.171+0000] {dag.py:2676} INFO - Sync 1 DAGs
[2023-01-02T02:05:49.203+0000] {logging_mixin.py:137} INFO - [2023-01-02T02:05:49.202+0000] {dag.py:3427} INFO - Setting next_dagrun for example_task_group_decorator to 2023-01-01T02:05:49.202444+00:00, run_after=2023-01-02T02:05:49.202444+00:00
[2023-01-02T02:05:49.220+0000] {processor.py:175} INFO - Processing /home/airflow/.local/lib/python3.7/site-packages/airflow/example_dags/example_task_group_decorator.py took 0.163 seconds
[2023-01-02T02:06:19.459+0000] {processor.py:153} INFO - Started process (PID=872) to work on /home/airflow/.local/lib/python3.7/site-packages/airflow/example_dags/example_task_group_decorator.py
[2023-01-02T02:06:19.460+0000] {processor.py:743} INFO - Processing file /home/airflow/.local/lib/python3.7/site-packages/airflow/example_dags/example_task_group_decorator.py for tasks to queue
[2023-01-02T02:06:19.461+0000] {logging_mixin.py:137} INFO - [2023-01-02T02:06:19.461+0000] {dagbag.py:538} INFO - Filling up the DagBag from /home/airflow/.local/lib/python3.7/site-packages/airflow/example_dags/example_task_group_decorator.py
[2023-01-02T02:06:19.481+0000] {processor.py:753} INFO - DAG(s) dict_keys(['example_task_group_decorator']) retrieved from /home/airflow/.local/lib/python3.7/site-packages/airflow/example_dags/example_task_group_decorator.py
[2023-01-02T02:06:19.509+0000] {logging_mixin.py:137} INFO - [2023-01-02T02:06:19.509+0000] {dag.py:2676} INFO - Sync 1 DAGs
[2023-01-02T02:06:19.524+0000] {logging_mixin.py:137} INFO - [2023-01-02T02:06:19.524+0000] {dag.py:3427} INFO - Setting next_dagrun for example_task_group_decorator to 2023-01-01T02:06:19.523988+00:00, run_after=2023-01-02T02:06:19.523988+00:00
[2023-01-02T02:06:19.535+0000] {processor.py:175} INFO - Processing /home/airflow/.local/lib/python3.7/site-packages/airflow/example_dags/example_task_group_decorator.py took 0.079 seconds
[2023-01-02T02:06:50.196+0000] {processor.py:153} INFO - Started process (PID=950) to work on /home/airflow/.local/lib/python3.7/site-packages/airflow/example_dags/example_task_group_decorator.py
[2023-01-02T02:06:50.198+0000] {processor.py:743} INFO - Processing file /home/airflow/.local/lib/python3.7/site-packages/airflow/example_dags/example_task_group_decorator.py for tasks to queue
[2023-01-02T02:06:50.199+0000] {logging_mixin.py:137} INFO - [2023-01-02T02:06:50.199+0000] {dagbag.py:538} INFO - Filling up the DagBag from /home/airflow/.local/lib/python3.7/site-packages/airflow/example_dags/example_task_group_decorator.py
[2023-01-02T02:06:50.234+0000] {processor.py:753} INFO - DAG(s) dict_keys(['example_task_group_decorator']) retrieved from /home/airflow/.local/lib/python3.7/site-packages/airflow/example_dags/example_task_group_decorator.py
[2023-01-02T02:06:50.282+0000] {logging_mixin.py:137} INFO - [2023-01-02T02:06:50.282+0000] {dag.py:2676} INFO - Sync 1 DAGs
[2023-01-02T02:06:50.301+0000] {logging_mixin.py:137} INFO - [2023-01-02T02:06:50.301+0000] {dag.py:3427} INFO - Setting next_dagrun for example_task_group_decorator to 2023-01-01T02:06:50.301058+00:00, run_after=2023-01-02T02:06:50.301058+00:00
[2023-01-02T02:06:50.313+0000] {processor.py:175} INFO - Processing /home/airflow/.local/lib/python3.7/site-packages/airflow/example_dags/example_task_group_decorator.py took 0.123 seconds
[2023-01-02T02:07:20.973+0000] {processor.py:153} INFO - Started process (PID=1016) to work on /home/airflow/.local/lib/python3.7/site-packages/airflow/example_dags/example_task_group_decorator.py
[2023-01-02T02:07:20.975+0000] {processor.py:743} INFO - Processing file /home/airflow/.local/lib/python3.7/site-packages/airflow/example_dags/example_task_group_decorator.py for tasks to queue
[2023-01-02T02:07:20.976+0000] {logging_mixin.py:137} INFO - [2023-01-02T02:07:20.976+0000] {dagbag.py:538} INFO - Filling up the DagBag from /home/airflow/.local/lib/python3.7/site-packages/airflow/example_dags/example_task_group_decorator.py
[2023-01-02T02:07:20.994+0000] {processor.py:753} INFO - DAG(s) dict_keys(['example_task_group_decorator']) retrieved from /home/airflow/.local/lib/python3.7/site-packages/airflow/example_dags/example_task_group_decorator.py
[2023-01-02T02:07:21.026+0000] {logging_mixin.py:137} INFO - [2023-01-02T02:07:21.026+0000] {dag.py:2676} INFO - Sync 1 DAGs
[2023-01-02T02:07:21.043+0000] {logging_mixin.py:137} INFO - [2023-01-02T02:07:21.043+0000] {dag.py:3427} INFO - Setting next_dagrun for example_task_group_decorator to 2023-01-01T02:07:21.043559+00:00, run_after=2023-01-02T02:07:21.043559+00:00
[2023-01-02T02:07:21.057+0000] {processor.py:175} INFO - Processing /home/airflow/.local/lib/python3.7/site-packages/airflow/example_dags/example_task_group_decorator.py took 0.087 seconds
[2023-01-02T02:07:51.396+0000] {processor.py:153} INFO - Started process (PID=1094) to work on /home/airflow/.local/lib/python3.7/site-packages/airflow/example_dags/example_task_group_decorator.py
[2023-01-02T02:07:51.397+0000] {processor.py:743} INFO - Processing file /home/airflow/.local/lib/python3.7/site-packages/airflow/example_dags/example_task_group_decorator.py for tasks to queue
[2023-01-02T02:07:51.398+0000] {logging_mixin.py:137} INFO - [2023-01-02T02:07:51.397+0000] {dagbag.py:538} INFO - Filling up the DagBag from /home/airflow/.local/lib/python3.7/site-packages/airflow/example_dags/example_task_group_decorator.py
[2023-01-02T02:07:51.417+0000] {processor.py:753} INFO - DAG(s) dict_keys(['example_task_group_decorator']) retrieved from /home/airflow/.local/lib/python3.7/site-packages/airflow/example_dags/example_task_group_decorator.py
[2023-01-02T02:07:51.446+0000] {logging_mixin.py:137} INFO - [2023-01-02T02:07:51.446+0000] {dag.py:2676} INFO - Sync 1 DAGs
[2023-01-02T02:07:51.462+0000] {logging_mixin.py:137} INFO - [2023-01-02T02:07:51.462+0000] {dag.py:3427} INFO - Setting next_dagrun for example_task_group_decorator to 2023-01-01T02:07:51.462309+00:00, run_after=2023-01-02T02:07:51.462309+00:00
[2023-01-02T02:07:51.475+0000] {processor.py:175} INFO - Processing /home/airflow/.local/lib/python3.7/site-packages/airflow/example_dags/example_task_group_decorator.py took 0.082 seconds
[2023-01-02T02:08:22.444+0000] {processor.py:153} INFO - Started process (PID=1171) to work on /home/airflow/.local/lib/python3.7/site-packages/airflow/example_dags/example_task_group_decorator.py
[2023-01-02T02:08:22.446+0000] {processor.py:743} INFO - Processing file /home/airflow/.local/lib/python3.7/site-packages/airflow/example_dags/example_task_group_decorator.py for tasks to queue
[2023-01-02T02:08:22.447+0000] {logging_mixin.py:137} INFO - [2023-01-02T02:08:22.447+0000] {dagbag.py:538} INFO - Filling up the DagBag from /home/airflow/.local/lib/python3.7/site-packages/airflow/example_dags/example_task_group_decorator.py
[2023-01-02T02:08:22.473+0000] {processor.py:753} INFO - DAG(s) dict_keys(['example_task_group_decorator']) retrieved from /home/airflow/.local/lib/python3.7/site-packages/airflow/example_dags/example_task_group_decorator.py
[2023-01-02T02:08:22.514+0000] {logging_mixin.py:137} INFO - [2023-01-02T02:08:22.514+0000] {dag.py:2676} INFO - Sync 1 DAGs
[2023-01-02T02:08:22.532+0000] {logging_mixin.py:137} INFO - [2023-01-02T02:08:22.532+0000] {dag.py:3427} INFO - Setting next_dagrun for example_task_group_decorator to 2023-01-01T02:08:22.531935+00:00, run_after=2023-01-02T02:08:22.531935+00:00
[2023-01-02T02:08:22.542+0000] {processor.py:175} INFO - Processing /home/airflow/.local/lib/python3.7/site-packages/airflow/example_dags/example_task_group_decorator.py took 0.100 seconds
[2023-01-02T02:08:53.020+0000] {processor.py:153} INFO - Started process (PID=1236) to work on /home/airflow/.local/lib/python3.7/site-packages/airflow/example_dags/example_task_group_decorator.py
[2023-01-02T02:08:53.021+0000] {processor.py:743} INFO - Processing file /home/airflow/.local/lib/python3.7/site-packages/airflow/example_dags/example_task_group_decorator.py for tasks to queue
[2023-01-02T02:08:53.022+0000] {logging_mixin.py:137} INFO - [2023-01-02T02:08:53.022+0000] {dagbag.py:538} INFO - Filling up the DagBag from /home/airflow/.local/lib/python3.7/site-packages/airflow/example_dags/example_task_group_decorator.py
[2023-01-02T02:08:53.041+0000] {processor.py:753} INFO - DAG(s) dict_keys(['example_task_group_decorator']) retrieved from /home/airflow/.local/lib/python3.7/site-packages/airflow/example_dags/example_task_group_decorator.py
[2023-01-02T02:08:53.069+0000] {logging_mixin.py:137} INFO - [2023-01-02T02:08:53.069+0000] {dag.py:2676} INFO - Sync 1 DAGs
[2023-01-02T02:08:53.084+0000] {logging_mixin.py:137} INFO - [2023-01-02T02:08:53.084+0000] {dag.py:3427} INFO - Setting next_dagrun for example_task_group_decorator to 2023-01-01T02:08:53.084106+00:00, run_after=2023-01-02T02:08:53.084106+00:00
[2023-01-02T02:08:53.097+0000] {processor.py:175} INFO - Processing /home/airflow/.local/lib/python3.7/site-packages/airflow/example_dags/example_task_group_decorator.py took 0.080 seconds
[2023-01-02T02:09:23.343+0000] {processor.py:153} INFO - Started process (PID=1315) to work on /home/airflow/.local/lib/python3.7/site-packages/airflow/example_dags/example_task_group_decorator.py
[2023-01-02T02:09:23.345+0000] {processor.py:743} INFO - Processing file /home/airflow/.local/lib/python3.7/site-packages/airflow/example_dags/example_task_group_decorator.py for tasks to queue
[2023-01-02T02:09:23.346+0000] {logging_mixin.py:137} INFO - [2023-01-02T02:09:23.346+0000] {dagbag.py:538} INFO - Filling up the DagBag from /home/airflow/.local/lib/python3.7/site-packages/airflow/example_dags/example_task_group_decorator.py
[2023-01-02T02:09:23.366+0000] {processor.py:753} INFO - DAG(s) dict_keys(['example_task_group_decorator']) retrieved from /home/airflow/.local/lib/python3.7/site-packages/airflow/example_dags/example_task_group_decorator.py
[2023-01-02T02:09:23.396+0000] {logging_mixin.py:137} INFO - [2023-01-02T02:09:23.396+0000] {dag.py:2676} INFO - Sync 1 DAGs
[2023-01-02T02:09:23.412+0000] {logging_mixin.py:137} INFO - [2023-01-02T02:09:23.411+0000] {dag.py:3427} INFO - Setting next_dagrun for example_task_group_decorator to 2023-01-01T02:09:23.411777+00:00, run_after=2023-01-02T02:09:23.411777+00:00
[2023-01-02T02:09:23.424+0000] {processor.py:175} INFO - Processing /home/airflow/.local/lib/python3.7/site-packages/airflow/example_dags/example_task_group_decorator.py took 0.085 seconds
[2023-01-02T02:09:53.924+0000] {processor.py:153} INFO - Started process (PID=1389) to work on /home/airflow/.local/lib/python3.7/site-packages/airflow/example_dags/example_task_group_decorator.py
[2023-01-02T02:09:53.925+0000] {processor.py:743} INFO - Processing file /home/airflow/.local/lib/python3.7/site-packages/airflow/example_dags/example_task_group_decorator.py for tasks to queue
[2023-01-02T02:09:53.926+0000] {logging_mixin.py:137} INFO - [2023-01-02T02:09:53.926+0000] {dagbag.py:538} INFO - Filling up the DagBag from /home/airflow/.local/lib/python3.7/site-packages/airflow/example_dags/example_task_group_decorator.py
[2023-01-02T02:09:53.946+0000] {processor.py:753} INFO - DAG(s) dict_keys(['example_task_group_decorator']) retrieved from /home/airflow/.local/lib/python3.7/site-packages/airflow/example_dags/example_task_group_decorator.py
[2023-01-02T02:09:53.978+0000] {logging_mixin.py:137} INFO - [2023-01-02T02:09:53.978+0000] {dag.py:2676} INFO - Sync 1 DAGs
[2023-01-02T02:09:53.997+0000] {logging_mixin.py:137} INFO - [2023-01-02T02:09:53.997+0000] {dag.py:3427} INFO - Setting next_dagrun for example_task_group_decorator to 2023-01-01T02:09:53.997336+00:00, run_after=2023-01-02T02:09:53.997336+00:00
[2023-01-02T02:09:54.011+0000] {processor.py:175} INFO - Processing /home/airflow/.local/lib/python3.7/site-packages/airflow/example_dags/example_task_group_decorator.py took 0.091 seconds
