[2023-01-02T01:57:09.940+0000] {processor.py:153} INFO - Started process (PID=38) to work on /home/airflow/.local/lib/python3.7/site-packages/airflow/example_dags/example_latest_only_with_trigger.py
[2023-01-02T01:57:09.942+0000] {processor.py:743} INFO - Processing file /home/airflow/.local/lib/python3.7/site-packages/airflow/example_dags/example_latest_only_with_trigger.py for tasks to queue
[2023-01-02T01:57:09.943+0000] {logging_mixin.py:137} INFO - [2023-01-02T01:57:09.943+0000] {dagbag.py:538} INFO - Filling up the DagBag from /home/airflow/.local/lib/python3.7/site-packages/airflow/example_dags/example_latest_only_with_trigger.py
[2023-01-02T01:57:09.957+0000] {processor.py:753} INFO - DAG(s) dict_keys(['latest_only_with_trigger']) retrieved from /home/airflow/.local/lib/python3.7/site-packages/airflow/example_dags/example_latest_only_with_trigger.py
[2023-01-02T01:57:09.981+0000] {logging_mixin.py:137} INFO - [2023-01-02T01:57:09.981+0000] {dag.py:2676} INFO - Sync 1 DAGs
[2023-01-02T01:57:09.998+0000] {logging_mixin.py:137} INFO - [2023-01-02T01:57:09.998+0000] {dag.py:3427} INFO - Setting next_dagrun for latest_only_with_trigger to 2023-01-01T21:57:09.997890+00:00, run_after=2023-01-02T01:57:09.997890+00:00
[2023-01-02T01:57:10.010+0000] {processor.py:175} INFO - Processing /home/airflow/.local/lib/python3.7/site-packages/airflow/example_dags/example_latest_only_with_trigger.py took 0.073 seconds
[2023-01-02T01:57:40.340+0000] {processor.py:153} INFO - Started process (PID=116) to work on /home/airflow/.local/lib/python3.7/site-packages/airflow/example_dags/example_latest_only_with_trigger.py
[2023-01-02T01:57:40.342+0000] {processor.py:743} INFO - Processing file /home/airflow/.local/lib/python3.7/site-packages/airflow/example_dags/example_latest_only_with_trigger.py for tasks to queue
[2023-01-02T01:57:40.343+0000] {logging_mixin.py:137} INFO - [2023-01-02T01:57:40.343+0000] {dagbag.py:538} INFO - Filling up the DagBag from /home/airflow/.local/lib/python3.7/site-packages/airflow/example_dags/example_latest_only_with_trigger.py
[2023-01-02T01:57:40.356+0000] {processor.py:753} INFO - DAG(s) dict_keys(['latest_only_with_trigger']) retrieved from /home/airflow/.local/lib/python3.7/site-packages/airflow/example_dags/example_latest_only_with_trigger.py
[2023-01-02T01:57:40.383+0000] {logging_mixin.py:137} INFO - [2023-01-02T01:57:40.383+0000] {dag.py:2676} INFO - Sync 1 DAGs
[2023-01-02T01:57:40.400+0000] {logging_mixin.py:137} INFO - [2023-01-02T01:57:40.400+0000] {dag.py:3427} INFO - Setting next_dagrun for latest_only_with_trigger to 2023-01-01T21:57:40.400124+00:00, run_after=2023-01-02T01:57:40.400124+00:00
[2023-01-02T01:57:40.411+0000] {processor.py:175} INFO - Processing /home/airflow/.local/lib/python3.7/site-packages/airflow/example_dags/example_latest_only_with_trigger.py took 0.073 seconds
[2023-01-02T01:58:11.077+0000] {processor.py:153} INFO - Started process (PID=181) to work on /home/airflow/.local/lib/python3.7/site-packages/airflow/example_dags/example_latest_only_with_trigger.py
[2023-01-02T01:58:11.079+0000] {processor.py:743} INFO - Processing file /home/airflow/.local/lib/python3.7/site-packages/airflow/example_dags/example_latest_only_with_trigger.py for tasks to queue
[2023-01-02T01:58:11.080+0000] {logging_mixin.py:137} INFO - [2023-01-02T01:58:11.080+0000] {dagbag.py:538} INFO - Filling up the DagBag from /home/airflow/.local/lib/python3.7/site-packages/airflow/example_dags/example_latest_only_with_trigger.py
[2023-01-02T01:58:11.095+0000] {processor.py:753} INFO - DAG(s) dict_keys(['latest_only_with_trigger']) retrieved from /home/airflow/.local/lib/python3.7/site-packages/airflow/example_dags/example_latest_only_with_trigger.py
[2023-01-02T01:58:11.130+0000] {logging_mixin.py:137} INFO - [2023-01-02T01:58:11.130+0000] {dag.py:2676} INFO - Sync 1 DAGs
[2023-01-02T01:58:11.157+0000] {logging_mixin.py:137} INFO - [2023-01-02T01:58:11.157+0000] {dag.py:3427} INFO - Setting next_dagrun for latest_only_with_trigger to 2023-01-01T21:58:11.156911+00:00, run_after=2023-01-02T01:58:11.156911+00:00
[2023-01-02T01:58:11.178+0000] {processor.py:175} INFO - Processing /home/airflow/.local/lib/python3.7/site-packages/airflow/example_dags/example_latest_only_with_trigger.py took 0.106 seconds
[2023-01-02T02:00:41.249+0000] {processor.py:153} INFO - Started process (PID=38) to work on /home/airflow/.local/lib/python3.7/site-packages/airflow/example_dags/example_latest_only_with_trigger.py
[2023-01-02T02:00:41.251+0000] {processor.py:743} INFO - Processing file /home/airflow/.local/lib/python3.7/site-packages/airflow/example_dags/example_latest_only_with_trigger.py for tasks to queue
[2023-01-02T02:00:41.252+0000] {logging_mixin.py:137} INFO - [2023-01-02T02:00:41.252+0000] {dagbag.py:538} INFO - Filling up the DagBag from /home/airflow/.local/lib/python3.7/site-packages/airflow/example_dags/example_latest_only_with_trigger.py
[2023-01-02T02:00:41.273+0000] {processor.py:753} INFO - DAG(s) dict_keys(['latest_only_with_trigger']) retrieved from /home/airflow/.local/lib/python3.7/site-packages/airflow/example_dags/example_latest_only_with_trigger.py
[2023-01-02T02:00:41.304+0000] {logging_mixin.py:137} INFO - [2023-01-02T02:00:41.304+0000] {dag.py:2676} INFO - Sync 1 DAGs
[2023-01-02T02:00:41.340+0000] {logging_mixin.py:137} INFO - [2023-01-02T02:00:41.339+0000] {dag.py:3427} INFO - Setting next_dagrun for latest_only_with_trigger to 2023-01-01T22:00:41.338145+00:00, run_after=2023-01-02T02:00:41.338145+00:00
[2023-01-02T02:00:41.363+0000] {processor.py:175} INFO - Processing /home/airflow/.local/lib/python3.7/site-packages/airflow/example_dags/example_latest_only_with_trigger.py took 0.116 seconds
[2023-01-02T02:01:11.812+0000] {processor.py:153} INFO - Started process (PID=116) to work on /home/airflow/.local/lib/python3.7/site-packages/airflow/example_dags/example_latest_only_with_trigger.py
[2023-01-02T02:01:11.815+0000] {processor.py:743} INFO - Processing file /home/airflow/.local/lib/python3.7/site-packages/airflow/example_dags/example_latest_only_with_trigger.py for tasks to queue
[2023-01-02T02:01:11.817+0000] {logging_mixin.py:137} INFO - [2023-01-02T02:01:11.816+0000] {dagbag.py:538} INFO - Filling up the DagBag from /home/airflow/.local/lib/python3.7/site-packages/airflow/example_dags/example_latest_only_with_trigger.py
[2023-01-02T02:01:11.835+0000] {processor.py:753} INFO - DAG(s) dict_keys(['latest_only_with_trigger']) retrieved from /home/airflow/.local/lib/python3.7/site-packages/airflow/example_dags/example_latest_only_with_trigger.py
[2023-01-02T02:01:11.873+0000] {logging_mixin.py:137} INFO - [2023-01-02T02:01:11.872+0000] {dag.py:2676} INFO - Sync 1 DAGs
[2023-01-02T02:01:11.894+0000] {logging_mixin.py:137} INFO - [2023-01-02T02:01:11.894+0000] {dag.py:3427} INFO - Setting next_dagrun for latest_only_with_trigger to 2023-01-01T22:01:11.894129+00:00, run_after=2023-01-02T02:01:11.894129+00:00
[2023-01-02T02:01:11.911+0000] {processor.py:175} INFO - Processing /home/airflow/.local/lib/python3.7/site-packages/airflow/example_dags/example_latest_only_with_trigger.py took 0.102 seconds
[2023-01-02T02:01:42.357+0000] {processor.py:153} INFO - Started process (PID=181) to work on /home/airflow/.local/lib/python3.7/site-packages/airflow/example_dags/example_latest_only_with_trigger.py
[2023-01-02T02:01:42.359+0000] {processor.py:743} INFO - Processing file /home/airflow/.local/lib/python3.7/site-packages/airflow/example_dags/example_latest_only_with_trigger.py for tasks to queue
[2023-01-02T02:01:42.359+0000] {logging_mixin.py:137} INFO - [2023-01-02T02:01:42.359+0000] {dagbag.py:538} INFO - Filling up the DagBag from /home/airflow/.local/lib/python3.7/site-packages/airflow/example_dags/example_latest_only_with_trigger.py
[2023-01-02T02:01:42.370+0000] {processor.py:753} INFO - DAG(s) dict_keys(['latest_only_with_trigger']) retrieved from /home/airflow/.local/lib/python3.7/site-packages/airflow/example_dags/example_latest_only_with_trigger.py
[2023-01-02T02:01:42.398+0000] {logging_mixin.py:137} INFO - [2023-01-02T02:01:42.398+0000] {dag.py:2676} INFO - Sync 1 DAGs
[2023-01-02T02:01:42.413+0000] {logging_mixin.py:137} INFO - [2023-01-02T02:01:42.413+0000] {dag.py:3427} INFO - Setting next_dagrun for latest_only_with_trigger to 2023-01-01T22:01:42.413284+00:00, run_after=2023-01-02T02:01:42.413284+00:00
[2023-01-02T02:01:42.425+0000] {processor.py:175} INFO - Processing /home/airflow/.local/lib/python3.7/site-packages/airflow/example_dags/example_latest_only_with_trigger.py took 0.071 seconds
[2023-01-02T02:02:13.021+0000] {processor.py:153} INFO - Started process (PID=259) to work on /home/airflow/.local/lib/python3.7/site-packages/airflow/example_dags/example_latest_only_with_trigger.py
[2023-01-02T02:02:13.023+0000] {processor.py:743} INFO - Processing file /home/airflow/.local/lib/python3.7/site-packages/airflow/example_dags/example_latest_only_with_trigger.py for tasks to queue
[2023-01-02T02:02:13.023+0000] {logging_mixin.py:137} INFO - [2023-01-02T02:02:13.023+0000] {dagbag.py:538} INFO - Filling up the DagBag from /home/airflow/.local/lib/python3.7/site-packages/airflow/example_dags/example_latest_only_with_trigger.py
[2023-01-02T02:02:13.036+0000] {processor.py:753} INFO - DAG(s) dict_keys(['latest_only_with_trigger']) retrieved from /home/airflow/.local/lib/python3.7/site-packages/airflow/example_dags/example_latest_only_with_trigger.py
[2023-01-02T02:02:13.065+0000] {logging_mixin.py:137} INFO - [2023-01-02T02:02:13.065+0000] {dag.py:2676} INFO - Sync 1 DAGs
[2023-01-02T02:02:13.081+0000] {logging_mixin.py:137} INFO - [2023-01-02T02:02:13.081+0000] {dag.py:3427} INFO - Setting next_dagrun for latest_only_with_trigger to 2023-01-01T22:02:13.081039+00:00, run_after=2023-01-02T02:02:13.081039+00:00
[2023-01-02T02:02:13.093+0000] {processor.py:175} INFO - Processing /home/airflow/.local/lib/python3.7/site-packages/airflow/example_dags/example_latest_only_with_trigger.py took 0.075 seconds
[2023-01-02T02:02:43.541+0000] {processor.py:153} INFO - Started process (PID=334) to work on /home/airflow/.local/lib/python3.7/site-packages/airflow/example_dags/example_latest_only_with_trigger.py
[2023-01-02T02:02:43.543+0000] {processor.py:743} INFO - Processing file /home/airflow/.local/lib/python3.7/site-packages/airflow/example_dags/example_latest_only_with_trigger.py for tasks to queue
[2023-01-02T02:02:43.544+0000] {logging_mixin.py:137} INFO - [2023-01-02T02:02:43.544+0000] {dagbag.py:538} INFO - Filling up the DagBag from /home/airflow/.local/lib/python3.7/site-packages/airflow/example_dags/example_latest_only_with_trigger.py
[2023-01-02T02:02:43.557+0000] {processor.py:753} INFO - DAG(s) dict_keys(['latest_only_with_trigger']) retrieved from /home/airflow/.local/lib/python3.7/site-packages/airflow/example_dags/example_latest_only_with_trigger.py
[2023-01-02T02:02:43.589+0000] {logging_mixin.py:137} INFO - [2023-01-02T02:02:43.589+0000] {dag.py:2676} INFO - Sync 1 DAGs
[2023-01-02T02:02:43.619+0000] {logging_mixin.py:137} INFO - [2023-01-02T02:02:43.619+0000] {dag.py:3427} INFO - Setting next_dagrun for latest_only_with_trigger to 2023-01-01T22:02:43.618748+00:00, run_after=2023-01-02T02:02:43.618748+00:00
[2023-01-02T02:02:43.632+0000] {processor.py:175} INFO - Processing /home/airflow/.local/lib/python3.7/site-packages/airflow/example_dags/example_latest_only_with_trigger.py took 0.094 seconds
[2023-01-02T02:03:14.558+0000] {processor.py:153} INFO - Started process (PID=403) to work on /home/airflow/.local/lib/python3.7/site-packages/airflow/example_dags/example_latest_only_with_trigger.py
[2023-01-02T02:03:14.559+0000] {processor.py:743} INFO - Processing file /home/airflow/.local/lib/python3.7/site-packages/airflow/example_dags/example_latest_only_with_trigger.py for tasks to queue
[2023-01-02T02:03:14.560+0000] {logging_mixin.py:137} INFO - [2023-01-02T02:03:14.560+0000] {dagbag.py:538} INFO - Filling up the DagBag from /home/airflow/.local/lib/python3.7/site-packages/airflow/example_dags/example_latest_only_with_trigger.py
[2023-01-02T02:03:14.573+0000] {processor.py:753} INFO - DAG(s) dict_keys(['latest_only_with_trigger']) retrieved from /home/airflow/.local/lib/python3.7/site-packages/airflow/example_dags/example_latest_only_with_trigger.py
[2023-01-02T02:03:14.604+0000] {logging_mixin.py:137} INFO - [2023-01-02T02:03:14.604+0000] {dag.py:2676} INFO - Sync 1 DAGs
[2023-01-02T02:03:14.622+0000] {logging_mixin.py:137} INFO - [2023-01-02T02:03:14.622+0000] {dag.py:3427} INFO - Setting next_dagrun for latest_only_with_trigger to 2023-01-01T22:03:14.621940+00:00, run_after=2023-01-02T02:03:14.621940+00:00
[2023-01-02T02:03:14.637+0000] {processor.py:175} INFO - Processing /home/airflow/.local/lib/python3.7/site-packages/airflow/example_dags/example_latest_only_with_trigger.py took 0.083 seconds
[2023-01-02T02:03:44.881+0000] {processor.py:153} INFO - Started process (PID=481) to work on /home/airflow/.local/lib/python3.7/site-packages/airflow/example_dags/example_latest_only_with_trigger.py
[2023-01-02T02:03:44.883+0000] {processor.py:743} INFO - Processing file /home/airflow/.local/lib/python3.7/site-packages/airflow/example_dags/example_latest_only_with_trigger.py for tasks to queue
[2023-01-02T02:03:44.884+0000] {logging_mixin.py:137} INFO - [2023-01-02T02:03:44.884+0000] {dagbag.py:538} INFO - Filling up the DagBag from /home/airflow/.local/lib/python3.7/site-packages/airflow/example_dags/example_latest_only_with_trigger.py
[2023-01-02T02:03:44.894+0000] {processor.py:753} INFO - DAG(s) dict_keys(['latest_only_with_trigger']) retrieved from /home/airflow/.local/lib/python3.7/site-packages/airflow/example_dags/example_latest_only_with_trigger.py
[2023-01-02T02:03:44.920+0000] {logging_mixin.py:137} INFO - [2023-01-02T02:03:44.920+0000] {dag.py:2676} INFO - Sync 1 DAGs
[2023-01-02T02:03:44.935+0000] {logging_mixin.py:137} INFO - [2023-01-02T02:03:44.935+0000] {dag.py:3427} INFO - Setting next_dagrun for latest_only_with_trigger to 2023-01-01T22:03:44.935602+00:00, run_after=2023-01-02T02:03:44.935602+00:00
[2023-01-02T02:03:44.948+0000] {processor.py:175} INFO - Processing /home/airflow/.local/lib/python3.7/site-packages/airflow/example_dags/example_latest_only_with_trigger.py took 0.069 seconds
[2023-01-02T02:04:15.078+0000] {processor.py:153} INFO - Started process (PID=546) to work on /home/airflow/.local/lib/python3.7/site-packages/airflow/example_dags/example_latest_only_with_trigger.py
[2023-01-02T02:04:15.079+0000] {processor.py:743} INFO - Processing file /home/airflow/.local/lib/python3.7/site-packages/airflow/example_dags/example_latest_only_with_trigger.py for tasks to queue
[2023-01-02T02:04:15.080+0000] {logging_mixin.py:137} INFO - [2023-01-02T02:04:15.080+0000] {dagbag.py:538} INFO - Filling up the DagBag from /home/airflow/.local/lib/python3.7/site-packages/airflow/example_dags/example_latest_only_with_trigger.py
[2023-01-02T02:04:15.096+0000] {processor.py:753} INFO - DAG(s) dict_keys(['latest_only_with_trigger']) retrieved from /home/airflow/.local/lib/python3.7/site-packages/airflow/example_dags/example_latest_only_with_trigger.py
[2023-01-02T02:04:15.125+0000] {logging_mixin.py:137} INFO - [2023-01-02T02:04:15.124+0000] {dag.py:2676} INFO - Sync 1 DAGs
[2023-01-02T02:04:15.142+0000] {logging_mixin.py:137} INFO - [2023-01-02T02:04:15.142+0000] {dag.py:3427} INFO - Setting next_dagrun for latest_only_with_trigger to 2023-01-01T22:04:15.142245+00:00, run_after=2023-01-02T02:04:15.142245+00:00
[2023-01-02T02:04:15.153+0000] {processor.py:175} INFO - Processing /home/airflow/.local/lib/python3.7/site-packages/airflow/example_dags/example_latest_only_with_trigger.py took 0.080 seconds
[2023-01-02T02:04:46.069+0000] {processor.py:153} INFO - Started process (PID=625) to work on /home/airflow/.local/lib/python3.7/site-packages/airflow/example_dags/example_latest_only_with_trigger.py
[2023-01-02T02:04:46.071+0000] {processor.py:743} INFO - Processing file /home/airflow/.local/lib/python3.7/site-packages/airflow/example_dags/example_latest_only_with_trigger.py for tasks to queue
[2023-01-02T02:04:46.072+0000] {logging_mixin.py:137} INFO - [2023-01-02T02:04:46.071+0000] {dagbag.py:538} INFO - Filling up the DagBag from /home/airflow/.local/lib/python3.7/site-packages/airflow/example_dags/example_latest_only_with_trigger.py
[2023-01-02T02:04:46.082+0000] {processor.py:753} INFO - DAG(s) dict_keys(['latest_only_with_trigger']) retrieved from /home/airflow/.local/lib/python3.7/site-packages/airflow/example_dags/example_latest_only_with_trigger.py
[2023-01-02T02:04:46.112+0000] {logging_mixin.py:137} INFO - [2023-01-02T02:04:46.112+0000] {dag.py:2676} INFO - Sync 1 DAGs
[2023-01-02T02:04:46.129+0000] {logging_mixin.py:137} INFO - [2023-01-02T02:04:46.129+0000] {dag.py:3427} INFO - Setting next_dagrun for latest_only_with_trigger to 2023-01-01T22:04:46.128986+00:00, run_after=2023-01-02T02:04:46.128986+00:00
[2023-01-02T02:04:46.141+0000] {processor.py:175} INFO - Processing /home/airflow/.local/lib/python3.7/site-packages/airflow/example_dags/example_latest_only_with_trigger.py took 0.074 seconds
[2023-01-02T02:05:16.736+0000] {processor.py:153} INFO - Started process (PID=702) to work on /home/airflow/.local/lib/python3.7/site-packages/airflow/example_dags/example_latest_only_with_trigger.py
[2023-01-02T02:05:16.738+0000] {processor.py:743} INFO - Processing file /home/airflow/.local/lib/python3.7/site-packages/airflow/example_dags/example_latest_only_with_trigger.py for tasks to queue
[2023-01-02T02:05:16.739+0000] {logging_mixin.py:137} INFO - [2023-01-02T02:05:16.739+0000] {dagbag.py:538} INFO - Filling up the DagBag from /home/airflow/.local/lib/python3.7/site-packages/airflow/example_dags/example_latest_only_with_trigger.py
[2023-01-02T02:05:16.752+0000] {processor.py:753} INFO - DAG(s) dict_keys(['latest_only_with_trigger']) retrieved from /home/airflow/.local/lib/python3.7/site-packages/airflow/example_dags/example_latest_only_with_trigger.py
[2023-01-02T02:05:16.785+0000] {logging_mixin.py:137} INFO - [2023-01-02T02:05:16.785+0000] {dag.py:2676} INFO - Sync 1 DAGs
[2023-01-02T02:05:16.802+0000] {logging_mixin.py:137} INFO - [2023-01-02T02:05:16.802+0000] {dag.py:3427} INFO - Setting next_dagrun for latest_only_with_trigger to 2023-01-01T22:05:16.802028+00:00, run_after=2023-01-02T02:05:16.802028+00:00
[2023-01-02T02:05:16.814+0000] {processor.py:175} INFO - Processing /home/airflow/.local/lib/python3.7/site-packages/airflow/example_dags/example_latest_only_with_trigger.py took 0.082 seconds
[2023-01-02T02:05:47.534+0000] {processor.py:153} INFO - Started process (PID=767) to work on /home/airflow/.local/lib/python3.7/site-packages/airflow/example_dags/example_latest_only_with_trigger.py
[2023-01-02T02:05:47.535+0000] {processor.py:743} INFO - Processing file /home/airflow/.local/lib/python3.7/site-packages/airflow/example_dags/example_latest_only_with_trigger.py for tasks to queue
[2023-01-02T02:05:47.536+0000] {logging_mixin.py:137} INFO - [2023-01-02T02:05:47.536+0000] {dagbag.py:538} INFO - Filling up the DagBag from /home/airflow/.local/lib/python3.7/site-packages/airflow/example_dags/example_latest_only_with_trigger.py
[2023-01-02T02:05:47.548+0000] {processor.py:753} INFO - DAG(s) dict_keys(['latest_only_with_trigger']) retrieved from /home/airflow/.local/lib/python3.7/site-packages/airflow/example_dags/example_latest_only_with_trigger.py
[2023-01-02T02:05:47.580+0000] {logging_mixin.py:137} INFO - [2023-01-02T02:05:47.580+0000] {dag.py:2676} INFO - Sync 1 DAGs
[2023-01-02T02:05:47.599+0000] {logging_mixin.py:137} INFO - [2023-01-02T02:05:47.599+0000] {dag.py:3427} INFO - Setting next_dagrun for latest_only_with_trigger to 2023-01-01T22:05:47.599268+00:00, run_after=2023-01-02T02:05:47.599268+00:00
[2023-01-02T02:05:47.617+0000] {processor.py:175} INFO - Processing /home/airflow/.local/lib/python3.7/site-packages/airflow/example_dags/example_latest_only_with_trigger.py took 0.086 seconds
[2023-01-02T02:06:18.138+0000] {processor.py:153} INFO - Started process (PID=846) to work on /home/airflow/.local/lib/python3.7/site-packages/airflow/example_dags/example_latest_only_with_trigger.py
[2023-01-02T02:06:18.140+0000] {processor.py:743} INFO - Processing file /home/airflow/.local/lib/python3.7/site-packages/airflow/example_dags/example_latest_only_with_trigger.py for tasks to queue
[2023-01-02T02:06:18.140+0000] {logging_mixin.py:137} INFO - [2023-01-02T02:06:18.140+0000] {dagbag.py:538} INFO - Filling up the DagBag from /home/airflow/.local/lib/python3.7/site-packages/airflow/example_dags/example_latest_only_with_trigger.py
[2023-01-02T02:06:18.154+0000] {processor.py:753} INFO - DAG(s) dict_keys(['latest_only_with_trigger']) retrieved from /home/airflow/.local/lib/python3.7/site-packages/airflow/example_dags/example_latest_only_with_trigger.py
[2023-01-02T02:06:18.181+0000] {logging_mixin.py:137} INFO - [2023-01-02T02:06:18.181+0000] {dag.py:2676} INFO - Sync 1 DAGs
[2023-01-02T02:06:18.197+0000] {logging_mixin.py:137} INFO - [2023-01-02T02:06:18.197+0000] {dag.py:3427} INFO - Setting next_dagrun for latest_only_with_trigger to 2023-01-01T22:06:18.197568+00:00, run_after=2023-01-02T02:06:18.197568+00:00
[2023-01-02T02:06:18.209+0000] {processor.py:175} INFO - Processing /home/airflow/.local/lib/python3.7/site-packages/airflow/example_dags/example_latest_only_with_trigger.py took 0.073 seconds
[2023-01-02T02:06:48.438+0000] {processor.py:153} INFO - Started process (PID=924) to work on /home/airflow/.local/lib/python3.7/site-packages/airflow/example_dags/example_latest_only_with_trigger.py
[2023-01-02T02:06:48.439+0000] {processor.py:743} INFO - Processing file /home/airflow/.local/lib/python3.7/site-packages/airflow/example_dags/example_latest_only_with_trigger.py for tasks to queue
[2023-01-02T02:06:48.440+0000] {logging_mixin.py:137} INFO - [2023-01-02T02:06:48.440+0000] {dagbag.py:538} INFO - Filling up the DagBag from /home/airflow/.local/lib/python3.7/site-packages/airflow/example_dags/example_latest_only_with_trigger.py
[2023-01-02T02:06:48.455+0000] {processor.py:753} INFO - DAG(s) dict_keys(['latest_only_with_trigger']) retrieved from /home/airflow/.local/lib/python3.7/site-packages/airflow/example_dags/example_latest_only_with_trigger.py
[2023-01-02T02:06:48.500+0000] {logging_mixin.py:137} INFO - [2023-01-02T02:06:48.499+0000] {dag.py:2676} INFO - Sync 1 DAGs
[2023-01-02T02:06:48.535+0000] {logging_mixin.py:137} INFO - [2023-01-02T02:06:48.535+0000] {dag.py:3427} INFO - Setting next_dagrun for latest_only_with_trigger to 2023-01-01T22:06:48.534414+00:00, run_after=2023-01-02T02:06:48.534414+00:00
[2023-01-02T02:06:48.563+0000] {processor.py:175} INFO - Processing /home/airflow/.local/lib/python3.7/site-packages/airflow/example_dags/example_latest_only_with_trigger.py took 0.130 seconds
[2023-01-02T02:07:19.385+0000] {processor.py:153} INFO - Started process (PID=990) to work on /home/airflow/.local/lib/python3.7/site-packages/airflow/example_dags/example_latest_only_with_trigger.py
[2023-01-02T02:07:19.386+0000] {processor.py:743} INFO - Processing file /home/airflow/.local/lib/python3.7/site-packages/airflow/example_dags/example_latest_only_with_trigger.py for tasks to queue
[2023-01-02T02:07:19.387+0000] {logging_mixin.py:137} INFO - [2023-01-02T02:07:19.387+0000] {dagbag.py:538} INFO - Filling up the DagBag from /home/airflow/.local/lib/python3.7/site-packages/airflow/example_dags/example_latest_only_with_trigger.py
[2023-01-02T02:07:19.399+0000] {processor.py:753} INFO - DAG(s) dict_keys(['latest_only_with_trigger']) retrieved from /home/airflow/.local/lib/python3.7/site-packages/airflow/example_dags/example_latest_only_with_trigger.py
[2023-01-02T02:07:19.427+0000] {logging_mixin.py:137} INFO - [2023-01-02T02:07:19.427+0000] {dag.py:2676} INFO - Sync 1 DAGs
[2023-01-02T02:07:19.443+0000] {logging_mixin.py:137} INFO - [2023-01-02T02:07:19.443+0000] {dag.py:3427} INFO - Setting next_dagrun for latest_only_with_trigger to 2023-01-01T22:07:19.443504+00:00, run_after=2023-01-02T02:07:19.443504+00:00
[2023-01-02T02:07:19.456+0000] {processor.py:175} INFO - Processing /home/airflow/.local/lib/python3.7/site-packages/airflow/example_dags/example_latest_only_with_trigger.py took 0.074 seconds
[2023-01-02T02:07:49.970+0000] {processor.py:153} INFO - Started process (PID=1068) to work on /home/airflow/.local/lib/python3.7/site-packages/airflow/example_dags/example_latest_only_with_trigger.py
[2023-01-02T02:07:49.971+0000] {processor.py:743} INFO - Processing file /home/airflow/.local/lib/python3.7/site-packages/airflow/example_dags/example_latest_only_with_trigger.py for tasks to queue
[2023-01-02T02:07:49.972+0000] {logging_mixin.py:137} INFO - [2023-01-02T02:07:49.972+0000] {dagbag.py:538} INFO - Filling up the DagBag from /home/airflow/.local/lib/python3.7/site-packages/airflow/example_dags/example_latest_only_with_trigger.py
[2023-01-02T02:07:49.983+0000] {processor.py:753} INFO - DAG(s) dict_keys(['latest_only_with_trigger']) retrieved from /home/airflow/.local/lib/python3.7/site-packages/airflow/example_dags/example_latest_only_with_trigger.py
[2023-01-02T02:07:50.009+0000] {logging_mixin.py:137} INFO - [2023-01-02T02:07:50.009+0000] {dag.py:2676} INFO - Sync 1 DAGs
[2023-01-02T02:07:50.024+0000] {logging_mixin.py:137} INFO - [2023-01-02T02:07:50.024+0000] {dag.py:3427} INFO - Setting next_dagrun for latest_only_with_trigger to 2023-01-01T22:07:50.024489+00:00, run_after=2023-01-02T02:07:50.024489+00:00
[2023-01-02T02:07:50.037+0000] {processor.py:175} INFO - Processing /home/airflow/.local/lib/python3.7/site-packages/airflow/example_dags/example_latest_only_with_trigger.py took 0.071 seconds
[2023-01-02T02:08:20.416+0000] {processor.py:153} INFO - Started process (PID=1133) to work on /home/airflow/.local/lib/python3.7/site-packages/airflow/example_dags/example_latest_only_with_trigger.py
[2023-01-02T02:08:20.417+0000] {processor.py:743} INFO - Processing file /home/airflow/.local/lib/python3.7/site-packages/airflow/example_dags/example_latest_only_with_trigger.py for tasks to queue
[2023-01-02T02:08:20.418+0000] {logging_mixin.py:137} INFO - [2023-01-02T02:08:20.418+0000] {dagbag.py:538} INFO - Filling up the DagBag from /home/airflow/.local/lib/python3.7/site-packages/airflow/example_dags/example_latest_only_with_trigger.py
[2023-01-02T02:08:20.431+0000] {processor.py:753} INFO - DAG(s) dict_keys(['latest_only_with_trigger']) retrieved from /home/airflow/.local/lib/python3.7/site-packages/airflow/example_dags/example_latest_only_with_trigger.py
[2023-01-02T02:08:20.460+0000] {logging_mixin.py:137} INFO - [2023-01-02T02:08:20.460+0000] {dag.py:2676} INFO - Sync 1 DAGs
[2023-01-02T02:08:20.477+0000] {logging_mixin.py:137} INFO - [2023-01-02T02:08:20.477+0000] {dag.py:3427} INFO - Setting next_dagrun for latest_only_with_trigger to 2023-01-01T22:08:20.476805+00:00, run_after=2023-01-02T02:08:20.476805+00:00
[2023-01-02T02:08:20.489+0000] {processor.py:175} INFO - Processing /home/airflow/.local/lib/python3.7/site-packages/airflow/example_dags/example_latest_only_with_trigger.py took 0.076 seconds
[2023-01-02T02:08:51.569+0000] {processor.py:153} INFO - Started process (PID=1211) to work on /home/airflow/.local/lib/python3.7/site-packages/airflow/example_dags/example_latest_only_with_trigger.py
[2023-01-02T02:08:51.570+0000] {processor.py:743} INFO - Processing file /home/airflow/.local/lib/python3.7/site-packages/airflow/example_dags/example_latest_only_with_trigger.py for tasks to queue
[2023-01-02T02:08:51.571+0000] {logging_mixin.py:137} INFO - [2023-01-02T02:08:51.571+0000] {dagbag.py:538} INFO - Filling up the DagBag from /home/airflow/.local/lib/python3.7/site-packages/airflow/example_dags/example_latest_only_with_trigger.py
[2023-01-02T02:08:51.583+0000] {processor.py:753} INFO - DAG(s) dict_keys(['latest_only_with_trigger']) retrieved from /home/airflow/.local/lib/python3.7/site-packages/airflow/example_dags/example_latest_only_with_trigger.py
[2023-01-02T02:08:51.615+0000] {logging_mixin.py:137} INFO - [2023-01-02T02:08:51.615+0000] {dag.py:2676} INFO - Sync 1 DAGs
[2023-01-02T02:08:51.634+0000] {logging_mixin.py:137} INFO - [2023-01-02T02:08:51.634+0000] {dag.py:3427} INFO - Setting next_dagrun for latest_only_with_trigger to 2023-01-01T22:08:51.634499+00:00, run_after=2023-01-02T02:08:51.634499+00:00
[2023-01-02T02:08:51.648+0000] {processor.py:175} INFO - Processing /home/airflow/.local/lib/python3.7/site-packages/airflow/example_dags/example_latest_only_with_trigger.py took 0.083 seconds
[2023-01-02T02:09:22.009+0000] {processor.py:153} INFO - Started process (PID=1290) to work on /home/airflow/.local/lib/python3.7/site-packages/airflow/example_dags/example_latest_only_with_trigger.py
[2023-01-02T02:09:22.011+0000] {processor.py:743} INFO - Processing file /home/airflow/.local/lib/python3.7/site-packages/airflow/example_dags/example_latest_only_with_trigger.py for tasks to queue
[2023-01-02T02:09:22.012+0000] {logging_mixin.py:137} INFO - [2023-01-02T02:09:22.012+0000] {dagbag.py:538} INFO - Filling up the DagBag from /home/airflow/.local/lib/python3.7/site-packages/airflow/example_dags/example_latest_only_with_trigger.py
[2023-01-02T02:09:22.023+0000] {processor.py:753} INFO - DAG(s) dict_keys(['latest_only_with_trigger']) retrieved from /home/airflow/.local/lib/python3.7/site-packages/airflow/example_dags/example_latest_only_with_trigger.py
[2023-01-02T02:09:22.052+0000] {logging_mixin.py:137} INFO - [2023-01-02T02:09:22.052+0000] {dag.py:2676} INFO - Sync 1 DAGs
[2023-01-02T02:09:22.068+0000] {logging_mixin.py:137} INFO - [2023-01-02T02:09:22.068+0000] {dag.py:3427} INFO - Setting next_dagrun for latest_only_with_trigger to 2023-01-01T22:09:22.067946+00:00, run_after=2023-01-02T02:09:22.067946+00:00
[2023-01-02T02:09:22.079+0000] {processor.py:175} INFO - Processing /home/airflow/.local/lib/python3.7/site-packages/airflow/example_dags/example_latest_only_with_trigger.py took 0.073 seconds
[2023-01-02T02:09:52.396+0000] {processor.py:153} INFO - Started process (PID=1355) to work on /home/airflow/.local/lib/python3.7/site-packages/airflow/example_dags/example_latest_only_with_trigger.py
[2023-01-02T02:09:52.398+0000] {processor.py:743} INFO - Processing file /home/airflow/.local/lib/python3.7/site-packages/airflow/example_dags/example_latest_only_with_trigger.py for tasks to queue
[2023-01-02T02:09:52.398+0000] {logging_mixin.py:137} INFO - [2023-01-02T02:09:52.398+0000] {dagbag.py:538} INFO - Filling up the DagBag from /home/airflow/.local/lib/python3.7/site-packages/airflow/example_dags/example_latest_only_with_trigger.py
[2023-01-02T02:09:52.409+0000] {processor.py:753} INFO - DAG(s) dict_keys(['latest_only_with_trigger']) retrieved from /home/airflow/.local/lib/python3.7/site-packages/airflow/example_dags/example_latest_only_with_trigger.py
[2023-01-02T02:09:52.436+0000] {logging_mixin.py:137} INFO - [2023-01-02T02:09:52.436+0000] {dag.py:2676} INFO - Sync 1 DAGs
[2023-01-02T02:09:52.454+0000] {logging_mixin.py:137} INFO - [2023-01-02T02:09:52.454+0000] {dag.py:3427} INFO - Setting next_dagrun for latest_only_with_trigger to 2023-01-01T22:09:52.453923+00:00, run_after=2023-01-02T02:09:52.453923+00:00
[2023-01-02T02:09:52.469+0000] {processor.py:175} INFO - Processing /home/airflow/.local/lib/python3.7/site-packages/airflow/example_dags/example_latest_only_with_trigger.py took 0.075 seconds
