[2023-01-02T01:57:11.764+0000] {processor.py:153} INFO - Started process (PID=60) to work on /home/airflow/.local/lib/python3.7/site-packages/airflow/example_dags/example_task_group.py
[2023-01-02T01:57:11.766+0000] {processor.py:743} INFO - Processing file /home/airflow/.local/lib/python3.7/site-packages/airflow/example_dags/example_task_group.py for tasks to queue
[2023-01-02T01:57:11.767+0000] {logging_mixin.py:137} INFO - [2023-01-02T01:57:11.767+0000] {dagbag.py:538} INFO - Filling up the DagBag from /home/airflow/.local/lib/python3.7/site-packages/airflow/example_dags/example_task_group.py
[2023-01-02T01:57:11.791+0000] {processor.py:753} INFO - DAG(s) dict_keys(['example_task_group']) retrieved from /home/airflow/.local/lib/python3.7/site-packages/airflow/example_dags/example_task_group.py
[2023-01-02T01:57:11.822+0000] {logging_mixin.py:137} INFO - [2023-01-02T01:57:11.822+0000] {dag.py:2676} INFO - Sync 1 DAGs
[2023-01-02T01:57:11.851+0000] {logging_mixin.py:137} INFO - [2023-01-02T01:57:11.851+0000] {dag.py:3427} INFO - Setting next_dagrun for example_task_group to 2023-01-01T01:57:11.850871+00:00, run_after=2023-01-02T01:57:11.850871+00:00
[2023-01-02T01:57:11.881+0000] {processor.py:175} INFO - Processing /home/airflow/.local/lib/python3.7/site-packages/airflow/example_dags/example_task_group.py took 0.122 seconds
[2023-01-02T01:57:42.017+0000] {processor.py:153} INFO - Started process (PID=138) to work on /home/airflow/.local/lib/python3.7/site-packages/airflow/example_dags/example_task_group.py
[2023-01-02T01:57:42.019+0000] {processor.py:743} INFO - Processing file /home/airflow/.local/lib/python3.7/site-packages/airflow/example_dags/example_task_group.py for tasks to queue
[2023-01-02T01:57:42.019+0000] {logging_mixin.py:137} INFO - [2023-01-02T01:57:42.019+0000] {dagbag.py:538} INFO - Filling up the DagBag from /home/airflow/.local/lib/python3.7/site-packages/airflow/example_dags/example_task_group.py
[2023-01-02T01:57:42.033+0000] {processor.py:753} INFO - DAG(s) dict_keys(['example_task_group']) retrieved from /home/airflow/.local/lib/python3.7/site-packages/airflow/example_dags/example_task_group.py
[2023-01-02T01:57:42.059+0000] {logging_mixin.py:137} INFO - [2023-01-02T01:57:42.059+0000] {dag.py:2676} INFO - Sync 1 DAGs
[2023-01-02T01:57:42.078+0000] {logging_mixin.py:137} INFO - [2023-01-02T01:57:42.078+0000] {dag.py:3427} INFO - Setting next_dagrun for example_task_group to 2023-01-01T01:57:42.078231+00:00, run_after=2023-01-02T01:57:42.078231+00:00
[2023-01-02T01:57:42.089+0000] {processor.py:175} INFO - Processing /home/airflow/.local/lib/python3.7/site-packages/airflow/example_dags/example_task_group.py took 0.074 seconds
[2023-01-02T01:58:13.026+0000] {processor.py:153} INFO - Started process (PID=215) to work on /home/airflow/.local/lib/python3.7/site-packages/airflow/example_dags/example_task_group.py
[2023-01-02T01:58:13.028+0000] {processor.py:743} INFO - Processing file /home/airflow/.local/lib/python3.7/site-packages/airflow/example_dags/example_task_group.py for tasks to queue
[2023-01-02T01:58:13.029+0000] {logging_mixin.py:137} INFO - [2023-01-02T01:58:13.029+0000] {dagbag.py:538} INFO - Filling up the DagBag from /home/airflow/.local/lib/python3.7/site-packages/airflow/example_dags/example_task_group.py
[2023-01-02T01:58:13.045+0000] {processor.py:753} INFO - DAG(s) dict_keys(['example_task_group']) retrieved from /home/airflow/.local/lib/python3.7/site-packages/airflow/example_dags/example_task_group.py
[2023-01-02T01:58:13.092+0000] {logging_mixin.py:137} INFO - [2023-01-02T01:58:13.092+0000] {dag.py:2676} INFO - Sync 1 DAGs
[2023-01-02T01:58:13.111+0000] {logging_mixin.py:137} INFO - [2023-01-02T01:58:13.111+0000] {dag.py:3427} INFO - Setting next_dagrun for example_task_group to 2023-01-01T01:58:13.111466+00:00, run_after=2023-01-02T01:58:13.111466+00:00
[2023-01-02T01:58:13.130+0000] {processor.py:175} INFO - Processing /home/airflow/.local/lib/python3.7/site-packages/airflow/example_dags/example_task_group.py took 0.108 seconds
[2023-01-02T02:00:43.184+0000] {processor.py:153} INFO - Started process (PID=60) to work on /home/airflow/.local/lib/python3.7/site-packages/airflow/example_dags/example_task_group.py
[2023-01-02T02:00:43.187+0000] {processor.py:743} INFO - Processing file /home/airflow/.local/lib/python3.7/site-packages/airflow/example_dags/example_task_group.py for tasks to queue
[2023-01-02T02:00:43.189+0000] {logging_mixin.py:137} INFO - [2023-01-02T02:00:43.189+0000] {dagbag.py:538} INFO - Filling up the DagBag from /home/airflow/.local/lib/python3.7/site-packages/airflow/example_dags/example_task_group.py
[2023-01-02T02:00:43.208+0000] {processor.py:753} INFO - DAG(s) dict_keys(['example_task_group']) retrieved from /home/airflow/.local/lib/python3.7/site-packages/airflow/example_dags/example_task_group.py
[2023-01-02T02:00:43.235+0000] {logging_mixin.py:137} INFO - [2023-01-02T02:00:43.235+0000] {dag.py:2676} INFO - Sync 1 DAGs
[2023-01-02T02:00:43.267+0000] {logging_mixin.py:137} INFO - [2023-01-02T02:00:43.266+0000] {dag.py:3427} INFO - Setting next_dagrun for example_task_group to 2023-01-01T02:00:43.266409+00:00, run_after=2023-01-02T02:00:43.266409+00:00
[2023-01-02T02:00:43.293+0000] {processor.py:175} INFO - Processing /home/airflow/.local/lib/python3.7/site-packages/airflow/example_dags/example_task_group.py took 0.115 seconds
[2023-01-02T02:01:14.203+0000] {processor.py:153} INFO - Started process (PID=138) to work on /home/airflow/.local/lib/python3.7/site-packages/airflow/example_dags/example_task_group.py
[2023-01-02T02:01:14.204+0000] {processor.py:743} INFO - Processing file /home/airflow/.local/lib/python3.7/site-packages/airflow/example_dags/example_task_group.py for tasks to queue
[2023-01-02T02:01:14.205+0000] {logging_mixin.py:137} INFO - [2023-01-02T02:01:14.205+0000] {dagbag.py:538} INFO - Filling up the DagBag from /home/airflow/.local/lib/python3.7/site-packages/airflow/example_dags/example_task_group.py
[2023-01-02T02:01:14.218+0000] {processor.py:753} INFO - DAG(s) dict_keys(['example_task_group']) retrieved from /home/airflow/.local/lib/python3.7/site-packages/airflow/example_dags/example_task_group.py
[2023-01-02T02:01:14.266+0000] {logging_mixin.py:137} INFO - [2023-01-02T02:01:14.265+0000] {dag.py:2676} INFO - Sync 1 DAGs
[2023-01-02T02:01:14.286+0000] {logging_mixin.py:137} INFO - [2023-01-02T02:01:14.286+0000] {dag.py:3427} INFO - Setting next_dagrun for example_task_group to 2023-01-01T02:01:14.286521+00:00, run_after=2023-01-02T02:01:14.286521+00:00
[2023-01-02T02:01:14.301+0000] {processor.py:175} INFO - Processing /home/airflow/.local/lib/python3.7/site-packages/airflow/example_dags/example_task_group.py took 0.101 seconds
[2023-01-02T02:01:44.634+0000] {processor.py:153} INFO - Started process (PID=203) to work on /home/airflow/.local/lib/python3.7/site-packages/airflow/example_dags/example_task_group.py
[2023-01-02T02:01:44.636+0000] {processor.py:743} INFO - Processing file /home/airflow/.local/lib/python3.7/site-packages/airflow/example_dags/example_task_group.py for tasks to queue
[2023-01-02T02:01:44.638+0000] {logging_mixin.py:137} INFO - [2023-01-02T02:01:44.638+0000] {dagbag.py:538} INFO - Filling up the DagBag from /home/airflow/.local/lib/python3.7/site-packages/airflow/example_dags/example_task_group.py
[2023-01-02T02:01:44.654+0000] {processor.py:753} INFO - DAG(s) dict_keys(['example_task_group']) retrieved from /home/airflow/.local/lib/python3.7/site-packages/airflow/example_dags/example_task_group.py
[2023-01-02T02:01:44.708+0000] {logging_mixin.py:137} INFO - [2023-01-02T02:01:44.707+0000] {dag.py:2676} INFO - Sync 1 DAGs
[2023-01-02T02:01:44.745+0000] {logging_mixin.py:137} INFO - [2023-01-02T02:01:44.744+0000] {dag.py:3427} INFO - Setting next_dagrun for example_task_group to 2023-01-01T02:01:44.744173+00:00, run_after=2023-01-02T02:01:44.744173+00:00
[2023-01-02T02:01:44.773+0000] {processor.py:175} INFO - Processing /home/airflow/.local/lib/python3.7/site-packages/airflow/example_dags/example_task_group.py took 0.142 seconds
[2023-01-02T02:02:15.207+0000] {processor.py:153} INFO - Started process (PID=281) to work on /home/airflow/.local/lib/python3.7/site-packages/airflow/example_dags/example_task_group.py
[2023-01-02T02:02:15.209+0000] {processor.py:743} INFO - Processing file /home/airflow/.local/lib/python3.7/site-packages/airflow/example_dags/example_task_group.py for tasks to queue
[2023-01-02T02:02:15.210+0000] {logging_mixin.py:137} INFO - [2023-01-02T02:02:15.210+0000] {dagbag.py:538} INFO - Filling up the DagBag from /home/airflow/.local/lib/python3.7/site-packages/airflow/example_dags/example_task_group.py
[2023-01-02T02:02:15.223+0000] {processor.py:753} INFO - DAG(s) dict_keys(['example_task_group']) retrieved from /home/airflow/.local/lib/python3.7/site-packages/airflow/example_dags/example_task_group.py
[2023-01-02T02:02:15.253+0000] {logging_mixin.py:137} INFO - [2023-01-02T02:02:15.253+0000] {dag.py:2676} INFO - Sync 1 DAGs
[2023-01-02T02:02:15.269+0000] {logging_mixin.py:137} INFO - [2023-01-02T02:02:15.269+0000] {dag.py:3427} INFO - Setting next_dagrun for example_task_group to 2023-01-01T02:02:15.269636+00:00, run_after=2023-01-02T02:02:15.269636+00:00
[2023-01-02T02:02:15.282+0000] {processor.py:175} INFO - Processing /home/airflow/.local/lib/python3.7/site-packages/airflow/example_dags/example_task_group.py took 0.079 seconds
[2023-01-02T02:02:45.384+0000] {processor.py:153} INFO - Started process (PID=360) to work on /home/airflow/.local/lib/python3.7/site-packages/airflow/example_dags/example_task_group.py
[2023-01-02T02:02:45.386+0000] {processor.py:743} INFO - Processing file /home/airflow/.local/lib/python3.7/site-packages/airflow/example_dags/example_task_group.py for tasks to queue
[2023-01-02T02:02:45.387+0000] {logging_mixin.py:137} INFO - [2023-01-02T02:02:45.387+0000] {dagbag.py:538} INFO - Filling up the DagBag from /home/airflow/.local/lib/python3.7/site-packages/airflow/example_dags/example_task_group.py
[2023-01-02T02:02:45.401+0000] {processor.py:753} INFO - DAG(s) dict_keys(['example_task_group']) retrieved from /home/airflow/.local/lib/python3.7/site-packages/airflow/example_dags/example_task_group.py
[2023-01-02T02:02:45.436+0000] {logging_mixin.py:137} INFO - [2023-01-02T02:02:45.435+0000] {dag.py:2676} INFO - Sync 1 DAGs
[2023-01-02T02:02:45.453+0000] {logging_mixin.py:137} INFO - [2023-01-02T02:02:45.453+0000] {dag.py:3427} INFO - Setting next_dagrun for example_task_group to 2023-01-01T02:02:45.453400+00:00, run_after=2023-01-02T02:02:45.453400+00:00
[2023-01-02T02:02:45.466+0000] {processor.py:175} INFO - Processing /home/airflow/.local/lib/python3.7/site-packages/airflow/example_dags/example_task_group.py took 0.087 seconds
[2023-01-02T02:03:15.828+0000] {processor.py:153} INFO - Started process (PID=425) to work on /home/airflow/.local/lib/python3.7/site-packages/airflow/example_dags/example_task_group.py
[2023-01-02T02:03:15.830+0000] {processor.py:743} INFO - Processing file /home/airflow/.local/lib/python3.7/site-packages/airflow/example_dags/example_task_group.py for tasks to queue
[2023-01-02T02:03:15.830+0000] {logging_mixin.py:137} INFO - [2023-01-02T02:03:15.830+0000] {dagbag.py:538} INFO - Filling up the DagBag from /home/airflow/.local/lib/python3.7/site-packages/airflow/example_dags/example_task_group.py
[2023-01-02T02:03:15.843+0000] {processor.py:753} INFO - DAG(s) dict_keys(['example_task_group']) retrieved from /home/airflow/.local/lib/python3.7/site-packages/airflow/example_dags/example_task_group.py
[2023-01-02T02:03:15.874+0000] {logging_mixin.py:137} INFO - [2023-01-02T02:03:15.873+0000] {dag.py:2676} INFO - Sync 1 DAGs
[2023-01-02T02:03:15.890+0000] {logging_mixin.py:137} INFO - [2023-01-02T02:03:15.890+0000] {dag.py:3427} INFO - Setting next_dagrun for example_task_group to 2023-01-01T02:03:15.890065+00:00, run_after=2023-01-02T02:03:15.890065+00:00
[2023-01-02T02:03:15.906+0000] {processor.py:175} INFO - Processing /home/airflow/.local/lib/python3.7/site-packages/airflow/example_dags/example_task_group.py took 0.080 seconds
[2023-01-02T02:03:46.004+0000] {processor.py:153} INFO - Started process (PID=503) to work on /home/airflow/.local/lib/python3.7/site-packages/airflow/example_dags/example_task_group.py
[2023-01-02T02:03:46.006+0000] {processor.py:743} INFO - Processing file /home/airflow/.local/lib/python3.7/site-packages/airflow/example_dags/example_task_group.py for tasks to queue
[2023-01-02T02:03:46.006+0000] {logging_mixin.py:137} INFO - [2023-01-02T02:03:46.006+0000] {dagbag.py:538} INFO - Filling up the DagBag from /home/airflow/.local/lib/python3.7/site-packages/airflow/example_dags/example_task_group.py
[2023-01-02T02:03:46.018+0000] {processor.py:753} INFO - DAG(s) dict_keys(['example_task_group']) retrieved from /home/airflow/.local/lib/python3.7/site-packages/airflow/example_dags/example_task_group.py
[2023-01-02T02:03:46.046+0000] {logging_mixin.py:137} INFO - [2023-01-02T02:03:46.046+0000] {dag.py:2676} INFO - Sync 1 DAGs
[2023-01-02T02:03:46.062+0000] {logging_mixin.py:137} INFO - [2023-01-02T02:03:46.061+0000] {dag.py:3427} INFO - Setting next_dagrun for example_task_group to 2023-01-01T02:03:46.061739+00:00, run_after=2023-01-02T02:03:46.061739+00:00
[2023-01-02T02:03:46.073+0000] {processor.py:175} INFO - Processing /home/airflow/.local/lib/python3.7/site-packages/airflow/example_dags/example_task_group.py took 0.072 seconds
[2023-01-02T02:04:16.716+0000] {processor.py:153} INFO - Started process (PID=581) to work on /home/airflow/.local/lib/python3.7/site-packages/airflow/example_dags/example_task_group.py
[2023-01-02T02:04:16.717+0000] {processor.py:743} INFO - Processing file /home/airflow/.local/lib/python3.7/site-packages/airflow/example_dags/example_task_group.py for tasks to queue
[2023-01-02T02:04:16.718+0000] {logging_mixin.py:137} INFO - [2023-01-02T02:04:16.718+0000] {dagbag.py:538} INFO - Filling up the DagBag from /home/airflow/.local/lib/python3.7/site-packages/airflow/example_dags/example_task_group.py
[2023-01-02T02:04:16.731+0000] {processor.py:753} INFO - DAG(s) dict_keys(['example_task_group']) retrieved from /home/airflow/.local/lib/python3.7/site-packages/airflow/example_dags/example_task_group.py
[2023-01-02T02:04:16.771+0000] {logging_mixin.py:137} INFO - [2023-01-02T02:04:16.770+0000] {dag.py:2676} INFO - Sync 1 DAGs
[2023-01-02T02:04:16.800+0000] {logging_mixin.py:137} INFO - [2023-01-02T02:04:16.800+0000] {dag.py:3427} INFO - Setting next_dagrun for example_task_group to 2023-01-01T02:04:16.799790+00:00, run_after=2023-01-02T02:04:16.799790+00:00
[2023-01-02T02:04:16.823+0000] {processor.py:175} INFO - Processing /home/airflow/.local/lib/python3.7/site-packages/airflow/example_dags/example_task_group.py took 0.110 seconds
[2023-01-02T02:04:47.612+0000] {processor.py:153} INFO - Started process (PID=648) to work on /home/airflow/.local/lib/python3.7/site-packages/airflow/example_dags/example_task_group.py
[2023-01-02T02:04:47.613+0000] {processor.py:743} INFO - Processing file /home/airflow/.local/lib/python3.7/site-packages/airflow/example_dags/example_task_group.py for tasks to queue
[2023-01-02T02:04:47.614+0000] {logging_mixin.py:137} INFO - [2023-01-02T02:04:47.614+0000] {dagbag.py:538} INFO - Filling up the DagBag from /home/airflow/.local/lib/python3.7/site-packages/airflow/example_dags/example_task_group.py
[2023-01-02T02:04:47.627+0000] {processor.py:753} INFO - DAG(s) dict_keys(['example_task_group']) retrieved from /home/airflow/.local/lib/python3.7/site-packages/airflow/example_dags/example_task_group.py
[2023-01-02T02:04:47.655+0000] {logging_mixin.py:137} INFO - [2023-01-02T02:04:47.655+0000] {dag.py:2676} INFO - Sync 1 DAGs
[2023-01-02T02:04:47.672+0000] {logging_mixin.py:137} INFO - [2023-01-02T02:04:47.672+0000] {dag.py:3427} INFO - Setting next_dagrun for example_task_group to 2023-01-01T02:04:47.672253+00:00, run_after=2023-01-02T02:04:47.672253+00:00
[2023-01-02T02:04:47.686+0000] {processor.py:175} INFO - Processing /home/airflow/.local/lib/python3.7/site-packages/airflow/example_dags/example_task_group.py took 0.077 seconds
[2023-01-02T02:05:18.045+0000] {processor.py:153} INFO - Started process (PID=725) to work on /home/airflow/.local/lib/python3.7/site-packages/airflow/example_dags/example_task_group.py
[2023-01-02T02:05:18.046+0000] {processor.py:743} INFO - Processing file /home/airflow/.local/lib/python3.7/site-packages/airflow/example_dags/example_task_group.py for tasks to queue
[2023-01-02T02:05:18.048+0000] {logging_mixin.py:137} INFO - [2023-01-02T02:05:18.048+0000] {dagbag.py:538} INFO - Filling up the DagBag from /home/airflow/.local/lib/python3.7/site-packages/airflow/example_dags/example_task_group.py
[2023-01-02T02:05:18.065+0000] {processor.py:753} INFO - DAG(s) dict_keys(['example_task_group']) retrieved from /home/airflow/.local/lib/python3.7/site-packages/airflow/example_dags/example_task_group.py
[2023-01-02T02:05:18.095+0000] {logging_mixin.py:137} INFO - [2023-01-02T02:05:18.095+0000] {dag.py:2676} INFO - Sync 1 DAGs
[2023-01-02T02:05:18.111+0000] {logging_mixin.py:137} INFO - [2023-01-02T02:05:18.111+0000] {dag.py:3427} INFO - Setting next_dagrun for example_task_group to 2023-01-01T02:05:18.111637+00:00, run_after=2023-01-02T02:05:18.111637+00:00
[2023-01-02T02:05:18.125+0000] {processor.py:175} INFO - Processing /home/airflow/.local/lib/python3.7/site-packages/airflow/example_dags/example_task_group.py took 0.083 seconds
[2023-01-02T02:05:48.792+0000] {processor.py:153} INFO - Started process (PID=790) to work on /home/airflow/.local/lib/python3.7/site-packages/airflow/example_dags/example_task_group.py
[2023-01-02T02:05:48.793+0000] {processor.py:743} INFO - Processing file /home/airflow/.local/lib/python3.7/site-packages/airflow/example_dags/example_task_group.py for tasks to queue
[2023-01-02T02:05:48.794+0000] {logging_mixin.py:137} INFO - [2023-01-02T02:05:48.794+0000] {dagbag.py:538} INFO - Filling up the DagBag from /home/airflow/.local/lib/python3.7/site-packages/airflow/example_dags/example_task_group.py
[2023-01-02T02:05:48.806+0000] {processor.py:753} INFO - DAG(s) dict_keys(['example_task_group']) retrieved from /home/airflow/.local/lib/python3.7/site-packages/airflow/example_dags/example_task_group.py
[2023-01-02T02:05:48.836+0000] {logging_mixin.py:137} INFO - [2023-01-02T02:05:48.836+0000] {dag.py:2676} INFO - Sync 1 DAGs
[2023-01-02T02:05:48.854+0000] {logging_mixin.py:137} INFO - [2023-01-02T02:05:48.854+0000] {dag.py:3427} INFO - Setting next_dagrun for example_task_group to 2023-01-01T02:05:48.854489+00:00, run_after=2023-01-02T02:05:48.854489+00:00
[2023-01-02T02:05:48.870+0000] {processor.py:175} INFO - Processing /home/airflow/.local/lib/python3.7/site-packages/airflow/example_dags/example_task_group.py took 0.081 seconds
[2023-01-02T02:06:19.292+0000] {processor.py:153} INFO - Started process (PID=869) to work on /home/airflow/.local/lib/python3.7/site-packages/airflow/example_dags/example_task_group.py
[2023-01-02T02:06:19.293+0000] {processor.py:743} INFO - Processing file /home/airflow/.local/lib/python3.7/site-packages/airflow/example_dags/example_task_group.py for tasks to queue
[2023-01-02T02:06:19.294+0000] {logging_mixin.py:137} INFO - [2023-01-02T02:06:19.294+0000] {dagbag.py:538} INFO - Filling up the DagBag from /home/airflow/.local/lib/python3.7/site-packages/airflow/example_dags/example_task_group.py
[2023-01-02T02:06:19.305+0000] {processor.py:753} INFO - DAG(s) dict_keys(['example_task_group']) retrieved from /home/airflow/.local/lib/python3.7/site-packages/airflow/example_dags/example_task_group.py
[2023-01-02T02:06:19.330+0000] {logging_mixin.py:137} INFO - [2023-01-02T02:06:19.330+0000] {dag.py:2676} INFO - Sync 1 DAGs
[2023-01-02T02:06:19.347+0000] {logging_mixin.py:137} INFO - [2023-01-02T02:06:19.347+0000] {dag.py:3427} INFO - Setting next_dagrun for example_task_group to 2023-01-01T02:06:19.346866+00:00, run_after=2023-01-02T02:06:19.346866+00:00
[2023-01-02T02:06:19.359+0000] {processor.py:175} INFO - Processing /home/airflow/.local/lib/python3.7/site-packages/airflow/example_dags/example_task_group.py took 0.070 seconds
[2023-01-02T02:06:49.944+0000] {processor.py:153} INFO - Started process (PID=947) to work on /home/airflow/.local/lib/python3.7/site-packages/airflow/example_dags/example_task_group.py
[2023-01-02T02:06:49.946+0000] {processor.py:743} INFO - Processing file /home/airflow/.local/lib/python3.7/site-packages/airflow/example_dags/example_task_group.py for tasks to queue
[2023-01-02T02:06:49.947+0000] {logging_mixin.py:137} INFO - [2023-01-02T02:06:49.947+0000] {dagbag.py:538} INFO - Filling up the DagBag from /home/airflow/.local/lib/python3.7/site-packages/airflow/example_dags/example_task_group.py
[2023-01-02T02:06:49.966+0000] {processor.py:753} INFO - DAG(s) dict_keys(['example_task_group']) retrieved from /home/airflow/.local/lib/python3.7/site-packages/airflow/example_dags/example_task_group.py
[2023-01-02T02:06:49.998+0000] {logging_mixin.py:137} INFO - [2023-01-02T02:06:49.998+0000] {dag.py:2676} INFO - Sync 1 DAGs
[2023-01-02T02:06:50.014+0000] {logging_mixin.py:137} INFO - [2023-01-02T02:06:50.014+0000] {dag.py:3427} INFO - Setting next_dagrun for example_task_group to 2023-01-01T02:06:50.013838+00:00, run_after=2023-01-02T02:06:50.013838+00:00
[2023-01-02T02:06:50.025+0000] {processor.py:175} INFO - Processing /home/airflow/.local/lib/python3.7/site-packages/airflow/example_dags/example_task_group.py took 0.084 seconds
[2023-01-02T02:07:20.813+0000] {processor.py:153} INFO - Started process (PID=1013) to work on /home/airflow/.local/lib/python3.7/site-packages/airflow/example_dags/example_task_group.py
[2023-01-02T02:07:20.814+0000] {processor.py:743} INFO - Processing file /home/airflow/.local/lib/python3.7/site-packages/airflow/example_dags/example_task_group.py for tasks to queue
[2023-01-02T02:07:20.816+0000] {logging_mixin.py:137} INFO - [2023-01-02T02:07:20.815+0000] {dagbag.py:538} INFO - Filling up the DagBag from /home/airflow/.local/lib/python3.7/site-packages/airflow/example_dags/example_task_group.py
[2023-01-02T02:07:20.828+0000] {processor.py:753} INFO - DAG(s) dict_keys(['example_task_group']) retrieved from /home/airflow/.local/lib/python3.7/site-packages/airflow/example_dags/example_task_group.py
[2023-01-02T02:07:20.859+0000] {logging_mixin.py:137} INFO - [2023-01-02T02:07:20.859+0000] {dag.py:2676} INFO - Sync 1 DAGs
[2023-01-02T02:07:20.876+0000] {logging_mixin.py:137} INFO - [2023-01-02T02:07:20.876+0000] {dag.py:3427} INFO - Setting next_dagrun for example_task_group to 2023-01-01T02:07:20.876433+00:00, run_after=2023-01-02T02:07:20.876433+00:00
[2023-01-02T02:07:20.888+0000] {processor.py:175} INFO - Processing /home/airflow/.local/lib/python3.7/site-packages/airflow/example_dags/example_task_group.py took 0.078 seconds
[2023-01-02T02:07:51.247+0000] {processor.py:153} INFO - Started process (PID=1091) to work on /home/airflow/.local/lib/python3.7/site-packages/airflow/example_dags/example_task_group.py
[2023-01-02T02:07:51.248+0000] {processor.py:743} INFO - Processing file /home/airflow/.local/lib/python3.7/site-packages/airflow/example_dags/example_task_group.py for tasks to queue
[2023-01-02T02:07:51.250+0000] {logging_mixin.py:137} INFO - [2023-01-02T02:07:51.250+0000] {dagbag.py:538} INFO - Filling up the DagBag from /home/airflow/.local/lib/python3.7/site-packages/airflow/example_dags/example_task_group.py
[2023-01-02T02:07:51.262+0000] {processor.py:753} INFO - DAG(s) dict_keys(['example_task_group']) retrieved from /home/airflow/.local/lib/python3.7/site-packages/airflow/example_dags/example_task_group.py
[2023-01-02T02:07:51.290+0000] {logging_mixin.py:137} INFO - [2023-01-02T02:07:51.290+0000] {dag.py:2676} INFO - Sync 1 DAGs
[2023-01-02T02:07:51.306+0000] {logging_mixin.py:137} INFO - [2023-01-02T02:07:51.306+0000] {dag.py:3427} INFO - Setting next_dagrun for example_task_group to 2023-01-01T02:07:51.305904+00:00, run_after=2023-01-02T02:07:51.305904+00:00
[2023-01-02T02:07:51.319+0000] {processor.py:175} INFO - Processing /home/airflow/.local/lib/python3.7/site-packages/airflow/example_dags/example_task_group.py took 0.075 seconds
[2023-01-02T02:08:22.214+0000] {processor.py:153} INFO - Started process (PID=1168) to work on /home/airflow/.local/lib/python3.7/site-packages/airflow/example_dags/example_task_group.py
[2023-01-02T02:08:22.216+0000] {processor.py:743} INFO - Processing file /home/airflow/.local/lib/python3.7/site-packages/airflow/example_dags/example_task_group.py for tasks to queue
[2023-01-02T02:08:22.217+0000] {logging_mixin.py:137} INFO - [2023-01-02T02:08:22.217+0000] {dagbag.py:538} INFO - Filling up the DagBag from /home/airflow/.local/lib/python3.7/site-packages/airflow/example_dags/example_task_group.py
[2023-01-02T02:08:22.234+0000] {processor.py:753} INFO - DAG(s) dict_keys(['example_task_group']) retrieved from /home/airflow/.local/lib/python3.7/site-packages/airflow/example_dags/example_task_group.py
[2023-01-02T02:08:22.312+0000] {logging_mixin.py:137} INFO - [2023-01-02T02:08:22.312+0000] {dag.py:2676} INFO - Sync 1 DAGs
[2023-01-02T02:08:22.335+0000] {logging_mixin.py:137} INFO - [2023-01-02T02:08:22.335+0000] {dag.py:3427} INFO - Setting next_dagrun for example_task_group to 2023-01-01T02:08:22.335421+00:00, run_after=2023-01-02T02:08:22.335421+00:00
[2023-01-02T02:08:22.354+0000] {processor.py:175} INFO - Processing /home/airflow/.local/lib/python3.7/site-packages/airflow/example_dags/example_task_group.py took 0.145 seconds
[2023-01-02T02:08:52.851+0000] {processor.py:153} INFO - Started process (PID=1233) to work on /home/airflow/.local/lib/python3.7/site-packages/airflow/example_dags/example_task_group.py
[2023-01-02T02:08:52.852+0000] {processor.py:743} INFO - Processing file /home/airflow/.local/lib/python3.7/site-packages/airflow/example_dags/example_task_group.py for tasks to queue
[2023-01-02T02:08:52.853+0000] {logging_mixin.py:137} INFO - [2023-01-02T02:08:52.853+0000] {dagbag.py:538} INFO - Filling up the DagBag from /home/airflow/.local/lib/python3.7/site-packages/airflow/example_dags/example_task_group.py
[2023-01-02T02:08:52.864+0000] {processor.py:753} INFO - DAG(s) dict_keys(['example_task_group']) retrieved from /home/airflow/.local/lib/python3.7/site-packages/airflow/example_dags/example_task_group.py
[2023-01-02T02:08:52.899+0000] {logging_mixin.py:137} INFO - [2023-01-02T02:08:52.899+0000] {dag.py:2676} INFO - Sync 1 DAGs
[2023-01-02T02:08:52.916+0000] {logging_mixin.py:137} INFO - [2023-01-02T02:08:52.916+0000] {dag.py:3427} INFO - Setting next_dagrun for example_task_group to 2023-01-01T02:08:52.916291+00:00, run_after=2023-01-02T02:08:52.916291+00:00
[2023-01-02T02:08:52.928+0000] {processor.py:175} INFO - Processing /home/airflow/.local/lib/python3.7/site-packages/airflow/example_dags/example_task_group.py took 0.080 seconds
[2023-01-02T02:09:23.167+0000] {processor.py:153} INFO - Started process (PID=1312) to work on /home/airflow/.local/lib/python3.7/site-packages/airflow/example_dags/example_task_group.py
[2023-01-02T02:09:23.169+0000] {processor.py:743} INFO - Processing file /home/airflow/.local/lib/python3.7/site-packages/airflow/example_dags/example_task_group.py for tasks to queue
[2023-01-02T02:09:23.170+0000] {logging_mixin.py:137} INFO - [2023-01-02T02:09:23.169+0000] {dagbag.py:538} INFO - Filling up the DagBag from /home/airflow/.local/lib/python3.7/site-packages/airflow/example_dags/example_task_group.py
[2023-01-02T02:09:23.186+0000] {processor.py:753} INFO - DAG(s) dict_keys(['example_task_group']) retrieved from /home/airflow/.local/lib/python3.7/site-packages/airflow/example_dags/example_task_group.py
[2023-01-02T02:09:23.220+0000] {logging_mixin.py:137} INFO - [2023-01-02T02:09:23.220+0000] {dag.py:2676} INFO - Sync 1 DAGs
[2023-01-02T02:09:23.237+0000] {logging_mixin.py:137} INFO - [2023-01-02T02:09:23.237+0000] {dag.py:3427} INFO - Setting next_dagrun for example_task_group to 2023-01-01T02:09:23.236940+00:00, run_after=2023-01-02T02:09:23.236940+00:00
[2023-01-02T02:09:23.247+0000] {processor.py:175} INFO - Processing /home/airflow/.local/lib/python3.7/site-packages/airflow/example_dags/example_task_group.py took 0.083 seconds
[2023-01-02T02:09:53.791+0000] {processor.py:153} INFO - Started process (PID=1386) to work on /home/airflow/.local/lib/python3.7/site-packages/airflow/example_dags/example_task_group.py
[2023-01-02T02:09:53.792+0000] {processor.py:743} INFO - Processing file /home/airflow/.local/lib/python3.7/site-packages/airflow/example_dags/example_task_group.py for tasks to queue
[2023-01-02T02:09:53.793+0000] {logging_mixin.py:137} INFO - [2023-01-02T02:09:53.793+0000] {dagbag.py:538} INFO - Filling up the DagBag from /home/airflow/.local/lib/python3.7/site-packages/airflow/example_dags/example_task_group.py
[2023-01-02T02:09:53.806+0000] {processor.py:753} INFO - DAG(s) dict_keys(['example_task_group']) retrieved from /home/airflow/.local/lib/python3.7/site-packages/airflow/example_dags/example_task_group.py
[2023-01-02T02:09:53.834+0000] {logging_mixin.py:137} INFO - [2023-01-02T02:09:53.834+0000] {dag.py:2676} INFO - Sync 1 DAGs
[2023-01-02T02:09:53.850+0000] {logging_mixin.py:137} INFO - [2023-01-02T02:09:53.850+0000] {dag.py:3427} INFO - Setting next_dagrun for example_task_group to 2023-01-01T02:09:53.850472+00:00, run_after=2023-01-02T02:09:53.850472+00:00
[2023-01-02T02:09:53.870+0000] {processor.py:175} INFO - Processing /home/airflow/.local/lib/python3.7/site-packages/airflow/example_dags/example_task_group.py took 0.081 seconds
