[2023-01-02T01:57:10.404+0000] {processor.py:153} INFO - Started process (PID=45) to work on /home/airflow/.local/lib/python3.7/site-packages/airflow/example_dags/example_nested_branch_dag.py
[2023-01-02T01:57:10.406+0000] {processor.py:743} INFO - Processing file /home/airflow/.local/lib/python3.7/site-packages/airflow/example_dags/example_nested_branch_dag.py for tasks to queue
[2023-01-02T01:57:10.407+0000] {logging_mixin.py:137} INFO - [2023-01-02T01:57:10.407+0000] {dagbag.py:538} INFO - Filling up the DagBag from /home/airflow/.local/lib/python3.7/site-packages/airflow/example_dags/example_nested_branch_dag.py
[2023-01-02T01:57:10.432+0000] {processor.py:753} INFO - DAG(s) dict_keys(['example_nested_branch_dag']) retrieved from /home/airflow/.local/lib/python3.7/site-packages/airflow/example_dags/example_nested_branch_dag.py
[2023-01-02T01:57:10.459+0000] {logging_mixin.py:137} INFO - [2023-01-02T01:57:10.459+0000] {dag.py:2676} INFO - Sync 1 DAGs
[2023-01-02T01:57:10.487+0000] {logging_mixin.py:137} INFO - [2023-01-02T01:57:10.487+0000] {dag.py:3427} INFO - Setting next_dagrun for example_nested_branch_dag to 2023-01-01T00:00:00+00:00, run_after=2023-01-02T00:00:00+00:00
[2023-01-02T01:57:10.522+0000] {processor.py:175} INFO - Processing /home/airflow/.local/lib/python3.7/site-packages/airflow/example_dags/example_nested_branch_dag.py took 0.122 seconds
[2023-01-02T01:57:40.725+0000] {processor.py:153} INFO - Started process (PID=123) to work on /home/airflow/.local/lib/python3.7/site-packages/airflow/example_dags/example_nested_branch_dag.py
[2023-01-02T01:57:40.727+0000] {processor.py:743} INFO - Processing file /home/airflow/.local/lib/python3.7/site-packages/airflow/example_dags/example_nested_branch_dag.py for tasks to queue
[2023-01-02T01:57:40.727+0000] {logging_mixin.py:137} INFO - [2023-01-02T01:57:40.727+0000] {dagbag.py:538} INFO - Filling up the DagBag from /home/airflow/.local/lib/python3.7/site-packages/airflow/example_dags/example_nested_branch_dag.py
[2023-01-02T01:57:40.747+0000] {processor.py:753} INFO - DAG(s) dict_keys(['example_nested_branch_dag']) retrieved from /home/airflow/.local/lib/python3.7/site-packages/airflow/example_dags/example_nested_branch_dag.py
[2023-01-02T01:57:40.775+0000] {logging_mixin.py:137} INFO - [2023-01-02T01:57:40.774+0000] {dag.py:2676} INFO - Sync 1 DAGs
[2023-01-02T01:57:40.791+0000] {logging_mixin.py:137} INFO - [2023-01-02T01:57:40.791+0000] {dag.py:3427} INFO - Setting next_dagrun for example_nested_branch_dag to 2023-01-01T00:00:00+00:00, run_after=2023-01-02T00:00:00+00:00
[2023-01-02T01:57:40.802+0000] {processor.py:175} INFO - Processing /home/airflow/.local/lib/python3.7/site-packages/airflow/example_dags/example_nested_branch_dag.py took 0.080 seconds
[2023-01-02T01:58:11.631+0000] {processor.py:153} INFO - Started process (PID=196) to work on /home/airflow/.local/lib/python3.7/site-packages/airflow/example_dags/example_nested_branch_dag.py
[2023-01-02T01:58:11.632+0000] {processor.py:743} INFO - Processing file /home/airflow/.local/lib/python3.7/site-packages/airflow/example_dags/example_nested_branch_dag.py for tasks to queue
[2023-01-02T01:58:11.634+0000] {logging_mixin.py:137} INFO - [2023-01-02T01:58:11.633+0000] {dagbag.py:538} INFO - Filling up the DagBag from /home/airflow/.local/lib/python3.7/site-packages/airflow/example_dags/example_nested_branch_dag.py
[2023-01-02T01:58:11.667+0000] {processor.py:753} INFO - DAG(s) dict_keys(['example_nested_branch_dag']) retrieved from /home/airflow/.local/lib/python3.7/site-packages/airflow/example_dags/example_nested_branch_dag.py
[2023-01-02T01:58:11.728+0000] {logging_mixin.py:137} INFO - [2023-01-02T01:58:11.728+0000] {dag.py:2676} INFO - Sync 1 DAGs
[2023-01-02T01:58:11.765+0000] {logging_mixin.py:137} INFO - [2023-01-02T01:58:11.765+0000] {dag.py:3427} INFO - Setting next_dagrun for example_nested_branch_dag to 2023-01-01T00:00:00+00:00, run_after=2023-01-02T00:00:00+00:00
[2023-01-02T01:58:11.794+0000] {processor.py:175} INFO - Processing /home/airflow/.local/lib/python3.7/site-packages/airflow/example_dags/example_nested_branch_dag.py took 0.168 seconds
[2023-01-02T02:00:41.834+0000] {processor.py:153} INFO - Started process (PID=45) to work on /home/airflow/.local/lib/python3.7/site-packages/airflow/example_dags/example_nested_branch_dag.py
[2023-01-02T02:00:41.836+0000] {processor.py:743} INFO - Processing file /home/airflow/.local/lib/python3.7/site-packages/airflow/example_dags/example_nested_branch_dag.py for tasks to queue
[2023-01-02T02:00:41.837+0000] {logging_mixin.py:137} INFO - [2023-01-02T02:00:41.837+0000] {dagbag.py:538} INFO - Filling up the DagBag from /home/airflow/.local/lib/python3.7/site-packages/airflow/example_dags/example_nested_branch_dag.py
[2023-01-02T02:00:41.861+0000] {processor.py:753} INFO - DAG(s) dict_keys(['example_nested_branch_dag']) retrieved from /home/airflow/.local/lib/python3.7/site-packages/airflow/example_dags/example_nested_branch_dag.py
[2023-01-02T02:00:41.892+0000] {logging_mixin.py:137} INFO - [2023-01-02T02:00:41.892+0000] {dag.py:2676} INFO - Sync 1 DAGs
[2023-01-02T02:00:41.919+0000] {logging_mixin.py:137} INFO - [2023-01-02T02:00:41.919+0000] {dag.py:3427} INFO - Setting next_dagrun for example_nested_branch_dag to 2023-01-01T00:00:00+00:00, run_after=2023-01-02T00:00:00+00:00
[2023-01-02T02:00:41.944+0000] {processor.py:175} INFO - Processing /home/airflow/.local/lib/python3.7/site-packages/airflow/example_dags/example_nested_branch_dag.py took 0.116 seconds
[2023-01-02T02:01:12.336+0000] {processor.py:153} INFO - Started process (PID=123) to work on /home/airflow/.local/lib/python3.7/site-packages/airflow/example_dags/example_nested_branch_dag.py
[2023-01-02T02:01:12.338+0000] {processor.py:743} INFO - Processing file /home/airflow/.local/lib/python3.7/site-packages/airflow/example_dags/example_nested_branch_dag.py for tasks to queue
[2023-01-02T02:01:12.339+0000] {logging_mixin.py:137} INFO - [2023-01-02T02:01:12.339+0000] {dagbag.py:538} INFO - Filling up the DagBag from /home/airflow/.local/lib/python3.7/site-packages/airflow/example_dags/example_nested_branch_dag.py
[2023-01-02T02:01:12.359+0000] {processor.py:753} INFO - DAG(s) dict_keys(['example_nested_branch_dag']) retrieved from /home/airflow/.local/lib/python3.7/site-packages/airflow/example_dags/example_nested_branch_dag.py
[2023-01-02T02:01:12.389+0000] {logging_mixin.py:137} INFO - [2023-01-02T02:01:12.389+0000] {dag.py:2676} INFO - Sync 1 DAGs
[2023-01-02T02:01:12.405+0000] {logging_mixin.py:137} INFO - [2023-01-02T02:01:12.405+0000] {dag.py:3427} INFO - Setting next_dagrun for example_nested_branch_dag to 2023-01-01T00:00:00+00:00, run_after=2023-01-02T00:00:00+00:00
[2023-01-02T02:01:12.421+0000] {processor.py:175} INFO - Processing /home/airflow/.local/lib/python3.7/site-packages/airflow/example_dags/example_nested_branch_dag.py took 0.088 seconds
[2023-01-02T02:01:42.762+0000] {processor.py:153} INFO - Started process (PID=188) to work on /home/airflow/.local/lib/python3.7/site-packages/airflow/example_dags/example_nested_branch_dag.py
[2023-01-02T02:01:42.763+0000] {processor.py:743} INFO - Processing file /home/airflow/.local/lib/python3.7/site-packages/airflow/example_dags/example_nested_branch_dag.py for tasks to queue
[2023-01-02T02:01:42.764+0000] {logging_mixin.py:137} INFO - [2023-01-02T02:01:42.764+0000] {dagbag.py:538} INFO - Filling up the DagBag from /home/airflow/.local/lib/python3.7/site-packages/airflow/example_dags/example_nested_branch_dag.py
[2023-01-02T02:01:42.784+0000] {processor.py:753} INFO - DAG(s) dict_keys(['example_nested_branch_dag']) retrieved from /home/airflow/.local/lib/python3.7/site-packages/airflow/example_dags/example_nested_branch_dag.py
[2023-01-02T02:01:42.819+0000] {logging_mixin.py:137} INFO - [2023-01-02T02:01:42.819+0000] {dag.py:2676} INFO - Sync 1 DAGs
[2023-01-02T02:01:42.838+0000] {logging_mixin.py:137} INFO - [2023-01-02T02:01:42.838+0000] {dag.py:3427} INFO - Setting next_dagrun for example_nested_branch_dag to 2023-01-01T00:00:00+00:00, run_after=2023-01-02T00:00:00+00:00
[2023-01-02T02:01:42.852+0000] {processor.py:175} INFO - Processing /home/airflow/.local/lib/python3.7/site-packages/airflow/example_dags/example_nested_branch_dag.py took 0.093 seconds
[2023-01-02T02:02:13.387+0000] {processor.py:153} INFO - Started process (PID=266) to work on /home/airflow/.local/lib/python3.7/site-packages/airflow/example_dags/example_nested_branch_dag.py
[2023-01-02T02:02:13.388+0000] {processor.py:743} INFO - Processing file /home/airflow/.local/lib/python3.7/site-packages/airflow/example_dags/example_nested_branch_dag.py for tasks to queue
[2023-01-02T02:02:13.389+0000] {logging_mixin.py:137} INFO - [2023-01-02T02:02:13.389+0000] {dagbag.py:538} INFO - Filling up the DagBag from /home/airflow/.local/lib/python3.7/site-packages/airflow/example_dags/example_nested_branch_dag.py
[2023-01-02T02:02:13.406+0000] {processor.py:753} INFO - DAG(s) dict_keys(['example_nested_branch_dag']) retrieved from /home/airflow/.local/lib/python3.7/site-packages/airflow/example_dags/example_nested_branch_dag.py
[2023-01-02T02:02:13.433+0000] {logging_mixin.py:137} INFO - [2023-01-02T02:02:13.433+0000] {dag.py:2676} INFO - Sync 1 DAGs
[2023-01-02T02:02:13.448+0000] {logging_mixin.py:137} INFO - [2023-01-02T02:02:13.448+0000] {dag.py:3427} INFO - Setting next_dagrun for example_nested_branch_dag to 2023-01-01T00:00:00+00:00, run_after=2023-01-02T00:00:00+00:00
[2023-01-02T02:02:13.460+0000] {processor.py:175} INFO - Processing /home/airflow/.local/lib/python3.7/site-packages/airflow/example_dags/example_nested_branch_dag.py took 0.076 seconds
[2023-01-02T02:02:44.078+0000] {processor.py:153} INFO - Started process (PID=345) to work on /home/airflow/.local/lib/python3.7/site-packages/airflow/example_dags/example_nested_branch_dag.py
[2023-01-02T02:02:44.079+0000] {processor.py:743} INFO - Processing file /home/airflow/.local/lib/python3.7/site-packages/airflow/example_dags/example_nested_branch_dag.py for tasks to queue
[2023-01-02T02:02:44.080+0000] {logging_mixin.py:137} INFO - [2023-01-02T02:02:44.080+0000] {dagbag.py:538} INFO - Filling up the DagBag from /home/airflow/.local/lib/python3.7/site-packages/airflow/example_dags/example_nested_branch_dag.py
[2023-01-02T02:02:44.099+0000] {processor.py:753} INFO - DAG(s) dict_keys(['example_nested_branch_dag']) retrieved from /home/airflow/.local/lib/python3.7/site-packages/airflow/example_dags/example_nested_branch_dag.py
[2023-01-02T02:02:44.133+0000] {logging_mixin.py:137} INFO - [2023-01-02T02:02:44.132+0000] {dag.py:2676} INFO - Sync 1 DAGs
[2023-01-02T02:02:44.153+0000] {logging_mixin.py:137} INFO - [2023-01-02T02:02:44.153+0000] {dag.py:3427} INFO - Setting next_dagrun for example_nested_branch_dag to 2023-01-01T00:00:00+00:00, run_after=2023-01-02T00:00:00+00:00
[2023-01-02T02:02:44.168+0000] {processor.py:175} INFO - Processing /home/airflow/.local/lib/python3.7/site-packages/airflow/example_dags/example_nested_branch_dag.py took 0.094 seconds
[2023-01-02T02:03:14.978+0000] {processor.py:153} INFO - Started process (PID=410) to work on /home/airflow/.local/lib/python3.7/site-packages/airflow/example_dags/example_nested_branch_dag.py
[2023-01-02T02:03:14.979+0000] {processor.py:743} INFO - Processing file /home/airflow/.local/lib/python3.7/site-packages/airflow/example_dags/example_nested_branch_dag.py for tasks to queue
[2023-01-02T02:03:14.981+0000] {logging_mixin.py:137} INFO - [2023-01-02T02:03:14.981+0000] {dagbag.py:538} INFO - Filling up the DagBag from /home/airflow/.local/lib/python3.7/site-packages/airflow/example_dags/example_nested_branch_dag.py
[2023-01-02T02:03:15.000+0000] {processor.py:753} INFO - DAG(s) dict_keys(['example_nested_branch_dag']) retrieved from /home/airflow/.local/lib/python3.7/site-packages/airflow/example_dags/example_nested_branch_dag.py
[2023-01-02T02:03:15.030+0000] {logging_mixin.py:137} INFO - [2023-01-02T02:03:15.030+0000] {dag.py:2676} INFO - Sync 1 DAGs
[2023-01-02T02:03:15.048+0000] {logging_mixin.py:137} INFO - [2023-01-02T02:03:15.048+0000] {dag.py:3427} INFO - Setting next_dagrun for example_nested_branch_dag to 2023-01-01T00:00:00+00:00, run_after=2023-01-02T00:00:00+00:00
[2023-01-02T02:03:15.061+0000] {processor.py:175} INFO - Processing /home/airflow/.local/lib/python3.7/site-packages/airflow/example_dags/example_nested_branch_dag.py took 0.086 seconds
[2023-01-02T02:03:45.246+0000] {processor.py:153} INFO - Started process (PID=488) to work on /home/airflow/.local/lib/python3.7/site-packages/airflow/example_dags/example_nested_branch_dag.py
[2023-01-02T02:03:45.247+0000] {processor.py:743} INFO - Processing file /home/airflow/.local/lib/python3.7/site-packages/airflow/example_dags/example_nested_branch_dag.py for tasks to queue
[2023-01-02T02:03:45.248+0000] {logging_mixin.py:137} INFO - [2023-01-02T02:03:45.248+0000] {dagbag.py:538} INFO - Filling up the DagBag from /home/airflow/.local/lib/python3.7/site-packages/airflow/example_dags/example_nested_branch_dag.py
[2023-01-02T02:03:45.266+0000] {processor.py:753} INFO - DAG(s) dict_keys(['example_nested_branch_dag']) retrieved from /home/airflow/.local/lib/python3.7/site-packages/airflow/example_dags/example_nested_branch_dag.py
[2023-01-02T02:03:45.294+0000] {logging_mixin.py:137} INFO - [2023-01-02T02:03:45.294+0000] {dag.py:2676} INFO - Sync 1 DAGs
[2023-01-02T02:03:45.310+0000] {logging_mixin.py:137} INFO - [2023-01-02T02:03:45.310+0000] {dag.py:3427} INFO - Setting next_dagrun for example_nested_branch_dag to 2023-01-01T00:00:00+00:00, run_after=2023-01-02T00:00:00+00:00
[2023-01-02T02:03:45.321+0000] {processor.py:175} INFO - Processing /home/airflow/.local/lib/python3.7/site-packages/airflow/example_dags/example_nested_branch_dag.py took 0.078 seconds
[2023-01-02T02:04:15.681+0000] {processor.py:153} INFO - Started process (PID=562) to work on /home/airflow/.local/lib/python3.7/site-packages/airflow/example_dags/example_nested_branch_dag.py
[2023-01-02T02:04:15.682+0000] {processor.py:743} INFO - Processing file /home/airflow/.local/lib/python3.7/site-packages/airflow/example_dags/example_nested_branch_dag.py for tasks to queue
[2023-01-02T02:04:15.683+0000] {logging_mixin.py:137} INFO - [2023-01-02T02:04:15.683+0000] {dagbag.py:538} INFO - Filling up the DagBag from /home/airflow/.local/lib/python3.7/site-packages/airflow/example_dags/example_nested_branch_dag.py
[2023-01-02T02:04:15.704+0000] {processor.py:753} INFO - DAG(s) dict_keys(['example_nested_branch_dag']) retrieved from /home/airflow/.local/lib/python3.7/site-packages/airflow/example_dags/example_nested_branch_dag.py
[2023-01-02T02:04:15.742+0000] {logging_mixin.py:137} INFO - [2023-01-02T02:04:15.742+0000] {dag.py:2676} INFO - Sync 1 DAGs
[2023-01-02T02:04:15.761+0000] {logging_mixin.py:137} INFO - [2023-01-02T02:04:15.761+0000] {dag.py:3427} INFO - Setting next_dagrun for example_nested_branch_dag to 2023-01-01T00:00:00+00:00, run_after=2023-01-02T00:00:00+00:00
[2023-01-02T02:04:15.774+0000] {processor.py:175} INFO - Processing /home/airflow/.local/lib/python3.7/site-packages/airflow/example_dags/example_nested_branch_dag.py took 0.096 seconds
[2023-01-02T02:04:46.602+0000] {processor.py:153} INFO - Started process (PID=632) to work on /home/airflow/.local/lib/python3.7/site-packages/airflow/example_dags/example_nested_branch_dag.py
[2023-01-02T02:04:46.604+0000] {processor.py:743} INFO - Processing file /home/airflow/.local/lib/python3.7/site-packages/airflow/example_dags/example_nested_branch_dag.py for tasks to queue
[2023-01-02T02:04:46.605+0000] {logging_mixin.py:137} INFO - [2023-01-02T02:04:46.605+0000] {dagbag.py:538} INFO - Filling up the DagBag from /home/airflow/.local/lib/python3.7/site-packages/airflow/example_dags/example_nested_branch_dag.py
[2023-01-02T02:04:46.623+0000] {processor.py:753} INFO - DAG(s) dict_keys(['example_nested_branch_dag']) retrieved from /home/airflow/.local/lib/python3.7/site-packages/airflow/example_dags/example_nested_branch_dag.py
[2023-01-02T02:04:46.653+0000] {logging_mixin.py:137} INFO - [2023-01-02T02:04:46.653+0000] {dag.py:2676} INFO - Sync 1 DAGs
[2023-01-02T02:04:46.670+0000] {logging_mixin.py:137} INFO - [2023-01-02T02:04:46.670+0000] {dag.py:3427} INFO - Setting next_dagrun for example_nested_branch_dag to 2023-01-01T00:00:00+00:00, run_after=2023-01-02T00:00:00+00:00
[2023-01-02T02:04:46.684+0000] {processor.py:175} INFO - Processing /home/airflow/.local/lib/python3.7/site-packages/airflow/example_dags/example_nested_branch_dag.py took 0.086 seconds
[2023-01-02T02:05:17.128+0000] {processor.py:153} INFO - Started process (PID=709) to work on /home/airflow/.local/lib/python3.7/site-packages/airflow/example_dags/example_nested_branch_dag.py
[2023-01-02T02:05:17.130+0000] {processor.py:743} INFO - Processing file /home/airflow/.local/lib/python3.7/site-packages/airflow/example_dags/example_nested_branch_dag.py for tasks to queue
[2023-01-02T02:05:17.131+0000] {logging_mixin.py:137} INFO - [2023-01-02T02:05:17.130+0000] {dagbag.py:538} INFO - Filling up the DagBag from /home/airflow/.local/lib/python3.7/site-packages/airflow/example_dags/example_nested_branch_dag.py
[2023-01-02T02:05:17.148+0000] {processor.py:753} INFO - DAG(s) dict_keys(['example_nested_branch_dag']) retrieved from /home/airflow/.local/lib/python3.7/site-packages/airflow/example_dags/example_nested_branch_dag.py
[2023-01-02T02:05:17.177+0000] {logging_mixin.py:137} INFO - [2023-01-02T02:05:17.177+0000] {dag.py:2676} INFO - Sync 1 DAGs
[2023-01-02T02:05:17.196+0000] {logging_mixin.py:137} INFO - [2023-01-02T02:05:17.196+0000] {dag.py:3427} INFO - Setting next_dagrun for example_nested_branch_dag to 2023-01-01T00:00:00+00:00, run_after=2023-01-02T00:00:00+00:00
[2023-01-02T02:05:17.211+0000] {processor.py:175} INFO - Processing /home/airflow/.local/lib/python3.7/site-packages/airflow/example_dags/example_nested_branch_dag.py took 0.085 seconds
[2023-01-02T02:05:47.900+0000] {processor.py:153} INFO - Started process (PID=774) to work on /home/airflow/.local/lib/python3.7/site-packages/airflow/example_dags/example_nested_branch_dag.py
[2023-01-02T02:05:47.901+0000] {processor.py:743} INFO - Processing file /home/airflow/.local/lib/python3.7/site-packages/airflow/example_dags/example_nested_branch_dag.py for tasks to queue
[2023-01-02T02:05:47.902+0000] {logging_mixin.py:137} INFO - [2023-01-02T02:05:47.902+0000] {dagbag.py:538} INFO - Filling up the DagBag from /home/airflow/.local/lib/python3.7/site-packages/airflow/example_dags/example_nested_branch_dag.py
[2023-01-02T02:05:47.920+0000] {processor.py:753} INFO - DAG(s) dict_keys(['example_nested_branch_dag']) retrieved from /home/airflow/.local/lib/python3.7/site-packages/airflow/example_dags/example_nested_branch_dag.py
[2023-01-02T02:05:47.956+0000] {logging_mixin.py:137} INFO - [2023-01-02T02:05:47.956+0000] {dag.py:2676} INFO - Sync 1 DAGs
[2023-01-02T02:05:47.980+0000] {logging_mixin.py:137} INFO - [2023-01-02T02:05:47.980+0000] {dag.py:3427} INFO - Setting next_dagrun for example_nested_branch_dag to 2023-01-01T00:00:00+00:00, run_after=2023-01-02T00:00:00+00:00
[2023-01-02T02:05:47.996+0000] {processor.py:175} INFO - Processing /home/airflow/.local/lib/python3.7/site-packages/airflow/example_dags/example_nested_branch_dag.py took 0.099 seconds
[2023-01-02T02:06:18.480+0000] {processor.py:153} INFO - Started process (PID=853) to work on /home/airflow/.local/lib/python3.7/site-packages/airflow/example_dags/example_nested_branch_dag.py
[2023-01-02T02:06:18.482+0000] {processor.py:743} INFO - Processing file /home/airflow/.local/lib/python3.7/site-packages/airflow/example_dags/example_nested_branch_dag.py for tasks to queue
[2023-01-02T02:06:18.483+0000] {logging_mixin.py:137} INFO - [2023-01-02T02:06:18.482+0000] {dagbag.py:538} INFO - Filling up the DagBag from /home/airflow/.local/lib/python3.7/site-packages/airflow/example_dags/example_nested_branch_dag.py
[2023-01-02T02:06:18.498+0000] {processor.py:753} INFO - DAG(s) dict_keys(['example_nested_branch_dag']) retrieved from /home/airflow/.local/lib/python3.7/site-packages/airflow/example_dags/example_nested_branch_dag.py
[2023-01-02T02:06:18.526+0000] {logging_mixin.py:137} INFO - [2023-01-02T02:06:18.525+0000] {dag.py:2676} INFO - Sync 1 DAGs
[2023-01-02T02:06:18.542+0000] {logging_mixin.py:137} INFO - [2023-01-02T02:06:18.542+0000] {dag.py:3427} INFO - Setting next_dagrun for example_nested_branch_dag to 2023-01-01T00:00:00+00:00, run_after=2023-01-02T00:00:00+00:00
[2023-01-02T02:06:18.553+0000] {processor.py:175} INFO - Processing /home/airflow/.local/lib/python3.7/site-packages/airflow/example_dags/example_nested_branch_dag.py took 0.076 seconds
[2023-01-02T02:06:48.961+0000] {processor.py:153} INFO - Started process (PID=931) to work on /home/airflow/.local/lib/python3.7/site-packages/airflow/example_dags/example_nested_branch_dag.py
[2023-01-02T02:06:48.963+0000] {processor.py:743} INFO - Processing file /home/airflow/.local/lib/python3.7/site-packages/airflow/example_dags/example_nested_branch_dag.py for tasks to queue
[2023-01-02T02:06:48.964+0000] {logging_mixin.py:137} INFO - [2023-01-02T02:06:48.964+0000] {dagbag.py:538} INFO - Filling up the DagBag from /home/airflow/.local/lib/python3.7/site-packages/airflow/example_dags/example_nested_branch_dag.py
[2023-01-02T02:06:48.987+0000] {processor.py:753} INFO - DAG(s) dict_keys(['example_nested_branch_dag']) retrieved from /home/airflow/.local/lib/python3.7/site-packages/airflow/example_dags/example_nested_branch_dag.py
[2023-01-02T02:06:49.021+0000] {logging_mixin.py:137} INFO - [2023-01-02T02:06:49.021+0000] {dag.py:2676} INFO - Sync 1 DAGs
[2023-01-02T02:06:49.043+0000] {logging_mixin.py:137} INFO - [2023-01-02T02:06:49.043+0000] {dag.py:3427} INFO - Setting next_dagrun for example_nested_branch_dag to 2023-01-01T00:00:00+00:00, run_after=2023-01-02T00:00:00+00:00
[2023-01-02T02:06:49.058+0000] {processor.py:175} INFO - Processing /home/airflow/.local/lib/python3.7/site-packages/airflow/example_dags/example_nested_branch_dag.py took 0.102 seconds
[2023-01-02T02:07:19.735+0000] {processor.py:153} INFO - Started process (PID=997) to work on /home/airflow/.local/lib/python3.7/site-packages/airflow/example_dags/example_nested_branch_dag.py
[2023-01-02T02:07:19.736+0000] {processor.py:743} INFO - Processing file /home/airflow/.local/lib/python3.7/site-packages/airflow/example_dags/example_nested_branch_dag.py for tasks to queue
[2023-01-02T02:07:19.737+0000] {logging_mixin.py:137} INFO - [2023-01-02T02:07:19.737+0000] {dagbag.py:538} INFO - Filling up the DagBag from /home/airflow/.local/lib/python3.7/site-packages/airflow/example_dags/example_nested_branch_dag.py
[2023-01-02T02:07:19.753+0000] {processor.py:753} INFO - DAG(s) dict_keys(['example_nested_branch_dag']) retrieved from /home/airflow/.local/lib/python3.7/site-packages/airflow/example_dags/example_nested_branch_dag.py
[2023-01-02T02:07:19.782+0000] {logging_mixin.py:137} INFO - [2023-01-02T02:07:19.782+0000] {dag.py:2676} INFO - Sync 1 DAGs
[2023-01-02T02:07:19.798+0000] {logging_mixin.py:137} INFO - [2023-01-02T02:07:19.798+0000] {dag.py:3427} INFO - Setting next_dagrun for example_nested_branch_dag to 2023-01-01T00:00:00+00:00, run_after=2023-01-02T00:00:00+00:00
[2023-01-02T02:07:19.808+0000] {processor.py:175} INFO - Processing /home/airflow/.local/lib/python3.7/site-packages/airflow/example_dags/example_nested_branch_dag.py took 0.077 seconds
[2023-01-02T02:07:50.390+0000] {processor.py:153} INFO - Started process (PID=1076) to work on /home/airflow/.local/lib/python3.7/site-packages/airflow/example_dags/example_nested_branch_dag.py
[2023-01-02T02:07:50.391+0000] {processor.py:743} INFO - Processing file /home/airflow/.local/lib/python3.7/site-packages/airflow/example_dags/example_nested_branch_dag.py for tasks to queue
[2023-01-02T02:07:50.392+0000] {logging_mixin.py:137} INFO - [2023-01-02T02:07:50.392+0000] {dagbag.py:538} INFO - Filling up the DagBag from /home/airflow/.local/lib/python3.7/site-packages/airflow/example_dags/example_nested_branch_dag.py
[2023-01-02T02:07:50.409+0000] {processor.py:753} INFO - DAG(s) dict_keys(['example_nested_branch_dag']) retrieved from /home/airflow/.local/lib/python3.7/site-packages/airflow/example_dags/example_nested_branch_dag.py
[2023-01-02T02:07:50.437+0000] {logging_mixin.py:137} INFO - [2023-01-02T02:07:50.437+0000] {dag.py:2676} INFO - Sync 1 DAGs
[2023-01-02T02:07:50.456+0000] {logging_mixin.py:137} INFO - [2023-01-02T02:07:50.455+0000] {dag.py:3427} INFO - Setting next_dagrun for example_nested_branch_dag to 2023-01-01T00:00:00+00:00, run_after=2023-01-02T00:00:00+00:00
[2023-01-02T02:07:50.469+0000] {processor.py:175} INFO - Processing /home/airflow/.local/lib/python3.7/site-packages/airflow/example_dags/example_nested_branch_dag.py took 0.083 seconds
[2023-01-02T02:08:20.864+0000] {processor.py:153} INFO - Started process (PID=1141) to work on /home/airflow/.local/lib/python3.7/site-packages/airflow/example_dags/example_nested_branch_dag.py
[2023-01-02T02:08:20.865+0000] {processor.py:743} INFO - Processing file /home/airflow/.local/lib/python3.7/site-packages/airflow/example_dags/example_nested_branch_dag.py for tasks to queue
[2023-01-02T02:08:20.866+0000] {logging_mixin.py:137} INFO - [2023-01-02T02:08:20.866+0000] {dagbag.py:538} INFO - Filling up the DagBag from /home/airflow/.local/lib/python3.7/site-packages/airflow/example_dags/example_nested_branch_dag.py
[2023-01-02T02:08:20.883+0000] {processor.py:753} INFO - DAG(s) dict_keys(['example_nested_branch_dag']) retrieved from /home/airflow/.local/lib/python3.7/site-packages/airflow/example_dags/example_nested_branch_dag.py
[2023-01-02T02:08:20.915+0000] {logging_mixin.py:137} INFO - [2023-01-02T02:08:20.915+0000] {dag.py:2676} INFO - Sync 1 DAGs
[2023-01-02T02:08:20.943+0000] {logging_mixin.py:137} INFO - [2023-01-02T02:08:20.942+0000] {dag.py:3427} INFO - Setting next_dagrun for example_nested_branch_dag to 2023-01-01T00:00:00+00:00, run_after=2023-01-02T00:00:00+00:00
[2023-01-02T02:08:20.961+0000] {processor.py:175} INFO - Processing /home/airflow/.local/lib/python3.7/site-packages/airflow/example_dags/example_nested_branch_dag.py took 0.100 seconds
[2023-01-02T02:08:52.040+0000] {processor.py:153} INFO - Started process (PID=1218) to work on /home/airflow/.local/lib/python3.7/site-packages/airflow/example_dags/example_nested_branch_dag.py
[2023-01-02T02:08:52.042+0000] {processor.py:743} INFO - Processing file /home/airflow/.local/lib/python3.7/site-packages/airflow/example_dags/example_nested_branch_dag.py for tasks to queue
[2023-01-02T02:08:52.045+0000] {logging_mixin.py:137} INFO - [2023-01-02T02:08:52.044+0000] {dagbag.py:538} INFO - Filling up the DagBag from /home/airflow/.local/lib/python3.7/site-packages/airflow/example_dags/example_nested_branch_dag.py
[2023-01-02T02:08:52.070+0000] {processor.py:753} INFO - DAG(s) dict_keys(['example_nested_branch_dag']) retrieved from /home/airflow/.local/lib/python3.7/site-packages/airflow/example_dags/example_nested_branch_dag.py
[2023-01-02T02:08:52.110+0000] {logging_mixin.py:137} INFO - [2023-01-02T02:08:52.109+0000] {dag.py:2676} INFO - Sync 1 DAGs
[2023-01-02T02:08:52.128+0000] {logging_mixin.py:137} INFO - [2023-01-02T02:08:52.128+0000] {dag.py:3427} INFO - Setting next_dagrun for example_nested_branch_dag to 2023-01-01T00:00:00+00:00, run_after=2023-01-02T00:00:00+00:00
[2023-01-02T02:08:52.141+0000] {processor.py:175} INFO - Processing /home/airflow/.local/lib/python3.7/site-packages/airflow/example_dags/example_nested_branch_dag.py took 0.105 seconds
[2023-01-02T02:09:22.441+0000] {processor.py:153} INFO - Started process (PID=1297) to work on /home/airflow/.local/lib/python3.7/site-packages/airflow/example_dags/example_nested_branch_dag.py
[2023-01-02T02:09:22.442+0000] {processor.py:743} INFO - Processing file /home/airflow/.local/lib/python3.7/site-packages/airflow/example_dags/example_nested_branch_dag.py for tasks to queue
[2023-01-02T02:09:22.443+0000] {logging_mixin.py:137} INFO - [2023-01-02T02:09:22.443+0000] {dagbag.py:538} INFO - Filling up the DagBag from /home/airflow/.local/lib/python3.7/site-packages/airflow/example_dags/example_nested_branch_dag.py
[2023-01-02T02:09:22.459+0000] {processor.py:753} INFO - DAG(s) dict_keys(['example_nested_branch_dag']) retrieved from /home/airflow/.local/lib/python3.7/site-packages/airflow/example_dags/example_nested_branch_dag.py
[2023-01-02T02:09:22.487+0000] {logging_mixin.py:137} INFO - [2023-01-02T02:09:22.487+0000] {dag.py:2676} INFO - Sync 1 DAGs
[2023-01-02T02:09:22.502+0000] {logging_mixin.py:137} INFO - [2023-01-02T02:09:22.502+0000] {dag.py:3427} INFO - Setting next_dagrun for example_nested_branch_dag to 2023-01-01T00:00:00+00:00, run_after=2023-01-02T00:00:00+00:00
[2023-01-02T02:09:22.515+0000] {processor.py:175} INFO - Processing /home/airflow/.local/lib/python3.7/site-packages/airflow/example_dags/example_nested_branch_dag.py took 0.077 seconds
[2023-01-02T02:09:52.840+0000] {processor.py:153} INFO - Started process (PID=1362) to work on /home/airflow/.local/lib/python3.7/site-packages/airflow/example_dags/example_nested_branch_dag.py
[2023-01-02T02:09:52.843+0000] {processor.py:743} INFO - Processing file /home/airflow/.local/lib/python3.7/site-packages/airflow/example_dags/example_nested_branch_dag.py for tasks to queue
[2023-01-02T02:09:52.843+0000] {logging_mixin.py:137} INFO - [2023-01-02T02:09:52.843+0000] {dagbag.py:538} INFO - Filling up the DagBag from /home/airflow/.local/lib/python3.7/site-packages/airflow/example_dags/example_nested_branch_dag.py
[2023-01-02T02:09:52.861+0000] {processor.py:753} INFO - DAG(s) dict_keys(['example_nested_branch_dag']) retrieved from /home/airflow/.local/lib/python3.7/site-packages/airflow/example_dags/example_nested_branch_dag.py
[2023-01-02T02:09:52.890+0000] {logging_mixin.py:137} INFO - [2023-01-02T02:09:52.889+0000] {dag.py:2676} INFO - Sync 1 DAGs
[2023-01-02T02:09:52.905+0000] {logging_mixin.py:137} INFO - [2023-01-02T02:09:52.905+0000] {dag.py:3427} INFO - Setting next_dagrun for example_nested_branch_dag to 2023-01-01T00:00:00+00:00, run_after=2023-01-02T00:00:00+00:00
[2023-01-02T02:09:52.916+0000] {processor.py:175} INFO - Processing /home/airflow/.local/lib/python3.7/site-packages/airflow/example_dags/example_nested_branch_dag.py took 0.079 seconds
