[2023-01-02T01:57:11.869+0000] {processor.py:153} INFO - Started process (PID=61) to work on /home/airflow/.local/lib/python3.7/site-packages/airflow/example_dags/example_branch_python_dop_operator_3.py
[2023-01-02T01:57:11.871+0000] {processor.py:743} INFO - Processing file /home/airflow/.local/lib/python3.7/site-packages/airflow/example_dags/example_branch_python_dop_operator_3.py for tasks to queue
[2023-01-02T01:57:11.872+0000] {logging_mixin.py:137} INFO - [2023-01-02T01:57:11.872+0000] {dagbag.py:538} INFO - Filling up the DagBag from /home/airflow/.local/lib/python3.7/site-packages/airflow/example_dags/example_branch_python_dop_operator_3.py
[2023-01-02T01:57:11.896+0000] {processor.py:753} INFO - DAG(s) dict_keys(['example_branch_dop_operator_v3']) retrieved from /home/airflow/.local/lib/python3.7/site-packages/airflow/example_dags/example_branch_python_dop_operator_3.py
[2023-01-02T01:57:11.945+0000] {logging_mixin.py:137} INFO - [2023-01-02T01:57:11.945+0000] {dag.py:2676} INFO - Sync 1 DAGs
[2023-01-02T01:57:11.981+0000] {logging_mixin.py:137} INFO - [2023-01-02T01:57:11.981+0000] {dag.py:3427} INFO - Setting next_dagrun for example_branch_dop_operator_v3 to 2023-01-02T01:56:00+00:00, run_after=2023-01-02T01:57:00+00:00
[2023-01-02T01:57:12.002+0000] {processor.py:175} INFO - Processing /home/airflow/.local/lib/python3.7/site-packages/airflow/example_dags/example_branch_python_dop_operator_3.py took 0.138 seconds
[2023-01-02T01:57:42.116+0000] {processor.py:153} INFO - Started process (PID=139) to work on /home/airflow/.local/lib/python3.7/site-packages/airflow/example_dags/example_branch_python_dop_operator_3.py
[2023-01-02T01:57:42.117+0000] {processor.py:743} INFO - Processing file /home/airflow/.local/lib/python3.7/site-packages/airflow/example_dags/example_branch_python_dop_operator_3.py for tasks to queue
[2023-01-02T01:57:42.118+0000] {logging_mixin.py:137} INFO - [2023-01-02T01:57:42.118+0000] {dagbag.py:538} INFO - Filling up the DagBag from /home/airflow/.local/lib/python3.7/site-packages/airflow/example_dags/example_branch_python_dop_operator_3.py
[2023-01-02T01:57:42.135+0000] {processor.py:753} INFO - DAG(s) dict_keys(['example_branch_dop_operator_v3']) retrieved from /home/airflow/.local/lib/python3.7/site-packages/airflow/example_dags/example_branch_python_dop_operator_3.py
[2023-01-02T01:57:42.164+0000] {logging_mixin.py:137} INFO - [2023-01-02T01:57:42.164+0000] {dag.py:2676} INFO - Sync 1 DAGs
[2023-01-02T01:57:42.181+0000] {logging_mixin.py:137} INFO - [2023-01-02T01:57:42.181+0000] {dag.py:3427} INFO - Setting next_dagrun for example_branch_dop_operator_v3 to 2023-01-02T01:56:00+00:00, run_after=2023-01-02T01:57:00+00:00
[2023-01-02T01:57:42.192+0000] {processor.py:175} INFO - Processing /home/airflow/.local/lib/python3.7/site-packages/airflow/example_dags/example_branch_python_dop_operator_3.py took 0.079 seconds
[2023-01-02T01:58:13.179+0000] {processor.py:153} INFO - Started process (PID=216) to work on /home/airflow/.local/lib/python3.7/site-packages/airflow/example_dags/example_branch_python_dop_operator_3.py
[2023-01-02T01:58:13.180+0000] {processor.py:743} INFO - Processing file /home/airflow/.local/lib/python3.7/site-packages/airflow/example_dags/example_branch_python_dop_operator_3.py for tasks to queue
[2023-01-02T01:58:13.182+0000] {logging_mixin.py:137} INFO - [2023-01-02T01:58:13.182+0000] {dagbag.py:538} INFO - Filling up the DagBag from /home/airflow/.local/lib/python3.7/site-packages/airflow/example_dags/example_branch_python_dop_operator_3.py
[2023-01-02T01:58:13.210+0000] {processor.py:753} INFO - DAG(s) dict_keys(['example_branch_dop_operator_v3']) retrieved from /home/airflow/.local/lib/python3.7/site-packages/airflow/example_dags/example_branch_python_dop_operator_3.py
[2023-01-02T01:58:13.249+0000] {logging_mixin.py:137} INFO - [2023-01-02T01:58:13.249+0000] {dag.py:2676} INFO - Sync 1 DAGs
[2023-01-02T01:58:13.272+0000] {logging_mixin.py:137} INFO - [2023-01-02T01:58:13.272+0000] {dag.py:3427} INFO - Setting next_dagrun for example_branch_dop_operator_v3 to 2023-01-02T01:57:00+00:00, run_after=2023-01-02T01:58:00+00:00
[2023-01-02T01:58:13.288+0000] {processor.py:175} INFO - Processing /home/airflow/.local/lib/python3.7/site-packages/airflow/example_dags/example_branch_python_dop_operator_3.py took 0.112 seconds
[2023-01-02T02:00:43.245+0000] {processor.py:153} INFO - Started process (PID=61) to work on /home/airflow/.local/lib/python3.7/site-packages/airflow/example_dags/example_branch_python_dop_operator_3.py
[2023-01-02T02:00:43.248+0000] {processor.py:743} INFO - Processing file /home/airflow/.local/lib/python3.7/site-packages/airflow/example_dags/example_branch_python_dop_operator_3.py for tasks to queue
[2023-01-02T02:00:43.249+0000] {logging_mixin.py:137} INFO - [2023-01-02T02:00:43.249+0000] {dagbag.py:538} INFO - Filling up the DagBag from /home/airflow/.local/lib/python3.7/site-packages/airflow/example_dags/example_branch_python_dop_operator_3.py
[2023-01-02T02:00:43.291+0000] {processor.py:753} INFO - DAG(s) dict_keys(['example_branch_dop_operator_v3']) retrieved from /home/airflow/.local/lib/python3.7/site-packages/airflow/example_dags/example_branch_python_dop_operator_3.py
[2023-01-02T02:00:43.318+0000] {logging_mixin.py:137} INFO - [2023-01-02T02:00:43.317+0000] {dag.py:2676} INFO - Sync 1 DAGs
[2023-01-02T02:00:43.347+0000] {logging_mixin.py:137} INFO - [2023-01-02T02:00:43.347+0000] {dag.py:3427} INFO - Setting next_dagrun for example_branch_dop_operator_v3 to 2023-01-02T01:59:00+00:00, run_after=2023-01-02T02:00:00+00:00
[2023-01-02T02:00:43.364+0000] {processor.py:175} INFO - Processing /home/airflow/.local/lib/python3.7/site-packages/airflow/example_dags/example_branch_python_dop_operator_3.py took 0.126 seconds
[2023-01-02T02:01:14.206+0000] {processor.py:153} INFO - Started process (PID=139) to work on /home/airflow/.local/lib/python3.7/site-packages/airflow/example_dags/example_branch_python_dop_operator_3.py
[2023-01-02T02:01:14.208+0000] {processor.py:743} INFO - Processing file /home/airflow/.local/lib/python3.7/site-packages/airflow/example_dags/example_branch_python_dop_operator_3.py for tasks to queue
[2023-01-02T02:01:14.208+0000] {logging_mixin.py:137} INFO - [2023-01-02T02:01:14.208+0000] {dagbag.py:538} INFO - Filling up the DagBag from /home/airflow/.local/lib/python3.7/site-packages/airflow/example_dags/example_branch_python_dop_operator_3.py
[2023-01-02T02:01:14.226+0000] {processor.py:753} INFO - DAG(s) dict_keys(['example_branch_dop_operator_v3']) retrieved from /home/airflow/.local/lib/python3.7/site-packages/airflow/example_dags/example_branch_python_dop_operator_3.py
[2023-01-02T02:01:14.274+0000] {logging_mixin.py:137} INFO - [2023-01-02T02:01:14.273+0000] {dag.py:2676} INFO - Sync 1 DAGs
[2023-01-02T02:01:14.294+0000] {logging_mixin.py:137} INFO - [2023-01-02T02:01:14.294+0000] {dag.py:3427} INFO - Setting next_dagrun for example_branch_dop_operator_v3 to 2023-01-02T02:00:00+00:00, run_after=2023-01-02T02:01:00+00:00
[2023-01-02T02:01:14.309+0000] {processor.py:175} INFO - Processing /home/airflow/.local/lib/python3.7/site-packages/airflow/example_dags/example_branch_python_dop_operator_3.py took 0.105 seconds
[2023-01-02T02:01:44.793+0000] {processor.py:153} INFO - Started process (PID=204) to work on /home/airflow/.local/lib/python3.7/site-packages/airflow/example_dags/example_branch_python_dop_operator_3.py
[2023-01-02T02:01:44.795+0000] {processor.py:743} INFO - Processing file /home/airflow/.local/lib/python3.7/site-packages/airflow/example_dags/example_branch_python_dop_operator_3.py for tasks to queue
[2023-01-02T02:01:44.796+0000] {logging_mixin.py:137} INFO - [2023-01-02T02:01:44.796+0000] {dagbag.py:538} INFO - Filling up the DagBag from /home/airflow/.local/lib/python3.7/site-packages/airflow/example_dags/example_branch_python_dop_operator_3.py
[2023-01-02T02:01:44.816+0000] {processor.py:753} INFO - DAG(s) dict_keys(['example_branch_dop_operator_v3']) retrieved from /home/airflow/.local/lib/python3.7/site-packages/airflow/example_dags/example_branch_python_dop_operator_3.py
[2023-01-02T02:01:44.854+0000] {logging_mixin.py:137} INFO - [2023-01-02T02:01:44.854+0000] {dag.py:2676} INFO - Sync 1 DAGs
[2023-01-02T02:01:44.885+0000] {logging_mixin.py:137} INFO - [2023-01-02T02:01:44.885+0000] {dag.py:3427} INFO - Setting next_dagrun for example_branch_dop_operator_v3 to 2023-01-02T02:00:00+00:00, run_after=2023-01-02T02:01:00+00:00
[2023-01-02T02:01:44.904+0000] {processor.py:175} INFO - Processing /home/airflow/.local/lib/python3.7/site-packages/airflow/example_dags/example_branch_python_dop_operator_3.py took 0.113 seconds
[2023-01-02T02:02:15.211+0000] {processor.py:153} INFO - Started process (PID=282) to work on /home/airflow/.local/lib/python3.7/site-packages/airflow/example_dags/example_branch_python_dop_operator_3.py
[2023-01-02T02:02:15.212+0000] {processor.py:743} INFO - Processing file /home/airflow/.local/lib/python3.7/site-packages/airflow/example_dags/example_branch_python_dop_operator_3.py for tasks to queue
[2023-01-02T02:02:15.213+0000] {logging_mixin.py:137} INFO - [2023-01-02T02:02:15.213+0000] {dagbag.py:538} INFO - Filling up the DagBag from /home/airflow/.local/lib/python3.7/site-packages/airflow/example_dags/example_branch_python_dop_operator_3.py
[2023-01-02T02:02:15.230+0000] {processor.py:753} INFO - DAG(s) dict_keys(['example_branch_dop_operator_v3']) retrieved from /home/airflow/.local/lib/python3.7/site-packages/airflow/example_dags/example_branch_python_dop_operator_3.py
[2023-01-02T02:02:15.258+0000] {logging_mixin.py:137} INFO - [2023-01-02T02:02:15.258+0000] {dag.py:2676} INFO - Sync 1 DAGs
[2023-01-02T02:02:15.276+0000] {logging_mixin.py:137} INFO - [2023-01-02T02:02:15.276+0000] {dag.py:3427} INFO - Setting next_dagrun for example_branch_dop_operator_v3 to 2023-01-02T02:01:00+00:00, run_after=2023-01-02T02:02:00+00:00
[2023-01-02T02:02:15.288+0000] {processor.py:175} INFO - Processing /home/airflow/.local/lib/python3.7/site-packages/airflow/example_dags/example_branch_python_dop_operator_3.py took 0.080 seconds
[2023-01-02T02:02:45.390+0000] {processor.py:153} INFO - Started process (PID=361) to work on /home/airflow/.local/lib/python3.7/site-packages/airflow/example_dags/example_branch_python_dop_operator_3.py
[2023-01-02T02:02:45.392+0000] {processor.py:743} INFO - Processing file /home/airflow/.local/lib/python3.7/site-packages/airflow/example_dags/example_branch_python_dop_operator_3.py for tasks to queue
[2023-01-02T02:02:45.393+0000] {logging_mixin.py:137} INFO - [2023-01-02T02:02:45.392+0000] {dagbag.py:538} INFO - Filling up the DagBag from /home/airflow/.local/lib/python3.7/site-packages/airflow/example_dags/example_branch_python_dop_operator_3.py
[2023-01-02T02:02:45.414+0000] {processor.py:753} INFO - DAG(s) dict_keys(['example_branch_dop_operator_v3']) retrieved from /home/airflow/.local/lib/python3.7/site-packages/airflow/example_dags/example_branch_python_dop_operator_3.py
[2023-01-02T02:02:45.445+0000] {logging_mixin.py:137} INFO - [2023-01-02T02:02:45.445+0000] {dag.py:2676} INFO - Sync 1 DAGs
[2023-01-02T02:02:45.463+0000] {logging_mixin.py:137} INFO - [2023-01-02T02:02:45.463+0000] {dag.py:3427} INFO - Setting next_dagrun for example_branch_dop_operator_v3 to 2023-01-02T02:01:00+00:00, run_after=2023-01-02T02:02:00+00:00
[2023-01-02T02:02:45.477+0000] {processor.py:175} INFO - Processing /home/airflow/.local/lib/python3.7/site-packages/airflow/example_dags/example_branch_python_dop_operator_3.py took 0.090 seconds
[2023-01-02T02:03:15.872+0000] {processor.py:153} INFO - Started process (PID=426) to work on /home/airflow/.local/lib/python3.7/site-packages/airflow/example_dags/example_branch_python_dop_operator_3.py
[2023-01-02T02:03:15.874+0000] {processor.py:743} INFO - Processing file /home/airflow/.local/lib/python3.7/site-packages/airflow/example_dags/example_branch_python_dop_operator_3.py for tasks to queue
[2023-01-02T02:03:15.875+0000] {logging_mixin.py:137} INFO - [2023-01-02T02:03:15.874+0000] {dagbag.py:538} INFO - Filling up the DagBag from /home/airflow/.local/lib/python3.7/site-packages/airflow/example_dags/example_branch_python_dop_operator_3.py
[2023-01-02T02:03:15.892+0000] {processor.py:753} INFO - DAG(s) dict_keys(['example_branch_dop_operator_v3']) retrieved from /home/airflow/.local/lib/python3.7/site-packages/airflow/example_dags/example_branch_python_dop_operator_3.py
[2023-01-02T02:03:15.923+0000] {logging_mixin.py:137} INFO - [2023-01-02T02:03:15.923+0000] {dag.py:2676} INFO - Sync 1 DAGs
[2023-01-02T02:03:15.943+0000] {logging_mixin.py:137} INFO - [2023-01-02T02:03:15.943+0000] {dag.py:3427} INFO - Setting next_dagrun for example_branch_dop_operator_v3 to 2023-01-02T02:02:00+00:00, run_after=2023-01-02T02:03:00+00:00
[2023-01-02T02:03:15.957+0000] {processor.py:175} INFO - Processing /home/airflow/.local/lib/python3.7/site-packages/airflow/example_dags/example_branch_python_dop_operator_3.py took 0.088 seconds
[2023-01-02T02:03:46.048+0000] {processor.py:153} INFO - Started process (PID=504) to work on /home/airflow/.local/lib/python3.7/site-packages/airflow/example_dags/example_branch_python_dop_operator_3.py
[2023-01-02T02:03:46.050+0000] {processor.py:743} INFO - Processing file /home/airflow/.local/lib/python3.7/site-packages/airflow/example_dags/example_branch_python_dop_operator_3.py for tasks to queue
[2023-01-02T02:03:46.050+0000] {logging_mixin.py:137} INFO - [2023-01-02T02:03:46.050+0000] {dagbag.py:538} INFO - Filling up the DagBag from /home/airflow/.local/lib/python3.7/site-packages/airflow/example_dags/example_branch_python_dop_operator_3.py
[2023-01-02T02:03:46.066+0000] {processor.py:753} INFO - DAG(s) dict_keys(['example_branch_dop_operator_v3']) retrieved from /home/airflow/.local/lib/python3.7/site-packages/airflow/example_dags/example_branch_python_dop_operator_3.py
[2023-01-02T02:03:46.093+0000] {logging_mixin.py:137} INFO - [2023-01-02T02:03:46.093+0000] {dag.py:2676} INFO - Sync 1 DAGs
[2023-01-02T02:03:46.112+0000] {logging_mixin.py:137} INFO - [2023-01-02T02:03:46.112+0000] {dag.py:3427} INFO - Setting next_dagrun for example_branch_dop_operator_v3 to 2023-01-02T02:02:00+00:00, run_after=2023-01-02T02:03:00+00:00
[2023-01-02T02:03:46.122+0000] {processor.py:175} INFO - Processing /home/airflow/.local/lib/python3.7/site-packages/airflow/example_dags/example_branch_python_dop_operator_3.py took 0.077 seconds
[2023-01-02T02:04:16.725+0000] {processor.py:153} INFO - Started process (PID=582) to work on /home/airflow/.local/lib/python3.7/site-packages/airflow/example_dags/example_branch_python_dop_operator_3.py
[2023-01-02T02:04:16.727+0000] {processor.py:743} INFO - Processing file /home/airflow/.local/lib/python3.7/site-packages/airflow/example_dags/example_branch_python_dop_operator_3.py for tasks to queue
[2023-01-02T02:04:16.728+0000] {logging_mixin.py:137} INFO - [2023-01-02T02:04:16.728+0000] {dagbag.py:538} INFO - Filling up the DagBag from /home/airflow/.local/lib/python3.7/site-packages/airflow/example_dags/example_branch_python_dop_operator_3.py
[2023-01-02T02:04:16.750+0000] {processor.py:753} INFO - DAG(s) dict_keys(['example_branch_dop_operator_v3']) retrieved from /home/airflow/.local/lib/python3.7/site-packages/airflow/example_dags/example_branch_python_dop_operator_3.py
[2023-01-02T02:04:16.794+0000] {logging_mixin.py:137} INFO - [2023-01-02T02:04:16.794+0000] {dag.py:2676} INFO - Sync 1 DAGs
[2023-01-02T02:04:16.834+0000] {logging_mixin.py:137} INFO - [2023-01-02T02:04:16.834+0000] {dag.py:3427} INFO - Setting next_dagrun for example_branch_dop_operator_v3 to 2023-01-02T02:03:00+00:00, run_after=2023-01-02T02:04:00+00:00
[2023-01-02T02:04:16.852+0000] {processor.py:175} INFO - Processing /home/airflow/.local/lib/python3.7/site-packages/airflow/example_dags/example_branch_python_dop_operator_3.py took 0.129 seconds
[2023-01-02T02:04:47.617+0000] {processor.py:153} INFO - Started process (PID=649) to work on /home/airflow/.local/lib/python3.7/site-packages/airflow/example_dags/example_branch_python_dop_operator_3.py
[2023-01-02T02:04:47.619+0000] {processor.py:743} INFO - Processing file /home/airflow/.local/lib/python3.7/site-packages/airflow/example_dags/example_branch_python_dop_operator_3.py for tasks to queue
[2023-01-02T02:04:47.619+0000] {logging_mixin.py:137} INFO - [2023-01-02T02:04:47.619+0000] {dagbag.py:538} INFO - Filling up the DagBag from /home/airflow/.local/lib/python3.7/site-packages/airflow/example_dags/example_branch_python_dop_operator_3.py
[2023-01-02T02:04:47.637+0000] {processor.py:753} INFO - DAG(s) dict_keys(['example_branch_dop_operator_v3']) retrieved from /home/airflow/.local/lib/python3.7/site-packages/airflow/example_dags/example_branch_python_dop_operator_3.py
[2023-01-02T02:04:47.664+0000] {logging_mixin.py:137} INFO - [2023-01-02T02:04:47.664+0000] {dag.py:2676} INFO - Sync 1 DAGs
[2023-01-02T02:04:47.683+0000] {logging_mixin.py:137} INFO - [2023-01-02T02:04:47.683+0000] {dag.py:3427} INFO - Setting next_dagrun for example_branch_dop_operator_v3 to 2023-01-02T02:03:00+00:00, run_after=2023-01-02T02:04:00+00:00
[2023-01-02T02:04:47.696+0000] {processor.py:175} INFO - Processing /home/airflow/.local/lib/python3.7/site-packages/airflow/example_dags/example_branch_python_dop_operator_3.py took 0.082 seconds
[2023-01-02T02:05:18.138+0000] {processor.py:153} INFO - Started process (PID=726) to work on /home/airflow/.local/lib/python3.7/site-packages/airflow/example_dags/example_branch_python_dop_operator_3.py
[2023-01-02T02:05:18.140+0000] {processor.py:743} INFO - Processing file /home/airflow/.local/lib/python3.7/site-packages/airflow/example_dags/example_branch_python_dop_operator_3.py for tasks to queue
[2023-01-02T02:05:18.141+0000] {logging_mixin.py:137} INFO - [2023-01-02T02:05:18.141+0000] {dagbag.py:538} INFO - Filling up the DagBag from /home/airflow/.local/lib/python3.7/site-packages/airflow/example_dags/example_branch_python_dop_operator_3.py
[2023-01-02T02:05:18.159+0000] {processor.py:753} INFO - DAG(s) dict_keys(['example_branch_dop_operator_v3']) retrieved from /home/airflow/.local/lib/python3.7/site-packages/airflow/example_dags/example_branch_python_dop_operator_3.py
[2023-01-02T02:05:18.189+0000] {logging_mixin.py:137} INFO - [2023-01-02T02:05:18.188+0000] {dag.py:2676} INFO - Sync 1 DAGs
[2023-01-02T02:05:18.207+0000] {logging_mixin.py:137} INFO - [2023-01-02T02:05:18.207+0000] {dag.py:3427} INFO - Setting next_dagrun for example_branch_dop_operator_v3 to 2023-01-02T02:04:00+00:00, run_after=2023-01-02T02:05:00+00:00
[2023-01-02T02:05:18.219+0000] {processor.py:175} INFO - Processing /home/airflow/.local/lib/python3.7/site-packages/airflow/example_dags/example_branch_python_dop_operator_3.py took 0.084 seconds
[2023-01-02T02:05:48.880+0000] {processor.py:153} INFO - Started process (PID=791) to work on /home/airflow/.local/lib/python3.7/site-packages/airflow/example_dags/example_branch_python_dop_operator_3.py
[2023-01-02T02:05:48.881+0000] {processor.py:743} INFO - Processing file /home/airflow/.local/lib/python3.7/site-packages/airflow/example_dags/example_branch_python_dop_operator_3.py for tasks to queue
[2023-01-02T02:05:48.882+0000] {logging_mixin.py:137} INFO - [2023-01-02T02:05:48.882+0000] {dagbag.py:538} INFO - Filling up the DagBag from /home/airflow/.local/lib/python3.7/site-packages/airflow/example_dags/example_branch_python_dop_operator_3.py
[2023-01-02T02:05:48.905+0000] {processor.py:753} INFO - DAG(s) dict_keys(['example_branch_dop_operator_v3']) retrieved from /home/airflow/.local/lib/python3.7/site-packages/airflow/example_dags/example_branch_python_dop_operator_3.py
[2023-01-02T02:05:48.936+0000] {logging_mixin.py:137} INFO - [2023-01-02T02:05:48.936+0000] {dag.py:2676} INFO - Sync 1 DAGs
[2023-01-02T02:05:48.961+0000] {logging_mixin.py:137} INFO - [2023-01-02T02:05:48.961+0000] {dag.py:3427} INFO - Setting next_dagrun for example_branch_dop_operator_v3 to 2023-01-02T02:04:00+00:00, run_after=2023-01-02T02:05:00+00:00
[2023-01-02T02:05:49.004+0000] {processor.py:175} INFO - Processing /home/airflow/.local/lib/python3.7/site-packages/airflow/example_dags/example_branch_python_dop_operator_3.py took 0.129 seconds
[2023-01-02T02:06:19.358+0000] {processor.py:153} INFO - Started process (PID=870) to work on /home/airflow/.local/lib/python3.7/site-packages/airflow/example_dags/example_branch_python_dop_operator_3.py
[2023-01-02T02:06:19.360+0000] {processor.py:743} INFO - Processing file /home/airflow/.local/lib/python3.7/site-packages/airflow/example_dags/example_branch_python_dop_operator_3.py for tasks to queue
[2023-01-02T02:06:19.361+0000] {logging_mixin.py:137} INFO - [2023-01-02T02:06:19.360+0000] {dagbag.py:538} INFO - Filling up the DagBag from /home/airflow/.local/lib/python3.7/site-packages/airflow/example_dags/example_branch_python_dop_operator_3.py
[2023-01-02T02:06:19.378+0000] {processor.py:753} INFO - DAG(s) dict_keys(['example_branch_dop_operator_v3']) retrieved from /home/airflow/.local/lib/python3.7/site-packages/airflow/example_dags/example_branch_python_dop_operator_3.py
[2023-01-02T02:06:19.404+0000] {logging_mixin.py:137} INFO - [2023-01-02T02:06:19.404+0000] {dag.py:2676} INFO - Sync 1 DAGs
[2023-01-02T02:06:19.421+0000] {logging_mixin.py:137} INFO - [2023-01-02T02:06:19.421+0000] {dag.py:3427} INFO - Setting next_dagrun for example_branch_dop_operator_v3 to 2023-01-02T02:05:00+00:00, run_after=2023-01-02T02:06:00+00:00
[2023-01-02T02:06:19.434+0000] {processor.py:175} INFO - Processing /home/airflow/.local/lib/python3.7/site-packages/airflow/example_dags/example_branch_python_dop_operator_3.py took 0.078 seconds
[2023-01-02T02:06:50.051+0000] {processor.py:153} INFO - Started process (PID=948) to work on /home/airflow/.local/lib/python3.7/site-packages/airflow/example_dags/example_branch_python_dop_operator_3.py
[2023-01-02T02:06:50.052+0000] {processor.py:743} INFO - Processing file /home/airflow/.local/lib/python3.7/site-packages/airflow/example_dags/example_branch_python_dop_operator_3.py for tasks to queue
[2023-01-02T02:06:50.053+0000] {logging_mixin.py:137} INFO - [2023-01-02T02:06:50.053+0000] {dagbag.py:538} INFO - Filling up the DagBag from /home/airflow/.local/lib/python3.7/site-packages/airflow/example_dags/example_branch_python_dop_operator_3.py
[2023-01-02T02:06:50.069+0000] {processor.py:753} INFO - DAG(s) dict_keys(['example_branch_dop_operator_v3']) retrieved from /home/airflow/.local/lib/python3.7/site-packages/airflow/example_dags/example_branch_python_dop_operator_3.py
[2023-01-02T02:06:50.102+0000] {logging_mixin.py:137} INFO - [2023-01-02T02:06:50.102+0000] {dag.py:2676} INFO - Sync 1 DAGs
[2023-01-02T02:06:50.128+0000] {logging_mixin.py:137} INFO - [2023-01-02T02:06:50.128+0000] {dag.py:3427} INFO - Setting next_dagrun for example_branch_dop_operator_v3 to 2023-01-02T02:05:00+00:00, run_after=2023-01-02T02:06:00+00:00
[2023-01-02T02:06:50.144+0000] {processor.py:175} INFO - Processing /home/airflow/.local/lib/python3.7/site-packages/airflow/example_dags/example_branch_python_dop_operator_3.py took 0.096 seconds
[2023-01-02T02:07:20.856+0000] {processor.py:153} INFO - Started process (PID=1014) to work on /home/airflow/.local/lib/python3.7/site-packages/airflow/example_dags/example_branch_python_dop_operator_3.py
[2023-01-02T02:07:20.857+0000] {processor.py:743} INFO - Processing file /home/airflow/.local/lib/python3.7/site-packages/airflow/example_dags/example_branch_python_dop_operator_3.py for tasks to queue
[2023-01-02T02:07:20.858+0000] {logging_mixin.py:137} INFO - [2023-01-02T02:07:20.858+0000] {dagbag.py:538} INFO - Filling up the DagBag from /home/airflow/.local/lib/python3.7/site-packages/airflow/example_dags/example_branch_python_dop_operator_3.py
[2023-01-02T02:07:20.876+0000] {processor.py:753} INFO - DAG(s) dict_keys(['example_branch_dop_operator_v3']) retrieved from /home/airflow/.local/lib/python3.7/site-packages/airflow/example_dags/example_branch_python_dop_operator_3.py
[2023-01-02T02:07:20.906+0000] {logging_mixin.py:137} INFO - [2023-01-02T02:07:20.906+0000] {dag.py:2676} INFO - Sync 1 DAGs
[2023-01-02T02:07:20.927+0000] {logging_mixin.py:137} INFO - [2023-01-02T02:07:20.927+0000] {dag.py:3427} INFO - Setting next_dagrun for example_branch_dop_operator_v3 to 2023-01-02T02:06:00+00:00, run_after=2023-01-02T02:07:00+00:00
[2023-01-02T02:07:20.942+0000] {processor.py:175} INFO - Processing /home/airflow/.local/lib/python3.7/site-packages/airflow/example_dags/example_branch_python_dop_operator_3.py took 0.090 seconds
[2023-01-02T02:07:51.291+0000] {processor.py:153} INFO - Started process (PID=1092) to work on /home/airflow/.local/lib/python3.7/site-packages/airflow/example_dags/example_branch_python_dop_operator_3.py
[2023-01-02T02:07:51.292+0000] {processor.py:743} INFO - Processing file /home/airflow/.local/lib/python3.7/site-packages/airflow/example_dags/example_branch_python_dop_operator_3.py for tasks to queue
[2023-01-02T02:07:51.293+0000] {logging_mixin.py:137} INFO - [2023-01-02T02:07:51.293+0000] {dagbag.py:538} INFO - Filling up the DagBag from /home/airflow/.local/lib/python3.7/site-packages/airflow/example_dags/example_branch_python_dop_operator_3.py
[2023-01-02T02:07:51.309+0000] {processor.py:753} INFO - DAG(s) dict_keys(['example_branch_dop_operator_v3']) retrieved from /home/airflow/.local/lib/python3.7/site-packages/airflow/example_dags/example_branch_python_dop_operator_3.py
[2023-01-02T02:07:51.337+0000] {logging_mixin.py:137} INFO - [2023-01-02T02:07:51.337+0000] {dag.py:2676} INFO - Sync 1 DAGs
[2023-01-02T02:07:51.357+0000] {logging_mixin.py:137} INFO - [2023-01-02T02:07:51.357+0000] {dag.py:3427} INFO - Setting next_dagrun for example_branch_dop_operator_v3 to 2023-01-02T02:06:00+00:00, run_after=2023-01-02T02:07:00+00:00
[2023-01-02T02:07:51.368+0000] {processor.py:175} INFO - Processing /home/airflow/.local/lib/python3.7/site-packages/airflow/example_dags/example_branch_python_dop_operator_3.py took 0.081 seconds
[2023-01-02T02:08:22.314+0000] {processor.py:153} INFO - Started process (PID=1169) to work on /home/airflow/.local/lib/python3.7/site-packages/airflow/example_dags/example_branch_python_dop_operator_3.py
[2023-01-02T02:08:22.315+0000] {processor.py:743} INFO - Processing file /home/airflow/.local/lib/python3.7/site-packages/airflow/example_dags/example_branch_python_dop_operator_3.py for tasks to queue
[2023-01-02T02:08:22.316+0000] {logging_mixin.py:137} INFO - [2023-01-02T02:08:22.316+0000] {dagbag.py:538} INFO - Filling up the DagBag from /home/airflow/.local/lib/python3.7/site-packages/airflow/example_dags/example_branch_python_dop_operator_3.py
[2023-01-02T02:08:22.346+0000] {processor.py:753} INFO - DAG(s) dict_keys(['example_branch_dop_operator_v3']) retrieved from /home/airflow/.local/lib/python3.7/site-packages/airflow/example_dags/example_branch_python_dop_operator_3.py
[2023-01-02T02:08:22.379+0000] {logging_mixin.py:137} INFO - [2023-01-02T02:08:22.379+0000] {dag.py:2676} INFO - Sync 1 DAGs
[2023-01-02T02:08:22.397+0000] {logging_mixin.py:137} INFO - [2023-01-02T02:08:22.397+0000] {dag.py:3427} INFO - Setting next_dagrun for example_branch_dop_operator_v3 to 2023-01-02T02:07:00+00:00, run_after=2023-01-02T02:08:00+00:00
[2023-01-02T02:08:22.409+0000] {processor.py:175} INFO - Processing /home/airflow/.local/lib/python3.7/site-packages/airflow/example_dags/example_branch_python_dop_operator_3.py took 0.099 seconds
[2023-01-02T02:08:52.909+0000] {processor.py:153} INFO - Started process (PID=1234) to work on /home/airflow/.local/lib/python3.7/site-packages/airflow/example_dags/example_branch_python_dop_operator_3.py
[2023-01-02T02:08:52.911+0000] {processor.py:743} INFO - Processing file /home/airflow/.local/lib/python3.7/site-packages/airflow/example_dags/example_branch_python_dop_operator_3.py for tasks to queue
[2023-01-02T02:08:52.912+0000] {logging_mixin.py:137} INFO - [2023-01-02T02:08:52.912+0000] {dagbag.py:538} INFO - Filling up the DagBag from /home/airflow/.local/lib/python3.7/site-packages/airflow/example_dags/example_branch_python_dop_operator_3.py
[2023-01-02T02:08:52.930+0000] {processor.py:753} INFO - DAG(s) dict_keys(['example_branch_dop_operator_v3']) retrieved from /home/airflow/.local/lib/python3.7/site-packages/airflow/example_dags/example_branch_python_dop_operator_3.py
[2023-01-02T02:08:52.962+0000] {logging_mixin.py:137} INFO - [2023-01-02T02:08:52.962+0000] {dag.py:2676} INFO - Sync 1 DAGs
[2023-01-02T02:08:52.982+0000] {logging_mixin.py:137} INFO - [2023-01-02T02:08:52.981+0000] {dag.py:3427} INFO - Setting next_dagrun for example_branch_dop_operator_v3 to 2023-01-02T02:07:00+00:00, run_after=2023-01-02T02:08:00+00:00
[2023-01-02T02:08:52.994+0000] {processor.py:175} INFO - Processing /home/airflow/.local/lib/python3.7/site-packages/airflow/example_dags/example_branch_python_dop_operator_3.py took 0.088 seconds
[2023-01-02T02:09:23.239+0000] {processor.py:153} INFO - Started process (PID=1313) to work on /home/airflow/.local/lib/python3.7/site-packages/airflow/example_dags/example_branch_python_dop_operator_3.py
[2023-01-02T02:09:23.241+0000] {processor.py:743} INFO - Processing file /home/airflow/.local/lib/python3.7/site-packages/airflow/example_dags/example_branch_python_dop_operator_3.py for tasks to queue
[2023-01-02T02:09:23.241+0000] {logging_mixin.py:137} INFO - [2023-01-02T02:09:23.241+0000] {dagbag.py:538} INFO - Filling up the DagBag from /home/airflow/.local/lib/python3.7/site-packages/airflow/example_dags/example_branch_python_dop_operator_3.py
[2023-01-02T02:09:23.258+0000] {processor.py:753} INFO - DAG(s) dict_keys(['example_branch_dop_operator_v3']) retrieved from /home/airflow/.local/lib/python3.7/site-packages/airflow/example_dags/example_branch_python_dop_operator_3.py
[2023-01-02T02:09:23.286+0000] {logging_mixin.py:137} INFO - [2023-01-02T02:09:23.286+0000] {dag.py:2676} INFO - Sync 1 DAGs
[2023-01-02T02:09:23.303+0000] {logging_mixin.py:137} INFO - [2023-01-02T02:09:23.303+0000] {dag.py:3427} INFO - Setting next_dagrun for example_branch_dop_operator_v3 to 2023-01-02T02:08:00+00:00, run_after=2023-01-02T02:09:00+00:00
[2023-01-02T02:09:23.316+0000] {processor.py:175} INFO - Processing /home/airflow/.local/lib/python3.7/site-packages/airflow/example_dags/example_branch_python_dop_operator_3.py took 0.079 seconds
[2023-01-02T02:09:53.807+0000] {processor.py:153} INFO - Started process (PID=1387) to work on /home/airflow/.local/lib/python3.7/site-packages/airflow/example_dags/example_branch_python_dop_operator_3.py
[2023-01-02T02:09:53.808+0000] {processor.py:743} INFO - Processing file /home/airflow/.local/lib/python3.7/site-packages/airflow/example_dags/example_branch_python_dop_operator_3.py for tasks to queue
[2023-01-02T02:09:53.809+0000] {logging_mixin.py:137} INFO - [2023-01-02T02:09:53.809+0000] {dagbag.py:538} INFO - Filling up the DagBag from /home/airflow/.local/lib/python3.7/site-packages/airflow/example_dags/example_branch_python_dop_operator_3.py
[2023-01-02T02:09:53.826+0000] {processor.py:753} INFO - DAG(s) dict_keys(['example_branch_dop_operator_v3']) retrieved from /home/airflow/.local/lib/python3.7/site-packages/airflow/example_dags/example_branch_python_dop_operator_3.py
[2023-01-02T02:09:53.856+0000] {logging_mixin.py:137} INFO - [2023-01-02T02:09:53.856+0000] {dag.py:2676} INFO - Sync 1 DAGs
[2023-01-02T02:09:53.880+0000] {logging_mixin.py:137} INFO - [2023-01-02T02:09:53.880+0000] {dag.py:3427} INFO - Setting next_dagrun for example_branch_dop_operator_v3 to 2023-01-02T02:08:00+00:00, run_after=2023-01-02T02:09:00+00:00
[2023-01-02T02:09:53.895+0000] {processor.py:175} INFO - Processing /home/airflow/.local/lib/python3.7/site-packages/airflow/example_dags/example_branch_python_dop_operator_3.py took 0.091 seconds
