[2023-01-02T01:57:09.976+0000] {processor.py:153} INFO - Started process (PID=39) to work on /home/airflow/.local/lib/python3.7/site-packages/airflow/example_dags/example_bash_operator.py
[2023-01-02T01:57:09.978+0000] {processor.py:743} INFO - Processing file /home/airflow/.local/lib/python3.7/site-packages/airflow/example_dags/example_bash_operator.py for tasks to queue
[2023-01-02T01:57:09.979+0000] {logging_mixin.py:137} INFO - [2023-01-02T01:57:09.978+0000] {dagbag.py:538} INFO - Filling up the DagBag from /home/airflow/.local/lib/python3.7/site-packages/airflow/example_dags/example_bash_operator.py
[2023-01-02T01:57:10.000+0000] {processor.py:753} INFO - DAG(s) dict_keys(['example_bash_operator']) retrieved from /home/airflow/.local/lib/python3.7/site-packages/airflow/example_dags/example_bash_operator.py
[2023-01-02T01:57:10.020+0000] {logging_mixin.py:137} INFO - [2023-01-02T01:57:10.020+0000] {dag.py:2676} INFO - Sync 1 DAGs
[2023-01-02T01:57:10.040+0000] {logging_mixin.py:137} INFO - [2023-01-02T01:57:10.039+0000] {dag.py:3427} INFO - Setting next_dagrun for example_bash_operator to 2023-01-01T00:00:00+00:00, run_after=2023-01-02T00:00:00+00:00
[2023-01-02T01:57:10.052+0000] {processor.py:175} INFO - Processing /home/airflow/.local/lib/python3.7/site-packages/airflow/example_dags/example_bash_operator.py took 0.079 seconds
[2023-01-02T01:57:40.375+0000] {processor.py:153} INFO - Started process (PID=117) to work on /home/airflow/.local/lib/python3.7/site-packages/airflow/example_dags/example_bash_operator.py
[2023-01-02T01:57:40.378+0000] {processor.py:743} INFO - Processing file /home/airflow/.local/lib/python3.7/site-packages/airflow/example_dags/example_bash_operator.py for tasks to queue
[2023-01-02T01:57:40.379+0000] {logging_mixin.py:137} INFO - [2023-01-02T01:57:40.379+0000] {dagbag.py:538} INFO - Filling up the DagBag from /home/airflow/.local/lib/python3.7/site-packages/airflow/example_dags/example_bash_operator.py
[2023-01-02T01:57:40.398+0000] {processor.py:753} INFO - DAG(s) dict_keys(['example_bash_operator']) retrieved from /home/airflow/.local/lib/python3.7/site-packages/airflow/example_dags/example_bash_operator.py
[2023-01-02T01:57:40.429+0000] {logging_mixin.py:137} INFO - [2023-01-02T01:57:40.429+0000] {dag.py:2676} INFO - Sync 1 DAGs
[2023-01-02T01:57:40.447+0000] {logging_mixin.py:137} INFO - [2023-01-02T01:57:40.446+0000] {dag.py:3427} INFO - Setting next_dagrun for example_bash_operator to 2023-01-01T00:00:00+00:00, run_after=2023-01-02T00:00:00+00:00
[2023-01-02T01:57:40.458+0000] {processor.py:175} INFO - Processing /home/airflow/.local/lib/python3.7/site-packages/airflow/example_dags/example_bash_operator.py took 0.085 seconds
[2023-01-02T01:58:11.125+0000] {processor.py:153} INFO - Started process (PID=182) to work on /home/airflow/.local/lib/python3.7/site-packages/airflow/example_dags/example_bash_operator.py
[2023-01-02T01:58:11.126+0000] {processor.py:743} INFO - Processing file /home/airflow/.local/lib/python3.7/site-packages/airflow/example_dags/example_bash_operator.py for tasks to queue
[2023-01-02T01:58:11.128+0000] {logging_mixin.py:137} INFO - [2023-01-02T01:58:11.128+0000] {dagbag.py:538} INFO - Filling up the DagBag from /home/airflow/.local/lib/python3.7/site-packages/airflow/example_dags/example_bash_operator.py
[2023-01-02T01:58:11.151+0000] {processor.py:753} INFO - DAG(s) dict_keys(['example_bash_operator']) retrieved from /home/airflow/.local/lib/python3.7/site-packages/airflow/example_dags/example_bash_operator.py
[2023-01-02T01:58:11.210+0000] {logging_mixin.py:137} INFO - [2023-01-02T01:58:11.210+0000] {dag.py:2676} INFO - Sync 1 DAGs
[2023-01-02T01:58:11.231+0000] {logging_mixin.py:137} INFO - [2023-01-02T01:58:11.231+0000] {dag.py:3427} INFO - Setting next_dagrun for example_bash_operator to 2023-01-01T00:00:00+00:00, run_after=2023-01-02T00:00:00+00:00
[2023-01-02T01:58:11.244+0000] {processor.py:175} INFO - Processing /home/airflow/.local/lib/python3.7/site-packages/airflow/example_dags/example_bash_operator.py took 0.124 seconds
[2023-01-02T02:00:41.297+0000] {processor.py:153} INFO - Started process (PID=39) to work on /home/airflow/.local/lib/python3.7/site-packages/airflow/example_dags/example_bash_operator.py
[2023-01-02T02:00:41.300+0000] {processor.py:743} INFO - Processing file /home/airflow/.local/lib/python3.7/site-packages/airflow/example_dags/example_bash_operator.py for tasks to queue
[2023-01-02T02:00:41.301+0000] {logging_mixin.py:137} INFO - [2023-01-02T02:00:41.301+0000] {dagbag.py:538} INFO - Filling up the DagBag from /home/airflow/.local/lib/python3.7/site-packages/airflow/example_dags/example_bash_operator.py
[2023-01-02T02:00:41.352+0000] {processor.py:753} INFO - DAG(s) dict_keys(['example_bash_operator']) retrieved from /home/airflow/.local/lib/python3.7/site-packages/airflow/example_dags/example_bash_operator.py
[2023-01-02T02:00:41.381+0000] {logging_mixin.py:137} INFO - [2023-01-02T02:00:41.381+0000] {dag.py:2676} INFO - Sync 1 DAGs
[2023-01-02T02:00:41.403+0000] {logging_mixin.py:137} INFO - [2023-01-02T02:00:41.403+0000] {dag.py:3427} INFO - Setting next_dagrun for example_bash_operator to 2023-01-01T00:00:00+00:00, run_after=2023-01-02T00:00:00+00:00
[2023-01-02T02:00:41.419+0000] {processor.py:175} INFO - Processing /home/airflow/.local/lib/python3.7/site-packages/airflow/example_dags/example_bash_operator.py took 0.127 seconds
[2023-01-02T02:01:11.907+0000] {processor.py:153} INFO - Started process (PID=117) to work on /home/airflow/.local/lib/python3.7/site-packages/airflow/example_dags/example_bash_operator.py
[2023-01-02T02:01:11.909+0000] {processor.py:743} INFO - Processing file /home/airflow/.local/lib/python3.7/site-packages/airflow/example_dags/example_bash_operator.py for tasks to queue
[2023-01-02T02:01:11.910+0000] {logging_mixin.py:137} INFO - [2023-01-02T02:01:11.910+0000] {dagbag.py:538} INFO - Filling up the DagBag from /home/airflow/.local/lib/python3.7/site-packages/airflow/example_dags/example_bash_operator.py
[2023-01-02T02:01:11.934+0000] {processor.py:753} INFO - DAG(s) dict_keys(['example_bash_operator']) retrieved from /home/airflow/.local/lib/python3.7/site-packages/airflow/example_dags/example_bash_operator.py
[2023-01-02T02:01:11.974+0000] {logging_mixin.py:137} INFO - [2023-01-02T02:01:11.974+0000] {dag.py:2676} INFO - Sync 1 DAGs
[2023-01-02T02:01:11.993+0000] {logging_mixin.py:137} INFO - [2023-01-02T02:01:11.993+0000] {dag.py:3427} INFO - Setting next_dagrun for example_bash_operator to 2023-01-01T00:00:00+00:00, run_after=2023-01-02T00:00:00+00:00
[2023-01-02T02:01:12.008+0000] {processor.py:175} INFO - Processing /home/airflow/.local/lib/python3.7/site-packages/airflow/example_dags/example_bash_operator.py took 0.105 seconds
[2023-01-02T02:01:42.392+0000] {processor.py:153} INFO - Started process (PID=182) to work on /home/airflow/.local/lib/python3.7/site-packages/airflow/example_dags/example_bash_operator.py
[2023-01-02T02:01:42.394+0000] {processor.py:743} INFO - Processing file /home/airflow/.local/lib/python3.7/site-packages/airflow/example_dags/example_bash_operator.py for tasks to queue
[2023-01-02T02:01:42.395+0000] {logging_mixin.py:137} INFO - [2023-01-02T02:01:42.395+0000] {dagbag.py:538} INFO - Filling up the DagBag from /home/airflow/.local/lib/python3.7/site-packages/airflow/example_dags/example_bash_operator.py
[2023-01-02T02:01:42.411+0000] {processor.py:753} INFO - DAG(s) dict_keys(['example_bash_operator']) retrieved from /home/airflow/.local/lib/python3.7/site-packages/airflow/example_dags/example_bash_operator.py
[2023-01-02T02:01:42.443+0000] {logging_mixin.py:137} INFO - [2023-01-02T02:01:42.442+0000] {dag.py:2676} INFO - Sync 1 DAGs
[2023-01-02T02:01:42.458+0000] {logging_mixin.py:137} INFO - [2023-01-02T02:01:42.458+0000] {dag.py:3427} INFO - Setting next_dagrun for example_bash_operator to 2023-01-01T00:00:00+00:00, run_after=2023-01-02T00:00:00+00:00
[2023-01-02T02:01:42.470+0000] {processor.py:175} INFO - Processing /home/airflow/.local/lib/python3.7/site-packages/airflow/example_dags/example_bash_operator.py took 0.081 seconds
[2023-01-02T02:02:13.060+0000] {processor.py:153} INFO - Started process (PID=260) to work on /home/airflow/.local/lib/python3.7/site-packages/airflow/example_dags/example_bash_operator.py
[2023-01-02T02:02:13.061+0000] {processor.py:743} INFO - Processing file /home/airflow/.local/lib/python3.7/site-packages/airflow/example_dags/example_bash_operator.py for tasks to queue
[2023-01-02T02:02:13.062+0000] {logging_mixin.py:137} INFO - [2023-01-02T02:02:13.062+0000] {dagbag.py:538} INFO - Filling up the DagBag from /home/airflow/.local/lib/python3.7/site-packages/airflow/example_dags/example_bash_operator.py
[2023-01-02T02:02:13.078+0000] {processor.py:753} INFO - DAG(s) dict_keys(['example_bash_operator']) retrieved from /home/airflow/.local/lib/python3.7/site-packages/airflow/example_dags/example_bash_operator.py
[2023-01-02T02:02:13.114+0000] {logging_mixin.py:137} INFO - [2023-01-02T02:02:13.113+0000] {dag.py:2676} INFO - Sync 1 DAGs
[2023-01-02T02:02:13.130+0000] {logging_mixin.py:137} INFO - [2023-01-02T02:02:13.130+0000] {dag.py:3427} INFO - Setting next_dagrun for example_bash_operator to 2023-01-01T00:00:00+00:00, run_after=2023-01-02T00:00:00+00:00
[2023-01-02T02:02:13.141+0000] {processor.py:175} INFO - Processing /home/airflow/.local/lib/python3.7/site-packages/airflow/example_dags/example_bash_operator.py took 0.085 seconds
[2023-01-02T02:02:43.589+0000] {processor.py:153} INFO - Started process (PID=335) to work on /home/airflow/.local/lib/python3.7/site-packages/airflow/example_dags/example_bash_operator.py
[2023-01-02T02:02:43.591+0000] {processor.py:743} INFO - Processing file /home/airflow/.local/lib/python3.7/site-packages/airflow/example_dags/example_bash_operator.py for tasks to queue
[2023-01-02T02:02:43.592+0000] {logging_mixin.py:137} INFO - [2023-01-02T02:02:43.592+0000] {dagbag.py:538} INFO - Filling up the DagBag from /home/airflow/.local/lib/python3.7/site-packages/airflow/example_dags/example_bash_operator.py
[2023-01-02T02:02:43.610+0000] {processor.py:753} INFO - DAG(s) dict_keys(['example_bash_operator']) retrieved from /home/airflow/.local/lib/python3.7/site-packages/airflow/example_dags/example_bash_operator.py
[2023-01-02T02:02:43.659+0000] {logging_mixin.py:137} INFO - [2023-01-02T02:02:43.659+0000] {dag.py:2676} INFO - Sync 1 DAGs
[2023-01-02T02:02:43.679+0000] {logging_mixin.py:137} INFO - [2023-01-02T02:02:43.678+0000] {dag.py:3427} INFO - Setting next_dagrun for example_bash_operator to 2023-01-01T00:00:00+00:00, run_after=2023-01-02T00:00:00+00:00
[2023-01-02T02:02:43.691+0000] {processor.py:175} INFO - Processing /home/airflow/.local/lib/python3.7/site-packages/airflow/example_dags/example_bash_operator.py took 0.105 seconds
[2023-01-02T02:03:14.597+0000] {processor.py:153} INFO - Started process (PID=404) to work on /home/airflow/.local/lib/python3.7/site-packages/airflow/example_dags/example_bash_operator.py
[2023-01-02T02:03:14.598+0000] {processor.py:743} INFO - Processing file /home/airflow/.local/lib/python3.7/site-packages/airflow/example_dags/example_bash_operator.py for tasks to queue
[2023-01-02T02:03:14.599+0000] {logging_mixin.py:137} INFO - [2023-01-02T02:03:14.599+0000] {dagbag.py:538} INFO - Filling up the DagBag from /home/airflow/.local/lib/python3.7/site-packages/airflow/example_dags/example_bash_operator.py
[2023-01-02T02:03:14.616+0000] {processor.py:753} INFO - DAG(s) dict_keys(['example_bash_operator']) retrieved from /home/airflow/.local/lib/python3.7/site-packages/airflow/example_dags/example_bash_operator.py
[2023-01-02T02:03:14.653+0000] {logging_mixin.py:137} INFO - [2023-01-02T02:03:14.653+0000] {dag.py:2676} INFO - Sync 1 DAGs
[2023-01-02T02:03:14.672+0000] {logging_mixin.py:137} INFO - [2023-01-02T02:03:14.672+0000] {dag.py:3427} INFO - Setting next_dagrun for example_bash_operator to 2023-01-01T00:00:00+00:00, run_after=2023-01-02T00:00:00+00:00
[2023-01-02T02:03:14.685+0000] {processor.py:175} INFO - Processing /home/airflow/.local/lib/python3.7/site-packages/airflow/example_dags/example_bash_operator.py took 0.091 seconds
[2023-01-02T02:03:44.912+0000] {processor.py:153} INFO - Started process (PID=482) to work on /home/airflow/.local/lib/python3.7/site-packages/airflow/example_dags/example_bash_operator.py
[2023-01-02T02:03:44.914+0000] {processor.py:743} INFO - Processing file /home/airflow/.local/lib/python3.7/site-packages/airflow/example_dags/example_bash_operator.py for tasks to queue
[2023-01-02T02:03:44.914+0000] {logging_mixin.py:137} INFO - [2023-01-02T02:03:44.914+0000] {dagbag.py:538} INFO - Filling up the DagBag from /home/airflow/.local/lib/python3.7/site-packages/airflow/example_dags/example_bash_operator.py
[2023-01-02T02:03:44.929+0000] {processor.py:753} INFO - DAG(s) dict_keys(['example_bash_operator']) retrieved from /home/airflow/.local/lib/python3.7/site-packages/airflow/example_dags/example_bash_operator.py
[2023-01-02T02:03:44.963+0000] {logging_mixin.py:137} INFO - [2023-01-02T02:03:44.963+0000] {dag.py:2676} INFO - Sync 1 DAGs
[2023-01-02T02:03:44.979+0000] {logging_mixin.py:137} INFO - [2023-01-02T02:03:44.979+0000] {dag.py:3427} INFO - Setting next_dagrun for example_bash_operator to 2023-01-01T00:00:00+00:00, run_after=2023-01-02T00:00:00+00:00
[2023-01-02T02:03:44.991+0000] {processor.py:175} INFO - Processing /home/airflow/.local/lib/python3.7/site-packages/airflow/example_dags/example_bash_operator.py took 0.082 seconds
[2023-01-02T02:04:15.105+0000] {processor.py:153} INFO - Started process (PID=547) to work on /home/airflow/.local/lib/python3.7/site-packages/airflow/example_dags/example_bash_operator.py
[2023-01-02T02:04:15.106+0000] {processor.py:743} INFO - Processing file /home/airflow/.local/lib/python3.7/site-packages/airflow/example_dags/example_bash_operator.py for tasks to queue
[2023-01-02T02:04:15.107+0000] {logging_mixin.py:137} INFO - [2023-01-02T02:04:15.107+0000] {dagbag.py:538} INFO - Filling up the DagBag from /home/airflow/.local/lib/python3.7/site-packages/airflow/example_dags/example_bash_operator.py
[2023-01-02T02:04:15.124+0000] {processor.py:753} INFO - DAG(s) dict_keys(['example_bash_operator']) retrieved from /home/airflow/.local/lib/python3.7/site-packages/airflow/example_dags/example_bash_operator.py
[2023-01-02T02:04:15.157+0000] {logging_mixin.py:137} INFO - [2023-01-02T02:04:15.157+0000] {dag.py:2676} INFO - Sync 1 DAGs
[2023-01-02T02:04:15.174+0000] {logging_mixin.py:137} INFO - [2023-01-02T02:04:15.174+0000] {dag.py:3427} INFO - Setting next_dagrun for example_bash_operator to 2023-01-01T00:00:00+00:00, run_after=2023-01-02T00:00:00+00:00
[2023-01-02T02:04:15.189+0000] {processor.py:175} INFO - Processing /home/airflow/.local/lib/python3.7/site-packages/airflow/example_dags/example_bash_operator.py took 0.087 seconds
[2023-01-02T02:04:46.148+0000] {processor.py:153} INFO - Started process (PID=626) to work on /home/airflow/.local/lib/python3.7/site-packages/airflow/example_dags/example_bash_operator.py
[2023-01-02T02:04:46.150+0000] {processor.py:743} INFO - Processing file /home/airflow/.local/lib/python3.7/site-packages/airflow/example_dags/example_bash_operator.py for tasks to queue
[2023-01-02T02:04:46.151+0000] {logging_mixin.py:137} INFO - [2023-01-02T02:04:46.151+0000] {dagbag.py:538} INFO - Filling up the DagBag from /home/airflow/.local/lib/python3.7/site-packages/airflow/example_dags/example_bash_operator.py
[2023-01-02T02:04:46.170+0000] {processor.py:753} INFO - DAG(s) dict_keys(['example_bash_operator']) retrieved from /home/airflow/.local/lib/python3.7/site-packages/airflow/example_dags/example_bash_operator.py
[2023-01-02T02:04:46.204+0000] {logging_mixin.py:137} INFO - [2023-01-02T02:04:46.203+0000] {dag.py:2676} INFO - Sync 1 DAGs
[2023-01-02T02:04:46.220+0000] {logging_mixin.py:137} INFO - [2023-01-02T02:04:46.220+0000] {dag.py:3427} INFO - Setting next_dagrun for example_bash_operator to 2023-01-01T00:00:00+00:00, run_after=2023-01-02T00:00:00+00:00
[2023-01-02T02:04:46.234+0000] {processor.py:175} INFO - Processing /home/airflow/.local/lib/python3.7/site-packages/airflow/example_dags/example_bash_operator.py took 0.088 seconds
[2023-01-02T02:05:16.744+0000] {processor.py:153} INFO - Started process (PID=703) to work on /home/airflow/.local/lib/python3.7/site-packages/airflow/example_dags/example_bash_operator.py
[2023-01-02T02:05:16.746+0000] {processor.py:743} INFO - Processing file /home/airflow/.local/lib/python3.7/site-packages/airflow/example_dags/example_bash_operator.py for tasks to queue
[2023-01-02T02:05:16.747+0000] {logging_mixin.py:137} INFO - [2023-01-02T02:05:16.747+0000] {dagbag.py:538} INFO - Filling up the DagBag from /home/airflow/.local/lib/python3.7/site-packages/airflow/example_dags/example_bash_operator.py
[2023-01-02T02:05:16.766+0000] {processor.py:753} INFO - DAG(s) dict_keys(['example_bash_operator']) retrieved from /home/airflow/.local/lib/python3.7/site-packages/airflow/example_dags/example_bash_operator.py
[2023-01-02T02:05:16.799+0000] {logging_mixin.py:137} INFO - [2023-01-02T02:05:16.799+0000] {dag.py:2676} INFO - Sync 1 DAGs
[2023-01-02T02:05:16.815+0000] {logging_mixin.py:137} INFO - [2023-01-02T02:05:16.815+0000] {dag.py:3427} INFO - Setting next_dagrun for example_bash_operator to 2023-01-01T00:00:00+00:00, run_after=2023-01-02T00:00:00+00:00
[2023-01-02T02:05:16.828+0000] {processor.py:175} INFO - Processing /home/airflow/.local/lib/python3.7/site-packages/airflow/example_dags/example_bash_operator.py took 0.087 seconds
[2023-01-02T02:05:47.538+0000] {processor.py:153} INFO - Started process (PID=768) to work on /home/airflow/.local/lib/python3.7/site-packages/airflow/example_dags/example_bash_operator.py
[2023-01-02T02:05:47.539+0000] {processor.py:743} INFO - Processing file /home/airflow/.local/lib/python3.7/site-packages/airflow/example_dags/example_bash_operator.py for tasks to queue
[2023-01-02T02:05:47.540+0000] {logging_mixin.py:137} INFO - [2023-01-02T02:05:47.540+0000] {dagbag.py:538} INFO - Filling up the DagBag from /home/airflow/.local/lib/python3.7/site-packages/airflow/example_dags/example_bash_operator.py
[2023-01-02T02:05:47.555+0000] {processor.py:753} INFO - DAG(s) dict_keys(['example_bash_operator']) retrieved from /home/airflow/.local/lib/python3.7/site-packages/airflow/example_dags/example_bash_operator.py
[2023-01-02T02:05:47.593+0000] {logging_mixin.py:137} INFO - [2023-01-02T02:05:47.593+0000] {dag.py:2676} INFO - Sync 1 DAGs
[2023-01-02T02:05:47.613+0000] {logging_mixin.py:137} INFO - [2023-01-02T02:05:47.613+0000] {dag.py:3427} INFO - Setting next_dagrun for example_bash_operator to 2023-01-01T00:00:00+00:00, run_after=2023-01-02T00:00:00+00:00
[2023-01-02T02:05:47.628+0000] {processor.py:175} INFO - Processing /home/airflow/.local/lib/python3.7/site-packages/airflow/example_dags/example_bash_operator.py took 0.093 seconds
[2023-01-02T02:06:18.141+0000] {processor.py:153} INFO - Started process (PID=847) to work on /home/airflow/.local/lib/python3.7/site-packages/airflow/example_dags/example_bash_operator.py
[2023-01-02T02:06:18.143+0000] {processor.py:743} INFO - Processing file /home/airflow/.local/lib/python3.7/site-packages/airflow/example_dags/example_bash_operator.py for tasks to queue
[2023-01-02T02:06:18.143+0000] {logging_mixin.py:137} INFO - [2023-01-02T02:06:18.143+0000] {dagbag.py:538} INFO - Filling up the DagBag from /home/airflow/.local/lib/python3.7/site-packages/airflow/example_dags/example_bash_operator.py
[2023-01-02T02:06:18.161+0000] {processor.py:753} INFO - DAG(s) dict_keys(['example_bash_operator']) retrieved from /home/airflow/.local/lib/python3.7/site-packages/airflow/example_dags/example_bash_operator.py
[2023-01-02T02:06:18.192+0000] {logging_mixin.py:137} INFO - [2023-01-02T02:06:18.192+0000] {dag.py:2676} INFO - Sync 1 DAGs
[2023-01-02T02:06:18.209+0000] {logging_mixin.py:137} INFO - [2023-01-02T02:06:18.208+0000] {dag.py:3427} INFO - Setting next_dagrun for example_bash_operator to 2023-01-01T00:00:00+00:00, run_after=2023-01-02T00:00:00+00:00
[2023-01-02T02:06:18.222+0000] {processor.py:175} INFO - Processing /home/airflow/.local/lib/python3.7/site-packages/airflow/example_dags/example_bash_operator.py took 0.083 seconds
[2023-01-02T02:06:48.444+0000] {processor.py:153} INFO - Started process (PID=925) to work on /home/airflow/.local/lib/python3.7/site-packages/airflow/example_dags/example_bash_operator.py
[2023-01-02T02:06:48.446+0000] {processor.py:743} INFO - Processing file /home/airflow/.local/lib/python3.7/site-packages/airflow/example_dags/example_bash_operator.py for tasks to queue
[2023-01-02T02:06:48.447+0000] {logging_mixin.py:137} INFO - [2023-01-02T02:06:48.447+0000] {dagbag.py:538} INFO - Filling up the DagBag from /home/airflow/.local/lib/python3.7/site-packages/airflow/example_dags/example_bash_operator.py
[2023-01-02T02:06:48.468+0000] {processor.py:753} INFO - DAG(s) dict_keys(['example_bash_operator']) retrieved from /home/airflow/.local/lib/python3.7/site-packages/airflow/example_dags/example_bash_operator.py
[2023-01-02T02:06:48.532+0000] {logging_mixin.py:137} INFO - [2023-01-02T02:06:48.532+0000] {dag.py:2676} INFO - Sync 1 DAGs
[2023-01-02T02:06:48.568+0000] {logging_mixin.py:137} INFO - [2023-01-02T02:06:48.568+0000] {dag.py:3427} INFO - Setting next_dagrun for example_bash_operator to 2023-01-01T00:00:00+00:00, run_after=2023-01-02T00:00:00+00:00
[2023-01-02T02:06:48.586+0000] {processor.py:175} INFO - Processing /home/airflow/.local/lib/python3.7/site-packages/airflow/example_dags/example_bash_operator.py took 0.146 seconds
[2023-01-02T02:07:19.390+0000] {processor.py:153} INFO - Started process (PID=991) to work on /home/airflow/.local/lib/python3.7/site-packages/airflow/example_dags/example_bash_operator.py
[2023-01-02T02:07:19.391+0000] {processor.py:743} INFO - Processing file /home/airflow/.local/lib/python3.7/site-packages/airflow/example_dags/example_bash_operator.py for tasks to queue
[2023-01-02T02:07:19.392+0000] {logging_mixin.py:137} INFO - [2023-01-02T02:07:19.392+0000] {dagbag.py:538} INFO - Filling up the DagBag from /home/airflow/.local/lib/python3.7/site-packages/airflow/example_dags/example_bash_operator.py
[2023-01-02T02:07:19.408+0000] {processor.py:753} INFO - DAG(s) dict_keys(['example_bash_operator']) retrieved from /home/airflow/.local/lib/python3.7/site-packages/airflow/example_dags/example_bash_operator.py
[2023-01-02T02:07:19.442+0000] {logging_mixin.py:137} INFO - [2023-01-02T02:07:19.442+0000] {dag.py:2676} INFO - Sync 1 DAGs
[2023-01-02T02:07:19.460+0000] {logging_mixin.py:137} INFO - [2023-01-02T02:07:19.459+0000] {dag.py:3427} INFO - Setting next_dagrun for example_bash_operator to 2023-01-01T00:00:00+00:00, run_after=2023-01-02T00:00:00+00:00
[2023-01-02T02:07:19.472+0000] {processor.py:175} INFO - Processing /home/airflow/.local/lib/python3.7/site-packages/airflow/example_dags/example_bash_operator.py took 0.085 seconds
[2023-01-02T02:07:49.973+0000] {processor.py:153} INFO - Started process (PID=1069) to work on /home/airflow/.local/lib/python3.7/site-packages/airflow/example_dags/example_bash_operator.py
[2023-01-02T02:07:49.974+0000] {processor.py:743} INFO - Processing file /home/airflow/.local/lib/python3.7/site-packages/airflow/example_dags/example_bash_operator.py for tasks to queue
[2023-01-02T02:07:49.975+0000] {logging_mixin.py:137} INFO - [2023-01-02T02:07:49.974+0000] {dagbag.py:538} INFO - Filling up the DagBag from /home/airflow/.local/lib/python3.7/site-packages/airflow/example_dags/example_bash_operator.py
[2023-01-02T02:07:49.990+0000] {processor.py:753} INFO - DAG(s) dict_keys(['example_bash_operator']) retrieved from /home/airflow/.local/lib/python3.7/site-packages/airflow/example_dags/example_bash_operator.py
[2023-01-02T02:07:50.020+0000] {logging_mixin.py:137} INFO - [2023-01-02T02:07:50.020+0000] {dag.py:2676} INFO - Sync 1 DAGs
[2023-01-02T02:07:50.035+0000] {logging_mixin.py:137} INFO - [2023-01-02T02:07:50.035+0000] {dag.py:3427} INFO - Setting next_dagrun for example_bash_operator to 2023-01-01T00:00:00+00:00, run_after=2023-01-02T00:00:00+00:00
[2023-01-02T02:07:50.048+0000] {processor.py:175} INFO - Processing /home/airflow/.local/lib/python3.7/site-packages/airflow/example_dags/example_bash_operator.py took 0.078 seconds
[2023-01-02T02:08:20.418+0000] {processor.py:153} INFO - Started process (PID=1134) to work on /home/airflow/.local/lib/python3.7/site-packages/airflow/example_dags/example_bash_operator.py
[2023-01-02T02:08:20.420+0000] {processor.py:743} INFO - Processing file /home/airflow/.local/lib/python3.7/site-packages/airflow/example_dags/example_bash_operator.py for tasks to queue
[2023-01-02T02:08:20.421+0000] {logging_mixin.py:137} INFO - [2023-01-02T02:08:20.421+0000] {dagbag.py:538} INFO - Filling up the DagBag from /home/airflow/.local/lib/python3.7/site-packages/airflow/example_dags/example_bash_operator.py
[2023-01-02T02:08:20.437+0000] {processor.py:753} INFO - DAG(s) dict_keys(['example_bash_operator']) retrieved from /home/airflow/.local/lib/python3.7/site-packages/airflow/example_dags/example_bash_operator.py
[2023-01-02T02:08:20.471+0000] {logging_mixin.py:137} INFO - [2023-01-02T02:08:20.471+0000] {dag.py:2676} INFO - Sync 1 DAGs
[2023-01-02T02:08:20.488+0000] {logging_mixin.py:137} INFO - [2023-01-02T02:08:20.488+0000] {dag.py:3427} INFO - Setting next_dagrun for example_bash_operator to 2023-01-01T00:00:00+00:00, run_after=2023-01-02T00:00:00+00:00
[2023-01-02T02:08:20.501+0000] {processor.py:175} INFO - Processing /home/airflow/.local/lib/python3.7/site-packages/airflow/example_dags/example_bash_operator.py took 0.085 seconds
[2023-01-02T02:08:51.689+0000] {processor.py:153} INFO - Started process (PID=1212) to work on /home/airflow/.local/lib/python3.7/site-packages/airflow/example_dags/example_bash_operator.py
[2023-01-02T02:08:51.691+0000] {processor.py:743} INFO - Processing file /home/airflow/.local/lib/python3.7/site-packages/airflow/example_dags/example_bash_operator.py for tasks to queue
[2023-01-02T02:08:51.692+0000] {logging_mixin.py:137} INFO - [2023-01-02T02:08:51.692+0000] {dagbag.py:538} INFO - Filling up the DagBag from /home/airflow/.local/lib/python3.7/site-packages/airflow/example_dags/example_bash_operator.py
[2023-01-02T02:08:51.713+0000] {processor.py:753} INFO - DAG(s) dict_keys(['example_bash_operator']) retrieved from /home/airflow/.local/lib/python3.7/site-packages/airflow/example_dags/example_bash_operator.py
[2023-01-02T02:08:51.746+0000] {logging_mixin.py:137} INFO - [2023-01-02T02:08:51.746+0000] {dag.py:2676} INFO - Sync 1 DAGs
[2023-01-02T02:08:51.763+0000] {logging_mixin.py:137} INFO - [2023-01-02T02:08:51.763+0000] {dag.py:3427} INFO - Setting next_dagrun for example_bash_operator to 2023-01-01T00:00:00+00:00, run_after=2023-01-02T00:00:00+00:00
[2023-01-02T02:08:51.775+0000] {processor.py:175} INFO - Processing /home/airflow/.local/lib/python3.7/site-packages/airflow/example_dags/example_bash_operator.py took 0.090 seconds
[2023-01-02T02:09:22.113+0000] {processor.py:153} INFO - Started process (PID=1291) to work on /home/airflow/.local/lib/python3.7/site-packages/airflow/example_dags/example_bash_operator.py
[2023-01-02T02:09:22.115+0000] {processor.py:743} INFO - Processing file /home/airflow/.local/lib/python3.7/site-packages/airflow/example_dags/example_bash_operator.py for tasks to queue
[2023-01-02T02:09:22.116+0000] {logging_mixin.py:137} INFO - [2023-01-02T02:09:22.116+0000] {dagbag.py:538} INFO - Filling up the DagBag from /home/airflow/.local/lib/python3.7/site-packages/airflow/example_dags/example_bash_operator.py
[2023-01-02T02:09:22.134+0000] {processor.py:753} INFO - DAG(s) dict_keys(['example_bash_operator']) retrieved from /home/airflow/.local/lib/python3.7/site-packages/airflow/example_dags/example_bash_operator.py
[2023-01-02T02:09:22.172+0000] {logging_mixin.py:137} INFO - [2023-01-02T02:09:22.172+0000] {dag.py:2676} INFO - Sync 1 DAGs
[2023-01-02T02:09:22.195+0000] {logging_mixin.py:137} INFO - [2023-01-02T02:09:22.195+0000] {dag.py:3427} INFO - Setting next_dagrun for example_bash_operator to 2023-01-01T00:00:00+00:00, run_after=2023-01-02T00:00:00+00:00
[2023-01-02T02:09:22.207+0000] {processor.py:175} INFO - Processing /home/airflow/.local/lib/python3.7/site-packages/airflow/example_dags/example_bash_operator.py took 0.097 seconds
[2023-01-02T02:09:52.494+0000] {processor.py:153} INFO - Started process (PID=1356) to work on /home/airflow/.local/lib/python3.7/site-packages/airflow/example_dags/example_bash_operator.py
[2023-01-02T02:09:52.495+0000] {processor.py:743} INFO - Processing file /home/airflow/.local/lib/python3.7/site-packages/airflow/example_dags/example_bash_operator.py for tasks to queue
[2023-01-02T02:09:52.496+0000] {logging_mixin.py:137} INFO - [2023-01-02T02:09:52.496+0000] {dagbag.py:538} INFO - Filling up the DagBag from /home/airflow/.local/lib/python3.7/site-packages/airflow/example_dags/example_bash_operator.py
[2023-01-02T02:09:52.515+0000] {processor.py:753} INFO - DAG(s) dict_keys(['example_bash_operator']) retrieved from /home/airflow/.local/lib/python3.7/site-packages/airflow/example_dags/example_bash_operator.py
[2023-01-02T02:09:52.549+0000] {logging_mixin.py:137} INFO - [2023-01-02T02:09:52.548+0000] {dag.py:2676} INFO - Sync 1 DAGs
[2023-01-02T02:09:52.566+0000] {logging_mixin.py:137} INFO - [2023-01-02T02:09:52.566+0000] {dag.py:3427} INFO - Setting next_dagrun for example_bash_operator to 2023-01-01T00:00:00+00:00, run_after=2023-01-02T00:00:00+00:00
[2023-01-02T02:09:52.580+0000] {processor.py:175} INFO - Processing /home/airflow/.local/lib/python3.7/site-packages/airflow/example_dags/example_bash_operator.py took 0.090 seconds
