[2023-01-02T01:57:12.668+0000] {processor.py:153} INFO - Started process (PID=69) to work on /home/airflow/.local/lib/python3.7/site-packages/airflow/example_dags/example_branch_operator.py
[2023-01-02T01:57:12.670+0000] {processor.py:743} INFO - Processing file /home/airflow/.local/lib/python3.7/site-packages/airflow/example_dags/example_branch_operator.py for tasks to queue
[2023-01-02T01:57:12.672+0000] {logging_mixin.py:137} INFO - [2023-01-02T01:57:12.672+0000] {dagbag.py:538} INFO - Filling up the DagBag from /home/airflow/.local/lib/python3.7/site-packages/airflow/example_dags/example_branch_operator.py
[2023-01-02T01:57:12.710+0000] {processor.py:753} INFO - DAG(s) dict_keys(['example_branch_operator']) retrieved from /home/airflow/.local/lib/python3.7/site-packages/airflow/example_dags/example_branch_operator.py
[2023-01-02T01:57:12.764+0000] {logging_mixin.py:137} INFO - [2023-01-02T01:57:12.764+0000] {dag.py:2676} INFO - Sync 1 DAGs
[2023-01-02T01:57:12.787+0000] {logging_mixin.py:137} INFO - [2023-01-02T01:57:12.787+0000] {dag.py:3427} INFO - Setting next_dagrun for example_branch_operator to 2023-01-01T00:00:00+00:00, run_after=2023-01-02T00:00:00+00:00
[2023-01-02T01:57:12.819+0000] {processor.py:175} INFO - Processing /home/airflow/.local/lib/python3.7/site-packages/airflow/example_dags/example_branch_operator.py took 0.167 seconds
[2023-01-02T01:57:43.479+0000] {processor.py:153} INFO - Started process (PID=147) to work on /home/airflow/.local/lib/python3.7/site-packages/airflow/example_dags/example_branch_operator.py
[2023-01-02T01:57:43.481+0000] {processor.py:743} INFO - Processing file /home/airflow/.local/lib/python3.7/site-packages/airflow/example_dags/example_branch_operator.py for tasks to queue
[2023-01-02T01:57:43.481+0000] {logging_mixin.py:137} INFO - [2023-01-02T01:57:43.481+0000] {dagbag.py:538} INFO - Filling up the DagBag from /home/airflow/.local/lib/python3.7/site-packages/airflow/example_dags/example_branch_operator.py
[2023-01-02T01:57:43.494+0000] {processor.py:753} INFO - DAG(s) dict_keys(['example_branch_operator']) retrieved from /home/airflow/.local/lib/python3.7/site-packages/airflow/example_dags/example_branch_operator.py
[2023-01-02T01:57:43.522+0000] {logging_mixin.py:137} INFO - [2023-01-02T01:57:43.522+0000] {dag.py:2676} INFO - Sync 1 DAGs
[2023-01-02T01:57:43.540+0000] {logging_mixin.py:137} INFO - [2023-01-02T01:57:43.540+0000] {dag.py:3427} INFO - Setting next_dagrun for example_branch_operator to 2023-01-01T00:00:00+00:00, run_after=2023-01-02T00:00:00+00:00
[2023-01-02T01:57:43.556+0000] {processor.py:175} INFO - Processing /home/airflow/.local/lib/python3.7/site-packages/airflow/example_dags/example_branch_operator.py took 0.080 seconds
[2023-01-02T01:58:13.702+0000] {processor.py:153} INFO - Started process (PID=224) to work on /home/airflow/.local/lib/python3.7/site-packages/airflow/example_dags/example_branch_operator.py
[2023-01-02T01:58:13.704+0000] {processor.py:743} INFO - Processing file /home/airflow/.local/lib/python3.7/site-packages/airflow/example_dags/example_branch_operator.py for tasks to queue
[2023-01-02T01:58:13.705+0000] {logging_mixin.py:137} INFO - [2023-01-02T01:58:13.704+0000] {dagbag.py:538} INFO - Filling up the DagBag from /home/airflow/.local/lib/python3.7/site-packages/airflow/example_dags/example_branch_operator.py
[2023-01-02T01:58:13.721+0000] {processor.py:753} INFO - DAG(s) dict_keys(['example_branch_operator']) retrieved from /home/airflow/.local/lib/python3.7/site-packages/airflow/example_dags/example_branch_operator.py
[2023-01-02T01:58:13.755+0000] {logging_mixin.py:137} INFO - [2023-01-02T01:58:13.755+0000] {dag.py:2676} INFO - Sync 1 DAGs
[2023-01-02T01:58:13.771+0000] {logging_mixin.py:137} INFO - [2023-01-02T01:58:13.771+0000] {dag.py:3427} INFO - Setting next_dagrun for example_branch_operator to 2023-01-01T00:00:00+00:00, run_after=2023-01-02T00:00:00+00:00
[2023-01-02T01:58:13.782+0000] {processor.py:175} INFO - Processing /home/airflow/.local/lib/python3.7/site-packages/airflow/example_dags/example_branch_operator.py took 0.084 seconds
[2023-01-02T02:00:43.857+0000] {processor.py:153} INFO - Started process (PID=69) to work on /home/airflow/.local/lib/python3.7/site-packages/airflow/example_dags/example_branch_operator.py
[2023-01-02T02:00:43.859+0000] {processor.py:743} INFO - Processing file /home/airflow/.local/lib/python3.7/site-packages/airflow/example_dags/example_branch_operator.py for tasks to queue
[2023-01-02T02:00:43.860+0000] {logging_mixin.py:137} INFO - [2023-01-02T02:00:43.860+0000] {dagbag.py:538} INFO - Filling up the DagBag from /home/airflow/.local/lib/python3.7/site-packages/airflow/example_dags/example_branch_operator.py
[2023-01-02T02:00:43.888+0000] {processor.py:753} INFO - DAG(s) dict_keys(['example_branch_operator']) retrieved from /home/airflow/.local/lib/python3.7/site-packages/airflow/example_dags/example_branch_operator.py
[2023-01-02T02:00:43.926+0000] {logging_mixin.py:137} INFO - [2023-01-02T02:00:43.926+0000] {dag.py:2676} INFO - Sync 1 DAGs
[2023-01-02T02:00:43.951+0000] {logging_mixin.py:137} INFO - [2023-01-02T02:00:43.951+0000] {dag.py:3427} INFO - Setting next_dagrun for example_branch_operator to 2023-01-01T00:00:00+00:00, run_after=2023-01-02T00:00:00+00:00
[2023-01-02T02:00:43.966+0000] {processor.py:175} INFO - Processing /home/airflow/.local/lib/python3.7/site-packages/airflow/example_dags/example_branch_operator.py took 0.113 seconds
[2023-01-02T02:01:14.698+0000] {processor.py:153} INFO - Started process (PID=147) to work on /home/airflow/.local/lib/python3.7/site-packages/airflow/example_dags/example_branch_operator.py
[2023-01-02T02:01:14.699+0000] {processor.py:743} INFO - Processing file /home/airflow/.local/lib/python3.7/site-packages/airflow/example_dags/example_branch_operator.py for tasks to queue
[2023-01-02T02:01:14.700+0000] {logging_mixin.py:137} INFO - [2023-01-02T02:01:14.700+0000] {dagbag.py:538} INFO - Filling up the DagBag from /home/airflow/.local/lib/python3.7/site-packages/airflow/example_dags/example_branch_operator.py
[2023-01-02T02:01:14.713+0000] {processor.py:753} INFO - DAG(s) dict_keys(['example_branch_operator']) retrieved from /home/airflow/.local/lib/python3.7/site-packages/airflow/example_dags/example_branch_operator.py
[2023-01-02T02:01:14.745+0000] {logging_mixin.py:137} INFO - [2023-01-02T02:01:14.744+0000] {dag.py:2676} INFO - Sync 1 DAGs
[2023-01-02T02:01:14.764+0000] {logging_mixin.py:137} INFO - [2023-01-02T02:01:14.764+0000] {dag.py:3427} INFO - Setting next_dagrun for example_branch_operator to 2023-01-01T00:00:00+00:00, run_after=2023-01-02T00:00:00+00:00
[2023-01-02T02:01:14.777+0000] {processor.py:175} INFO - Processing /home/airflow/.local/lib/python3.7/site-packages/airflow/example_dags/example_branch_operator.py took 0.082 seconds
[2023-01-02T02:01:45.373+0000] {processor.py:153} INFO - Started process (PID=218) to work on /home/airflow/.local/lib/python3.7/site-packages/airflow/example_dags/example_branch_operator.py
[2023-01-02T02:01:45.375+0000] {processor.py:743} INFO - Processing file /home/airflow/.local/lib/python3.7/site-packages/airflow/example_dags/example_branch_operator.py for tasks to queue
[2023-01-02T02:01:45.377+0000] {logging_mixin.py:137} INFO - [2023-01-02T02:01:45.377+0000] {dagbag.py:538} INFO - Filling up the DagBag from /home/airflow/.local/lib/python3.7/site-packages/airflow/example_dags/example_branch_operator.py
[2023-01-02T02:01:45.393+0000] {processor.py:753} INFO - DAG(s) dict_keys(['example_branch_operator']) retrieved from /home/airflow/.local/lib/python3.7/site-packages/airflow/example_dags/example_branch_operator.py
[2023-01-02T02:01:45.426+0000] {logging_mixin.py:137} INFO - [2023-01-02T02:01:45.426+0000] {dag.py:2676} INFO - Sync 1 DAGs
[2023-01-02T02:01:45.443+0000] {logging_mixin.py:137} INFO - [2023-01-02T02:01:45.443+0000] {dag.py:3427} INFO - Setting next_dagrun for example_branch_operator to 2023-01-01T00:00:00+00:00, run_after=2023-01-02T00:00:00+00:00
[2023-01-02T02:01:45.458+0000] {processor.py:175} INFO - Processing /home/airflow/.local/lib/python3.7/site-packages/airflow/example_dags/example_branch_operator.py took 0.089 seconds
[2023-01-02T02:02:15.730+0000] {processor.py:153} INFO - Started process (PID=290) to work on /home/airflow/.local/lib/python3.7/site-packages/airflow/example_dags/example_branch_operator.py
[2023-01-02T02:02:15.731+0000] {processor.py:743} INFO - Processing file /home/airflow/.local/lib/python3.7/site-packages/airflow/example_dags/example_branch_operator.py for tasks to queue
[2023-01-02T02:02:15.732+0000] {logging_mixin.py:137} INFO - [2023-01-02T02:02:15.732+0000] {dagbag.py:538} INFO - Filling up the DagBag from /home/airflow/.local/lib/python3.7/site-packages/airflow/example_dags/example_branch_operator.py
[2023-01-02T02:02:15.745+0000] {processor.py:753} INFO - DAG(s) dict_keys(['example_branch_operator']) retrieved from /home/airflow/.local/lib/python3.7/site-packages/airflow/example_dags/example_branch_operator.py
[2023-01-02T02:02:15.776+0000] {logging_mixin.py:137} INFO - [2023-01-02T02:02:15.775+0000] {dag.py:2676} INFO - Sync 1 DAGs
[2023-01-02T02:02:15.793+0000] {logging_mixin.py:137} INFO - [2023-01-02T02:02:15.793+0000] {dag.py:3427} INFO - Setting next_dagrun for example_branch_operator to 2023-01-01T00:00:00+00:00, run_after=2023-01-02T00:00:00+00:00
[2023-01-02T02:02:15.807+0000] {processor.py:175} INFO - Processing /home/airflow/.local/lib/python3.7/site-packages/airflow/example_dags/example_branch_operator.py took 0.080 seconds
[2023-01-02T02:02:45.865+0000] {processor.py:153} INFO - Started process (PID=369) to work on /home/airflow/.local/lib/python3.7/site-packages/airflow/example_dags/example_branch_operator.py
[2023-01-02T02:02:45.866+0000] {processor.py:743} INFO - Processing file /home/airflow/.local/lib/python3.7/site-packages/airflow/example_dags/example_branch_operator.py for tasks to queue
[2023-01-02T02:02:45.867+0000] {logging_mixin.py:137} INFO - [2023-01-02T02:02:45.867+0000] {dagbag.py:538} INFO - Filling up the DagBag from /home/airflow/.local/lib/python3.7/site-packages/airflow/example_dags/example_branch_operator.py
[2023-01-02T02:02:45.879+0000] {processor.py:753} INFO - DAG(s) dict_keys(['example_branch_operator']) retrieved from /home/airflow/.local/lib/python3.7/site-packages/airflow/example_dags/example_branch_operator.py
[2023-01-02T02:02:45.909+0000] {logging_mixin.py:137} INFO - [2023-01-02T02:02:45.909+0000] {dag.py:2676} INFO - Sync 1 DAGs
[2023-01-02T02:02:45.926+0000] {logging_mixin.py:137} INFO - [2023-01-02T02:02:45.926+0000] {dag.py:3427} INFO - Setting next_dagrun for example_branch_operator to 2023-01-01T00:00:00+00:00, run_after=2023-01-02T00:00:00+00:00
[2023-01-02T02:02:45.938+0000] {processor.py:175} INFO - Processing /home/airflow/.local/lib/python3.7/site-packages/airflow/example_dags/example_branch_operator.py took 0.076 seconds
[2023-01-02T02:03:16.317+0000] {processor.py:153} INFO - Started process (PID=434) to work on /home/airflow/.local/lib/python3.7/site-packages/airflow/example_dags/example_branch_operator.py
[2023-01-02T02:03:16.319+0000] {processor.py:743} INFO - Processing file /home/airflow/.local/lib/python3.7/site-packages/airflow/example_dags/example_branch_operator.py for tasks to queue
[2023-01-02T02:03:16.320+0000] {logging_mixin.py:137} INFO - [2023-01-02T02:03:16.320+0000] {dagbag.py:538} INFO - Filling up the DagBag from /home/airflow/.local/lib/python3.7/site-packages/airflow/example_dags/example_branch_operator.py
[2023-01-02T02:03:16.337+0000] {processor.py:753} INFO - DAG(s) dict_keys(['example_branch_operator']) retrieved from /home/airflow/.local/lib/python3.7/site-packages/airflow/example_dags/example_branch_operator.py
[2023-01-02T02:03:16.374+0000] {logging_mixin.py:137} INFO - [2023-01-02T02:03:16.374+0000] {dag.py:2676} INFO - Sync 1 DAGs
[2023-01-02T02:03:16.391+0000] {logging_mixin.py:137} INFO - [2023-01-02T02:03:16.391+0000] {dag.py:3427} INFO - Setting next_dagrun for example_branch_operator to 2023-01-01T00:00:00+00:00, run_after=2023-01-02T00:00:00+00:00
[2023-01-02T02:03:16.404+0000] {processor.py:175} INFO - Processing /home/airflow/.local/lib/python3.7/site-packages/airflow/example_dags/example_branch_operator.py took 0.089 seconds
[2023-01-02T02:03:46.455+0000] {processor.py:153} INFO - Started process (PID=512) to work on /home/airflow/.local/lib/python3.7/site-packages/airflow/example_dags/example_branch_operator.py
[2023-01-02T02:03:46.457+0000] {processor.py:743} INFO - Processing file /home/airflow/.local/lib/python3.7/site-packages/airflow/example_dags/example_branch_operator.py for tasks to queue
[2023-01-02T02:03:46.458+0000] {logging_mixin.py:137} INFO - [2023-01-02T02:03:46.458+0000] {dagbag.py:538} INFO - Filling up the DagBag from /home/airflow/.local/lib/python3.7/site-packages/airflow/example_dags/example_branch_operator.py
[2023-01-02T02:03:46.470+0000] {processor.py:753} INFO - DAG(s) dict_keys(['example_branch_operator']) retrieved from /home/airflow/.local/lib/python3.7/site-packages/airflow/example_dags/example_branch_operator.py
[2023-01-02T02:03:46.496+0000] {logging_mixin.py:137} INFO - [2023-01-02T02:03:46.496+0000] {dag.py:2676} INFO - Sync 1 DAGs
[2023-01-02T02:03:46.512+0000] {logging_mixin.py:137} INFO - [2023-01-02T02:03:46.511+0000] {dag.py:3427} INFO - Setting next_dagrun for example_branch_operator to 2023-01-01T00:00:00+00:00, run_after=2023-01-02T00:00:00+00:00
[2023-01-02T02:03:46.524+0000] {processor.py:175} INFO - Processing /home/airflow/.local/lib/python3.7/site-packages/airflow/example_dags/example_branch_operator.py took 0.072 seconds
[2023-01-02T02:04:17.295+0000] {processor.py:153} INFO - Started process (PID=590) to work on /home/airflow/.local/lib/python3.7/site-packages/airflow/example_dags/example_branch_operator.py
[2023-01-02T02:04:17.296+0000] {processor.py:743} INFO - Processing file /home/airflow/.local/lib/python3.7/site-packages/airflow/example_dags/example_branch_operator.py for tasks to queue
[2023-01-02T02:04:17.297+0000] {logging_mixin.py:137} INFO - [2023-01-02T02:04:17.297+0000] {dagbag.py:538} INFO - Filling up the DagBag from /home/airflow/.local/lib/python3.7/site-packages/airflow/example_dags/example_branch_operator.py
[2023-01-02T02:04:17.310+0000] {processor.py:753} INFO - DAG(s) dict_keys(['example_branch_operator']) retrieved from /home/airflow/.local/lib/python3.7/site-packages/airflow/example_dags/example_branch_operator.py
[2023-01-02T02:04:17.340+0000] {logging_mixin.py:137} INFO - [2023-01-02T02:04:17.340+0000] {dag.py:2676} INFO - Sync 1 DAGs
[2023-01-02T02:04:17.357+0000] {logging_mixin.py:137} INFO - [2023-01-02T02:04:17.357+0000] {dag.py:3427} INFO - Setting next_dagrun for example_branch_operator to 2023-01-01T00:00:00+00:00, run_after=2023-01-02T00:00:00+00:00
[2023-01-02T02:04:17.368+0000] {processor.py:175} INFO - Processing /home/airflow/.local/lib/python3.7/site-packages/airflow/example_dags/example_branch_operator.py took 0.076 seconds
[2023-01-02T02:04:48.057+0000] {processor.py:153} INFO - Started process (PID=657) to work on /home/airflow/.local/lib/python3.7/site-packages/airflow/example_dags/example_branch_operator.py
[2023-01-02T02:04:48.058+0000] {processor.py:743} INFO - Processing file /home/airflow/.local/lib/python3.7/site-packages/airflow/example_dags/example_branch_operator.py for tasks to queue
[2023-01-02T02:04:48.059+0000] {logging_mixin.py:137} INFO - [2023-01-02T02:04:48.059+0000] {dagbag.py:538} INFO - Filling up the DagBag from /home/airflow/.local/lib/python3.7/site-packages/airflow/example_dags/example_branch_operator.py
[2023-01-02T02:04:48.071+0000] {processor.py:753} INFO - DAG(s) dict_keys(['example_branch_operator']) retrieved from /home/airflow/.local/lib/python3.7/site-packages/airflow/example_dags/example_branch_operator.py
[2023-01-02T02:04:48.105+0000] {logging_mixin.py:137} INFO - [2023-01-02T02:04:48.105+0000] {dag.py:2676} INFO - Sync 1 DAGs
[2023-01-02T02:04:48.130+0000] {logging_mixin.py:137} INFO - [2023-01-02T02:04:48.130+0000] {dag.py:3427} INFO - Setting next_dagrun for example_branch_operator to 2023-01-01T00:00:00+00:00, run_after=2023-01-02T00:00:00+00:00
[2023-01-02T02:04:48.155+0000] {processor.py:175} INFO - Processing /home/airflow/.local/lib/python3.7/site-packages/airflow/example_dags/example_branch_operator.py took 0.102 seconds
[2023-01-02T02:05:18.580+0000] {processor.py:153} INFO - Started process (PID=734) to work on /home/airflow/.local/lib/python3.7/site-packages/airflow/example_dags/example_branch_operator.py
[2023-01-02T02:05:18.581+0000] {processor.py:743} INFO - Processing file /home/airflow/.local/lib/python3.7/site-packages/airflow/example_dags/example_branch_operator.py for tasks to queue
[2023-01-02T02:05:18.582+0000] {logging_mixin.py:137} INFO - [2023-01-02T02:05:18.582+0000] {dagbag.py:538} INFO - Filling up the DagBag from /home/airflow/.local/lib/python3.7/site-packages/airflow/example_dags/example_branch_operator.py
[2023-01-02T02:05:18.595+0000] {processor.py:753} INFO - DAG(s) dict_keys(['example_branch_operator']) retrieved from /home/airflow/.local/lib/python3.7/site-packages/airflow/example_dags/example_branch_operator.py
[2023-01-02T02:05:18.646+0000] {logging_mixin.py:137} INFO - [2023-01-02T02:05:18.646+0000] {dag.py:2676} INFO - Sync 1 DAGs
[2023-01-02T02:05:18.666+0000] {logging_mixin.py:137} INFO - [2023-01-02T02:05:18.666+0000] {dag.py:3427} INFO - Setting next_dagrun for example_branch_operator to 2023-01-01T00:00:00+00:00, run_after=2023-01-02T00:00:00+00:00
[2023-01-02T02:05:18.679+0000] {processor.py:175} INFO - Processing /home/airflow/.local/lib/python3.7/site-packages/airflow/example_dags/example_branch_operator.py took 0.102 seconds
[2023-01-02T02:05:49.490+0000] {processor.py:153} INFO - Started process (PID=799) to work on /home/airflow/.local/lib/python3.7/site-packages/airflow/example_dags/example_branch_operator.py
[2023-01-02T02:05:49.492+0000] {processor.py:743} INFO - Processing file /home/airflow/.local/lib/python3.7/site-packages/airflow/example_dags/example_branch_operator.py for tasks to queue
[2023-01-02T02:05:49.492+0000] {logging_mixin.py:137} INFO - [2023-01-02T02:05:49.492+0000] {dagbag.py:538} INFO - Filling up the DagBag from /home/airflow/.local/lib/python3.7/site-packages/airflow/example_dags/example_branch_operator.py
[2023-01-02T02:05:49.506+0000] {processor.py:753} INFO - DAG(s) dict_keys(['example_branch_operator']) retrieved from /home/airflow/.local/lib/python3.7/site-packages/airflow/example_dags/example_branch_operator.py
[2023-01-02T02:05:49.535+0000] {logging_mixin.py:137} INFO - [2023-01-02T02:05:49.535+0000] {dag.py:2676} INFO - Sync 1 DAGs
[2023-01-02T02:05:49.552+0000] {logging_mixin.py:137} INFO - [2023-01-02T02:05:49.552+0000] {dag.py:3427} INFO - Setting next_dagrun for example_branch_operator to 2023-01-01T00:00:00+00:00, run_after=2023-01-02T00:00:00+00:00
[2023-01-02T02:05:49.565+0000] {processor.py:175} INFO - Processing /home/airflow/.local/lib/python3.7/site-packages/airflow/example_dags/example_branch_operator.py took 0.078 seconds
[2023-01-02T02:06:19.763+0000] {processor.py:153} INFO - Started process (PID=878) to work on /home/airflow/.local/lib/python3.7/site-packages/airflow/example_dags/example_branch_operator.py
[2023-01-02T02:06:19.764+0000] {processor.py:743} INFO - Processing file /home/airflow/.local/lib/python3.7/site-packages/airflow/example_dags/example_branch_operator.py for tasks to queue
[2023-01-02T02:06:19.765+0000] {logging_mixin.py:137} INFO - [2023-01-02T02:06:19.765+0000] {dagbag.py:538} INFO - Filling up the DagBag from /home/airflow/.local/lib/python3.7/site-packages/airflow/example_dags/example_branch_operator.py
[2023-01-02T02:06:19.777+0000] {processor.py:753} INFO - DAG(s) dict_keys(['example_branch_operator']) retrieved from /home/airflow/.local/lib/python3.7/site-packages/airflow/example_dags/example_branch_operator.py
[2023-01-02T02:06:19.803+0000] {logging_mixin.py:137} INFO - [2023-01-02T02:06:19.803+0000] {dag.py:2676} INFO - Sync 1 DAGs
[2023-01-02T02:06:19.819+0000] {logging_mixin.py:137} INFO - [2023-01-02T02:06:19.818+0000] {dag.py:3427} INFO - Setting next_dagrun for example_branch_operator to 2023-01-01T00:00:00+00:00, run_after=2023-01-02T00:00:00+00:00
[2023-01-02T02:06:19.828+0000] {processor.py:175} INFO - Processing /home/airflow/.local/lib/python3.7/site-packages/airflow/example_dags/example_branch_operator.py took 0.069 seconds
[2023-01-02T02:06:50.690+0000] {processor.py:153} INFO - Started process (PID=956) to work on /home/airflow/.local/lib/python3.7/site-packages/airflow/example_dags/example_branch_operator.py
[2023-01-02T02:06:50.691+0000] {processor.py:743} INFO - Processing file /home/airflow/.local/lib/python3.7/site-packages/airflow/example_dags/example_branch_operator.py for tasks to queue
[2023-01-02T02:06:50.692+0000] {logging_mixin.py:137} INFO - [2023-01-02T02:06:50.692+0000] {dagbag.py:538} INFO - Filling up the DagBag from /home/airflow/.local/lib/python3.7/site-packages/airflow/example_dags/example_branch_operator.py
[2023-01-02T02:06:50.705+0000] {processor.py:753} INFO - DAG(s) dict_keys(['example_branch_operator']) retrieved from /home/airflow/.local/lib/python3.7/site-packages/airflow/example_dags/example_branch_operator.py
[2023-01-02T02:06:50.735+0000] {logging_mixin.py:137} INFO - [2023-01-02T02:06:50.735+0000] {dag.py:2676} INFO - Sync 1 DAGs
[2023-01-02T02:06:50.754+0000] {logging_mixin.py:137} INFO - [2023-01-02T02:06:50.754+0000] {dag.py:3427} INFO - Setting next_dagrun for example_branch_operator to 2023-01-01T00:00:00+00:00, run_after=2023-01-02T00:00:00+00:00
[2023-01-02T02:06:50.767+0000] {processor.py:175} INFO - Processing /home/airflow/.local/lib/python3.7/site-packages/airflow/example_dags/example_branch_operator.py took 0.081 seconds
[2023-01-02T02:07:21.296+0000] {processor.py:153} INFO - Started process (PID=1022) to work on /home/airflow/.local/lib/python3.7/site-packages/airflow/example_dags/example_branch_operator.py
[2023-01-02T02:07:21.301+0000] {processor.py:743} INFO - Processing file /home/airflow/.local/lib/python3.7/site-packages/airflow/example_dags/example_branch_operator.py for tasks to queue
[2023-01-02T02:07:21.302+0000] {logging_mixin.py:137} INFO - [2023-01-02T02:07:21.302+0000] {dagbag.py:538} INFO - Filling up the DagBag from /home/airflow/.local/lib/python3.7/site-packages/airflow/example_dags/example_branch_operator.py
[2023-01-02T02:07:21.317+0000] {processor.py:753} INFO - DAG(s) dict_keys(['example_branch_operator']) retrieved from /home/airflow/.local/lib/python3.7/site-packages/airflow/example_dags/example_branch_operator.py
[2023-01-02T02:07:21.352+0000] {logging_mixin.py:137} INFO - [2023-01-02T02:07:21.351+0000] {dag.py:2676} INFO - Sync 1 DAGs
[2023-01-02T02:07:21.369+0000] {logging_mixin.py:137} INFO - [2023-01-02T02:07:21.369+0000] {dag.py:3427} INFO - Setting next_dagrun for example_branch_operator to 2023-01-01T00:00:00+00:00, run_after=2023-01-02T00:00:00+00:00
[2023-01-02T02:07:21.379+0000] {processor.py:175} INFO - Processing /home/airflow/.local/lib/python3.7/site-packages/airflow/example_dags/example_branch_operator.py took 0.086 seconds
[2023-01-02T02:07:51.707+0000] {processor.py:153} INFO - Started process (PID=1100) to work on /home/airflow/.local/lib/python3.7/site-packages/airflow/example_dags/example_branch_operator.py
[2023-01-02T02:07:51.709+0000] {processor.py:743} INFO - Processing file /home/airflow/.local/lib/python3.7/site-packages/airflow/example_dags/example_branch_operator.py for tasks to queue
[2023-01-02T02:07:51.709+0000] {logging_mixin.py:137} INFO - [2023-01-02T02:07:51.709+0000] {dagbag.py:538} INFO - Filling up the DagBag from /home/airflow/.local/lib/python3.7/site-packages/airflow/example_dags/example_branch_operator.py
[2023-01-02T02:07:51.723+0000] {processor.py:753} INFO - DAG(s) dict_keys(['example_branch_operator']) retrieved from /home/airflow/.local/lib/python3.7/site-packages/airflow/example_dags/example_branch_operator.py
[2023-01-02T02:07:51.749+0000] {logging_mixin.py:137} INFO - [2023-01-02T02:07:51.749+0000] {dag.py:2676} INFO - Sync 1 DAGs
[2023-01-02T02:07:51.765+0000] {logging_mixin.py:137} INFO - [2023-01-02T02:07:51.765+0000] {dag.py:3427} INFO - Setting next_dagrun for example_branch_operator to 2023-01-01T00:00:00+00:00, run_after=2023-01-02T00:00:00+00:00
[2023-01-02T02:07:51.776+0000] {processor.py:175} INFO - Processing /home/airflow/.local/lib/python3.7/site-packages/airflow/example_dags/example_branch_operator.py took 0.071 seconds
[2023-01-02T02:08:22.822+0000] {processor.py:153} INFO - Started process (PID=1177) to work on /home/airflow/.local/lib/python3.7/site-packages/airflow/example_dags/example_branch_operator.py
[2023-01-02T02:08:22.823+0000] {processor.py:743} INFO - Processing file /home/airflow/.local/lib/python3.7/site-packages/airflow/example_dags/example_branch_operator.py for tasks to queue
[2023-01-02T02:08:22.824+0000] {logging_mixin.py:137} INFO - [2023-01-02T02:08:22.824+0000] {dagbag.py:538} INFO - Filling up the DagBag from /home/airflow/.local/lib/python3.7/site-packages/airflow/example_dags/example_branch_operator.py
[2023-01-02T02:08:22.839+0000] {processor.py:753} INFO - DAG(s) dict_keys(['example_branch_operator']) retrieved from /home/airflow/.local/lib/python3.7/site-packages/airflow/example_dags/example_branch_operator.py
[2023-01-02T02:08:22.869+0000] {logging_mixin.py:137} INFO - [2023-01-02T02:08:22.868+0000] {dag.py:2676} INFO - Sync 1 DAGs
[2023-01-02T02:08:22.885+0000] {logging_mixin.py:137} INFO - [2023-01-02T02:08:22.885+0000] {dag.py:3427} INFO - Setting next_dagrun for example_branch_operator to 2023-01-01T00:00:00+00:00, run_after=2023-01-02T00:00:00+00:00
[2023-01-02T02:08:22.896+0000] {processor.py:175} INFO - Processing /home/airflow/.local/lib/python3.7/site-packages/airflow/example_dags/example_branch_operator.py took 0.077 seconds
[2023-01-02T02:08:53.335+0000] {processor.py:153} INFO - Started process (PID=1242) to work on /home/airflow/.local/lib/python3.7/site-packages/airflow/example_dags/example_branch_operator.py
[2023-01-02T02:08:53.337+0000] {processor.py:743} INFO - Processing file /home/airflow/.local/lib/python3.7/site-packages/airflow/example_dags/example_branch_operator.py for tasks to queue
[2023-01-02T02:08:53.338+0000] {logging_mixin.py:137} INFO - [2023-01-02T02:08:53.338+0000] {dagbag.py:538} INFO - Filling up the DagBag from /home/airflow/.local/lib/python3.7/site-packages/airflow/example_dags/example_branch_operator.py
[2023-01-02T02:08:53.351+0000] {processor.py:753} INFO - DAG(s) dict_keys(['example_branch_operator']) retrieved from /home/airflow/.local/lib/python3.7/site-packages/airflow/example_dags/example_branch_operator.py
[2023-01-02T02:08:53.380+0000] {logging_mixin.py:137} INFO - [2023-01-02T02:08:53.380+0000] {dag.py:2676} INFO - Sync 1 DAGs
[2023-01-02T02:08:53.396+0000] {logging_mixin.py:137} INFO - [2023-01-02T02:08:53.396+0000] {dag.py:3427} INFO - Setting next_dagrun for example_branch_operator to 2023-01-01T00:00:00+00:00, run_after=2023-01-02T00:00:00+00:00
[2023-01-02T02:08:53.407+0000] {processor.py:175} INFO - Processing /home/airflow/.local/lib/python3.7/site-packages/airflow/example_dags/example_branch_operator.py took 0.074 seconds
[2023-01-02T02:09:23.677+0000] {processor.py:153} INFO - Started process (PID=1321) to work on /home/airflow/.local/lib/python3.7/site-packages/airflow/example_dags/example_branch_operator.py
[2023-01-02T02:09:23.678+0000] {processor.py:743} INFO - Processing file /home/airflow/.local/lib/python3.7/site-packages/airflow/example_dags/example_branch_operator.py for tasks to queue
[2023-01-02T02:09:23.679+0000] {logging_mixin.py:137} INFO - [2023-01-02T02:09:23.679+0000] {dagbag.py:538} INFO - Filling up the DagBag from /home/airflow/.local/lib/python3.7/site-packages/airflow/example_dags/example_branch_operator.py
[2023-01-02T02:09:23.692+0000] {processor.py:753} INFO - DAG(s) dict_keys(['example_branch_operator']) retrieved from /home/airflow/.local/lib/python3.7/site-packages/airflow/example_dags/example_branch_operator.py
[2023-01-02T02:09:23.723+0000] {logging_mixin.py:137} INFO - [2023-01-02T02:09:23.723+0000] {dag.py:2676} INFO - Sync 1 DAGs
[2023-01-02T02:09:23.740+0000] {logging_mixin.py:137} INFO - [2023-01-02T02:09:23.740+0000] {dag.py:3427} INFO - Setting next_dagrun for example_branch_operator to 2023-01-01T00:00:00+00:00, run_after=2023-01-02T00:00:00+00:00
[2023-01-02T02:09:23.752+0000] {processor.py:175} INFO - Processing /home/airflow/.local/lib/python3.7/site-packages/airflow/example_dags/example_branch_operator.py took 0.078 seconds
[2023-01-02T02:09:54.367+0000] {processor.py:153} INFO - Started process (PID=1399) to work on /home/airflow/.local/lib/python3.7/site-packages/airflow/example_dags/example_branch_operator.py
[2023-01-02T02:09:54.369+0000] {processor.py:743} INFO - Processing file /home/airflow/.local/lib/python3.7/site-packages/airflow/example_dags/example_branch_operator.py for tasks to queue
[2023-01-02T02:09:54.370+0000] {logging_mixin.py:137} INFO - [2023-01-02T02:09:54.369+0000] {dagbag.py:538} INFO - Filling up the DagBag from /home/airflow/.local/lib/python3.7/site-packages/airflow/example_dags/example_branch_operator.py
[2023-01-02T02:09:54.386+0000] {processor.py:753} INFO - DAG(s) dict_keys(['example_branch_operator']) retrieved from /home/airflow/.local/lib/python3.7/site-packages/airflow/example_dags/example_branch_operator.py
[2023-01-02T02:09:54.428+0000] {logging_mixin.py:137} INFO - [2023-01-02T02:09:54.428+0000] {dag.py:2676} INFO - Sync 1 DAGs
[2023-01-02T02:09:54.447+0000] {logging_mixin.py:137} INFO - [2023-01-02T02:09:54.447+0000] {dag.py:3427} INFO - Setting next_dagrun for example_branch_operator to 2023-01-01T00:00:00+00:00, run_after=2023-01-02T00:00:00+00:00
[2023-01-02T02:09:54.461+0000] {processor.py:175} INFO - Processing /home/airflow/.local/lib/python3.7/site-packages/airflow/example_dags/example_branch_operator.py took 0.097 seconds
