[2023-01-02T01:57:10.083+0000] {processor.py:153} INFO - Started process (PID=41) to work on /home/airflow/.local/lib/python3.7/site-packages/airflow/example_dags/example_dag_decorator.py
[2023-01-02T01:57:10.084+0000] {processor.py:743} INFO - Processing file /home/airflow/.local/lib/python3.7/site-packages/airflow/example_dags/example_dag_decorator.py for tasks to queue
[2023-01-02T01:57:10.085+0000] {logging_mixin.py:137} INFO - [2023-01-02T01:57:10.085+0000] {dagbag.py:538} INFO - Filling up the DagBag from /home/airflow/.local/lib/python3.7/site-packages/airflow/example_dags/example_dag_decorator.py
[2023-01-02T01:57:10.099+0000] {logging_mixin.py:137} INFO - [2023-01-02T01:57:10.099+0000] {taskmixin.py:205} WARNING - Dependency <Task(_PythonDecoratedOperator): prepare_email>, send_email already registered for DAG: example_dag_decorator
[2023-01-02T01:57:10.100+0000] {logging_mixin.py:137} INFO - [2023-01-02T01:57:10.100+0000] {taskmixin.py:205} WARNING - Dependency <Task(EmailOperator): send_email>, prepare_email already registered for DAG: example_dag_decorator
[2023-01-02T01:57:10.115+0000] {processor.py:753} INFO - DAG(s) dict_keys(['example_dag_decorator']) retrieved from /home/airflow/.local/lib/python3.7/site-packages/airflow/example_dags/example_dag_decorator.py
[2023-01-02T01:57:10.137+0000] {logging_mixin.py:137} INFO - [2023-01-02T01:57:10.136+0000] {dag.py:2676} INFO - Sync 1 DAGs
[2023-01-02T01:57:10.153+0000] {logging_mixin.py:137} INFO - [2023-01-02T01:57:10.153+0000] {dag.py:3427} INFO - Setting next_dagrun for example_dag_decorator to None, run_after=None
[2023-01-02T01:57:10.167+0000] {processor.py:175} INFO - Processing /home/airflow/.local/lib/python3.7/site-packages/airflow/example_dags/example_dag_decorator.py took 0.086 seconds
[2023-01-02T01:57:40.487+0000] {processor.py:153} INFO - Started process (PID=119) to work on /home/airflow/.local/lib/python3.7/site-packages/airflow/example_dags/example_dag_decorator.py
[2023-01-02T01:57:40.488+0000] {processor.py:743} INFO - Processing file /home/airflow/.local/lib/python3.7/site-packages/airflow/example_dags/example_dag_decorator.py for tasks to queue
[2023-01-02T01:57:40.489+0000] {logging_mixin.py:137} INFO - [2023-01-02T01:57:40.489+0000] {dagbag.py:538} INFO - Filling up the DagBag from /home/airflow/.local/lib/python3.7/site-packages/airflow/example_dags/example_dag_decorator.py
[2023-01-02T01:57:40.504+0000] {logging_mixin.py:137} INFO - [2023-01-02T01:57:40.504+0000] {taskmixin.py:205} WARNING - Dependency <Task(_PythonDecoratedOperator): prepare_email>, send_email already registered for DAG: example_dag_decorator
[2023-01-02T01:57:40.505+0000] {logging_mixin.py:137} INFO - [2023-01-02T01:57:40.505+0000] {taskmixin.py:205} WARNING - Dependency <Task(EmailOperator): send_email>, prepare_email already registered for DAG: example_dag_decorator
[2023-01-02T01:57:40.514+0000] {processor.py:753} INFO - DAG(s) dict_keys(['example_dag_decorator']) retrieved from /home/airflow/.local/lib/python3.7/site-packages/airflow/example_dags/example_dag_decorator.py
[2023-01-02T01:57:40.563+0000] {logging_mixin.py:137} INFO - [2023-01-02T01:57:40.562+0000] {dag.py:2676} INFO - Sync 1 DAGs
[2023-01-02T01:57:40.576+0000] {logging_mixin.py:137} INFO - [2023-01-02T01:57:40.576+0000] {dag.py:3427} INFO - Setting next_dagrun for example_dag_decorator to None, run_after=None
[2023-01-02T01:57:40.590+0000] {processor.py:175} INFO - Processing /home/airflow/.local/lib/python3.7/site-packages/airflow/example_dags/example_dag_decorator.py took 0.106 seconds
[2023-01-02T01:58:11.278+0000] {processor.py:153} INFO - Started process (PID=184) to work on /home/airflow/.local/lib/python3.7/site-packages/airflow/example_dags/example_dag_decorator.py
[2023-01-02T01:58:11.280+0000] {processor.py:743} INFO - Processing file /home/airflow/.local/lib/python3.7/site-packages/airflow/example_dags/example_dag_decorator.py for tasks to queue
[2023-01-02T01:58:11.280+0000] {logging_mixin.py:137} INFO - [2023-01-02T01:58:11.280+0000] {dagbag.py:538} INFO - Filling up the DagBag from /home/airflow/.local/lib/python3.7/site-packages/airflow/example_dags/example_dag_decorator.py
[2023-01-02T01:58:11.294+0000] {logging_mixin.py:137} INFO - [2023-01-02T01:58:11.294+0000] {taskmixin.py:205} WARNING - Dependency <Task(_PythonDecoratedOperator): prepare_email>, send_email already registered for DAG: example_dag_decorator
[2023-01-02T01:58:11.295+0000] {logging_mixin.py:137} INFO - [2023-01-02T01:58:11.295+0000] {taskmixin.py:205} WARNING - Dependency <Task(EmailOperator): send_email>, prepare_email already registered for DAG: example_dag_decorator
[2023-01-02T01:58:11.305+0000] {processor.py:753} INFO - DAG(s) dict_keys(['example_dag_decorator']) retrieved from /home/airflow/.local/lib/python3.7/site-packages/airflow/example_dags/example_dag_decorator.py
[2023-01-02T01:58:11.373+0000] {logging_mixin.py:137} INFO - [2023-01-02T01:58:11.373+0000] {dag.py:2676} INFO - Sync 1 DAGs
[2023-01-02T01:58:11.400+0000] {logging_mixin.py:137} INFO - [2023-01-02T01:58:11.399+0000] {dag.py:3427} INFO - Setting next_dagrun for example_dag_decorator to None, run_after=None
[2023-01-02T01:58:11.431+0000] {processor.py:175} INFO - Processing /home/airflow/.local/lib/python3.7/site-packages/airflow/example_dags/example_dag_decorator.py took 0.157 seconds
[2023-01-02T02:00:41.462+0000] {processor.py:153} INFO - Started process (PID=41) to work on /home/airflow/.local/lib/python3.7/site-packages/airflow/example_dags/example_dag_decorator.py
[2023-01-02T02:00:41.464+0000] {processor.py:743} INFO - Processing file /home/airflow/.local/lib/python3.7/site-packages/airflow/example_dags/example_dag_decorator.py for tasks to queue
[2023-01-02T02:00:41.466+0000] {logging_mixin.py:137} INFO - [2023-01-02T02:00:41.466+0000] {dagbag.py:538} INFO - Filling up the DagBag from /home/airflow/.local/lib/python3.7/site-packages/airflow/example_dags/example_dag_decorator.py
[2023-01-02T02:00:41.499+0000] {logging_mixin.py:137} INFO - [2023-01-02T02:00:41.499+0000] {taskmixin.py:205} WARNING - Dependency <Task(_PythonDecoratedOperator): prepare_email>, send_email already registered for DAG: example_dag_decorator
[2023-01-02T02:00:41.500+0000] {logging_mixin.py:137} INFO - [2023-01-02T02:00:41.500+0000] {taskmixin.py:205} WARNING - Dependency <Task(EmailOperator): send_email>, prepare_email already registered for DAG: example_dag_decorator
[2023-01-02T02:00:41.523+0000] {processor.py:753} INFO - DAG(s) dict_keys(['example_dag_decorator']) retrieved from /home/airflow/.local/lib/python3.7/site-packages/airflow/example_dags/example_dag_decorator.py
[2023-01-02T02:00:41.558+0000] {logging_mixin.py:137} INFO - [2023-01-02T02:00:41.558+0000] {dag.py:2676} INFO - Sync 1 DAGs
[2023-01-02T02:00:41.577+0000] {logging_mixin.py:137} INFO - [2023-01-02T02:00:41.577+0000] {dag.py:3427} INFO - Setting next_dagrun for example_dag_decorator to None, run_after=None
[2023-01-02T02:00:41.594+0000] {processor.py:175} INFO - Processing /home/airflow/.local/lib/python3.7/site-packages/airflow/example_dags/example_dag_decorator.py took 0.142 seconds
[2023-01-02T02:01:12.041+0000] {processor.py:153} INFO - Started process (PID=119) to work on /home/airflow/.local/lib/python3.7/site-packages/airflow/example_dags/example_dag_decorator.py
[2023-01-02T02:01:12.042+0000] {processor.py:743} INFO - Processing file /home/airflow/.local/lib/python3.7/site-packages/airflow/example_dags/example_dag_decorator.py for tasks to queue
[2023-01-02T02:01:12.043+0000] {logging_mixin.py:137} INFO - [2023-01-02T02:01:12.043+0000] {dagbag.py:538} INFO - Filling up the DagBag from /home/airflow/.local/lib/python3.7/site-packages/airflow/example_dags/example_dag_decorator.py
[2023-01-02T02:01:12.058+0000] {logging_mixin.py:137} INFO - [2023-01-02T02:01:12.058+0000] {taskmixin.py:205} WARNING - Dependency <Task(_PythonDecoratedOperator): prepare_email>, send_email already registered for DAG: example_dag_decorator
[2023-01-02T02:01:12.059+0000] {logging_mixin.py:137} INFO - [2023-01-02T02:01:12.059+0000] {taskmixin.py:205} WARNING - Dependency <Task(EmailOperator): send_email>, prepare_email already registered for DAG: example_dag_decorator
[2023-01-02T02:01:12.070+0000] {processor.py:753} INFO - DAG(s) dict_keys(['example_dag_decorator']) retrieved from /home/airflow/.local/lib/python3.7/site-packages/airflow/example_dags/example_dag_decorator.py
[2023-01-02T02:01:12.133+0000] {logging_mixin.py:137} INFO - [2023-01-02T02:01:12.133+0000] {dag.py:2676} INFO - Sync 1 DAGs
[2023-01-02T02:01:12.152+0000] {logging_mixin.py:137} INFO - [2023-01-02T02:01:12.152+0000] {dag.py:3427} INFO - Setting next_dagrun for example_dag_decorator to None, run_after=None
[2023-01-02T02:01:12.169+0000] {processor.py:175} INFO - Processing /home/airflow/.local/lib/python3.7/site-packages/airflow/example_dags/example_dag_decorator.py took 0.132 seconds
[2023-01-02T02:01:42.497+0000] {processor.py:153} INFO - Started process (PID=184) to work on /home/airflow/.local/lib/python3.7/site-packages/airflow/example_dags/example_dag_decorator.py
[2023-01-02T02:01:42.499+0000] {processor.py:743} INFO - Processing file /home/airflow/.local/lib/python3.7/site-packages/airflow/example_dags/example_dag_decorator.py for tasks to queue
[2023-01-02T02:01:42.499+0000] {logging_mixin.py:137} INFO - [2023-01-02T02:01:42.499+0000] {dagbag.py:538} INFO - Filling up the DagBag from /home/airflow/.local/lib/python3.7/site-packages/airflow/example_dags/example_dag_decorator.py
[2023-01-02T02:01:42.511+0000] {logging_mixin.py:137} INFO - [2023-01-02T02:01:42.511+0000] {taskmixin.py:205} WARNING - Dependency <Task(_PythonDecoratedOperator): prepare_email>, send_email already registered for DAG: example_dag_decorator
[2023-01-02T02:01:42.512+0000] {logging_mixin.py:137} INFO - [2023-01-02T02:01:42.512+0000] {taskmixin.py:205} WARNING - Dependency <Task(EmailOperator): send_email>, prepare_email already registered for DAG: example_dag_decorator
[2023-01-02T02:01:42.521+0000] {processor.py:753} INFO - DAG(s) dict_keys(['example_dag_decorator']) retrieved from /home/airflow/.local/lib/python3.7/site-packages/airflow/example_dags/example_dag_decorator.py
[2023-01-02T02:01:42.573+0000] {logging_mixin.py:137} INFO - [2023-01-02T02:01:42.573+0000] {dag.py:2676} INFO - Sync 1 DAGs
[2023-01-02T02:01:42.586+0000] {logging_mixin.py:137} INFO - [2023-01-02T02:01:42.586+0000] {dag.py:3427} INFO - Setting next_dagrun for example_dag_decorator to None, run_after=None
[2023-01-02T02:01:42.603+0000] {processor.py:175} INFO - Processing /home/airflow/.local/lib/python3.7/site-packages/airflow/example_dags/example_dag_decorator.py took 0.109 seconds
[2023-01-02T02:02:13.167+0000] {processor.py:153} INFO - Started process (PID=262) to work on /home/airflow/.local/lib/python3.7/site-packages/airflow/example_dags/example_dag_decorator.py
[2023-01-02T02:02:13.168+0000] {processor.py:743} INFO - Processing file /home/airflow/.local/lib/python3.7/site-packages/airflow/example_dags/example_dag_decorator.py for tasks to queue
[2023-01-02T02:02:13.169+0000] {logging_mixin.py:137} INFO - [2023-01-02T02:02:13.169+0000] {dagbag.py:538} INFO - Filling up the DagBag from /home/airflow/.local/lib/python3.7/site-packages/airflow/example_dags/example_dag_decorator.py
[2023-01-02T02:02:13.181+0000] {logging_mixin.py:137} INFO - [2023-01-02T02:02:13.181+0000] {taskmixin.py:205} WARNING - Dependency <Task(_PythonDecoratedOperator): prepare_email>, send_email already registered for DAG: example_dag_decorator
[2023-01-02T02:02:13.182+0000] {logging_mixin.py:137} INFO - [2023-01-02T02:02:13.182+0000] {taskmixin.py:205} WARNING - Dependency <Task(EmailOperator): send_email>, prepare_email already registered for DAG: example_dag_decorator
[2023-01-02T02:02:13.191+0000] {processor.py:753} INFO - DAG(s) dict_keys(['example_dag_decorator']) retrieved from /home/airflow/.local/lib/python3.7/site-packages/airflow/example_dags/example_dag_decorator.py
[2023-01-02T02:02:13.240+0000] {logging_mixin.py:137} INFO - [2023-01-02T02:02:13.240+0000] {dag.py:2676} INFO - Sync 1 DAGs
[2023-01-02T02:02:13.254+0000] {logging_mixin.py:137} INFO - [2023-01-02T02:02:13.254+0000] {dag.py:3427} INFO - Setting next_dagrun for example_dag_decorator to None, run_after=None
[2023-01-02T02:02:13.266+0000] {processor.py:175} INFO - Processing /home/airflow/.local/lib/python3.7/site-packages/airflow/example_dags/example_dag_decorator.py took 0.102 seconds
[2023-01-02T02:02:43.739+0000] {processor.py:153} INFO - Started process (PID=341) to work on /home/airflow/.local/lib/python3.7/site-packages/airflow/example_dags/example_dag_decorator.py
[2023-01-02T02:02:43.751+0000] {processor.py:743} INFO - Processing file /home/airflow/.local/lib/python3.7/site-packages/airflow/example_dags/example_dag_decorator.py for tasks to queue
[2023-01-02T02:02:43.753+0000] {logging_mixin.py:137} INFO - [2023-01-02T02:02:43.753+0000] {dagbag.py:538} INFO - Filling up the DagBag from /home/airflow/.local/lib/python3.7/site-packages/airflow/example_dags/example_dag_decorator.py
[2023-01-02T02:02:43.788+0000] {logging_mixin.py:137} INFO - [2023-01-02T02:02:43.788+0000] {taskmixin.py:205} WARNING - Dependency <Task(_PythonDecoratedOperator): prepare_email>, send_email already registered for DAG: example_dag_decorator
[2023-01-02T02:02:43.789+0000] {logging_mixin.py:137} INFO - [2023-01-02T02:02:43.789+0000] {taskmixin.py:205} WARNING - Dependency <Task(EmailOperator): send_email>, prepare_email already registered for DAG: example_dag_decorator
[2023-01-02T02:02:43.805+0000] {processor.py:753} INFO - DAG(s) dict_keys(['example_dag_decorator']) retrieved from /home/airflow/.local/lib/python3.7/site-packages/airflow/example_dags/example_dag_decorator.py
[2023-01-02T02:02:43.872+0000] {logging_mixin.py:137} INFO - [2023-01-02T02:02:43.872+0000] {dag.py:2676} INFO - Sync 1 DAGs
[2023-01-02T02:02:43.892+0000] {logging_mixin.py:137} INFO - [2023-01-02T02:02:43.892+0000] {dag.py:3427} INFO - Setting next_dagrun for example_dag_decorator to None, run_after=None
[2023-01-02T02:02:43.911+0000] {processor.py:175} INFO - Processing /home/airflow/.local/lib/python3.7/site-packages/airflow/example_dags/example_dag_decorator.py took 0.176 seconds
[2023-01-02T02:03:14.715+0000] {processor.py:153} INFO - Started process (PID=406) to work on /home/airflow/.local/lib/python3.7/site-packages/airflow/example_dags/example_dag_decorator.py
[2023-01-02T02:03:14.717+0000] {processor.py:743} INFO - Processing file /home/airflow/.local/lib/python3.7/site-packages/airflow/example_dags/example_dag_decorator.py for tasks to queue
[2023-01-02T02:03:14.718+0000] {logging_mixin.py:137} INFO - [2023-01-02T02:03:14.718+0000] {dagbag.py:538} INFO - Filling up the DagBag from /home/airflow/.local/lib/python3.7/site-packages/airflow/example_dags/example_dag_decorator.py
[2023-01-02T02:03:14.733+0000] {logging_mixin.py:137} INFO - [2023-01-02T02:03:14.732+0000] {taskmixin.py:205} WARNING - Dependency <Task(_PythonDecoratedOperator): prepare_email>, send_email already registered for DAG: example_dag_decorator
[2023-01-02T02:03:14.733+0000] {logging_mixin.py:137} INFO - [2023-01-02T02:03:14.733+0000] {taskmixin.py:205} WARNING - Dependency <Task(EmailOperator): send_email>, prepare_email already registered for DAG: example_dag_decorator
[2023-01-02T02:03:14.749+0000] {processor.py:753} INFO - DAG(s) dict_keys(['example_dag_decorator']) retrieved from /home/airflow/.local/lib/python3.7/site-packages/airflow/example_dags/example_dag_decorator.py
[2023-01-02T02:03:14.807+0000] {logging_mixin.py:137} INFO - [2023-01-02T02:03:14.807+0000] {dag.py:2676} INFO - Sync 1 DAGs
[2023-01-02T02:03:14.823+0000] {logging_mixin.py:137} INFO - [2023-01-02T02:03:14.823+0000] {dag.py:3427} INFO - Setting next_dagrun for example_dag_decorator to None, run_after=None
[2023-01-02T02:03:14.838+0000] {processor.py:175} INFO - Processing /home/airflow/.local/lib/python3.7/site-packages/airflow/example_dags/example_dag_decorator.py took 0.126 seconds
[2023-01-02T02:03:45.017+0000] {processor.py:153} INFO - Started process (PID=484) to work on /home/airflow/.local/lib/python3.7/site-packages/airflow/example_dags/example_dag_decorator.py
[2023-01-02T02:03:45.019+0000] {processor.py:743} INFO - Processing file /home/airflow/.local/lib/python3.7/site-packages/airflow/example_dags/example_dag_decorator.py for tasks to queue
[2023-01-02T02:03:45.020+0000] {logging_mixin.py:137} INFO - [2023-01-02T02:03:45.020+0000] {dagbag.py:538} INFO - Filling up the DagBag from /home/airflow/.local/lib/python3.7/site-packages/airflow/example_dags/example_dag_decorator.py
[2023-01-02T02:03:45.032+0000] {logging_mixin.py:137} INFO - [2023-01-02T02:03:45.032+0000] {taskmixin.py:205} WARNING - Dependency <Task(_PythonDecoratedOperator): prepare_email>, send_email already registered for DAG: example_dag_decorator
[2023-01-02T02:03:45.033+0000] {logging_mixin.py:137} INFO - [2023-01-02T02:03:45.033+0000] {taskmixin.py:205} WARNING - Dependency <Task(EmailOperator): send_email>, prepare_email already registered for DAG: example_dag_decorator
[2023-01-02T02:03:45.042+0000] {processor.py:753} INFO - DAG(s) dict_keys(['example_dag_decorator']) retrieved from /home/airflow/.local/lib/python3.7/site-packages/airflow/example_dags/example_dag_decorator.py
[2023-01-02T02:03:45.091+0000] {logging_mixin.py:137} INFO - [2023-01-02T02:03:45.091+0000] {dag.py:2676} INFO - Sync 1 DAGs
[2023-01-02T02:03:45.104+0000] {logging_mixin.py:137} INFO - [2023-01-02T02:03:45.104+0000] {dag.py:3427} INFO - Setting next_dagrun for example_dag_decorator to None, run_after=None
[2023-01-02T02:03:45.119+0000] {processor.py:175} INFO - Processing /home/airflow/.local/lib/python3.7/site-packages/airflow/example_dags/example_dag_decorator.py took 0.105 seconds
[2023-01-02T02:04:15.223+0000] {processor.py:153} INFO - Started process (PID=555) to work on /home/airflow/.local/lib/python3.7/site-packages/airflow/example_dags/example_dag_decorator.py
[2023-01-02T02:04:15.224+0000] {processor.py:743} INFO - Processing file /home/airflow/.local/lib/python3.7/site-packages/airflow/example_dags/example_dag_decorator.py for tasks to queue
[2023-01-02T02:04:15.226+0000] {logging_mixin.py:137} INFO - [2023-01-02T02:04:15.226+0000] {dagbag.py:538} INFO - Filling up the DagBag from /home/airflow/.local/lib/python3.7/site-packages/airflow/example_dags/example_dag_decorator.py
[2023-01-02T02:04:15.240+0000] {logging_mixin.py:137} INFO - [2023-01-02T02:04:15.240+0000] {taskmixin.py:205} WARNING - Dependency <Task(_PythonDecoratedOperator): prepare_email>, send_email already registered for DAG: example_dag_decorator
[2023-01-02T02:04:15.241+0000] {logging_mixin.py:137} INFO - [2023-01-02T02:04:15.240+0000] {taskmixin.py:205} WARNING - Dependency <Task(EmailOperator): send_email>, prepare_email already registered for DAG: example_dag_decorator
[2023-01-02T02:04:15.251+0000] {processor.py:753} INFO - DAG(s) dict_keys(['example_dag_decorator']) retrieved from /home/airflow/.local/lib/python3.7/site-packages/airflow/example_dags/example_dag_decorator.py
[2023-01-02T02:04:15.356+0000] {logging_mixin.py:137} INFO - [2023-01-02T02:04:15.356+0000] {dag.py:2676} INFO - Sync 1 DAGs
[2023-01-02T02:04:15.386+0000] {logging_mixin.py:137} INFO - [2023-01-02T02:04:15.385+0000] {dag.py:3427} INFO - Setting next_dagrun for example_dag_decorator to None, run_after=None
[2023-01-02T02:04:15.406+0000] {processor.py:175} INFO - Processing /home/airflow/.local/lib/python3.7/site-packages/airflow/example_dags/example_dag_decorator.py took 0.187 seconds
[2023-01-02T02:04:46.261+0000] {processor.py:153} INFO - Started process (PID=628) to work on /home/airflow/.local/lib/python3.7/site-packages/airflow/example_dags/example_dag_decorator.py
[2023-01-02T02:04:46.263+0000] {processor.py:743} INFO - Processing file /home/airflow/.local/lib/python3.7/site-packages/airflow/example_dags/example_dag_decorator.py for tasks to queue
[2023-01-02T02:04:46.264+0000] {logging_mixin.py:137} INFO - [2023-01-02T02:04:46.264+0000] {dagbag.py:538} INFO - Filling up the DagBag from /home/airflow/.local/lib/python3.7/site-packages/airflow/example_dags/example_dag_decorator.py
[2023-01-02T02:04:46.278+0000] {logging_mixin.py:137} INFO - [2023-01-02T02:04:46.278+0000] {taskmixin.py:205} WARNING - Dependency <Task(_PythonDecoratedOperator): prepare_email>, send_email already registered for DAG: example_dag_decorator
[2023-01-02T02:04:46.279+0000] {logging_mixin.py:137} INFO - [2023-01-02T02:04:46.279+0000] {taskmixin.py:205} WARNING - Dependency <Task(EmailOperator): send_email>, prepare_email already registered for DAG: example_dag_decorator
[2023-01-02T02:04:46.293+0000] {processor.py:753} INFO - DAG(s) dict_keys(['example_dag_decorator']) retrieved from /home/airflow/.local/lib/python3.7/site-packages/airflow/example_dags/example_dag_decorator.py
[2023-01-02T02:04:46.355+0000] {logging_mixin.py:137} INFO - [2023-01-02T02:04:46.355+0000] {dag.py:2676} INFO - Sync 1 DAGs
[2023-01-02T02:04:46.375+0000] {logging_mixin.py:137} INFO - [2023-01-02T02:04:46.374+0000] {dag.py:3427} INFO - Setting next_dagrun for example_dag_decorator to None, run_after=None
[2023-01-02T02:04:46.386+0000] {processor.py:175} INFO - Processing /home/airflow/.local/lib/python3.7/site-packages/airflow/example_dags/example_dag_decorator.py took 0.129 seconds
[2023-01-02T02:05:16.855+0000] {processor.py:153} INFO - Started process (PID=705) to work on /home/airflow/.local/lib/python3.7/site-packages/airflow/example_dags/example_dag_decorator.py
[2023-01-02T02:05:16.857+0000] {processor.py:743} INFO - Processing file /home/airflow/.local/lib/python3.7/site-packages/airflow/example_dags/example_dag_decorator.py for tasks to queue
[2023-01-02T02:05:16.858+0000] {logging_mixin.py:137} INFO - [2023-01-02T02:05:16.857+0000] {dagbag.py:538} INFO - Filling up the DagBag from /home/airflow/.local/lib/python3.7/site-packages/airflow/example_dags/example_dag_decorator.py
[2023-01-02T02:05:16.870+0000] {logging_mixin.py:137} INFO - [2023-01-02T02:05:16.870+0000] {taskmixin.py:205} WARNING - Dependency <Task(_PythonDecoratedOperator): prepare_email>, send_email already registered for DAG: example_dag_decorator
[2023-01-02T02:05:16.871+0000] {logging_mixin.py:137} INFO - [2023-01-02T02:05:16.871+0000] {taskmixin.py:205} WARNING - Dependency <Task(EmailOperator): send_email>, prepare_email already registered for DAG: example_dag_decorator
[2023-01-02T02:05:16.880+0000] {processor.py:753} INFO - DAG(s) dict_keys(['example_dag_decorator']) retrieved from /home/airflow/.local/lib/python3.7/site-packages/airflow/example_dags/example_dag_decorator.py
[2023-01-02T02:05:16.941+0000] {logging_mixin.py:137} INFO - [2023-01-02T02:05:16.941+0000] {dag.py:2676} INFO - Sync 1 DAGs
[2023-01-02T02:05:16.958+0000] {logging_mixin.py:137} INFO - [2023-01-02T02:05:16.958+0000] {dag.py:3427} INFO - Setting next_dagrun for example_dag_decorator to None, run_after=None
[2023-01-02T02:05:16.974+0000] {processor.py:175} INFO - Processing /home/airflow/.local/lib/python3.7/site-packages/airflow/example_dags/example_dag_decorator.py took 0.121 seconds
[2023-01-02T02:05:47.656+0000] {processor.py:153} INFO - Started process (PID=770) to work on /home/airflow/.local/lib/python3.7/site-packages/airflow/example_dags/example_dag_decorator.py
[2023-01-02T02:05:47.657+0000] {processor.py:743} INFO - Processing file /home/airflow/.local/lib/python3.7/site-packages/airflow/example_dags/example_dag_decorator.py for tasks to queue
[2023-01-02T02:05:47.658+0000] {logging_mixin.py:137} INFO - [2023-01-02T02:05:47.658+0000] {dagbag.py:538} INFO - Filling up the DagBag from /home/airflow/.local/lib/python3.7/site-packages/airflow/example_dags/example_dag_decorator.py
[2023-01-02T02:05:47.670+0000] {logging_mixin.py:137} INFO - [2023-01-02T02:05:47.670+0000] {taskmixin.py:205} WARNING - Dependency <Task(_PythonDecoratedOperator): prepare_email>, send_email already registered for DAG: example_dag_decorator
[2023-01-02T02:05:47.671+0000] {logging_mixin.py:137} INFO - [2023-01-02T02:05:47.671+0000] {taskmixin.py:205} WARNING - Dependency <Task(EmailOperator): send_email>, prepare_email already registered for DAG: example_dag_decorator
[2023-01-02T02:05:47.679+0000] {processor.py:753} INFO - DAG(s) dict_keys(['example_dag_decorator']) retrieved from /home/airflow/.local/lib/python3.7/site-packages/airflow/example_dags/example_dag_decorator.py
[2023-01-02T02:05:47.733+0000] {logging_mixin.py:137} INFO - [2023-01-02T02:05:47.733+0000] {dag.py:2676} INFO - Sync 1 DAGs
[2023-01-02T02:05:47.748+0000] {logging_mixin.py:137} INFO - [2023-01-02T02:05:47.748+0000] {dag.py:3427} INFO - Setting next_dagrun for example_dag_decorator to None, run_after=None
[2023-01-02T02:05:47.764+0000] {processor.py:175} INFO - Processing /home/airflow/.local/lib/python3.7/site-packages/airflow/example_dags/example_dag_decorator.py took 0.111 seconds
[2023-01-02T02:06:18.248+0000] {processor.py:153} INFO - Started process (PID=849) to work on /home/airflow/.local/lib/python3.7/site-packages/airflow/example_dags/example_dag_decorator.py
[2023-01-02T02:06:18.250+0000] {processor.py:743} INFO - Processing file /home/airflow/.local/lib/python3.7/site-packages/airflow/example_dags/example_dag_decorator.py for tasks to queue
[2023-01-02T02:06:18.251+0000] {logging_mixin.py:137} INFO - [2023-01-02T02:06:18.251+0000] {dagbag.py:538} INFO - Filling up the DagBag from /home/airflow/.local/lib/python3.7/site-packages/airflow/example_dags/example_dag_decorator.py
[2023-01-02T02:06:18.265+0000] {logging_mixin.py:137} INFO - [2023-01-02T02:06:18.264+0000] {taskmixin.py:205} WARNING - Dependency <Task(_PythonDecoratedOperator): prepare_email>, send_email already registered for DAG: example_dag_decorator
[2023-01-02T02:06:18.265+0000] {logging_mixin.py:137} INFO - [2023-01-02T02:06:18.265+0000] {taskmixin.py:205} WARNING - Dependency <Task(EmailOperator): send_email>, prepare_email already registered for DAG: example_dag_decorator
[2023-01-02T02:06:18.274+0000] {processor.py:753} INFO - DAG(s) dict_keys(['example_dag_decorator']) retrieved from /home/airflow/.local/lib/python3.7/site-packages/airflow/example_dags/example_dag_decorator.py
[2023-01-02T02:06:18.326+0000] {logging_mixin.py:137} INFO - [2023-01-02T02:06:18.326+0000] {dag.py:2676} INFO - Sync 1 DAGs
[2023-01-02T02:06:18.339+0000] {logging_mixin.py:137} INFO - [2023-01-02T02:06:18.339+0000] {dag.py:3427} INFO - Setting next_dagrun for example_dag_decorator to None, run_after=None
[2023-01-02T02:06:18.352+0000] {processor.py:175} INFO - Processing /home/airflow/.local/lib/python3.7/site-packages/airflow/example_dags/example_dag_decorator.py took 0.106 seconds
[2023-01-02T02:06:48.619+0000] {processor.py:153} INFO - Started process (PID=927) to work on /home/airflow/.local/lib/python3.7/site-packages/airflow/example_dags/example_dag_decorator.py
[2023-01-02T02:06:48.620+0000] {processor.py:743} INFO - Processing file /home/airflow/.local/lib/python3.7/site-packages/airflow/example_dags/example_dag_decorator.py for tasks to queue
[2023-01-02T02:06:48.621+0000] {logging_mixin.py:137} INFO - [2023-01-02T02:06:48.621+0000] {dagbag.py:538} INFO - Filling up the DagBag from /home/airflow/.local/lib/python3.7/site-packages/airflow/example_dags/example_dag_decorator.py
[2023-01-02T02:06:48.634+0000] {logging_mixin.py:137} INFO - [2023-01-02T02:06:48.634+0000] {taskmixin.py:205} WARNING - Dependency <Task(_PythonDecoratedOperator): prepare_email>, send_email already registered for DAG: example_dag_decorator
[2023-01-02T02:06:48.635+0000] {logging_mixin.py:137} INFO - [2023-01-02T02:06:48.635+0000] {taskmixin.py:205} WARNING - Dependency <Task(EmailOperator): send_email>, prepare_email already registered for DAG: example_dag_decorator
[2023-01-02T02:06:48.646+0000] {processor.py:753} INFO - DAG(s) dict_keys(['example_dag_decorator']) retrieved from /home/airflow/.local/lib/python3.7/site-packages/airflow/example_dags/example_dag_decorator.py
[2023-01-02T02:06:48.709+0000] {logging_mixin.py:137} INFO - [2023-01-02T02:06:48.709+0000] {dag.py:2676} INFO - Sync 1 DAGs
[2023-01-02T02:06:48.742+0000] {logging_mixin.py:137} INFO - [2023-01-02T02:06:48.742+0000] {dag.py:3427} INFO - Setting next_dagrun for example_dag_decorator to None, run_after=None
[2023-01-02T02:06:48.763+0000] {processor.py:175} INFO - Processing /home/airflow/.local/lib/python3.7/site-packages/airflow/example_dags/example_dag_decorator.py took 0.148 seconds
[2023-01-02T02:07:19.500+0000] {processor.py:153} INFO - Started process (PID=993) to work on /home/airflow/.local/lib/python3.7/site-packages/airflow/example_dags/example_dag_decorator.py
[2023-01-02T02:07:19.501+0000] {processor.py:743} INFO - Processing file /home/airflow/.local/lib/python3.7/site-packages/airflow/example_dags/example_dag_decorator.py for tasks to queue
[2023-01-02T02:07:19.502+0000] {logging_mixin.py:137} INFO - [2023-01-02T02:07:19.502+0000] {dagbag.py:538} INFO - Filling up the DagBag from /home/airflow/.local/lib/python3.7/site-packages/airflow/example_dags/example_dag_decorator.py
[2023-01-02T02:07:19.514+0000] {logging_mixin.py:137} INFO - [2023-01-02T02:07:19.514+0000] {taskmixin.py:205} WARNING - Dependency <Task(_PythonDecoratedOperator): prepare_email>, send_email already registered for DAG: example_dag_decorator
[2023-01-02T02:07:19.515+0000] {logging_mixin.py:137} INFO - [2023-01-02T02:07:19.515+0000] {taskmixin.py:205} WARNING - Dependency <Task(EmailOperator): send_email>, prepare_email already registered for DAG: example_dag_decorator
[2023-01-02T02:07:19.524+0000] {processor.py:753} INFO - DAG(s) dict_keys(['example_dag_decorator']) retrieved from /home/airflow/.local/lib/python3.7/site-packages/airflow/example_dags/example_dag_decorator.py
[2023-01-02T02:07:19.574+0000] {logging_mixin.py:137} INFO - [2023-01-02T02:07:19.574+0000] {dag.py:2676} INFO - Sync 1 DAGs
[2023-01-02T02:07:19.589+0000] {logging_mixin.py:137} INFO - [2023-01-02T02:07:19.589+0000] {dag.py:3427} INFO - Setting next_dagrun for example_dag_decorator to None, run_after=None
[2023-01-02T02:07:19.602+0000] {processor.py:175} INFO - Processing /home/airflow/.local/lib/python3.7/site-packages/airflow/example_dags/example_dag_decorator.py took 0.106 seconds
[2023-01-02T02:07:50.074+0000] {processor.py:153} INFO - Started process (PID=1071) to work on /home/airflow/.local/lib/python3.7/site-packages/airflow/example_dags/example_dag_decorator.py
[2023-01-02T02:07:50.075+0000] {processor.py:743} INFO - Processing file /home/airflow/.local/lib/python3.7/site-packages/airflow/example_dags/example_dag_decorator.py for tasks to queue
[2023-01-02T02:07:50.076+0000] {logging_mixin.py:137} INFO - [2023-01-02T02:07:50.076+0000] {dagbag.py:538} INFO - Filling up the DagBag from /home/airflow/.local/lib/python3.7/site-packages/airflow/example_dags/example_dag_decorator.py
[2023-01-02T02:07:50.088+0000] {logging_mixin.py:137} INFO - [2023-01-02T02:07:50.088+0000] {taskmixin.py:205} WARNING - Dependency <Task(_PythonDecoratedOperator): prepare_email>, send_email already registered for DAG: example_dag_decorator
[2023-01-02T02:07:50.089+0000] {logging_mixin.py:137} INFO - [2023-01-02T02:07:50.089+0000] {taskmixin.py:205} WARNING - Dependency <Task(EmailOperator): send_email>, prepare_email already registered for DAG: example_dag_decorator
[2023-01-02T02:07:50.098+0000] {processor.py:753} INFO - DAG(s) dict_keys(['example_dag_decorator']) retrieved from /home/airflow/.local/lib/python3.7/site-packages/airflow/example_dags/example_dag_decorator.py
[2023-01-02T02:07:50.147+0000] {logging_mixin.py:137} INFO - [2023-01-02T02:07:50.147+0000] {dag.py:2676} INFO - Sync 1 DAGs
[2023-01-02T02:07:50.160+0000] {logging_mixin.py:137} INFO - [2023-01-02T02:07:50.159+0000] {dag.py:3427} INFO - Setting next_dagrun for example_dag_decorator to None, run_after=None
[2023-01-02T02:07:50.171+0000] {processor.py:175} INFO - Processing /home/airflow/.local/lib/python3.7/site-packages/airflow/example_dags/example_dag_decorator.py took 0.099 seconds
[2023-01-02T02:08:20.618+0000] {processor.py:153} INFO - Started process (PID=1137) to work on /home/airflow/.local/lib/python3.7/site-packages/airflow/example_dags/example_dag_decorator.py
[2023-01-02T02:08:20.619+0000] {processor.py:743} INFO - Processing file /home/airflow/.local/lib/python3.7/site-packages/airflow/example_dags/example_dag_decorator.py for tasks to queue
[2023-01-02T02:08:20.620+0000] {logging_mixin.py:137} INFO - [2023-01-02T02:08:20.620+0000] {dagbag.py:538} INFO - Filling up the DagBag from /home/airflow/.local/lib/python3.7/site-packages/airflow/example_dags/example_dag_decorator.py
[2023-01-02T02:08:20.634+0000] {logging_mixin.py:137} INFO - [2023-01-02T02:08:20.634+0000] {taskmixin.py:205} WARNING - Dependency <Task(_PythonDecoratedOperator): prepare_email>, send_email already registered for DAG: example_dag_decorator
[2023-01-02T02:08:20.635+0000] {logging_mixin.py:137} INFO - [2023-01-02T02:08:20.635+0000] {taskmixin.py:205} WARNING - Dependency <Task(EmailOperator): send_email>, prepare_email already registered for DAG: example_dag_decorator
[2023-01-02T02:08:20.643+0000] {processor.py:753} INFO - DAG(s) dict_keys(['example_dag_decorator']) retrieved from /home/airflow/.local/lib/python3.7/site-packages/airflow/example_dags/example_dag_decorator.py
[2023-01-02T02:08:20.695+0000] {logging_mixin.py:137} INFO - [2023-01-02T02:08:20.695+0000] {dag.py:2676} INFO - Sync 1 DAGs
[2023-01-02T02:08:20.709+0000] {logging_mixin.py:137} INFO - [2023-01-02T02:08:20.708+0000] {dag.py:3427} INFO - Setting next_dagrun for example_dag_decorator to None, run_after=None
[2023-01-02T02:08:20.723+0000] {processor.py:175} INFO - Processing /home/airflow/.local/lib/python3.7/site-packages/airflow/example_dags/example_dag_decorator.py took 0.108 seconds
[2023-01-02T02:08:51.804+0000] {processor.py:153} INFO - Started process (PID=1214) to work on /home/airflow/.local/lib/python3.7/site-packages/airflow/example_dags/example_dag_decorator.py
[2023-01-02T02:08:51.805+0000] {processor.py:743} INFO - Processing file /home/airflow/.local/lib/python3.7/site-packages/airflow/example_dags/example_dag_decorator.py for tasks to queue
[2023-01-02T02:08:51.806+0000] {logging_mixin.py:137} INFO - [2023-01-02T02:08:51.806+0000] {dagbag.py:538} INFO - Filling up the DagBag from /home/airflow/.local/lib/python3.7/site-packages/airflow/example_dags/example_dag_decorator.py
[2023-01-02T02:08:51.819+0000] {logging_mixin.py:137} INFO - [2023-01-02T02:08:51.819+0000] {taskmixin.py:205} WARNING - Dependency <Task(_PythonDecoratedOperator): prepare_email>, send_email already registered for DAG: example_dag_decorator
[2023-01-02T02:08:51.820+0000] {logging_mixin.py:137} INFO - [2023-01-02T02:08:51.820+0000] {taskmixin.py:205} WARNING - Dependency <Task(EmailOperator): send_email>, prepare_email already registered for DAG: example_dag_decorator
[2023-01-02T02:08:51.830+0000] {processor.py:753} INFO - DAG(s) dict_keys(['example_dag_decorator']) retrieved from /home/airflow/.local/lib/python3.7/site-packages/airflow/example_dags/example_dag_decorator.py
[2023-01-02T02:08:51.883+0000] {logging_mixin.py:137} INFO - [2023-01-02T02:08:51.883+0000] {dag.py:2676} INFO - Sync 1 DAGs
[2023-01-02T02:08:51.899+0000] {logging_mixin.py:137} INFO - [2023-01-02T02:08:51.899+0000] {dag.py:3427} INFO - Setting next_dagrun for example_dag_decorator to None, run_after=None
[2023-01-02T02:08:51.911+0000] {processor.py:175} INFO - Processing /home/airflow/.local/lib/python3.7/site-packages/airflow/example_dags/example_dag_decorator.py took 0.111 seconds
[2023-01-02T02:09:22.231+0000] {processor.py:153} INFO - Started process (PID=1293) to work on /home/airflow/.local/lib/python3.7/site-packages/airflow/example_dags/example_dag_decorator.py
[2023-01-02T02:09:22.233+0000] {processor.py:743} INFO - Processing file /home/airflow/.local/lib/python3.7/site-packages/airflow/example_dags/example_dag_decorator.py for tasks to queue
[2023-01-02T02:09:22.233+0000] {logging_mixin.py:137} INFO - [2023-01-02T02:09:22.233+0000] {dagbag.py:538} INFO - Filling up the DagBag from /home/airflow/.local/lib/python3.7/site-packages/airflow/example_dags/example_dag_decorator.py
[2023-01-02T02:09:22.247+0000] {logging_mixin.py:137} INFO - [2023-01-02T02:09:22.247+0000] {taskmixin.py:205} WARNING - Dependency <Task(_PythonDecoratedOperator): prepare_email>, send_email already registered for DAG: example_dag_decorator
[2023-01-02T02:09:22.247+0000] {logging_mixin.py:137} INFO - [2023-01-02T02:09:22.247+0000] {taskmixin.py:205} WARNING - Dependency <Task(EmailOperator): send_email>, prepare_email already registered for DAG: example_dag_decorator
[2023-01-02T02:09:22.259+0000] {processor.py:753} INFO - DAG(s) dict_keys(['example_dag_decorator']) retrieved from /home/airflow/.local/lib/python3.7/site-packages/airflow/example_dags/example_dag_decorator.py
[2023-01-02T02:09:22.309+0000] {logging_mixin.py:137} INFO - [2023-01-02T02:09:22.309+0000] {dag.py:2676} INFO - Sync 1 DAGs
[2023-01-02T02:09:22.323+0000] {logging_mixin.py:137} INFO - [2023-01-02T02:09:22.323+0000] {dag.py:3427} INFO - Setting next_dagrun for example_dag_decorator to None, run_after=None
[2023-01-02T02:09:22.334+0000] {processor.py:175} INFO - Processing /home/airflow/.local/lib/python3.7/site-packages/airflow/example_dags/example_dag_decorator.py took 0.106 seconds
[2023-01-02T02:09:52.606+0000] {processor.py:153} INFO - Started process (PID=1358) to work on /home/airflow/.local/lib/python3.7/site-packages/airflow/example_dags/example_dag_decorator.py
[2023-01-02T02:09:52.607+0000] {processor.py:743} INFO - Processing file /home/airflow/.local/lib/python3.7/site-packages/airflow/example_dags/example_dag_decorator.py for tasks to queue
[2023-01-02T02:09:52.608+0000] {logging_mixin.py:137} INFO - [2023-01-02T02:09:52.608+0000] {dagbag.py:538} INFO - Filling up the DagBag from /home/airflow/.local/lib/python3.7/site-packages/airflow/example_dags/example_dag_decorator.py
[2023-01-02T02:09:52.625+0000] {logging_mixin.py:137} INFO - [2023-01-02T02:09:52.625+0000] {taskmixin.py:205} WARNING - Dependency <Task(_PythonDecoratedOperator): prepare_email>, send_email already registered for DAG: example_dag_decorator
[2023-01-02T02:09:52.625+0000] {logging_mixin.py:137} INFO - [2023-01-02T02:09:52.625+0000] {taskmixin.py:205} WARNING - Dependency <Task(EmailOperator): send_email>, prepare_email already registered for DAG: example_dag_decorator
[2023-01-02T02:09:52.635+0000] {processor.py:753} INFO - DAG(s) dict_keys(['example_dag_decorator']) retrieved from /home/airflow/.local/lib/python3.7/site-packages/airflow/example_dags/example_dag_decorator.py
[2023-01-02T02:09:52.687+0000] {logging_mixin.py:137} INFO - [2023-01-02T02:09:52.687+0000] {dag.py:2676} INFO - Sync 1 DAGs
[2023-01-02T02:09:52.701+0000] {logging_mixin.py:137} INFO - [2023-01-02T02:09:52.701+0000] {dag.py:3427} INFO - Setting next_dagrun for example_dag_decorator to None, run_after=None
[2023-01-02T02:09:52.716+0000] {processor.py:175} INFO - Processing /home/airflow/.local/lib/python3.7/site-packages/airflow/example_dags/example_dag_decorator.py took 0.113 seconds
