[2023-01-02T01:57:10.815+0000] {processor.py:153} INFO - Started process (PID=50) to work on /home/airflow/.local/lib/python3.7/site-packages/airflow/example_dags/example_complex.py
[2023-01-02T01:57:10.820+0000] {processor.py:743} INFO - Processing file /home/airflow/.local/lib/python3.7/site-packages/airflow/example_dags/example_complex.py for tasks to queue
[2023-01-02T01:57:10.822+0000] {logging_mixin.py:137} INFO - [2023-01-02T01:57:10.822+0000] {dagbag.py:538} INFO - Filling up the DagBag from /home/airflow/.local/lib/python3.7/site-packages/airflow/example_dags/example_complex.py
[2023-01-02T01:57:10.841+0000] {logging_mixin.py:137} INFO - [2023-01-02T01:57:10.841+0000] {taskmixin.py:205} WARNING - Dependency <Task(BashOperator): create_entry_group>, delete_entry_group already registered for DAG: example_complex
[2023-01-02T01:57:10.845+0000] {logging_mixin.py:137} INFO - [2023-01-02T01:57:10.845+0000] {taskmixin.py:205} WARNING - Dependency <Task(BashOperator): delete_entry_group>, create_entry_group already registered for DAG: example_complex
[2023-01-02T01:57:10.846+0000] {logging_mixin.py:137} INFO - [2023-01-02T01:57:10.846+0000] {taskmixin.py:205} WARNING - Dependency <Task(BashOperator): create_entry_gcs>, delete_entry already registered for DAG: example_complex
[2023-01-02T01:57:10.846+0000] {logging_mixin.py:137} INFO - [2023-01-02T01:57:10.846+0000] {taskmixin.py:205} WARNING - Dependency <Task(BashOperator): delete_entry>, create_entry_gcs already registered for DAG: example_complex
[2023-01-02T01:57:10.847+0000] {logging_mixin.py:137} INFO - [2023-01-02T01:57:10.847+0000] {taskmixin.py:205} WARNING - Dependency <Task(BashOperator): create_tag>, delete_tag already registered for DAG: example_complex
[2023-01-02T01:57:10.848+0000] {logging_mixin.py:137} INFO - [2023-01-02T01:57:10.848+0000] {taskmixin.py:205} WARNING - Dependency <Task(BashOperator): delete_tag>, create_tag already registered for DAG: example_complex
[2023-01-02T01:57:10.864+0000] {processor.py:753} INFO - DAG(s) dict_keys(['example_complex']) retrieved from /home/airflow/.local/lib/python3.7/site-packages/airflow/example_dags/example_complex.py
[2023-01-02T01:57:10.897+0000] {logging_mixin.py:137} INFO - [2023-01-02T01:57:10.897+0000] {dag.py:2676} INFO - Sync 1 DAGs
[2023-01-02T01:57:10.941+0000] {logging_mixin.py:137} INFO - [2023-01-02T01:57:10.941+0000] {dag.py:3427} INFO - Setting next_dagrun for example_complex to None, run_after=None
[2023-01-02T01:57:10.967+0000] {processor.py:175} INFO - Processing /home/airflow/.local/lib/python3.7/site-packages/airflow/example_dags/example_complex.py took 0.158 seconds
[2023-01-02T01:57:41.015+0000] {processor.py:153} INFO - Started process (PID=128) to work on /home/airflow/.local/lib/python3.7/site-packages/airflow/example_dags/example_complex.py
[2023-01-02T01:57:41.016+0000] {processor.py:743} INFO - Processing file /home/airflow/.local/lib/python3.7/site-packages/airflow/example_dags/example_complex.py for tasks to queue
[2023-01-02T01:57:41.017+0000] {logging_mixin.py:137} INFO - [2023-01-02T01:57:41.017+0000] {dagbag.py:538} INFO - Filling up the DagBag from /home/airflow/.local/lib/python3.7/site-packages/airflow/example_dags/example_complex.py
[2023-01-02T01:57:41.027+0000] {logging_mixin.py:137} INFO - [2023-01-02T01:57:41.027+0000] {taskmixin.py:205} WARNING - Dependency <Task(BashOperator): create_entry_group>, delete_entry_group already registered for DAG: example_complex
[2023-01-02T01:57:41.027+0000] {logging_mixin.py:137} INFO - [2023-01-02T01:57:41.027+0000] {taskmixin.py:205} WARNING - Dependency <Task(BashOperator): delete_entry_group>, create_entry_group already registered for DAG: example_complex
[2023-01-02T01:57:41.028+0000] {logging_mixin.py:137} INFO - [2023-01-02T01:57:41.028+0000] {taskmixin.py:205} WARNING - Dependency <Task(BashOperator): create_entry_gcs>, delete_entry already registered for DAG: example_complex
[2023-01-02T01:57:41.028+0000] {logging_mixin.py:137} INFO - [2023-01-02T01:57:41.028+0000] {taskmixin.py:205} WARNING - Dependency <Task(BashOperator): delete_entry>, create_entry_gcs already registered for DAG: example_complex
[2023-01-02T01:57:41.029+0000] {logging_mixin.py:137} INFO - [2023-01-02T01:57:41.029+0000] {taskmixin.py:205} WARNING - Dependency <Task(BashOperator): create_tag>, delete_tag already registered for DAG: example_complex
[2023-01-02T01:57:41.029+0000] {logging_mixin.py:137} INFO - [2023-01-02T01:57:41.029+0000] {taskmixin.py:205} WARNING - Dependency <Task(BashOperator): delete_tag>, create_tag already registered for DAG: example_complex
[2023-01-02T01:57:41.034+0000] {processor.py:753} INFO - DAG(s) dict_keys(['example_complex']) retrieved from /home/airflow/.local/lib/python3.7/site-packages/airflow/example_dags/example_complex.py
[2023-01-02T01:57:41.063+0000] {logging_mixin.py:137} INFO - [2023-01-02T01:57:41.063+0000] {dag.py:2676} INFO - Sync 1 DAGs
[2023-01-02T01:57:41.080+0000] {logging_mixin.py:137} INFO - [2023-01-02T01:57:41.079+0000] {dag.py:3427} INFO - Setting next_dagrun for example_complex to None, run_after=None
[2023-01-02T01:57:41.092+0000] {processor.py:175} INFO - Processing /home/airflow/.local/lib/python3.7/site-packages/airflow/example_dags/example_complex.py took 0.080 seconds
[2023-01-02T01:58:12.166+0000] {processor.py:153} INFO - Started process (PID=205) to work on /home/airflow/.local/lib/python3.7/site-packages/airflow/example_dags/example_complex.py
[2023-01-02T01:58:12.167+0000] {processor.py:743} INFO - Processing file /home/airflow/.local/lib/python3.7/site-packages/airflow/example_dags/example_complex.py for tasks to queue
[2023-01-02T01:58:12.169+0000] {logging_mixin.py:137} INFO - [2023-01-02T01:58:12.169+0000] {dagbag.py:538} INFO - Filling up the DagBag from /home/airflow/.local/lib/python3.7/site-packages/airflow/example_dags/example_complex.py
[2023-01-02T01:58:12.192+0000] {logging_mixin.py:137} INFO - [2023-01-02T01:58:12.192+0000] {taskmixin.py:205} WARNING - Dependency <Task(BashOperator): create_entry_group>, delete_entry_group already registered for DAG: example_complex
[2023-01-02T01:58:12.193+0000] {logging_mixin.py:137} INFO - [2023-01-02T01:58:12.193+0000] {taskmixin.py:205} WARNING - Dependency <Task(BashOperator): delete_entry_group>, create_entry_group already registered for DAG: example_complex
[2023-01-02T01:58:12.194+0000] {logging_mixin.py:137} INFO - [2023-01-02T01:58:12.194+0000] {taskmixin.py:205} WARNING - Dependency <Task(BashOperator): create_entry_gcs>, delete_entry already registered for DAG: example_complex
[2023-01-02T01:58:12.194+0000] {logging_mixin.py:137} INFO - [2023-01-02T01:58:12.194+0000] {taskmixin.py:205} WARNING - Dependency <Task(BashOperator): delete_entry>, create_entry_gcs already registered for DAG: example_complex
[2023-01-02T01:58:12.195+0000] {logging_mixin.py:137} INFO - [2023-01-02T01:58:12.195+0000] {taskmixin.py:205} WARNING - Dependency <Task(BashOperator): create_tag>, delete_tag already registered for DAG: example_complex
[2023-01-02T01:58:12.195+0000] {logging_mixin.py:137} INFO - [2023-01-02T01:58:12.195+0000] {taskmixin.py:205} WARNING - Dependency <Task(BashOperator): delete_tag>, create_tag already registered for DAG: example_complex
[2023-01-02T01:58:12.202+0000] {processor.py:753} INFO - DAG(s) dict_keys(['example_complex']) retrieved from /home/airflow/.local/lib/python3.7/site-packages/airflow/example_dags/example_complex.py
[2023-01-02T01:58:12.236+0000] {logging_mixin.py:137} INFO - [2023-01-02T01:58:12.236+0000] {dag.py:2676} INFO - Sync 1 DAGs
[2023-01-02T01:58:12.254+0000] {logging_mixin.py:137} INFO - [2023-01-02T01:58:12.254+0000] {dag.py:3427} INFO - Setting next_dagrun for example_complex to None, run_after=None
[2023-01-02T01:58:12.275+0000] {processor.py:175} INFO - Processing /home/airflow/.local/lib/python3.7/site-packages/airflow/example_dags/example_complex.py took 0.136 seconds
[2023-01-02T02:00:42.208+0000] {processor.py:153} INFO - Started process (PID=50) to work on /home/airflow/.local/lib/python3.7/site-packages/airflow/example_dags/example_complex.py
[2023-01-02T02:00:42.211+0000] {processor.py:743} INFO - Processing file /home/airflow/.local/lib/python3.7/site-packages/airflow/example_dags/example_complex.py for tasks to queue
[2023-01-02T02:00:42.212+0000] {logging_mixin.py:137} INFO - [2023-01-02T02:00:42.212+0000] {dagbag.py:538} INFO - Filling up the DagBag from /home/airflow/.local/lib/python3.7/site-packages/airflow/example_dags/example_complex.py
[2023-01-02T02:00:42.221+0000] {logging_mixin.py:137} INFO - [2023-01-02T02:00:42.221+0000] {taskmixin.py:205} WARNING - Dependency <Task(BashOperator): create_entry_group>, delete_entry_group already registered for DAG: example_complex
[2023-01-02T02:00:42.222+0000] {logging_mixin.py:137} INFO - [2023-01-02T02:00:42.222+0000] {taskmixin.py:205} WARNING - Dependency <Task(BashOperator): delete_entry_group>, create_entry_group already registered for DAG: example_complex
[2023-01-02T02:00:42.223+0000] {logging_mixin.py:137} INFO - [2023-01-02T02:00:42.223+0000] {taskmixin.py:205} WARNING - Dependency <Task(BashOperator): create_entry_gcs>, delete_entry already registered for DAG: example_complex
[2023-01-02T02:00:42.224+0000] {logging_mixin.py:137} INFO - [2023-01-02T02:00:42.224+0000] {taskmixin.py:205} WARNING - Dependency <Task(BashOperator): delete_entry>, create_entry_gcs already registered for DAG: example_complex
[2023-01-02T02:00:42.225+0000] {logging_mixin.py:137} INFO - [2023-01-02T02:00:42.225+0000] {taskmixin.py:205} WARNING - Dependency <Task(BashOperator): create_tag>, delete_tag already registered for DAG: example_complex
[2023-01-02T02:00:42.225+0000] {logging_mixin.py:137} INFO - [2023-01-02T02:00:42.225+0000] {taskmixin.py:205} WARNING - Dependency <Task(BashOperator): delete_tag>, create_tag already registered for DAG: example_complex
[2023-01-02T02:00:42.234+0000] {processor.py:753} INFO - DAG(s) dict_keys(['example_complex']) retrieved from /home/airflow/.local/lib/python3.7/site-packages/airflow/example_dags/example_complex.py
[2023-01-02T02:00:42.263+0000] {logging_mixin.py:137} INFO - [2023-01-02T02:00:42.263+0000] {dag.py:2676} INFO - Sync 1 DAGs
[2023-01-02T02:00:42.305+0000] {logging_mixin.py:137} INFO - [2023-01-02T02:00:42.305+0000] {dag.py:3427} INFO - Setting next_dagrun for example_complex to None, run_after=None
[2023-01-02T02:00:42.324+0000] {processor.py:175} INFO - Processing /home/airflow/.local/lib/python3.7/site-packages/airflow/example_dags/example_complex.py took 0.120 seconds
[2023-01-02T02:01:12.605+0000] {processor.py:153} INFO - Started process (PID=128) to work on /home/airflow/.local/lib/python3.7/site-packages/airflow/example_dags/example_complex.py
[2023-01-02T02:01:12.607+0000] {processor.py:743} INFO - Processing file /home/airflow/.local/lib/python3.7/site-packages/airflow/example_dags/example_complex.py for tasks to queue
[2023-01-02T02:01:12.607+0000] {logging_mixin.py:137} INFO - [2023-01-02T02:01:12.607+0000] {dagbag.py:538} INFO - Filling up the DagBag from /home/airflow/.local/lib/python3.7/site-packages/airflow/example_dags/example_complex.py
[2023-01-02T02:01:12.615+0000] {logging_mixin.py:137} INFO - [2023-01-02T02:01:12.615+0000] {taskmixin.py:205} WARNING - Dependency <Task(BashOperator): create_entry_group>, delete_entry_group already registered for DAG: example_complex
[2023-01-02T02:01:12.615+0000] {logging_mixin.py:137} INFO - [2023-01-02T02:01:12.615+0000] {taskmixin.py:205} WARNING - Dependency <Task(BashOperator): delete_entry_group>, create_entry_group already registered for DAG: example_complex
[2023-01-02T02:01:12.616+0000] {logging_mixin.py:137} INFO - [2023-01-02T02:01:12.616+0000] {taskmixin.py:205} WARNING - Dependency <Task(BashOperator): create_entry_gcs>, delete_entry already registered for DAG: example_complex
[2023-01-02T02:01:12.616+0000] {logging_mixin.py:137} INFO - [2023-01-02T02:01:12.616+0000] {taskmixin.py:205} WARNING - Dependency <Task(BashOperator): delete_entry>, create_entry_gcs already registered for DAG: example_complex
[2023-01-02T02:01:12.617+0000] {logging_mixin.py:137} INFO - [2023-01-02T02:01:12.617+0000] {taskmixin.py:205} WARNING - Dependency <Task(BashOperator): create_tag>, delete_tag already registered for DAG: example_complex
[2023-01-02T02:01:12.618+0000] {logging_mixin.py:137} INFO - [2023-01-02T02:01:12.618+0000] {taskmixin.py:205} WARNING - Dependency <Task(BashOperator): delete_tag>, create_tag already registered for DAG: example_complex
[2023-01-02T02:01:12.623+0000] {processor.py:753} INFO - DAG(s) dict_keys(['example_complex']) retrieved from /home/airflow/.local/lib/python3.7/site-packages/airflow/example_dags/example_complex.py
[2023-01-02T02:01:12.657+0000] {logging_mixin.py:137} INFO - [2023-01-02T02:01:12.657+0000] {dag.py:2676} INFO - Sync 1 DAGs
[2023-01-02T02:01:12.671+0000] {logging_mixin.py:137} INFO - [2023-01-02T02:01:12.671+0000] {dag.py:3427} INFO - Setting next_dagrun for example_complex to None, run_after=None
[2023-01-02T02:01:12.682+0000] {processor.py:175} INFO - Processing /home/airflow/.local/lib/python3.7/site-packages/airflow/example_dags/example_complex.py took 0.080 seconds
[2023-01-02T02:01:43.044+0000] {processor.py:153} INFO - Started process (PID=193) to work on /home/airflow/.local/lib/python3.7/site-packages/airflow/example_dags/example_complex.py
[2023-01-02T02:01:43.045+0000] {processor.py:743} INFO - Processing file /home/airflow/.local/lib/python3.7/site-packages/airflow/example_dags/example_complex.py for tasks to queue
[2023-01-02T02:01:43.046+0000] {logging_mixin.py:137} INFO - [2023-01-02T02:01:43.046+0000] {dagbag.py:538} INFO - Filling up the DagBag from /home/airflow/.local/lib/python3.7/site-packages/airflow/example_dags/example_complex.py
[2023-01-02T02:01:43.055+0000] {logging_mixin.py:137} INFO - [2023-01-02T02:01:43.055+0000] {taskmixin.py:205} WARNING - Dependency <Task(BashOperator): create_entry_group>, delete_entry_group already registered for DAG: example_complex
[2023-01-02T02:01:43.055+0000] {logging_mixin.py:137} INFO - [2023-01-02T02:01:43.055+0000] {taskmixin.py:205} WARNING - Dependency <Task(BashOperator): delete_entry_group>, create_entry_group already registered for DAG: example_complex
[2023-01-02T02:01:43.056+0000] {logging_mixin.py:137} INFO - [2023-01-02T02:01:43.056+0000] {taskmixin.py:205} WARNING - Dependency <Task(BashOperator): create_entry_gcs>, delete_entry already registered for DAG: example_complex
[2023-01-02T02:01:43.057+0000] {logging_mixin.py:137} INFO - [2023-01-02T02:01:43.057+0000] {taskmixin.py:205} WARNING - Dependency <Task(BashOperator): delete_entry>, create_entry_gcs already registered for DAG: example_complex
[2023-01-02T02:01:43.057+0000] {logging_mixin.py:137} INFO - [2023-01-02T02:01:43.057+0000] {taskmixin.py:205} WARNING - Dependency <Task(BashOperator): create_tag>, delete_tag already registered for DAG: example_complex
[2023-01-02T02:01:43.058+0000] {logging_mixin.py:137} INFO - [2023-01-02T02:01:43.058+0000] {taskmixin.py:205} WARNING - Dependency <Task(BashOperator): delete_tag>, create_tag already registered for DAG: example_complex
[2023-01-02T02:01:43.064+0000] {processor.py:753} INFO - DAG(s) dict_keys(['example_complex']) retrieved from /home/airflow/.local/lib/python3.7/site-packages/airflow/example_dags/example_complex.py
[2023-01-02T02:01:43.097+0000] {logging_mixin.py:137} INFO - [2023-01-02T02:01:43.097+0000] {dag.py:2676} INFO - Sync 1 DAGs
[2023-01-02T02:01:43.114+0000] {logging_mixin.py:137} INFO - [2023-01-02T02:01:43.114+0000] {dag.py:3427} INFO - Setting next_dagrun for example_complex to None, run_after=None
[2023-01-02T02:01:43.126+0000] {processor.py:175} INFO - Processing /home/airflow/.local/lib/python3.7/site-packages/airflow/example_dags/example_complex.py took 0.085 seconds
[2023-01-02T02:02:13.627+0000] {processor.py:153} INFO - Started process (PID=271) to work on /home/airflow/.local/lib/python3.7/site-packages/airflow/example_dags/example_complex.py
[2023-01-02T02:02:13.628+0000] {processor.py:743} INFO - Processing file /home/airflow/.local/lib/python3.7/site-packages/airflow/example_dags/example_complex.py for tasks to queue
[2023-01-02T02:02:13.629+0000] {logging_mixin.py:137} INFO - [2023-01-02T02:02:13.629+0000] {dagbag.py:538} INFO - Filling up the DagBag from /home/airflow/.local/lib/python3.7/site-packages/airflow/example_dags/example_complex.py
[2023-01-02T02:02:13.638+0000] {logging_mixin.py:137} INFO - [2023-01-02T02:02:13.638+0000] {taskmixin.py:205} WARNING - Dependency <Task(BashOperator): create_entry_group>, delete_entry_group already registered for DAG: example_complex
[2023-01-02T02:02:13.639+0000] {logging_mixin.py:137} INFO - [2023-01-02T02:02:13.639+0000] {taskmixin.py:205} WARNING - Dependency <Task(BashOperator): delete_entry_group>, create_entry_group already registered for DAG: example_complex
[2023-01-02T02:02:13.640+0000] {logging_mixin.py:137} INFO - [2023-01-02T02:02:13.640+0000] {taskmixin.py:205} WARNING - Dependency <Task(BashOperator): create_entry_gcs>, delete_entry already registered for DAG: example_complex
[2023-01-02T02:02:13.640+0000] {logging_mixin.py:137} INFO - [2023-01-02T02:02:13.640+0000] {taskmixin.py:205} WARNING - Dependency <Task(BashOperator): delete_entry>, create_entry_gcs already registered for DAG: example_complex
[2023-01-02T02:02:13.641+0000] {logging_mixin.py:137} INFO - [2023-01-02T02:02:13.641+0000] {taskmixin.py:205} WARNING - Dependency <Task(BashOperator): create_tag>, delete_tag already registered for DAG: example_complex
[2023-01-02T02:02:13.641+0000] {logging_mixin.py:137} INFO - [2023-01-02T02:02:13.641+0000] {taskmixin.py:205} WARNING - Dependency <Task(BashOperator): delete_tag>, create_tag already registered for DAG: example_complex
[2023-01-02T02:02:13.647+0000] {processor.py:753} INFO - DAG(s) dict_keys(['example_complex']) retrieved from /home/airflow/.local/lib/python3.7/site-packages/airflow/example_dags/example_complex.py
[2023-01-02T02:02:13.678+0000] {logging_mixin.py:137} INFO - [2023-01-02T02:02:13.678+0000] {dag.py:2676} INFO - Sync 1 DAGs
[2023-01-02T02:02:13.694+0000] {logging_mixin.py:137} INFO - [2023-01-02T02:02:13.694+0000] {dag.py:3427} INFO - Setting next_dagrun for example_complex to None, run_after=None
[2023-01-02T02:02:13.706+0000] {processor.py:175} INFO - Processing /home/airflow/.local/lib/python3.7/site-packages/airflow/example_dags/example_complex.py took 0.082 seconds
[2023-01-02T02:02:44.436+0000] {processor.py:153} INFO - Started process (PID=350) to work on /home/airflow/.local/lib/python3.7/site-packages/airflow/example_dags/example_complex.py
[2023-01-02T02:02:44.439+0000] {processor.py:743} INFO - Processing file /home/airflow/.local/lib/python3.7/site-packages/airflow/example_dags/example_complex.py for tasks to queue
[2023-01-02T02:02:44.440+0000] {logging_mixin.py:137} INFO - [2023-01-02T02:02:44.440+0000] {dagbag.py:538} INFO - Filling up the DagBag from /home/airflow/.local/lib/python3.7/site-packages/airflow/example_dags/example_complex.py
[2023-01-02T02:02:44.454+0000] {logging_mixin.py:137} INFO - [2023-01-02T02:02:44.454+0000] {taskmixin.py:205} WARNING - Dependency <Task(BashOperator): create_entry_group>, delete_entry_group already registered for DAG: example_complex
[2023-01-02T02:02:44.455+0000] {logging_mixin.py:137} INFO - [2023-01-02T02:02:44.455+0000] {taskmixin.py:205} WARNING - Dependency <Task(BashOperator): delete_entry_group>, create_entry_group already registered for DAG: example_complex
[2023-01-02T02:02:44.455+0000] {logging_mixin.py:137} INFO - [2023-01-02T02:02:44.455+0000] {taskmixin.py:205} WARNING - Dependency <Task(BashOperator): create_entry_gcs>, delete_entry already registered for DAG: example_complex
[2023-01-02T02:02:44.456+0000] {logging_mixin.py:137} INFO - [2023-01-02T02:02:44.456+0000] {taskmixin.py:205} WARNING - Dependency <Task(BashOperator): delete_entry>, create_entry_gcs already registered for DAG: example_complex
[2023-01-02T02:02:44.456+0000] {logging_mixin.py:137} INFO - [2023-01-02T02:02:44.456+0000] {taskmixin.py:205} WARNING - Dependency <Task(BashOperator): create_tag>, delete_tag already registered for DAG: example_complex
[2023-01-02T02:02:44.457+0000] {logging_mixin.py:137} INFO - [2023-01-02T02:02:44.457+0000] {taskmixin.py:205} WARNING - Dependency <Task(BashOperator): delete_tag>, create_tag already registered for DAG: example_complex
[2023-01-02T02:02:44.464+0000] {processor.py:753} INFO - DAG(s) dict_keys(['example_complex']) retrieved from /home/airflow/.local/lib/python3.7/site-packages/airflow/example_dags/example_complex.py
[2023-01-02T02:02:44.512+0000] {logging_mixin.py:137} INFO - [2023-01-02T02:02:44.512+0000] {dag.py:2676} INFO - Sync 1 DAGs
[2023-01-02T02:02:44.552+0000] {logging_mixin.py:137} INFO - [2023-01-02T02:02:44.552+0000] {dag.py:3427} INFO - Setting next_dagrun for example_complex to None, run_after=None
[2023-01-02T02:02:44.574+0000] {processor.py:175} INFO - Processing /home/airflow/.local/lib/python3.7/site-packages/airflow/example_dags/example_complex.py took 0.141 seconds
[2023-01-02T02:03:15.241+0000] {processor.py:153} INFO - Started process (PID=415) to work on /home/airflow/.local/lib/python3.7/site-packages/airflow/example_dags/example_complex.py
[2023-01-02T02:03:15.242+0000] {processor.py:743} INFO - Processing file /home/airflow/.local/lib/python3.7/site-packages/airflow/example_dags/example_complex.py for tasks to queue
[2023-01-02T02:03:15.243+0000] {logging_mixin.py:137} INFO - [2023-01-02T02:03:15.243+0000] {dagbag.py:538} INFO - Filling up the DagBag from /home/airflow/.local/lib/python3.7/site-packages/airflow/example_dags/example_complex.py
[2023-01-02T02:03:15.251+0000] {logging_mixin.py:137} INFO - [2023-01-02T02:03:15.251+0000] {taskmixin.py:205} WARNING - Dependency <Task(BashOperator): create_entry_group>, delete_entry_group already registered for DAG: example_complex
[2023-01-02T02:03:15.252+0000] {logging_mixin.py:137} INFO - [2023-01-02T02:03:15.252+0000] {taskmixin.py:205} WARNING - Dependency <Task(BashOperator): delete_entry_group>, create_entry_group already registered for DAG: example_complex
[2023-01-02T02:03:15.253+0000] {logging_mixin.py:137} INFO - [2023-01-02T02:03:15.253+0000] {taskmixin.py:205} WARNING - Dependency <Task(BashOperator): create_entry_gcs>, delete_entry already registered for DAG: example_complex
[2023-01-02T02:03:15.254+0000] {logging_mixin.py:137} INFO - [2023-01-02T02:03:15.254+0000] {taskmixin.py:205} WARNING - Dependency <Task(BashOperator): delete_entry>, create_entry_gcs already registered for DAG: example_complex
[2023-01-02T02:03:15.254+0000] {logging_mixin.py:137} INFO - [2023-01-02T02:03:15.254+0000] {taskmixin.py:205} WARNING - Dependency <Task(BashOperator): create_tag>, delete_tag already registered for DAG: example_complex
[2023-01-02T02:03:15.255+0000] {logging_mixin.py:137} INFO - [2023-01-02T02:03:15.255+0000] {taskmixin.py:205} WARNING - Dependency <Task(BashOperator): delete_tag>, create_tag already registered for DAG: example_complex
[2023-01-02T02:03:15.261+0000] {processor.py:753} INFO - DAG(s) dict_keys(['example_complex']) retrieved from /home/airflow/.local/lib/python3.7/site-packages/airflow/example_dags/example_complex.py
[2023-01-02T02:03:15.294+0000] {logging_mixin.py:137} INFO - [2023-01-02T02:03:15.294+0000] {dag.py:2676} INFO - Sync 1 DAGs
[2023-01-02T02:03:15.311+0000] {logging_mixin.py:137} INFO - [2023-01-02T02:03:15.311+0000] {dag.py:3427} INFO - Setting next_dagrun for example_complex to None, run_after=None
[2023-01-02T02:03:15.324+0000] {processor.py:175} INFO - Processing /home/airflow/.local/lib/python3.7/site-packages/airflow/example_dags/example_complex.py took 0.086 seconds
[2023-01-02T02:03:45.489+0000] {processor.py:153} INFO - Started process (PID=493) to work on /home/airflow/.local/lib/python3.7/site-packages/airflow/example_dags/example_complex.py
[2023-01-02T02:03:45.490+0000] {processor.py:743} INFO - Processing file /home/airflow/.local/lib/python3.7/site-packages/airflow/example_dags/example_complex.py for tasks to queue
[2023-01-02T02:03:45.491+0000] {logging_mixin.py:137} INFO - [2023-01-02T02:03:45.491+0000] {dagbag.py:538} INFO - Filling up the DagBag from /home/airflow/.local/lib/python3.7/site-packages/airflow/example_dags/example_complex.py
[2023-01-02T02:03:45.499+0000] {logging_mixin.py:137} INFO - [2023-01-02T02:03:45.498+0000] {taskmixin.py:205} WARNING - Dependency <Task(BashOperator): create_entry_group>, delete_entry_group already registered for DAG: example_complex
[2023-01-02T02:03:45.499+0000] {logging_mixin.py:137} INFO - [2023-01-02T02:03:45.499+0000] {taskmixin.py:205} WARNING - Dependency <Task(BashOperator): delete_entry_group>, create_entry_group already registered for DAG: example_complex
[2023-01-02T02:03:45.500+0000] {logging_mixin.py:137} INFO - [2023-01-02T02:03:45.500+0000] {taskmixin.py:205} WARNING - Dependency <Task(BashOperator): create_entry_gcs>, delete_entry already registered for DAG: example_complex
[2023-01-02T02:03:45.500+0000] {logging_mixin.py:137} INFO - [2023-01-02T02:03:45.500+0000] {taskmixin.py:205} WARNING - Dependency <Task(BashOperator): delete_entry>, create_entry_gcs already registered for DAG: example_complex
[2023-01-02T02:03:45.501+0000] {logging_mixin.py:137} INFO - [2023-01-02T02:03:45.501+0000] {taskmixin.py:205} WARNING - Dependency <Task(BashOperator): create_tag>, delete_tag already registered for DAG: example_complex
[2023-01-02T02:03:45.501+0000] {logging_mixin.py:137} INFO - [2023-01-02T02:03:45.501+0000] {taskmixin.py:205} WARNING - Dependency <Task(BashOperator): delete_tag>, create_tag already registered for DAG: example_complex
[2023-01-02T02:03:45.507+0000] {processor.py:753} INFO - DAG(s) dict_keys(['example_complex']) retrieved from /home/airflow/.local/lib/python3.7/site-packages/airflow/example_dags/example_complex.py
[2023-01-02T02:03:45.538+0000] {logging_mixin.py:137} INFO - [2023-01-02T02:03:45.538+0000] {dag.py:2676} INFO - Sync 1 DAGs
[2023-01-02T02:03:45.553+0000] {logging_mixin.py:137} INFO - [2023-01-02T02:03:45.553+0000] {dag.py:3427} INFO - Setting next_dagrun for example_complex to None, run_after=None
[2023-01-02T02:03:45.565+0000] {processor.py:175} INFO - Processing /home/airflow/.local/lib/python3.7/site-packages/airflow/example_dags/example_complex.py took 0.079 seconds
[2023-01-02T02:04:16.017+0000] {processor.py:153} INFO - Started process (PID=567) to work on /home/airflow/.local/lib/python3.7/site-packages/airflow/example_dags/example_complex.py
[2023-01-02T02:04:16.021+0000] {processor.py:743} INFO - Processing file /home/airflow/.local/lib/python3.7/site-packages/airflow/example_dags/example_complex.py for tasks to queue
[2023-01-02T02:04:16.022+0000] {logging_mixin.py:137} INFO - [2023-01-02T02:04:16.022+0000] {dagbag.py:538} INFO - Filling up the DagBag from /home/airflow/.local/lib/python3.7/site-packages/airflow/example_dags/example_complex.py
[2023-01-02T02:04:16.041+0000] {logging_mixin.py:137} INFO - [2023-01-02T02:04:16.041+0000] {taskmixin.py:205} WARNING - Dependency <Task(BashOperator): create_entry_group>, delete_entry_group already registered for DAG: example_complex
[2023-01-02T02:04:16.051+0000] {logging_mixin.py:137} INFO - [2023-01-02T02:04:16.050+0000] {taskmixin.py:205} WARNING - Dependency <Task(BashOperator): delete_entry_group>, create_entry_group already registered for DAG: example_complex
[2023-01-02T02:04:16.051+0000] {logging_mixin.py:137} INFO - [2023-01-02T02:04:16.051+0000] {taskmixin.py:205} WARNING - Dependency <Task(BashOperator): create_entry_gcs>, delete_entry already registered for DAG: example_complex
[2023-01-02T02:04:16.052+0000] {logging_mixin.py:137} INFO - [2023-01-02T02:04:16.052+0000] {taskmixin.py:205} WARNING - Dependency <Task(BashOperator): delete_entry>, create_entry_gcs already registered for DAG: example_complex
[2023-01-02T02:04:16.052+0000] {logging_mixin.py:137} INFO - [2023-01-02T02:04:16.052+0000] {taskmixin.py:205} WARNING - Dependency <Task(BashOperator): create_tag>, delete_tag already registered for DAG: example_complex
[2023-01-02T02:04:16.053+0000] {logging_mixin.py:137} INFO - [2023-01-02T02:04:16.053+0000] {taskmixin.py:205} WARNING - Dependency <Task(BashOperator): delete_tag>, create_tag already registered for DAG: example_complex
[2023-01-02T02:04:16.058+0000] {processor.py:753} INFO - DAG(s) dict_keys(['example_complex']) retrieved from /home/airflow/.local/lib/python3.7/site-packages/airflow/example_dags/example_complex.py
[2023-01-02T02:04:16.104+0000] {logging_mixin.py:137} INFO - [2023-01-02T02:04:16.104+0000] {dag.py:2676} INFO - Sync 1 DAGs
[2023-01-02T02:04:16.130+0000] {logging_mixin.py:137} INFO - [2023-01-02T02:04:16.129+0000] {dag.py:3427} INFO - Setting next_dagrun for example_complex to None, run_after=None
[2023-01-02T02:04:16.165+0000] {processor.py:175} INFO - Processing /home/airflow/.local/lib/python3.7/site-packages/airflow/example_dags/example_complex.py took 0.151 seconds
[2023-01-02T02:04:46.951+0000] {processor.py:153} INFO - Started process (PID=637) to work on /home/airflow/.local/lib/python3.7/site-packages/airflow/example_dags/example_complex.py
[2023-01-02T02:04:46.952+0000] {processor.py:743} INFO - Processing file /home/airflow/.local/lib/python3.7/site-packages/airflow/example_dags/example_complex.py for tasks to queue
[2023-01-02T02:04:46.953+0000] {logging_mixin.py:137} INFO - [2023-01-02T02:04:46.953+0000] {dagbag.py:538} INFO - Filling up the DagBag from /home/airflow/.local/lib/python3.7/site-packages/airflow/example_dags/example_complex.py
[2023-01-02T02:04:46.962+0000] {logging_mixin.py:137} INFO - [2023-01-02T02:04:46.962+0000] {taskmixin.py:205} WARNING - Dependency <Task(BashOperator): create_entry_group>, delete_entry_group already registered for DAG: example_complex
[2023-01-02T02:04:46.963+0000] {logging_mixin.py:137} INFO - [2023-01-02T02:04:46.963+0000] {taskmixin.py:205} WARNING - Dependency <Task(BashOperator): delete_entry_group>, create_entry_group already registered for DAG: example_complex
[2023-01-02T02:04:46.963+0000] {logging_mixin.py:137} INFO - [2023-01-02T02:04:46.963+0000] {taskmixin.py:205} WARNING - Dependency <Task(BashOperator): create_entry_gcs>, delete_entry already registered for DAG: example_complex
[2023-01-02T02:04:46.964+0000] {logging_mixin.py:137} INFO - [2023-01-02T02:04:46.964+0000] {taskmixin.py:205} WARNING - Dependency <Task(BashOperator): delete_entry>, create_entry_gcs already registered for DAG: example_complex
[2023-01-02T02:04:46.965+0000] {logging_mixin.py:137} INFO - [2023-01-02T02:04:46.965+0000] {taskmixin.py:205} WARNING - Dependency <Task(BashOperator): create_tag>, delete_tag already registered for DAG: example_complex
[2023-01-02T02:04:46.965+0000] {logging_mixin.py:137} INFO - [2023-01-02T02:04:46.965+0000] {taskmixin.py:205} WARNING - Dependency <Task(BashOperator): delete_tag>, create_tag already registered for DAG: example_complex
[2023-01-02T02:04:46.974+0000] {processor.py:753} INFO - DAG(s) dict_keys(['example_complex']) retrieved from /home/airflow/.local/lib/python3.7/site-packages/airflow/example_dags/example_complex.py
[2023-01-02T02:04:47.015+0000] {logging_mixin.py:137} INFO - [2023-01-02T02:04:47.015+0000] {dag.py:2676} INFO - Sync 1 DAGs
[2023-01-02T02:04:47.034+0000] {logging_mixin.py:137} INFO - [2023-01-02T02:04:47.034+0000] {dag.py:3427} INFO - Setting next_dagrun for example_complex to None, run_after=None
[2023-01-02T02:04:47.047+0000] {processor.py:175} INFO - Processing /home/airflow/.local/lib/python3.7/site-packages/airflow/example_dags/example_complex.py took 0.099 seconds
[2023-01-02T02:05:17.423+0000] {processor.py:153} INFO - Started process (PID=714) to work on /home/airflow/.local/lib/python3.7/site-packages/airflow/example_dags/example_complex.py
[2023-01-02T02:05:17.425+0000] {processor.py:743} INFO - Processing file /home/airflow/.local/lib/python3.7/site-packages/airflow/example_dags/example_complex.py for tasks to queue
[2023-01-02T02:05:17.426+0000] {logging_mixin.py:137} INFO - [2023-01-02T02:05:17.426+0000] {dagbag.py:538} INFO - Filling up the DagBag from /home/airflow/.local/lib/python3.7/site-packages/airflow/example_dags/example_complex.py
[2023-01-02T02:05:17.434+0000] {logging_mixin.py:137} INFO - [2023-01-02T02:05:17.434+0000] {taskmixin.py:205} WARNING - Dependency <Task(BashOperator): create_entry_group>, delete_entry_group already registered for DAG: example_complex
[2023-01-02T02:05:17.435+0000] {logging_mixin.py:137} INFO - [2023-01-02T02:05:17.435+0000] {taskmixin.py:205} WARNING - Dependency <Task(BashOperator): delete_entry_group>, create_entry_group already registered for DAG: example_complex
[2023-01-02T02:05:17.436+0000] {logging_mixin.py:137} INFO - [2023-01-02T02:05:17.436+0000] {taskmixin.py:205} WARNING - Dependency <Task(BashOperator): create_entry_gcs>, delete_entry already registered for DAG: example_complex
[2023-01-02T02:05:17.436+0000] {logging_mixin.py:137} INFO - [2023-01-02T02:05:17.436+0000] {taskmixin.py:205} WARNING - Dependency <Task(BashOperator): delete_entry>, create_entry_gcs already registered for DAG: example_complex
[2023-01-02T02:05:17.437+0000] {logging_mixin.py:137} INFO - [2023-01-02T02:05:17.437+0000] {taskmixin.py:205} WARNING - Dependency <Task(BashOperator): create_tag>, delete_tag already registered for DAG: example_complex
[2023-01-02T02:05:17.438+0000] {logging_mixin.py:137} INFO - [2023-01-02T02:05:17.438+0000] {taskmixin.py:205} WARNING - Dependency <Task(BashOperator): delete_tag>, create_tag already registered for DAG: example_complex
[2023-01-02T02:05:17.443+0000] {processor.py:753} INFO - DAG(s) dict_keys(['example_complex']) retrieved from /home/airflow/.local/lib/python3.7/site-packages/airflow/example_dags/example_complex.py
[2023-01-02T02:05:17.476+0000] {logging_mixin.py:137} INFO - [2023-01-02T02:05:17.476+0000] {dag.py:2676} INFO - Sync 1 DAGs
[2023-01-02T02:05:17.492+0000] {logging_mixin.py:137} INFO - [2023-01-02T02:05:17.492+0000] {dag.py:3427} INFO - Setting next_dagrun for example_complex to None, run_after=None
[2023-01-02T02:05:17.503+0000] {processor.py:175} INFO - Processing /home/airflow/.local/lib/python3.7/site-packages/airflow/example_dags/example_complex.py took 0.083 seconds
[2023-01-02T02:05:48.209+0000] {processor.py:153} INFO - Started process (PID=779) to work on /home/airflow/.local/lib/python3.7/site-packages/airflow/example_dags/example_complex.py
[2023-01-02T02:05:48.212+0000] {processor.py:743} INFO - Processing file /home/airflow/.local/lib/python3.7/site-packages/airflow/example_dags/example_complex.py for tasks to queue
[2023-01-02T02:05:48.213+0000] {logging_mixin.py:137} INFO - [2023-01-02T02:05:48.213+0000] {dagbag.py:538} INFO - Filling up the DagBag from /home/airflow/.local/lib/python3.7/site-packages/airflow/example_dags/example_complex.py
[2023-01-02T02:05:48.224+0000] {logging_mixin.py:137} INFO - [2023-01-02T02:05:48.224+0000] {taskmixin.py:205} WARNING - Dependency <Task(BashOperator): create_entry_group>, delete_entry_group already registered for DAG: example_complex
[2023-01-02T02:05:48.225+0000] {logging_mixin.py:137} INFO - [2023-01-02T02:05:48.225+0000] {taskmixin.py:205} WARNING - Dependency <Task(BashOperator): delete_entry_group>, create_entry_group already registered for DAG: example_complex
[2023-01-02T02:05:48.226+0000] {logging_mixin.py:137} INFO - [2023-01-02T02:05:48.226+0000] {taskmixin.py:205} WARNING - Dependency <Task(BashOperator): create_entry_gcs>, delete_entry already registered for DAG: example_complex
[2023-01-02T02:05:48.226+0000] {logging_mixin.py:137} INFO - [2023-01-02T02:05:48.226+0000] {taskmixin.py:205} WARNING - Dependency <Task(BashOperator): delete_entry>, create_entry_gcs already registered for DAG: example_complex
[2023-01-02T02:05:48.227+0000] {logging_mixin.py:137} INFO - [2023-01-02T02:05:48.227+0000] {taskmixin.py:205} WARNING - Dependency <Task(BashOperator): create_tag>, delete_tag already registered for DAG: example_complex
[2023-01-02T02:05:48.227+0000] {logging_mixin.py:137} INFO - [2023-01-02T02:05:48.227+0000] {taskmixin.py:205} WARNING - Dependency <Task(BashOperator): delete_tag>, create_tag already registered for DAG: example_complex
[2023-01-02T02:05:48.235+0000] {processor.py:753} INFO - DAG(s) dict_keys(['example_complex']) retrieved from /home/airflow/.local/lib/python3.7/site-packages/airflow/example_dags/example_complex.py
[2023-01-02T02:05:48.270+0000] {logging_mixin.py:137} INFO - [2023-01-02T02:05:48.270+0000] {dag.py:2676} INFO - Sync 1 DAGs
[2023-01-02T02:05:48.290+0000] {logging_mixin.py:137} INFO - [2023-01-02T02:05:48.290+0000] {dag.py:3427} INFO - Setting next_dagrun for example_complex to None, run_after=None
[2023-01-02T02:05:48.307+0000] {processor.py:175} INFO - Processing /home/airflow/.local/lib/python3.7/site-packages/airflow/example_dags/example_complex.py took 0.101 seconds
[2023-01-02T02:06:18.751+0000] {processor.py:153} INFO - Started process (PID=858) to work on /home/airflow/.local/lib/python3.7/site-packages/airflow/example_dags/example_complex.py
[2023-01-02T02:06:18.752+0000] {processor.py:743} INFO - Processing file /home/airflow/.local/lib/python3.7/site-packages/airflow/example_dags/example_complex.py for tasks to queue
[2023-01-02T02:06:18.753+0000] {logging_mixin.py:137} INFO - [2023-01-02T02:06:18.753+0000] {dagbag.py:538} INFO - Filling up the DagBag from /home/airflow/.local/lib/python3.7/site-packages/airflow/example_dags/example_complex.py
[2023-01-02T02:06:18.762+0000] {logging_mixin.py:137} INFO - [2023-01-02T02:06:18.761+0000] {taskmixin.py:205} WARNING - Dependency <Task(BashOperator): create_entry_group>, delete_entry_group already registered for DAG: example_complex
[2023-01-02T02:06:18.762+0000] {logging_mixin.py:137} INFO - [2023-01-02T02:06:18.762+0000] {taskmixin.py:205} WARNING - Dependency <Task(BashOperator): delete_entry_group>, create_entry_group already registered for DAG: example_complex
[2023-01-02T02:06:18.762+0000] {logging_mixin.py:137} INFO - [2023-01-02T02:06:18.762+0000] {taskmixin.py:205} WARNING - Dependency <Task(BashOperator): create_entry_gcs>, delete_entry already registered for DAG: example_complex
[2023-01-02T02:06:18.763+0000] {logging_mixin.py:137} INFO - [2023-01-02T02:06:18.763+0000] {taskmixin.py:205} WARNING - Dependency <Task(BashOperator): delete_entry>, create_entry_gcs already registered for DAG: example_complex
[2023-01-02T02:06:18.764+0000] {logging_mixin.py:137} INFO - [2023-01-02T02:06:18.763+0000] {taskmixin.py:205} WARNING - Dependency <Task(BashOperator): create_tag>, delete_tag already registered for DAG: example_complex
[2023-01-02T02:06:18.764+0000] {logging_mixin.py:137} INFO - [2023-01-02T02:06:18.764+0000] {taskmixin.py:205} WARNING - Dependency <Task(BashOperator): delete_tag>, create_tag already registered for DAG: example_complex
[2023-01-02T02:06:18.769+0000] {processor.py:753} INFO - DAG(s) dict_keys(['example_complex']) retrieved from /home/airflow/.local/lib/python3.7/site-packages/airflow/example_dags/example_complex.py
[2023-01-02T02:06:18.801+0000] {logging_mixin.py:137} INFO - [2023-01-02T02:06:18.801+0000] {dag.py:2676} INFO - Sync 1 DAGs
[2023-01-02T02:06:18.818+0000] {logging_mixin.py:137} INFO - [2023-01-02T02:06:18.818+0000] {dag.py:3427} INFO - Setting next_dagrun for example_complex to None, run_after=None
[2023-01-02T02:06:18.830+0000] {processor.py:175} INFO - Processing /home/airflow/.local/lib/python3.7/site-packages/airflow/example_dags/example_complex.py took 0.081 seconds
[2023-01-02T02:06:49.412+0000] {processor.py:153} INFO - Started process (PID=937) to work on /home/airflow/.local/lib/python3.7/site-packages/airflow/example_dags/example_complex.py
[2023-01-02T02:06:49.413+0000] {processor.py:743} INFO - Processing file /home/airflow/.local/lib/python3.7/site-packages/airflow/example_dags/example_complex.py for tasks to queue
[2023-01-02T02:06:49.414+0000] {logging_mixin.py:137} INFO - [2023-01-02T02:06:49.414+0000] {dagbag.py:538} INFO - Filling up the DagBag from /home/airflow/.local/lib/python3.7/site-packages/airflow/example_dags/example_complex.py
[2023-01-02T02:06:49.423+0000] {logging_mixin.py:137} INFO - [2023-01-02T02:06:49.423+0000] {taskmixin.py:205} WARNING - Dependency <Task(BashOperator): create_entry_group>, delete_entry_group already registered for DAG: example_complex
[2023-01-02T02:06:49.423+0000] {logging_mixin.py:137} INFO - [2023-01-02T02:06:49.423+0000] {taskmixin.py:205} WARNING - Dependency <Task(BashOperator): delete_entry_group>, create_entry_group already registered for DAG: example_complex
[2023-01-02T02:06:49.424+0000] {logging_mixin.py:137} INFO - [2023-01-02T02:06:49.424+0000] {taskmixin.py:205} WARNING - Dependency <Task(BashOperator): create_entry_gcs>, delete_entry already registered for DAG: example_complex
[2023-01-02T02:06:49.424+0000] {logging_mixin.py:137} INFO - [2023-01-02T02:06:49.424+0000] {taskmixin.py:205} WARNING - Dependency <Task(BashOperator): delete_entry>, create_entry_gcs already registered for DAG: example_complex
[2023-01-02T02:06:49.425+0000] {logging_mixin.py:137} INFO - [2023-01-02T02:06:49.425+0000] {taskmixin.py:205} WARNING - Dependency <Task(BashOperator): create_tag>, delete_tag already registered for DAG: example_complex
[2023-01-02T02:06:49.425+0000] {logging_mixin.py:137} INFO - [2023-01-02T02:06:49.425+0000] {taskmixin.py:205} WARNING - Dependency <Task(BashOperator): delete_tag>, create_tag already registered for DAG: example_complex
[2023-01-02T02:06:49.430+0000] {processor.py:753} INFO - DAG(s) dict_keys(['example_complex']) retrieved from /home/airflow/.local/lib/python3.7/site-packages/airflow/example_dags/example_complex.py
[2023-01-02T02:06:49.461+0000] {logging_mixin.py:137} INFO - [2023-01-02T02:06:49.461+0000] {dag.py:2676} INFO - Sync 1 DAGs
[2023-01-02T02:06:49.477+0000] {logging_mixin.py:137} INFO - [2023-01-02T02:06:49.477+0000] {dag.py:3427} INFO - Setting next_dagrun for example_complex to None, run_after=None
[2023-01-02T02:06:49.488+0000] {processor.py:175} INFO - Processing /home/airflow/.local/lib/python3.7/site-packages/airflow/example_dags/example_complex.py took 0.079 seconds
[2023-01-02T02:07:20.128+0000] {processor.py:153} INFO - Started process (PID=1003) to work on /home/airflow/.local/lib/python3.7/site-packages/airflow/example_dags/example_complex.py
[2023-01-02T02:07:20.130+0000] {processor.py:743} INFO - Processing file /home/airflow/.local/lib/python3.7/site-packages/airflow/example_dags/example_complex.py for tasks to queue
[2023-01-02T02:07:20.131+0000] {logging_mixin.py:137} INFO - [2023-01-02T02:07:20.131+0000] {dagbag.py:538} INFO - Filling up the DagBag from /home/airflow/.local/lib/python3.7/site-packages/airflow/example_dags/example_complex.py
[2023-01-02T02:07:20.140+0000] {logging_mixin.py:137} INFO - [2023-01-02T02:07:20.140+0000] {taskmixin.py:205} WARNING - Dependency <Task(BashOperator): create_entry_group>, delete_entry_group already registered for DAG: example_complex
[2023-01-02T02:07:20.141+0000] {logging_mixin.py:137} INFO - [2023-01-02T02:07:20.141+0000] {taskmixin.py:205} WARNING - Dependency <Task(BashOperator): delete_entry_group>, create_entry_group already registered for DAG: example_complex
[2023-01-02T02:07:20.142+0000] {logging_mixin.py:137} INFO - [2023-01-02T02:07:20.142+0000] {taskmixin.py:205} WARNING - Dependency <Task(BashOperator): create_entry_gcs>, delete_entry already registered for DAG: example_complex
[2023-01-02T02:07:20.143+0000] {logging_mixin.py:137} INFO - [2023-01-02T02:07:20.143+0000] {taskmixin.py:205} WARNING - Dependency <Task(BashOperator): delete_entry>, create_entry_gcs already registered for DAG: example_complex
[2023-01-02T02:07:20.144+0000] {logging_mixin.py:137} INFO - [2023-01-02T02:07:20.144+0000] {taskmixin.py:205} WARNING - Dependency <Task(BashOperator): create_tag>, delete_tag already registered for DAG: example_complex
[2023-01-02T02:07:20.146+0000] {logging_mixin.py:137} INFO - [2023-01-02T02:07:20.146+0000] {taskmixin.py:205} WARNING - Dependency <Task(BashOperator): delete_tag>, create_tag already registered for DAG: example_complex
[2023-01-02T02:07:20.159+0000] {processor.py:753} INFO - DAG(s) dict_keys(['example_complex']) retrieved from /home/airflow/.local/lib/python3.7/site-packages/airflow/example_dags/example_complex.py
[2023-01-02T02:07:20.221+0000] {logging_mixin.py:137} INFO - [2023-01-02T02:07:20.221+0000] {dag.py:2676} INFO - Sync 1 DAGs
[2023-01-02T02:07:20.241+0000] {logging_mixin.py:137} INFO - [2023-01-02T02:07:20.240+0000] {dag.py:3427} INFO - Setting next_dagrun for example_complex to None, run_after=None
[2023-01-02T02:07:20.258+0000] {processor.py:175} INFO - Processing /home/airflow/.local/lib/python3.7/site-packages/airflow/example_dags/example_complex.py took 0.132 seconds
[2023-01-02T02:07:50.647+0000] {processor.py:153} INFO - Started process (PID=1081) to work on /home/airflow/.local/lib/python3.7/site-packages/airflow/example_dags/example_complex.py
[2023-01-02T02:07:50.649+0000] {processor.py:743} INFO - Processing file /home/airflow/.local/lib/python3.7/site-packages/airflow/example_dags/example_complex.py for tasks to queue
[2023-01-02T02:07:50.650+0000] {logging_mixin.py:137} INFO - [2023-01-02T02:07:50.650+0000] {dagbag.py:538} INFO - Filling up the DagBag from /home/airflow/.local/lib/python3.7/site-packages/airflow/example_dags/example_complex.py
[2023-01-02T02:07:50.658+0000] {logging_mixin.py:137} INFO - [2023-01-02T02:07:50.657+0000] {taskmixin.py:205} WARNING - Dependency <Task(BashOperator): create_entry_group>, delete_entry_group already registered for DAG: example_complex
[2023-01-02T02:07:50.658+0000] {logging_mixin.py:137} INFO - [2023-01-02T02:07:50.658+0000] {taskmixin.py:205} WARNING - Dependency <Task(BashOperator): delete_entry_group>, create_entry_group already registered for DAG: example_complex
[2023-01-02T02:07:50.658+0000] {logging_mixin.py:137} INFO - [2023-01-02T02:07:50.658+0000] {taskmixin.py:205} WARNING - Dependency <Task(BashOperator): create_entry_gcs>, delete_entry already registered for DAG: example_complex
[2023-01-02T02:07:50.659+0000] {logging_mixin.py:137} INFO - [2023-01-02T02:07:50.659+0000] {taskmixin.py:205} WARNING - Dependency <Task(BashOperator): delete_entry>, create_entry_gcs already registered for DAG: example_complex
[2023-01-02T02:07:50.659+0000] {logging_mixin.py:137} INFO - [2023-01-02T02:07:50.659+0000] {taskmixin.py:205} WARNING - Dependency <Task(BashOperator): create_tag>, delete_tag already registered for DAG: example_complex
[2023-01-02T02:07:50.660+0000] {logging_mixin.py:137} INFO - [2023-01-02T02:07:50.660+0000] {taskmixin.py:205} WARNING - Dependency <Task(BashOperator): delete_tag>, create_tag already registered for DAG: example_complex
[2023-01-02T02:07:50.667+0000] {processor.py:753} INFO - DAG(s) dict_keys(['example_complex']) retrieved from /home/airflow/.local/lib/python3.7/site-packages/airflow/example_dags/example_complex.py
[2023-01-02T02:07:50.699+0000] {logging_mixin.py:137} INFO - [2023-01-02T02:07:50.699+0000] {dag.py:2676} INFO - Sync 1 DAGs
[2023-01-02T02:07:50.716+0000] {logging_mixin.py:137} INFO - [2023-01-02T02:07:50.716+0000] {dag.py:3427} INFO - Setting next_dagrun for example_complex to None, run_after=None
[2023-01-02T02:07:50.730+0000] {processor.py:175} INFO - Processing /home/airflow/.local/lib/python3.7/site-packages/airflow/example_dags/example_complex.py took 0.086 seconds
[2023-01-02T02:08:21.315+0000] {processor.py:153} INFO - Started process (PID=1154) to work on /home/airflow/.local/lib/python3.7/site-packages/airflow/example_dags/example_complex.py
[2023-01-02T02:08:21.317+0000] {processor.py:743} INFO - Processing file /home/airflow/.local/lib/python3.7/site-packages/airflow/example_dags/example_complex.py for tasks to queue
[2023-01-02T02:08:21.318+0000] {logging_mixin.py:137} INFO - [2023-01-02T02:08:21.318+0000] {dagbag.py:538} INFO - Filling up the DagBag from /home/airflow/.local/lib/python3.7/site-packages/airflow/example_dags/example_complex.py
[2023-01-02T02:08:21.327+0000] {logging_mixin.py:137} INFO - [2023-01-02T02:08:21.327+0000] {taskmixin.py:205} WARNING - Dependency <Task(BashOperator): create_entry_group>, delete_entry_group already registered for DAG: example_complex
[2023-01-02T02:08:21.328+0000] {logging_mixin.py:137} INFO - [2023-01-02T02:08:21.328+0000] {taskmixin.py:205} WARNING - Dependency <Task(BashOperator): delete_entry_group>, create_entry_group already registered for DAG: example_complex
[2023-01-02T02:08:21.328+0000] {logging_mixin.py:137} INFO - [2023-01-02T02:08:21.328+0000] {taskmixin.py:205} WARNING - Dependency <Task(BashOperator): create_entry_gcs>, delete_entry already registered for DAG: example_complex
[2023-01-02T02:08:21.329+0000] {logging_mixin.py:137} INFO - [2023-01-02T02:08:21.329+0000] {taskmixin.py:205} WARNING - Dependency <Task(BashOperator): delete_entry>, create_entry_gcs already registered for DAG: example_complex
[2023-01-02T02:08:21.330+0000] {logging_mixin.py:137} INFO - [2023-01-02T02:08:21.330+0000] {taskmixin.py:205} WARNING - Dependency <Task(BashOperator): create_tag>, delete_tag already registered for DAG: example_complex
[2023-01-02T02:08:21.331+0000] {logging_mixin.py:137} INFO - [2023-01-02T02:08:21.331+0000] {taskmixin.py:205} WARNING - Dependency <Task(BashOperator): delete_tag>, create_tag already registered for DAG: example_complex
[2023-01-02T02:08:21.341+0000] {processor.py:753} INFO - DAG(s) dict_keys(['example_complex']) retrieved from /home/airflow/.local/lib/python3.7/site-packages/airflow/example_dags/example_complex.py
[2023-01-02T02:08:21.382+0000] {logging_mixin.py:137} INFO - [2023-01-02T02:08:21.382+0000] {dag.py:2676} INFO - Sync 1 DAGs
[2023-01-02T02:08:21.411+0000] {logging_mixin.py:137} INFO - [2023-01-02T02:08:21.411+0000] {dag.py:3427} INFO - Setting next_dagrun for example_complex to None, run_after=None
[2023-01-02T02:08:21.429+0000] {processor.py:175} INFO - Processing /home/airflow/.local/lib/python3.7/site-packages/airflow/example_dags/example_complex.py took 0.117 seconds
[2023-01-02T02:08:52.329+0000] {processor.py:153} INFO - Started process (PID=1223) to work on /home/airflow/.local/lib/python3.7/site-packages/airflow/example_dags/example_complex.py
[2023-01-02T02:08:52.330+0000] {processor.py:743} INFO - Processing file /home/airflow/.local/lib/python3.7/site-packages/airflow/example_dags/example_complex.py for tasks to queue
[2023-01-02T02:08:52.331+0000] {logging_mixin.py:137} INFO - [2023-01-02T02:08:52.331+0000] {dagbag.py:538} INFO - Filling up the DagBag from /home/airflow/.local/lib/python3.7/site-packages/airflow/example_dags/example_complex.py
[2023-01-02T02:08:52.340+0000] {logging_mixin.py:137} INFO - [2023-01-02T02:08:52.340+0000] {taskmixin.py:205} WARNING - Dependency <Task(BashOperator): create_entry_group>, delete_entry_group already registered for DAG: example_complex
[2023-01-02T02:08:52.340+0000] {logging_mixin.py:137} INFO - [2023-01-02T02:08:52.340+0000] {taskmixin.py:205} WARNING - Dependency <Task(BashOperator): delete_entry_group>, create_entry_group already registered for DAG: example_complex
[2023-01-02T02:08:52.341+0000] {logging_mixin.py:137} INFO - [2023-01-02T02:08:52.341+0000] {taskmixin.py:205} WARNING - Dependency <Task(BashOperator): create_entry_gcs>, delete_entry already registered for DAG: example_complex
[2023-01-02T02:08:52.341+0000] {logging_mixin.py:137} INFO - [2023-01-02T02:08:52.341+0000] {taskmixin.py:205} WARNING - Dependency <Task(BashOperator): delete_entry>, create_entry_gcs already registered for DAG: example_complex
[2023-01-02T02:08:52.342+0000] {logging_mixin.py:137} INFO - [2023-01-02T02:08:52.342+0000] {taskmixin.py:205} WARNING - Dependency <Task(BashOperator): create_tag>, delete_tag already registered for DAG: example_complex
[2023-01-02T02:08:52.342+0000] {logging_mixin.py:137} INFO - [2023-01-02T02:08:52.342+0000] {taskmixin.py:205} WARNING - Dependency <Task(BashOperator): delete_tag>, create_tag already registered for DAG: example_complex
[2023-01-02T02:08:52.348+0000] {processor.py:753} INFO - DAG(s) dict_keys(['example_complex']) retrieved from /home/airflow/.local/lib/python3.7/site-packages/airflow/example_dags/example_complex.py
[2023-01-02T02:08:52.380+0000] {logging_mixin.py:137} INFO - [2023-01-02T02:08:52.380+0000] {dag.py:2676} INFO - Sync 1 DAGs
[2023-01-02T02:08:52.396+0000] {logging_mixin.py:137} INFO - [2023-01-02T02:08:52.396+0000] {dag.py:3427} INFO - Setting next_dagrun for example_complex to None, run_after=None
[2023-01-02T02:08:52.408+0000] {processor.py:175} INFO - Processing /home/airflow/.local/lib/python3.7/site-packages/airflow/example_dags/example_complex.py took 0.082 seconds
[2023-01-02T02:09:22.660+0000] {processor.py:153} INFO - Started process (PID=1302) to work on /home/airflow/.local/lib/python3.7/site-packages/airflow/example_dags/example_complex.py
[2023-01-02T02:09:22.661+0000] {processor.py:743} INFO - Processing file /home/airflow/.local/lib/python3.7/site-packages/airflow/example_dags/example_complex.py for tasks to queue
[2023-01-02T02:09:22.663+0000] {logging_mixin.py:137} INFO - [2023-01-02T02:09:22.663+0000] {dagbag.py:538} INFO - Filling up the DagBag from /home/airflow/.local/lib/python3.7/site-packages/airflow/example_dags/example_complex.py
[2023-01-02T02:09:22.670+0000] {logging_mixin.py:137} INFO - [2023-01-02T02:09:22.670+0000] {taskmixin.py:205} WARNING - Dependency <Task(BashOperator): create_entry_group>, delete_entry_group already registered for DAG: example_complex
[2023-01-02T02:09:22.671+0000] {logging_mixin.py:137} INFO - [2023-01-02T02:09:22.671+0000] {taskmixin.py:205} WARNING - Dependency <Task(BashOperator): delete_entry_group>, create_entry_group already registered for DAG: example_complex
[2023-01-02T02:09:22.671+0000] {logging_mixin.py:137} INFO - [2023-01-02T02:09:22.671+0000] {taskmixin.py:205} WARNING - Dependency <Task(BashOperator): create_entry_gcs>, delete_entry already registered for DAG: example_complex
[2023-01-02T02:09:22.672+0000] {logging_mixin.py:137} INFO - [2023-01-02T02:09:22.671+0000] {taskmixin.py:205} WARNING - Dependency <Task(BashOperator): delete_entry>, create_entry_gcs already registered for DAG: example_complex
[2023-01-02T02:09:22.672+0000] {logging_mixin.py:137} INFO - [2023-01-02T02:09:22.672+0000] {taskmixin.py:205} WARNING - Dependency <Task(BashOperator): create_tag>, delete_tag already registered for DAG: example_complex
[2023-01-02T02:09:22.673+0000] {logging_mixin.py:137} INFO - [2023-01-02T02:09:22.672+0000] {taskmixin.py:205} WARNING - Dependency <Task(BashOperator): delete_tag>, create_tag already registered for DAG: example_complex
[2023-01-02T02:09:22.678+0000] {processor.py:753} INFO - DAG(s) dict_keys(['example_complex']) retrieved from /home/airflow/.local/lib/python3.7/site-packages/airflow/example_dags/example_complex.py
[2023-01-02T02:09:22.709+0000] {logging_mixin.py:137} INFO - [2023-01-02T02:09:22.709+0000] {dag.py:2676} INFO - Sync 1 DAGs
[2023-01-02T02:09:22.724+0000] {logging_mixin.py:137} INFO - [2023-01-02T02:09:22.724+0000] {dag.py:3427} INFO - Setting next_dagrun for example_complex to None, run_after=None
[2023-01-02T02:09:22.736+0000] {processor.py:175} INFO - Processing /home/airflow/.local/lib/python3.7/site-packages/airflow/example_dags/example_complex.py took 0.079 seconds
[2023-01-02T02:09:53.149+0000] {processor.py:153} INFO - Started process (PID=1367) to work on /home/airflow/.local/lib/python3.7/site-packages/airflow/example_dags/example_complex.py
[2023-01-02T02:09:53.150+0000] {processor.py:743} INFO - Processing file /home/airflow/.local/lib/python3.7/site-packages/airflow/example_dags/example_complex.py for tasks to queue
[2023-01-02T02:09:53.151+0000] {logging_mixin.py:137} INFO - [2023-01-02T02:09:53.151+0000] {dagbag.py:538} INFO - Filling up the DagBag from /home/airflow/.local/lib/python3.7/site-packages/airflow/example_dags/example_complex.py
[2023-01-02T02:09:53.158+0000] {logging_mixin.py:137} INFO - [2023-01-02T02:09:53.158+0000] {taskmixin.py:205} WARNING - Dependency <Task(BashOperator): create_entry_group>, delete_entry_group already registered for DAG: example_complex
[2023-01-02T02:09:53.158+0000] {logging_mixin.py:137} INFO - [2023-01-02T02:09:53.158+0000] {taskmixin.py:205} WARNING - Dependency <Task(BashOperator): delete_entry_group>, create_entry_group already registered for DAG: example_complex
[2023-01-02T02:09:53.159+0000] {logging_mixin.py:137} INFO - [2023-01-02T02:09:53.159+0000] {taskmixin.py:205} WARNING - Dependency <Task(BashOperator): create_entry_gcs>, delete_entry already registered for DAG: example_complex
[2023-01-02T02:09:53.159+0000] {logging_mixin.py:137} INFO - [2023-01-02T02:09:53.159+0000] {taskmixin.py:205} WARNING - Dependency <Task(BashOperator): delete_entry>, create_entry_gcs already registered for DAG: example_complex
[2023-01-02T02:09:53.160+0000] {logging_mixin.py:137} INFO - [2023-01-02T02:09:53.160+0000] {taskmixin.py:205} WARNING - Dependency <Task(BashOperator): create_tag>, delete_tag already registered for DAG: example_complex
[2023-01-02T02:09:53.160+0000] {logging_mixin.py:137} INFO - [2023-01-02T02:09:53.160+0000] {taskmixin.py:205} WARNING - Dependency <Task(BashOperator): delete_tag>, create_tag already registered for DAG: example_complex
[2023-01-02T02:09:53.167+0000] {processor.py:753} INFO - DAG(s) dict_keys(['example_complex']) retrieved from /home/airflow/.local/lib/python3.7/site-packages/airflow/example_dags/example_complex.py
[2023-01-02T02:09:53.195+0000] {logging_mixin.py:137} INFO - [2023-01-02T02:09:53.195+0000] {dag.py:2676} INFO - Sync 1 DAGs
[2023-01-02T02:09:53.210+0000] {logging_mixin.py:137} INFO - [2023-01-02T02:09:53.210+0000] {dag.py:3427} INFO - Setting next_dagrun for example_complex to None, run_after=None
[2023-01-02T02:09:53.222+0000] {processor.py:175} INFO - Processing /home/airflow/.local/lib/python3.7/site-packages/airflow/example_dags/example_complex.py took 0.075 seconds
