[2023-01-02T01:57:12.263+0000] {processor.py:153} INFO - Started process (PID=66) to work on /home/airflow/.local/lib/python3.7/site-packages/airflow/example_dags/example_latest_only.py
[2023-01-02T01:57:12.265+0000] {processor.py:743} INFO - Processing file /home/airflow/.local/lib/python3.7/site-packages/airflow/example_dags/example_latest_only.py for tasks to queue
[2023-01-02T01:57:12.266+0000] {logging_mixin.py:137} INFO - [2023-01-02T01:57:12.266+0000] {dagbag.py:538} INFO - Filling up the DagBag from /home/airflow/.local/lib/python3.7/site-packages/airflow/example_dags/example_latest_only.py
[2023-01-02T01:57:12.285+0000] {processor.py:753} INFO - DAG(s) dict_keys(['latest_only']) retrieved from /home/airflow/.local/lib/python3.7/site-packages/airflow/example_dags/example_latest_only.py
[2023-01-02T01:57:12.324+0000] {logging_mixin.py:137} INFO - [2023-01-02T01:57:12.324+0000] {dag.py:2676} INFO - Sync 1 DAGs
[2023-01-02T01:57:12.374+0000] {logging_mixin.py:137} INFO - [2023-01-02T01:57:12.374+0000] {dag.py:3427} INFO - Setting next_dagrun for latest_only to 2023-01-01T21:57:12.374308+00:00, run_after=2023-01-02T01:57:12.374308+00:00
[2023-01-02T01:57:12.398+0000] {processor.py:175} INFO - Processing /home/airflow/.local/lib/python3.7/site-packages/airflow/example_dags/example_latest_only.py took 0.138 seconds
[2023-01-02T01:57:43.346+0000] {processor.py:153} INFO - Started process (PID=144) to work on /home/airflow/.local/lib/python3.7/site-packages/airflow/example_dags/example_latest_only.py
[2023-01-02T01:57:43.347+0000] {processor.py:743} INFO - Processing file /home/airflow/.local/lib/python3.7/site-packages/airflow/example_dags/example_latest_only.py for tasks to queue
[2023-01-02T01:57:43.349+0000] {logging_mixin.py:137} INFO - [2023-01-02T01:57:43.349+0000] {dagbag.py:538} INFO - Filling up the DagBag from /home/airflow/.local/lib/python3.7/site-packages/airflow/example_dags/example_latest_only.py
[2023-01-02T01:57:43.369+0000] {processor.py:753} INFO - DAG(s) dict_keys(['latest_only']) retrieved from /home/airflow/.local/lib/python3.7/site-packages/airflow/example_dags/example_latest_only.py
[2023-01-02T01:57:43.398+0000] {logging_mixin.py:137} INFO - [2023-01-02T01:57:43.398+0000] {dag.py:2676} INFO - Sync 1 DAGs
[2023-01-02T01:57:43.416+0000] {logging_mixin.py:137} INFO - [2023-01-02T01:57:43.416+0000] {dag.py:3427} INFO - Setting next_dagrun for latest_only to 2023-01-01T21:57:43.416053+00:00, run_after=2023-01-02T01:57:43.416053+00:00
[2023-01-02T01:57:43.428+0000] {processor.py:175} INFO - Processing /home/airflow/.local/lib/python3.7/site-packages/airflow/example_dags/example_latest_only.py took 0.085 seconds
[2023-01-02T01:58:13.550+0000] {processor.py:153} INFO - Started process (PID=221) to work on /home/airflow/.local/lib/python3.7/site-packages/airflow/example_dags/example_latest_only.py
[2023-01-02T01:58:13.552+0000] {processor.py:743} INFO - Processing file /home/airflow/.local/lib/python3.7/site-packages/airflow/example_dags/example_latest_only.py for tasks to queue
[2023-01-02T01:58:13.553+0000] {logging_mixin.py:137} INFO - [2023-01-02T01:58:13.553+0000] {dagbag.py:538} INFO - Filling up the DagBag from /home/airflow/.local/lib/python3.7/site-packages/airflow/example_dags/example_latest_only.py
[2023-01-02T01:58:13.571+0000] {processor.py:753} INFO - DAG(s) dict_keys(['latest_only']) retrieved from /home/airflow/.local/lib/python3.7/site-packages/airflow/example_dags/example_latest_only.py
[2023-01-02T01:58:13.610+0000] {logging_mixin.py:137} INFO - [2023-01-02T01:58:13.610+0000] {dag.py:2676} INFO - Sync 1 DAGs
[2023-01-02T01:58:13.629+0000] {logging_mixin.py:137} INFO - [2023-01-02T01:58:13.629+0000] {dag.py:3427} INFO - Setting next_dagrun for latest_only to 2023-01-01T21:58:13.628915+00:00, run_after=2023-01-02T01:58:13.628915+00:00
[2023-01-02T01:58:13.642+0000] {processor.py:175} INFO - Processing /home/airflow/.local/lib/python3.7/site-packages/airflow/example_dags/example_latest_only.py took 0.095 seconds
[2023-01-02T02:00:43.612+0000] {processor.py:153} INFO - Started process (PID=66) to work on /home/airflow/.local/lib/python3.7/site-packages/airflow/example_dags/example_latest_only.py
[2023-01-02T02:00:43.615+0000] {processor.py:743} INFO - Processing file /home/airflow/.local/lib/python3.7/site-packages/airflow/example_dags/example_latest_only.py for tasks to queue
[2023-01-02T02:00:43.616+0000] {logging_mixin.py:137} INFO - [2023-01-02T02:00:43.616+0000] {dagbag.py:538} INFO - Filling up the DagBag from /home/airflow/.local/lib/python3.7/site-packages/airflow/example_dags/example_latest_only.py
[2023-01-02T02:00:43.627+0000] {processor.py:753} INFO - DAG(s) dict_keys(['latest_only']) retrieved from /home/airflow/.local/lib/python3.7/site-packages/airflow/example_dags/example_latest_only.py
[2023-01-02T02:00:43.652+0000] {logging_mixin.py:137} INFO - [2023-01-02T02:00:43.652+0000] {dag.py:2676} INFO - Sync 1 DAGs
[2023-01-02T02:00:43.679+0000] {logging_mixin.py:137} INFO - [2023-01-02T02:00:43.679+0000] {dag.py:3427} INFO - Setting next_dagrun for latest_only to 2023-01-01T22:00:43.678839+00:00, run_after=2023-01-02T02:00:43.678839+00:00
[2023-01-02T02:00:43.694+0000] {processor.py:175} INFO - Processing /home/airflow/.local/lib/python3.7/site-packages/airflow/example_dags/example_latest_only.py took 0.085 seconds
[2023-01-02T02:01:14.554+0000] {processor.py:153} INFO - Started process (PID=144) to work on /home/airflow/.local/lib/python3.7/site-packages/airflow/example_dags/example_latest_only.py
[2023-01-02T02:01:14.555+0000] {processor.py:743} INFO - Processing file /home/airflow/.local/lib/python3.7/site-packages/airflow/example_dags/example_latest_only.py for tasks to queue
[2023-01-02T02:01:14.556+0000] {logging_mixin.py:137} INFO - [2023-01-02T02:01:14.556+0000] {dagbag.py:538} INFO - Filling up the DagBag from /home/airflow/.local/lib/python3.7/site-packages/airflow/example_dags/example_latest_only.py
[2023-01-02T02:01:14.567+0000] {processor.py:753} INFO - DAG(s) dict_keys(['latest_only']) retrieved from /home/airflow/.local/lib/python3.7/site-packages/airflow/example_dags/example_latest_only.py
[2023-01-02T02:01:14.599+0000] {logging_mixin.py:137} INFO - [2023-01-02T02:01:14.599+0000] {dag.py:2676} INFO - Sync 1 DAGs
[2023-01-02T02:01:14.617+0000] {logging_mixin.py:137} INFO - [2023-01-02T02:01:14.616+0000] {dag.py:3427} INFO - Setting next_dagrun for latest_only to 2023-01-01T22:01:14.616663+00:00, run_after=2023-01-02T02:01:14.616663+00:00
[2023-01-02T02:01:14.630+0000] {processor.py:175} INFO - Processing /home/airflow/.local/lib/python3.7/site-packages/airflow/example_dags/example_latest_only.py took 0.079 seconds
[2023-01-02T02:01:45.112+0000] {processor.py:153} INFO - Started process (PID=209) to work on /home/airflow/.local/lib/python3.7/site-packages/airflow/example_dags/example_latest_only.py
[2023-01-02T02:01:45.113+0000] {processor.py:743} INFO - Processing file /home/airflow/.local/lib/python3.7/site-packages/airflow/example_dags/example_latest_only.py for tasks to queue
[2023-01-02T02:01:45.114+0000] {logging_mixin.py:137} INFO - [2023-01-02T02:01:45.114+0000] {dagbag.py:538} INFO - Filling up the DagBag from /home/airflow/.local/lib/python3.7/site-packages/airflow/example_dags/example_latest_only.py
[2023-01-02T02:01:45.126+0000] {processor.py:753} INFO - DAG(s) dict_keys(['latest_only']) retrieved from /home/airflow/.local/lib/python3.7/site-packages/airflow/example_dags/example_latest_only.py
[2023-01-02T02:01:45.157+0000] {logging_mixin.py:137} INFO - [2023-01-02T02:01:45.157+0000] {dag.py:2676} INFO - Sync 1 DAGs
[2023-01-02T02:01:45.181+0000] {logging_mixin.py:137} INFO - [2023-01-02T02:01:45.180+0000] {dag.py:3427} INFO - Setting next_dagrun for latest_only to 2023-01-01T22:01:45.180531+00:00, run_after=2023-01-02T02:01:45.180531+00:00
[2023-01-02T02:01:45.196+0000] {processor.py:175} INFO - Processing /home/airflow/.local/lib/python3.7/site-packages/airflow/example_dags/example_latest_only.py took 0.087 seconds
[2023-01-02T02:02:15.594+0000] {processor.py:153} INFO - Started process (PID=287) to work on /home/airflow/.local/lib/python3.7/site-packages/airflow/example_dags/example_latest_only.py
[2023-01-02T02:02:15.596+0000] {processor.py:743} INFO - Processing file /home/airflow/.local/lib/python3.7/site-packages/airflow/example_dags/example_latest_only.py for tasks to queue
[2023-01-02T02:02:15.596+0000] {logging_mixin.py:137} INFO - [2023-01-02T02:02:15.596+0000] {dagbag.py:538} INFO - Filling up the DagBag from /home/airflow/.local/lib/python3.7/site-packages/airflow/example_dags/example_latest_only.py
[2023-01-02T02:02:15.609+0000] {processor.py:753} INFO - DAG(s) dict_keys(['latest_only']) retrieved from /home/airflow/.local/lib/python3.7/site-packages/airflow/example_dags/example_latest_only.py
[2023-01-02T02:02:15.646+0000] {logging_mixin.py:137} INFO - [2023-01-02T02:02:15.645+0000] {dag.py:2676} INFO - Sync 1 DAGs
[2023-01-02T02:02:15.669+0000] {logging_mixin.py:137} INFO - [2023-01-02T02:02:15.669+0000] {dag.py:3427} INFO - Setting next_dagrun for latest_only to 2023-01-01T22:02:15.669194+00:00, run_after=2023-01-02T02:02:15.669194+00:00
[2023-01-02T02:02:15.684+0000] {processor.py:175} INFO - Processing /home/airflow/.local/lib/python3.7/site-packages/airflow/example_dags/example_latest_only.py took 0.093 seconds
[2023-01-02T02:02:45.730+0000] {processor.py:153} INFO - Started process (PID=366) to work on /home/airflow/.local/lib/python3.7/site-packages/airflow/example_dags/example_latest_only.py
[2023-01-02T02:02:45.731+0000] {processor.py:743} INFO - Processing file /home/airflow/.local/lib/python3.7/site-packages/airflow/example_dags/example_latest_only.py for tasks to queue
[2023-01-02T02:02:45.732+0000] {logging_mixin.py:137} INFO - [2023-01-02T02:02:45.732+0000] {dagbag.py:538} INFO - Filling up the DagBag from /home/airflow/.local/lib/python3.7/site-packages/airflow/example_dags/example_latest_only.py
[2023-01-02T02:02:45.745+0000] {processor.py:753} INFO - DAG(s) dict_keys(['latest_only']) retrieved from /home/airflow/.local/lib/python3.7/site-packages/airflow/example_dags/example_latest_only.py
[2023-01-02T02:02:45.773+0000] {logging_mixin.py:137} INFO - [2023-01-02T02:02:45.773+0000] {dag.py:2676} INFO - Sync 1 DAGs
[2023-01-02T02:02:45.791+0000] {logging_mixin.py:137} INFO - [2023-01-02T02:02:45.790+0000] {dag.py:3427} INFO - Setting next_dagrun for latest_only to 2023-01-01T22:02:45.790639+00:00, run_after=2023-01-02T02:02:45.790639+00:00
[2023-01-02T02:02:45.803+0000] {processor.py:175} INFO - Processing /home/airflow/.local/lib/python3.7/site-packages/airflow/example_dags/example_latest_only.py took 0.077 seconds
[2023-01-02T02:03:16.145+0000] {processor.py:153} INFO - Started process (PID=431) to work on /home/airflow/.local/lib/python3.7/site-packages/airflow/example_dags/example_latest_only.py
[2023-01-02T02:03:16.147+0000] {processor.py:743} INFO - Processing file /home/airflow/.local/lib/python3.7/site-packages/airflow/example_dags/example_latest_only.py for tasks to queue
[2023-01-02T02:03:16.148+0000] {logging_mixin.py:137} INFO - [2023-01-02T02:03:16.148+0000] {dagbag.py:538} INFO - Filling up the DagBag from /home/airflow/.local/lib/python3.7/site-packages/airflow/example_dags/example_latest_only.py
[2023-01-02T02:03:16.159+0000] {processor.py:753} INFO - DAG(s) dict_keys(['latest_only']) retrieved from /home/airflow/.local/lib/python3.7/site-packages/airflow/example_dags/example_latest_only.py
[2023-01-02T02:03:16.192+0000] {logging_mixin.py:137} INFO - [2023-01-02T02:03:16.192+0000] {dag.py:2676} INFO - Sync 1 DAGs
[2023-01-02T02:03:16.208+0000] {logging_mixin.py:137} INFO - [2023-01-02T02:03:16.208+0000] {dag.py:3427} INFO - Setting next_dagrun for latest_only to 2023-01-01T22:03:16.208069+00:00, run_after=2023-01-02T02:03:16.208069+00:00
[2023-01-02T02:03:16.221+0000] {processor.py:175} INFO - Processing /home/airflow/.local/lib/python3.7/site-packages/airflow/example_dags/example_latest_only.py took 0.078 seconds
[2023-01-02T02:03:46.292+0000] {processor.py:153} INFO - Started process (PID=509) to work on /home/airflow/.local/lib/python3.7/site-packages/airflow/example_dags/example_latest_only.py
[2023-01-02T02:03:46.293+0000] {processor.py:743} INFO - Processing file /home/airflow/.local/lib/python3.7/site-packages/airflow/example_dags/example_latest_only.py for tasks to queue
[2023-01-02T02:03:46.295+0000] {logging_mixin.py:137} INFO - [2023-01-02T02:03:46.295+0000] {dagbag.py:538} INFO - Filling up the DagBag from /home/airflow/.local/lib/python3.7/site-packages/airflow/example_dags/example_latest_only.py
[2023-01-02T02:03:46.305+0000] {processor.py:753} INFO - DAG(s) dict_keys(['latest_only']) retrieved from /home/airflow/.local/lib/python3.7/site-packages/airflow/example_dags/example_latest_only.py
[2023-01-02T02:03:46.333+0000] {logging_mixin.py:137} INFO - [2023-01-02T02:03:46.333+0000] {dag.py:2676} INFO - Sync 1 DAGs
[2023-01-02T02:03:46.349+0000] {logging_mixin.py:137} INFO - [2023-01-02T02:03:46.349+0000] {dag.py:3427} INFO - Setting next_dagrun for latest_only to 2023-01-01T22:03:46.349033+00:00, run_after=2023-01-02T02:03:46.349033+00:00
[2023-01-02T02:03:46.361+0000] {processor.py:175} INFO - Processing /home/airflow/.local/lib/python3.7/site-packages/airflow/example_dags/example_latest_only.py took 0.072 seconds
[2023-01-02T02:04:17.139+0000] {processor.py:153} INFO - Started process (PID=587) to work on /home/airflow/.local/lib/python3.7/site-packages/airflow/example_dags/example_latest_only.py
[2023-01-02T02:04:17.141+0000] {processor.py:743} INFO - Processing file /home/airflow/.local/lib/python3.7/site-packages/airflow/example_dags/example_latest_only.py for tasks to queue
[2023-01-02T02:04:17.142+0000] {logging_mixin.py:137} INFO - [2023-01-02T02:04:17.142+0000] {dagbag.py:538} INFO - Filling up the DagBag from /home/airflow/.local/lib/python3.7/site-packages/airflow/example_dags/example_latest_only.py
[2023-01-02T02:04:17.156+0000] {processor.py:753} INFO - DAG(s) dict_keys(['latest_only']) retrieved from /home/airflow/.local/lib/python3.7/site-packages/airflow/example_dags/example_latest_only.py
[2023-01-02T02:04:17.189+0000] {logging_mixin.py:137} INFO - [2023-01-02T02:04:17.189+0000] {dag.py:2676} INFO - Sync 1 DAGs
[2023-01-02T02:04:17.207+0000] {logging_mixin.py:137} INFO - [2023-01-02T02:04:17.207+0000] {dag.py:3427} INFO - Setting next_dagrun for latest_only to 2023-01-01T22:04:17.207168+00:00, run_after=2023-01-02T02:04:17.207168+00:00
[2023-01-02T02:04:17.219+0000] {processor.py:175} INFO - Processing /home/airflow/.local/lib/python3.7/site-packages/airflow/example_dags/example_latest_only.py took 0.083 seconds
[2023-01-02T02:04:47.918+0000] {processor.py:153} INFO - Started process (PID=654) to work on /home/airflow/.local/lib/python3.7/site-packages/airflow/example_dags/example_latest_only.py
[2023-01-02T02:04:47.920+0000] {processor.py:743} INFO - Processing file /home/airflow/.local/lib/python3.7/site-packages/airflow/example_dags/example_latest_only.py for tasks to queue
[2023-01-02T02:04:47.921+0000] {logging_mixin.py:137} INFO - [2023-01-02T02:04:47.921+0000] {dagbag.py:538} INFO - Filling up the DagBag from /home/airflow/.local/lib/python3.7/site-packages/airflow/example_dags/example_latest_only.py
[2023-01-02T02:04:47.933+0000] {processor.py:753} INFO - DAG(s) dict_keys(['latest_only']) retrieved from /home/airflow/.local/lib/python3.7/site-packages/airflow/example_dags/example_latest_only.py
[2023-01-02T02:04:47.963+0000] {logging_mixin.py:137} INFO - [2023-01-02T02:04:47.962+0000] {dag.py:2676} INFO - Sync 1 DAGs
[2023-01-02T02:04:47.979+0000] {logging_mixin.py:137} INFO - [2023-01-02T02:04:47.979+0000] {dag.py:3427} INFO - Setting next_dagrun for latest_only to 2023-01-01T22:04:47.979344+00:00, run_after=2023-01-02T02:04:47.979344+00:00
[2023-01-02T02:04:47.992+0000] {processor.py:175} INFO - Processing /home/airflow/.local/lib/python3.7/site-packages/airflow/example_dags/example_latest_only.py took 0.076 seconds
[2023-01-02T02:05:18.450+0000] {processor.py:153} INFO - Started process (PID=731) to work on /home/airflow/.local/lib/python3.7/site-packages/airflow/example_dags/example_latest_only.py
[2023-01-02T02:05:18.451+0000] {processor.py:743} INFO - Processing file /home/airflow/.local/lib/python3.7/site-packages/airflow/example_dags/example_latest_only.py for tasks to queue
[2023-01-02T02:05:18.452+0000] {logging_mixin.py:137} INFO - [2023-01-02T02:05:18.452+0000] {dagbag.py:538} INFO - Filling up the DagBag from /home/airflow/.local/lib/python3.7/site-packages/airflow/example_dags/example_latest_only.py
[2023-01-02T02:05:18.464+0000] {processor.py:753} INFO - DAG(s) dict_keys(['latest_only']) retrieved from /home/airflow/.local/lib/python3.7/site-packages/airflow/example_dags/example_latest_only.py
[2023-01-02T02:05:18.497+0000] {logging_mixin.py:137} INFO - [2023-01-02T02:05:18.497+0000] {dag.py:2676} INFO - Sync 1 DAGs
[2023-01-02T02:05:18.513+0000] {logging_mixin.py:137} INFO - [2023-01-02T02:05:18.513+0000] {dag.py:3427} INFO - Setting next_dagrun for latest_only to 2023-01-01T22:05:18.513024+00:00, run_after=2023-01-02T02:05:18.513024+00:00
[2023-01-02T02:05:18.529+0000] {processor.py:175} INFO - Processing /home/airflow/.local/lib/python3.7/site-packages/airflow/example_dags/example_latest_only.py took 0.082 seconds
[2023-01-02T02:05:49.268+0000] {processor.py:153} INFO - Started process (PID=796) to work on /home/airflow/.local/lib/python3.7/site-packages/airflow/example_dags/example_latest_only.py
[2023-01-02T02:05:49.270+0000] {processor.py:743} INFO - Processing file /home/airflow/.local/lib/python3.7/site-packages/airflow/example_dags/example_latest_only.py for tasks to queue
[2023-01-02T02:05:49.271+0000] {logging_mixin.py:137} INFO - [2023-01-02T02:05:49.270+0000] {dagbag.py:538} INFO - Filling up the DagBag from /home/airflow/.local/lib/python3.7/site-packages/airflow/example_dags/example_latest_only.py
[2023-01-02T02:05:49.285+0000] {processor.py:753} INFO - DAG(s) dict_keys(['latest_only']) retrieved from /home/airflow/.local/lib/python3.7/site-packages/airflow/example_dags/example_latest_only.py
[2023-01-02T02:05:49.323+0000] {logging_mixin.py:137} INFO - [2023-01-02T02:05:49.323+0000] {dag.py:2676} INFO - Sync 1 DAGs
[2023-01-02T02:05:49.341+0000] {logging_mixin.py:137} INFO - [2023-01-02T02:05:49.341+0000] {dag.py:3427} INFO - Setting next_dagrun for latest_only to 2023-01-01T22:05:49.341316+00:00, run_after=2023-01-02T02:05:49.341316+00:00
[2023-01-02T02:05:49.357+0000] {processor.py:175} INFO - Processing /home/airflow/.local/lib/python3.7/site-packages/airflow/example_dags/example_latest_only.py took 0.092 seconds
[2023-01-02T02:06:19.582+0000] {processor.py:153} INFO - Started process (PID=875) to work on /home/airflow/.local/lib/python3.7/site-packages/airflow/example_dags/example_latest_only.py
[2023-01-02T02:06:19.583+0000] {processor.py:743} INFO - Processing file /home/airflow/.local/lib/python3.7/site-packages/airflow/example_dags/example_latest_only.py for tasks to queue
[2023-01-02T02:06:19.584+0000] {logging_mixin.py:137} INFO - [2023-01-02T02:06:19.584+0000] {dagbag.py:538} INFO - Filling up the DagBag from /home/airflow/.local/lib/python3.7/site-packages/airflow/example_dags/example_latest_only.py
[2023-01-02T02:06:19.595+0000] {processor.py:753} INFO - DAG(s) dict_keys(['latest_only']) retrieved from /home/airflow/.local/lib/python3.7/site-packages/airflow/example_dags/example_latest_only.py
[2023-01-02T02:06:19.622+0000] {logging_mixin.py:137} INFO - [2023-01-02T02:06:19.622+0000] {dag.py:2676} INFO - Sync 1 DAGs
[2023-01-02T02:06:19.638+0000] {logging_mixin.py:137} INFO - [2023-01-02T02:06:19.638+0000] {dag.py:3427} INFO - Setting next_dagrun for latest_only to 2023-01-01T22:06:19.638460+00:00, run_after=2023-01-02T02:06:19.638460+00:00
[2023-01-02T02:06:19.650+0000] {processor.py:175} INFO - Processing /home/airflow/.local/lib/python3.7/site-packages/airflow/example_dags/example_latest_only.py took 0.071 seconds
[2023-01-02T02:06:50.456+0000] {processor.py:153} INFO - Started process (PID=953) to work on /home/airflow/.local/lib/python3.7/site-packages/airflow/example_dags/example_latest_only.py
[2023-01-02T02:06:50.457+0000] {processor.py:743} INFO - Processing file /home/airflow/.local/lib/python3.7/site-packages/airflow/example_dags/example_latest_only.py for tasks to queue
[2023-01-02T02:06:50.457+0000] {logging_mixin.py:137} INFO - [2023-01-02T02:06:50.457+0000] {dagbag.py:538} INFO - Filling up the DagBag from /home/airflow/.local/lib/python3.7/site-packages/airflow/example_dags/example_latest_only.py
[2023-01-02T02:06:50.468+0000] {processor.py:753} INFO - DAG(s) dict_keys(['latest_only']) retrieved from /home/airflow/.local/lib/python3.7/site-packages/airflow/example_dags/example_latest_only.py
[2023-01-02T02:06:50.517+0000] {logging_mixin.py:137} INFO - [2023-01-02T02:06:50.517+0000] {dag.py:2676} INFO - Sync 1 DAGs
[2023-01-02T02:06:50.535+0000] {logging_mixin.py:137} INFO - [2023-01-02T02:06:50.535+0000] {dag.py:3427} INFO - Setting next_dagrun for latest_only to 2023-01-01T22:06:50.535048+00:00, run_after=2023-01-02T02:06:50.535048+00:00
[2023-01-02T02:06:50.547+0000] {processor.py:175} INFO - Processing /home/airflow/.local/lib/python3.7/site-packages/airflow/example_dags/example_latest_only.py took 0.094 seconds
[2023-01-02T02:07:21.135+0000] {processor.py:153} INFO - Started process (PID=1019) to work on /home/airflow/.local/lib/python3.7/site-packages/airflow/example_dags/example_latest_only.py
[2023-01-02T02:07:21.137+0000] {processor.py:743} INFO - Processing file /home/airflow/.local/lib/python3.7/site-packages/airflow/example_dags/example_latest_only.py for tasks to queue
[2023-01-02T02:07:21.138+0000] {logging_mixin.py:137} INFO - [2023-01-02T02:07:21.138+0000] {dagbag.py:538} INFO - Filling up the DagBag from /home/airflow/.local/lib/python3.7/site-packages/airflow/example_dags/example_latest_only.py
[2023-01-02T02:07:21.151+0000] {processor.py:753} INFO - DAG(s) dict_keys(['latest_only']) retrieved from /home/airflow/.local/lib/python3.7/site-packages/airflow/example_dags/example_latest_only.py
[2023-01-02T02:07:21.182+0000] {logging_mixin.py:137} INFO - [2023-01-02T02:07:21.182+0000] {dag.py:2676} INFO - Sync 1 DAGs
[2023-01-02T02:07:21.198+0000] {logging_mixin.py:137} INFO - [2023-01-02T02:07:21.198+0000] {dag.py:3427} INFO - Setting next_dagrun for latest_only to 2023-01-01T22:07:21.198206+00:00, run_after=2023-01-02T02:07:21.198206+00:00
[2023-01-02T02:07:21.210+0000] {processor.py:175} INFO - Processing /home/airflow/.local/lib/python3.7/site-packages/airflow/example_dags/example_latest_only.py took 0.077 seconds
[2023-01-02T02:07:51.543+0000] {processor.py:153} INFO - Started process (PID=1097) to work on /home/airflow/.local/lib/python3.7/site-packages/airflow/example_dags/example_latest_only.py
[2023-01-02T02:07:51.545+0000] {processor.py:743} INFO - Processing file /home/airflow/.local/lib/python3.7/site-packages/airflow/example_dags/example_latest_only.py for tasks to queue
[2023-01-02T02:07:51.546+0000] {logging_mixin.py:137} INFO - [2023-01-02T02:07:51.546+0000] {dagbag.py:538} INFO - Filling up the DagBag from /home/airflow/.local/lib/python3.7/site-packages/airflow/example_dags/example_latest_only.py
[2023-01-02T02:07:51.557+0000] {processor.py:753} INFO - DAG(s) dict_keys(['latest_only']) retrieved from /home/airflow/.local/lib/python3.7/site-packages/airflow/example_dags/example_latest_only.py
[2023-01-02T02:07:51.585+0000] {logging_mixin.py:137} INFO - [2023-01-02T02:07:51.585+0000] {dag.py:2676} INFO - Sync 1 DAGs
[2023-01-02T02:07:51.601+0000] {logging_mixin.py:137} INFO - [2023-01-02T02:07:51.601+0000] {dag.py:3427} INFO - Setting next_dagrun for latest_only to 2023-01-01T22:07:51.601042+00:00, run_after=2023-01-02T02:07:51.601042+00:00
[2023-01-02T02:07:51.612+0000] {processor.py:175} INFO - Processing /home/airflow/.local/lib/python3.7/site-packages/airflow/example_dags/example_latest_only.py took 0.072 seconds
[2023-01-02T02:08:22.628+0000] {processor.py:153} INFO - Started process (PID=1174) to work on /home/airflow/.local/lib/python3.7/site-packages/airflow/example_dags/example_latest_only.py
[2023-01-02T02:08:22.630+0000] {processor.py:743} INFO - Processing file /home/airflow/.local/lib/python3.7/site-packages/airflow/example_dags/example_latest_only.py for tasks to queue
[2023-01-02T02:08:22.631+0000] {logging_mixin.py:137} INFO - [2023-01-02T02:08:22.631+0000] {dagbag.py:538} INFO - Filling up the DagBag from /home/airflow/.local/lib/python3.7/site-packages/airflow/example_dags/example_latest_only.py
[2023-01-02T02:08:22.647+0000] {processor.py:753} INFO - DAG(s) dict_keys(['latest_only']) retrieved from /home/airflow/.local/lib/python3.7/site-packages/airflow/example_dags/example_latest_only.py
[2023-01-02T02:08:22.684+0000] {logging_mixin.py:137} INFO - [2023-01-02T02:08:22.684+0000] {dag.py:2676} INFO - Sync 1 DAGs
[2023-01-02T02:08:22.705+0000] {logging_mixin.py:137} INFO - [2023-01-02T02:08:22.704+0000] {dag.py:3427} INFO - Setting next_dagrun for latest_only to 2023-01-01T22:08:22.704581+00:00, run_after=2023-01-02T02:08:22.704581+00:00
[2023-01-02T02:08:22.718+0000] {processor.py:175} INFO - Processing /home/airflow/.local/lib/python3.7/site-packages/airflow/example_dags/example_latest_only.py took 0.094 seconds
[2023-01-02T02:08:53.156+0000] {processor.py:153} INFO - Started process (PID=1239) to work on /home/airflow/.local/lib/python3.7/site-packages/airflow/example_dags/example_latest_only.py
[2023-01-02T02:08:53.157+0000] {processor.py:743} INFO - Processing file /home/airflow/.local/lib/python3.7/site-packages/airflow/example_dags/example_latest_only.py for tasks to queue
[2023-01-02T02:08:53.158+0000] {logging_mixin.py:137} INFO - [2023-01-02T02:08:53.158+0000] {dagbag.py:538} INFO - Filling up the DagBag from /home/airflow/.local/lib/python3.7/site-packages/airflow/example_dags/example_latest_only.py
[2023-01-02T02:08:53.168+0000] {processor.py:753} INFO - DAG(s) dict_keys(['latest_only']) retrieved from /home/airflow/.local/lib/python3.7/site-packages/airflow/example_dags/example_latest_only.py
[2023-01-02T02:08:53.195+0000] {logging_mixin.py:137} INFO - [2023-01-02T02:08:53.195+0000] {dag.py:2676} INFO - Sync 1 DAGs
[2023-01-02T02:08:53.212+0000] {logging_mixin.py:137} INFO - [2023-01-02T02:08:53.212+0000] {dag.py:3427} INFO - Setting next_dagrun for latest_only to 2023-01-01T22:08:53.211756+00:00, run_after=2023-01-02T02:08:53.211756+00:00
[2023-01-02T02:08:53.226+0000] {processor.py:175} INFO - Processing /home/airflow/.local/lib/python3.7/site-packages/airflow/example_dags/example_latest_only.py took 0.072 seconds
[2023-01-02T02:09:23.479+0000] {processor.py:153} INFO - Started process (PID=1318) to work on /home/airflow/.local/lib/python3.7/site-packages/airflow/example_dags/example_latest_only.py
[2023-01-02T02:09:23.481+0000] {processor.py:743} INFO - Processing file /home/airflow/.local/lib/python3.7/site-packages/airflow/example_dags/example_latest_only.py for tasks to queue
[2023-01-02T02:09:23.482+0000] {logging_mixin.py:137} INFO - [2023-01-02T02:09:23.481+0000] {dagbag.py:538} INFO - Filling up the DagBag from /home/airflow/.local/lib/python3.7/site-packages/airflow/example_dags/example_latest_only.py
[2023-01-02T02:09:23.495+0000] {processor.py:753} INFO - DAG(s) dict_keys(['latest_only']) retrieved from /home/airflow/.local/lib/python3.7/site-packages/airflow/example_dags/example_latest_only.py
[2023-01-02T02:09:23.524+0000] {logging_mixin.py:137} INFO - [2023-01-02T02:09:23.524+0000] {dag.py:2676} INFO - Sync 1 DAGs
[2023-01-02T02:09:23.540+0000] {logging_mixin.py:137} INFO - [2023-01-02T02:09:23.540+0000] {dag.py:3427} INFO - Setting next_dagrun for latest_only to 2023-01-01T22:09:23.540326+00:00, run_after=2023-01-02T02:09:23.540326+00:00
[2023-01-02T02:09:23.552+0000] {processor.py:175} INFO - Processing /home/airflow/.local/lib/python3.7/site-packages/airflow/example_dags/example_latest_only.py took 0.076 seconds
[2023-01-02T02:09:54.143+0000] {processor.py:153} INFO - Started process (PID=1396) to work on /home/airflow/.local/lib/python3.7/site-packages/airflow/example_dags/example_latest_only.py
[2023-01-02T02:09:54.151+0000] {processor.py:743} INFO - Processing file /home/airflow/.local/lib/python3.7/site-packages/airflow/example_dags/example_latest_only.py for tasks to queue
[2023-01-02T02:09:54.151+0000] {logging_mixin.py:137} INFO - [2023-01-02T02:09:54.151+0000] {dagbag.py:538} INFO - Filling up the DagBag from /home/airflow/.local/lib/python3.7/site-packages/airflow/example_dags/example_latest_only.py
[2023-01-02T02:09:54.163+0000] {processor.py:753} INFO - DAG(s) dict_keys(['latest_only']) retrieved from /home/airflow/.local/lib/python3.7/site-packages/airflow/example_dags/example_latest_only.py
[2023-01-02T02:09:54.212+0000] {logging_mixin.py:137} INFO - [2023-01-02T02:09:54.212+0000] {dag.py:2676} INFO - Sync 1 DAGs
[2023-01-02T02:09:54.246+0000] {logging_mixin.py:137} INFO - [2023-01-02T02:09:54.246+0000] {dag.py:3427} INFO - Setting next_dagrun for latest_only to 2023-01-01T22:09:54.245784+00:00, run_after=2023-01-02T02:09:54.245784+00:00
[2023-01-02T02:09:54.276+0000] {processor.py:175} INFO - Processing /home/airflow/.local/lib/python3.7/site-packages/airflow/example_dags/example_latest_only.py took 0.136 seconds
