[2023-01-02T01:57:10.155+0000] {processor.py:153} INFO - Started process (PID=42) to work on /home/airflow/.local/lib/python3.7/site-packages/airflow/example_dags/tutorial.py
[2023-01-02T01:57:10.156+0000] {processor.py:743} INFO - Processing file /home/airflow/.local/lib/python3.7/site-packages/airflow/example_dags/tutorial.py for tasks to queue
[2023-01-02T01:57:10.157+0000] {logging_mixin.py:137} INFO - [2023-01-02T01:57:10.157+0000] {dagbag.py:538} INFO - Filling up the DagBag from /home/airflow/.local/lib/python3.7/site-packages/airflow/example_dags/tutorial.py
[2023-01-02T01:57:10.171+0000] {processor.py:753} INFO - DAG(s) dict_keys(['tutorial']) retrieved from /home/airflow/.local/lib/python3.7/site-packages/airflow/example_dags/tutorial.py
[2023-01-02T01:57:10.196+0000] {logging_mixin.py:137} INFO - [2023-01-02T01:57:10.196+0000] {dag.py:2676} INFO - Sync 1 DAGs
[2023-01-02T01:57:10.215+0000] {logging_mixin.py:137} INFO - [2023-01-02T01:57:10.215+0000] {dag.py:3427} INFO - Setting next_dagrun for tutorial to 2023-01-01T01:57:10.215054+00:00, run_after=2023-01-02T01:57:10.215054+00:00
[2023-01-02T01:57:10.252+0000] {processor.py:175} INFO - Processing /home/airflow/.local/lib/python3.7/site-packages/airflow/example_dags/tutorial.py took 0.100 seconds
[2023-01-02T01:57:40.592+0000] {processor.py:153} INFO - Started process (PID=120) to work on /home/airflow/.local/lib/python3.7/site-packages/airflow/example_dags/tutorial.py
[2023-01-02T01:57:40.594+0000] {processor.py:743} INFO - Processing file /home/airflow/.local/lib/python3.7/site-packages/airflow/example_dags/tutorial.py for tasks to queue
[2023-01-02T01:57:40.595+0000] {logging_mixin.py:137} INFO - [2023-01-02T01:57:40.594+0000] {dagbag.py:538} INFO - Filling up the DagBag from /home/airflow/.local/lib/python3.7/site-packages/airflow/example_dags/tutorial.py
[2023-01-02T01:57:40.610+0000] {processor.py:753} INFO - DAG(s) dict_keys(['tutorial']) retrieved from /home/airflow/.local/lib/python3.7/site-packages/airflow/example_dags/tutorial.py
[2023-01-02T01:57:40.637+0000] {logging_mixin.py:137} INFO - [2023-01-02T01:57:40.637+0000] {dag.py:2676} INFO - Sync 1 DAGs
[2023-01-02T01:57:40.653+0000] {logging_mixin.py:137} INFO - [2023-01-02T01:57:40.653+0000] {dag.py:3427} INFO - Setting next_dagrun for tutorial to 2023-01-01T01:57:40.652999+00:00, run_after=2023-01-02T01:57:40.652999+00:00
[2023-01-02T01:57:40.664+0000] {processor.py:175} INFO - Processing /home/airflow/.local/lib/python3.7/site-packages/airflow/example_dags/tutorial.py took 0.074 seconds
[2023-01-02T01:58:11.410+0000] {processor.py:153} INFO - Started process (PID=191) to work on /home/airflow/.local/lib/python3.7/site-packages/airflow/example_dags/tutorial.py
[2023-01-02T01:58:11.411+0000] {processor.py:743} INFO - Processing file /home/airflow/.local/lib/python3.7/site-packages/airflow/example_dags/tutorial.py for tasks to queue
[2023-01-02T01:58:11.413+0000] {logging_mixin.py:137} INFO - [2023-01-02T01:58:11.413+0000] {dagbag.py:538} INFO - Filling up the DagBag from /home/airflow/.local/lib/python3.7/site-packages/airflow/example_dags/tutorial.py
[2023-01-02T01:58:11.441+0000] {processor.py:753} INFO - DAG(s) dict_keys(['tutorial']) retrieved from /home/airflow/.local/lib/python3.7/site-packages/airflow/example_dags/tutorial.py
[2023-01-02T01:58:11.494+0000] {logging_mixin.py:137} INFO - [2023-01-02T01:58:11.494+0000] {dag.py:2676} INFO - Sync 1 DAGs
[2023-01-02T01:58:11.516+0000] {logging_mixin.py:137} INFO - [2023-01-02T01:58:11.515+0000] {dag.py:3427} INFO - Setting next_dagrun for tutorial to 2023-01-01T01:58:11.515565+00:00, run_after=2023-01-02T01:58:11.515565+00:00
[2023-01-02T01:58:11.533+0000] {processor.py:175} INFO - Processing /home/airflow/.local/lib/python3.7/site-packages/airflow/example_dags/tutorial.py took 0.129 seconds
[2023-01-02T02:00:41.568+0000] {processor.py:153} INFO - Started process (PID=42) to work on /home/airflow/.local/lib/python3.7/site-packages/airflow/example_dags/tutorial.py
[2023-01-02T02:00:41.569+0000] {processor.py:743} INFO - Processing file /home/airflow/.local/lib/python3.7/site-packages/airflow/example_dags/tutorial.py for tasks to queue
[2023-01-02T02:00:41.571+0000] {logging_mixin.py:137} INFO - [2023-01-02T02:00:41.570+0000] {dagbag.py:538} INFO - Filling up the DagBag from /home/airflow/.local/lib/python3.7/site-packages/airflow/example_dags/tutorial.py
[2023-01-02T02:00:41.587+0000] {processor.py:753} INFO - DAG(s) dict_keys(['tutorial']) retrieved from /home/airflow/.local/lib/python3.7/site-packages/airflow/example_dags/tutorial.py
[2023-01-02T02:00:41.617+0000] {logging_mixin.py:137} INFO - [2023-01-02T02:00:41.617+0000] {dag.py:2676} INFO - Sync 1 DAGs
[2023-01-02T02:00:41.646+0000] {logging_mixin.py:137} INFO - [2023-01-02T02:00:41.646+0000] {dag.py:3427} INFO - Setting next_dagrun for tutorial to 2023-01-01T02:00:41.645996+00:00, run_after=2023-01-02T02:00:41.645996+00:00
[2023-01-02T02:00:41.682+0000] {processor.py:175} INFO - Processing /home/airflow/.local/lib/python3.7/site-packages/airflow/example_dags/tutorial.py took 0.119 seconds
[2023-01-02T02:01:12.130+0000] {processor.py:153} INFO - Started process (PID=120) to work on /home/airflow/.local/lib/python3.7/site-packages/airflow/example_dags/tutorial.py
[2023-01-02T02:01:12.133+0000] {processor.py:743} INFO - Processing file /home/airflow/.local/lib/python3.7/site-packages/airflow/example_dags/tutorial.py for tasks to queue
[2023-01-02T02:01:12.135+0000] {logging_mixin.py:137} INFO - [2023-01-02T02:01:12.135+0000] {dagbag.py:538} INFO - Filling up the DagBag from /home/airflow/.local/lib/python3.7/site-packages/airflow/example_dags/tutorial.py
[2023-01-02T02:01:12.156+0000] {processor.py:753} INFO - DAG(s) dict_keys(['tutorial']) retrieved from /home/airflow/.local/lib/python3.7/site-packages/airflow/example_dags/tutorial.py
[2023-01-02T02:01:12.192+0000] {logging_mixin.py:137} INFO - [2023-01-02T02:01:12.192+0000] {dag.py:2676} INFO - Sync 1 DAGs
[2023-01-02T02:01:12.213+0000] {logging_mixin.py:137} INFO - [2023-01-02T02:01:12.213+0000] {dag.py:3427} INFO - Setting next_dagrun for tutorial to 2023-01-01T02:01:12.213245+00:00, run_after=2023-01-02T02:01:12.213245+00:00
[2023-01-02T02:01:12.228+0000] {processor.py:175} INFO - Processing /home/airflow/.local/lib/python3.7/site-packages/airflow/example_dags/tutorial.py took 0.104 seconds
[2023-01-02T02:01:42.573+0000] {processor.py:153} INFO - Started process (PID=185) to work on /home/airflow/.local/lib/python3.7/site-packages/airflow/example_dags/tutorial.py
[2023-01-02T02:01:42.574+0000] {processor.py:743} INFO - Processing file /home/airflow/.local/lib/python3.7/site-packages/airflow/example_dags/tutorial.py for tasks to queue
[2023-01-02T02:01:42.575+0000] {logging_mixin.py:137} INFO - [2023-01-02T02:01:42.575+0000] {dagbag.py:538} INFO - Filling up the DagBag from /home/airflow/.local/lib/python3.7/site-packages/airflow/example_dags/tutorial.py
[2023-01-02T02:01:42.586+0000] {processor.py:753} INFO - DAG(s) dict_keys(['tutorial']) retrieved from /home/airflow/.local/lib/python3.7/site-packages/airflow/example_dags/tutorial.py
[2023-01-02T02:01:42.621+0000] {logging_mixin.py:137} INFO - [2023-01-02T02:01:42.621+0000] {dag.py:2676} INFO - Sync 1 DAGs
[2023-01-02T02:01:42.643+0000] {logging_mixin.py:137} INFO - [2023-01-02T02:01:42.642+0000] {dag.py:3427} INFO - Setting next_dagrun for tutorial to 2023-01-01T02:01:42.642699+00:00, run_after=2023-01-02T02:01:42.642699+00:00
[2023-01-02T02:01:42.662+0000] {processor.py:175} INFO - Processing /home/airflow/.local/lib/python3.7/site-packages/airflow/example_dags/tutorial.py took 0.092 seconds
[2023-01-02T02:02:13.237+0000] {processor.py:153} INFO - Started process (PID=263) to work on /home/airflow/.local/lib/python3.7/site-packages/airflow/example_dags/tutorial.py
[2023-01-02T02:02:13.238+0000] {processor.py:743} INFO - Processing file /home/airflow/.local/lib/python3.7/site-packages/airflow/example_dags/tutorial.py for tasks to queue
[2023-01-02T02:02:13.239+0000] {logging_mixin.py:137} INFO - [2023-01-02T02:02:13.239+0000] {dagbag.py:538} INFO - Filling up the DagBag from /home/airflow/.local/lib/python3.7/site-packages/airflow/example_dags/tutorial.py
[2023-01-02T02:02:13.251+0000] {processor.py:753} INFO - DAG(s) dict_keys(['tutorial']) retrieved from /home/airflow/.local/lib/python3.7/site-packages/airflow/example_dags/tutorial.py
[2023-01-02T02:02:13.278+0000] {logging_mixin.py:137} INFO - [2023-01-02T02:02:13.278+0000] {dag.py:2676} INFO - Sync 1 DAGs
[2023-01-02T02:02:13.294+0000] {logging_mixin.py:137} INFO - [2023-01-02T02:02:13.294+0000] {dag.py:3427} INFO - Setting next_dagrun for tutorial to 2023-01-01T02:02:13.294069+00:00, run_after=2023-01-02T02:02:13.294069+00:00
[2023-01-02T02:02:13.304+0000] {processor.py:175} INFO - Processing /home/airflow/.local/lib/python3.7/site-packages/airflow/example_dags/tutorial.py took 0.070 seconds
[2023-01-02T02:02:43.860+0000] {processor.py:153} INFO - Started process (PID=342) to work on /home/airflow/.local/lib/python3.7/site-packages/airflow/example_dags/tutorial.py
[2023-01-02T02:02:43.861+0000] {processor.py:743} INFO - Processing file /home/airflow/.local/lib/python3.7/site-packages/airflow/example_dags/tutorial.py for tasks to queue
[2023-01-02T02:02:43.863+0000] {logging_mixin.py:137} INFO - [2023-01-02T02:02:43.862+0000] {dagbag.py:538} INFO - Filling up the DagBag from /home/airflow/.local/lib/python3.7/site-packages/airflow/example_dags/tutorial.py
[2023-01-02T02:02:43.875+0000] {processor.py:753} INFO - DAG(s) dict_keys(['tutorial']) retrieved from /home/airflow/.local/lib/python3.7/site-packages/airflow/example_dags/tutorial.py
[2023-01-02T02:02:43.925+0000] {logging_mixin.py:137} INFO - [2023-01-02T02:02:43.925+0000] {dag.py:2676} INFO - Sync 1 DAGs
[2023-01-02T02:02:43.945+0000] {logging_mixin.py:137} INFO - [2023-01-02T02:02:43.945+0000] {dag.py:3427} INFO - Setting next_dagrun for tutorial to 2023-01-01T02:02:43.945197+00:00, run_after=2023-01-02T02:02:43.945197+00:00
[2023-01-02T02:02:43.959+0000] {processor.py:175} INFO - Processing /home/airflow/.local/lib/python3.7/site-packages/airflow/example_dags/tutorial.py took 0.102 seconds
[2023-01-02T02:03:14.806+0000] {processor.py:153} INFO - Started process (PID=407) to work on /home/airflow/.local/lib/python3.7/site-packages/airflow/example_dags/tutorial.py
[2023-01-02T02:03:14.808+0000] {processor.py:743} INFO - Processing file /home/airflow/.local/lib/python3.7/site-packages/airflow/example_dags/tutorial.py for tasks to queue
[2023-01-02T02:03:14.809+0000] {logging_mixin.py:137} INFO - [2023-01-02T02:03:14.809+0000] {dagbag.py:538} INFO - Filling up the DagBag from /home/airflow/.local/lib/python3.7/site-packages/airflow/example_dags/tutorial.py
[2023-01-02T02:03:14.820+0000] {processor.py:753} INFO - DAG(s) dict_keys(['tutorial']) retrieved from /home/airflow/.local/lib/python3.7/site-packages/airflow/example_dags/tutorial.py
[2023-01-02T02:03:14.851+0000] {logging_mixin.py:137} INFO - [2023-01-02T02:03:14.851+0000] {dag.py:2676} INFO - Sync 1 DAGs
[2023-01-02T02:03:14.868+0000] {logging_mixin.py:137} INFO - [2023-01-02T02:03:14.868+0000] {dag.py:3427} INFO - Setting next_dagrun for tutorial to 2023-01-01T02:03:14.868370+00:00, run_after=2023-01-02T02:03:14.868370+00:00
[2023-01-02T02:03:14.883+0000] {processor.py:175} INFO - Processing /home/airflow/.local/lib/python3.7/site-packages/airflow/example_dags/tutorial.py took 0.079 seconds
[2023-01-02T02:03:45.092+0000] {processor.py:153} INFO - Started process (PID=485) to work on /home/airflow/.local/lib/python3.7/site-packages/airflow/example_dags/tutorial.py
[2023-01-02T02:03:45.093+0000] {processor.py:743} INFO - Processing file /home/airflow/.local/lib/python3.7/site-packages/airflow/example_dags/tutorial.py for tasks to queue
[2023-01-02T02:03:45.094+0000] {logging_mixin.py:137} INFO - [2023-01-02T02:03:45.094+0000] {dagbag.py:538} INFO - Filling up the DagBag from /home/airflow/.local/lib/python3.7/site-packages/airflow/example_dags/tutorial.py
[2023-01-02T02:03:45.104+0000] {processor.py:753} INFO - DAG(s) dict_keys(['tutorial']) retrieved from /home/airflow/.local/lib/python3.7/site-packages/airflow/example_dags/tutorial.py
[2023-01-02T02:03:45.134+0000] {logging_mixin.py:137} INFO - [2023-01-02T02:03:45.134+0000] {dag.py:2676} INFO - Sync 1 DAGs
[2023-01-02T02:03:45.151+0000] {logging_mixin.py:137} INFO - [2023-01-02T02:03:45.151+0000] {dag.py:3427} INFO - Setting next_dagrun for tutorial to 2023-01-01T02:03:45.151211+00:00, run_after=2023-01-02T02:03:45.151211+00:00
[2023-01-02T02:03:45.164+0000] {processor.py:175} INFO - Processing /home/airflow/.local/lib/python3.7/site-packages/airflow/example_dags/tutorial.py took 0.075 seconds
[2023-01-02T02:04:15.413+0000] {processor.py:153} INFO - Started process (PID=557) to work on /home/airflow/.local/lib/python3.7/site-packages/airflow/example_dags/tutorial.py
[2023-01-02T02:04:15.415+0000] {processor.py:743} INFO - Processing file /home/airflow/.local/lib/python3.7/site-packages/airflow/example_dags/tutorial.py for tasks to queue
[2023-01-02T02:04:15.418+0000] {logging_mixin.py:137} INFO - [2023-01-02T02:04:15.418+0000] {dagbag.py:538} INFO - Filling up the DagBag from /home/airflow/.local/lib/python3.7/site-packages/airflow/example_dags/tutorial.py
[2023-01-02T02:04:15.447+0000] {processor.py:753} INFO - DAG(s) dict_keys(['tutorial']) retrieved from /home/airflow/.local/lib/python3.7/site-packages/airflow/example_dags/tutorial.py
[2023-01-02T02:04:15.516+0000] {logging_mixin.py:137} INFO - [2023-01-02T02:04:15.516+0000] {dag.py:2676} INFO - Sync 1 DAGs
[2023-01-02T02:04:15.541+0000] {logging_mixin.py:137} INFO - [2023-01-02T02:04:15.541+0000] {dag.py:3427} INFO - Setting next_dagrun for tutorial to 2023-01-01T02:04:15.540840+00:00, run_after=2023-01-02T02:04:15.540840+00:00
[2023-01-02T02:04:15.569+0000] {processor.py:175} INFO - Processing /home/airflow/.local/lib/python3.7/site-packages/airflow/example_dags/tutorial.py took 0.161 seconds
[2023-01-02T02:04:46.306+0000] {processor.py:153} INFO - Started process (PID=629) to work on /home/airflow/.local/lib/python3.7/site-packages/airflow/example_dags/tutorial.py
[2023-01-02T02:04:46.308+0000] {processor.py:743} INFO - Processing file /home/airflow/.local/lib/python3.7/site-packages/airflow/example_dags/tutorial.py for tasks to queue
[2023-01-02T02:04:46.309+0000] {logging_mixin.py:137} INFO - [2023-01-02T02:04:46.309+0000] {dagbag.py:538} INFO - Filling up the DagBag from /home/airflow/.local/lib/python3.7/site-packages/airflow/example_dags/tutorial.py
[2023-01-02T02:04:46.322+0000] {processor.py:753} INFO - DAG(s) dict_keys(['tutorial']) retrieved from /home/airflow/.local/lib/python3.7/site-packages/airflow/example_dags/tutorial.py
[2023-01-02T02:04:46.353+0000] {logging_mixin.py:137} INFO - [2023-01-02T02:04:46.352+0000] {dag.py:2676} INFO - Sync 1 DAGs
[2023-01-02T02:04:46.374+0000] {logging_mixin.py:137} INFO - [2023-01-02T02:04:46.374+0000] {dag.py:3427} INFO - Setting next_dagrun for tutorial to 2023-01-01T02:04:46.374440+00:00, run_after=2023-01-02T02:04:46.374440+00:00
[2023-01-02T02:04:46.386+0000] {processor.py:175} INFO - Processing /home/airflow/.local/lib/python3.7/site-packages/airflow/example_dags/tutorial.py took 0.085 seconds
[2023-01-02T02:05:16.970+0000] {processor.py:153} INFO - Started process (PID=706) to work on /home/airflow/.local/lib/python3.7/site-packages/airflow/example_dags/tutorial.py
[2023-01-02T02:05:16.972+0000] {processor.py:743} INFO - Processing file /home/airflow/.local/lib/python3.7/site-packages/airflow/example_dags/tutorial.py for tasks to queue
[2023-01-02T02:05:16.973+0000] {logging_mixin.py:137} INFO - [2023-01-02T02:05:16.973+0000] {dagbag.py:538} INFO - Filling up the DagBag from /home/airflow/.local/lib/python3.7/site-packages/airflow/example_dags/tutorial.py
[2023-01-02T02:05:16.985+0000] {processor.py:753} INFO - DAG(s) dict_keys(['tutorial']) retrieved from /home/airflow/.local/lib/python3.7/site-packages/airflow/example_dags/tutorial.py
[2023-01-02T02:05:17.016+0000] {logging_mixin.py:137} INFO - [2023-01-02T02:05:17.015+0000] {dag.py:2676} INFO - Sync 1 DAGs
[2023-01-02T02:05:17.044+0000] {logging_mixin.py:137} INFO - [2023-01-02T02:05:17.044+0000] {dag.py:3427} INFO - Setting next_dagrun for tutorial to 2023-01-01T02:05:17.044282+00:00, run_after=2023-01-02T02:05:17.044282+00:00
[2023-01-02T02:05:17.058+0000] {processor.py:175} INFO - Processing /home/airflow/.local/lib/python3.7/site-packages/airflow/example_dags/tutorial.py took 0.091 seconds
[2023-01-02T02:05:47.766+0000] {processor.py:153} INFO - Started process (PID=771) to work on /home/airflow/.local/lib/python3.7/site-packages/airflow/example_dags/tutorial.py
[2023-01-02T02:05:47.768+0000] {processor.py:743} INFO - Processing file /home/airflow/.local/lib/python3.7/site-packages/airflow/example_dags/tutorial.py for tasks to queue
[2023-01-02T02:05:47.769+0000] {logging_mixin.py:137} INFO - [2023-01-02T02:05:47.769+0000] {dagbag.py:538} INFO - Filling up the DagBag from /home/airflow/.local/lib/python3.7/site-packages/airflow/example_dags/tutorial.py
[2023-01-02T02:05:47.781+0000] {processor.py:753} INFO - DAG(s) dict_keys(['tutorial']) retrieved from /home/airflow/.local/lib/python3.7/site-packages/airflow/example_dags/tutorial.py
[2023-01-02T02:05:47.810+0000] {logging_mixin.py:137} INFO - [2023-01-02T02:05:47.809+0000] {dag.py:2676} INFO - Sync 1 DAGs
[2023-01-02T02:05:47.825+0000] {logging_mixin.py:137} INFO - [2023-01-02T02:05:47.825+0000] {dag.py:3427} INFO - Setting next_dagrun for tutorial to 2023-01-01T02:05:47.825347+00:00, run_after=2023-01-02T02:05:47.825347+00:00
[2023-01-02T02:05:47.838+0000] {processor.py:175} INFO - Processing /home/airflow/.local/lib/python3.7/site-packages/airflow/example_dags/tutorial.py took 0.075 seconds
[2023-01-02T02:06:18.355+0000] {processor.py:153} INFO - Started process (PID=850) to work on /home/airflow/.local/lib/python3.7/site-packages/airflow/example_dags/tutorial.py
[2023-01-02T02:06:18.357+0000] {processor.py:743} INFO - Processing file /home/airflow/.local/lib/python3.7/site-packages/airflow/example_dags/tutorial.py for tasks to queue
[2023-01-02T02:06:18.358+0000] {logging_mixin.py:137} INFO - [2023-01-02T02:06:18.358+0000] {dagbag.py:538} INFO - Filling up the DagBag from /home/airflow/.local/lib/python3.7/site-packages/airflow/example_dags/tutorial.py
[2023-01-02T02:06:18.368+0000] {processor.py:753} INFO - DAG(s) dict_keys(['tutorial']) retrieved from /home/airflow/.local/lib/python3.7/site-packages/airflow/example_dags/tutorial.py
[2023-01-02T02:06:18.394+0000] {logging_mixin.py:137} INFO - [2023-01-02T02:06:18.394+0000] {dag.py:2676} INFO - Sync 1 DAGs
[2023-01-02T02:06:18.411+0000] {logging_mixin.py:137} INFO - [2023-01-02T02:06:18.410+0000] {dag.py:3427} INFO - Setting next_dagrun for tutorial to 2023-01-01T02:06:18.410742+00:00, run_after=2023-01-02T02:06:18.410742+00:00
[2023-01-02T02:06:18.423+0000] {processor.py:175} INFO - Processing /home/airflow/.local/lib/python3.7/site-packages/airflow/example_dags/tutorial.py took 0.071 seconds
[2023-01-02T02:06:48.790+0000] {processor.py:153} INFO - Started process (PID=928) to work on /home/airflow/.local/lib/python3.7/site-packages/airflow/example_dags/tutorial.py
[2023-01-02T02:06:48.792+0000] {processor.py:743} INFO - Processing file /home/airflow/.local/lib/python3.7/site-packages/airflow/example_dags/tutorial.py for tasks to queue
[2023-01-02T02:06:48.793+0000] {logging_mixin.py:137} INFO - [2023-01-02T02:06:48.793+0000] {dagbag.py:538} INFO - Filling up the DagBag from /home/airflow/.local/lib/python3.7/site-packages/airflow/example_dags/tutorial.py
[2023-01-02T02:06:48.809+0000] {processor.py:753} INFO - DAG(s) dict_keys(['tutorial']) retrieved from /home/airflow/.local/lib/python3.7/site-packages/airflow/example_dags/tutorial.py
[2023-01-02T02:06:48.852+0000] {logging_mixin.py:137} INFO - [2023-01-02T02:06:48.852+0000] {dag.py:2676} INFO - Sync 1 DAGs
[2023-01-02T02:06:48.883+0000] {logging_mixin.py:137} INFO - [2023-01-02T02:06:48.883+0000] {dag.py:3427} INFO - Setting next_dagrun for tutorial to 2023-01-01T02:06:48.882755+00:00, run_after=2023-01-02T02:06:48.882755+00:00
[2023-01-02T02:06:48.897+0000] {processor.py:175} INFO - Processing /home/airflow/.local/lib/python3.7/site-packages/airflow/example_dags/tutorial.py took 0.110 seconds
[2023-01-02T02:07:19.604+0000] {processor.py:153} INFO - Started process (PID=994) to work on /home/airflow/.local/lib/python3.7/site-packages/airflow/example_dags/tutorial.py
[2023-01-02T02:07:19.606+0000] {processor.py:743} INFO - Processing file /home/airflow/.local/lib/python3.7/site-packages/airflow/example_dags/tutorial.py for tasks to queue
[2023-01-02T02:07:19.607+0000] {logging_mixin.py:137} INFO - [2023-01-02T02:07:19.607+0000] {dagbag.py:538} INFO - Filling up the DagBag from /home/airflow/.local/lib/python3.7/site-packages/airflow/example_dags/tutorial.py
[2023-01-02T02:07:19.619+0000] {processor.py:753} INFO - DAG(s) dict_keys(['tutorial']) retrieved from /home/airflow/.local/lib/python3.7/site-packages/airflow/example_dags/tutorial.py
[2023-01-02T02:07:19.647+0000] {logging_mixin.py:137} INFO - [2023-01-02T02:07:19.647+0000] {dag.py:2676} INFO - Sync 1 DAGs
[2023-01-02T02:07:19.662+0000] {logging_mixin.py:137} INFO - [2023-01-02T02:07:19.662+0000] {dag.py:3427} INFO - Setting next_dagrun for tutorial to 2023-01-01T02:07:19.662492+00:00, run_after=2023-01-02T02:07:19.662492+00:00
[2023-01-02T02:07:19.674+0000] {processor.py:175} INFO - Processing /home/airflow/.local/lib/python3.7/site-packages/airflow/example_dags/tutorial.py took 0.073 seconds
[2023-01-02T02:07:50.179+0000] {processor.py:153} INFO - Started process (PID=1072) to work on /home/airflow/.local/lib/python3.7/site-packages/airflow/example_dags/tutorial.py
[2023-01-02T02:07:50.181+0000] {processor.py:743} INFO - Processing file /home/airflow/.local/lib/python3.7/site-packages/airflow/example_dags/tutorial.py for tasks to queue
[2023-01-02T02:07:50.182+0000] {logging_mixin.py:137} INFO - [2023-01-02T02:07:50.182+0000] {dagbag.py:538} INFO - Filling up the DagBag from /home/airflow/.local/lib/python3.7/site-packages/airflow/example_dags/tutorial.py
[2023-01-02T02:07:50.193+0000] {processor.py:753} INFO - DAG(s) dict_keys(['tutorial']) retrieved from /home/airflow/.local/lib/python3.7/site-packages/airflow/example_dags/tutorial.py
[2023-01-02T02:07:50.219+0000] {logging_mixin.py:137} INFO - [2023-01-02T02:07:50.219+0000] {dag.py:2676} INFO - Sync 1 DAGs
[2023-01-02T02:07:50.243+0000] {logging_mixin.py:137} INFO - [2023-01-02T02:07:50.243+0000] {dag.py:3427} INFO - Setting next_dagrun for tutorial to 2023-01-01T02:07:50.242765+00:00, run_after=2023-01-02T02:07:50.242765+00:00
[2023-01-02T02:07:50.257+0000] {processor.py:175} INFO - Processing /home/airflow/.local/lib/python3.7/site-packages/airflow/example_dags/tutorial.py took 0.081 seconds
[2023-01-02T02:08:20.650+0000] {processor.py:153} INFO - Started process (PID=1138) to work on /home/airflow/.local/lib/python3.7/site-packages/airflow/example_dags/tutorial.py
[2023-01-02T02:08:20.651+0000] {processor.py:743} INFO - Processing file /home/airflow/.local/lib/python3.7/site-packages/airflow/example_dags/tutorial.py for tasks to queue
[2023-01-02T02:08:20.652+0000] {logging_mixin.py:137} INFO - [2023-01-02T02:08:20.652+0000] {dagbag.py:538} INFO - Filling up the DagBag from /home/airflow/.local/lib/python3.7/site-packages/airflow/example_dags/tutorial.py
[2023-01-02T02:08:20.662+0000] {processor.py:753} INFO - DAG(s) dict_keys(['tutorial']) retrieved from /home/airflow/.local/lib/python3.7/site-packages/airflow/example_dags/tutorial.py
[2023-01-02T02:08:20.691+0000] {logging_mixin.py:137} INFO - [2023-01-02T02:08:20.691+0000] {dag.py:2676} INFO - Sync 1 DAGs
[2023-01-02T02:08:20.708+0000] {logging_mixin.py:137} INFO - [2023-01-02T02:08:20.708+0000] {dag.py:3427} INFO - Setting next_dagrun for tutorial to 2023-01-01T02:08:20.708377+00:00, run_after=2023-01-02T02:08:20.708377+00:00
[2023-01-02T02:08:20.723+0000] {processor.py:175} INFO - Processing /home/airflow/.local/lib/python3.7/site-packages/airflow/example_dags/tutorial.py took 0.076 seconds
[2023-01-02T02:08:51.825+0000] {processor.py:153} INFO - Started process (PID=1215) to work on /home/airflow/.local/lib/python3.7/site-packages/airflow/example_dags/tutorial.py
[2023-01-02T02:08:51.826+0000] {processor.py:743} INFO - Processing file /home/airflow/.local/lib/python3.7/site-packages/airflow/example_dags/tutorial.py for tasks to queue
[2023-01-02T02:08:51.827+0000] {logging_mixin.py:137} INFO - [2023-01-02T02:08:51.827+0000] {dagbag.py:538} INFO - Filling up the DagBag from /home/airflow/.local/lib/python3.7/site-packages/airflow/example_dags/tutorial.py
[2023-01-02T02:08:51.837+0000] {processor.py:753} INFO - DAG(s) dict_keys(['tutorial']) retrieved from /home/airflow/.local/lib/python3.7/site-packages/airflow/example_dags/tutorial.py
[2023-01-02T02:08:51.866+0000] {logging_mixin.py:137} INFO - [2023-01-02T02:08:51.865+0000] {dag.py:2676} INFO - Sync 1 DAGs
[2023-01-02T02:08:51.884+0000] {logging_mixin.py:137} INFO - [2023-01-02T02:08:51.884+0000] {dag.py:3427} INFO - Setting next_dagrun for tutorial to 2023-01-01T02:08:51.884018+00:00, run_after=2023-01-02T02:08:51.884018+00:00
[2023-01-02T02:08:51.896+0000] {processor.py:175} INFO - Processing /home/airflow/.local/lib/python3.7/site-packages/airflow/example_dags/tutorial.py took 0.074 seconds
[2023-01-02T02:09:22.249+0000] {processor.py:153} INFO - Started process (PID=1294) to work on /home/airflow/.local/lib/python3.7/site-packages/airflow/example_dags/tutorial.py
[2023-01-02T02:09:22.251+0000] {processor.py:743} INFO - Processing file /home/airflow/.local/lib/python3.7/site-packages/airflow/example_dags/tutorial.py for tasks to queue
[2023-01-02T02:09:22.252+0000] {logging_mixin.py:137} INFO - [2023-01-02T02:09:22.252+0000] {dagbag.py:538} INFO - Filling up the DagBag from /home/airflow/.local/lib/python3.7/site-packages/airflow/example_dags/tutorial.py
[2023-01-02T02:09:22.264+0000] {processor.py:753} INFO - DAG(s) dict_keys(['tutorial']) retrieved from /home/airflow/.local/lib/python3.7/site-packages/airflow/example_dags/tutorial.py
[2023-01-02T02:09:22.292+0000] {logging_mixin.py:137} INFO - [2023-01-02T02:09:22.292+0000] {dag.py:2676} INFO - Sync 1 DAGs
[2023-01-02T02:09:22.306+0000] {logging_mixin.py:137} INFO - [2023-01-02T02:09:22.306+0000] {dag.py:3427} INFO - Setting next_dagrun for tutorial to 2023-01-01T02:09:22.306632+00:00, run_after=2023-01-02T02:09:22.306632+00:00
[2023-01-02T02:09:22.318+0000] {processor.py:175} INFO - Processing /home/airflow/.local/lib/python3.7/site-packages/airflow/example_dags/tutorial.py took 0.072 seconds
[2023-01-02T02:09:52.632+0000] {processor.py:153} INFO - Started process (PID=1359) to work on /home/airflow/.local/lib/python3.7/site-packages/airflow/example_dags/tutorial.py
[2023-01-02T02:09:52.633+0000] {processor.py:743} INFO - Processing file /home/airflow/.local/lib/python3.7/site-packages/airflow/example_dags/tutorial.py for tasks to queue
[2023-01-02T02:09:52.634+0000] {logging_mixin.py:137} INFO - [2023-01-02T02:09:52.634+0000] {dagbag.py:538} INFO - Filling up the DagBag from /home/airflow/.local/lib/python3.7/site-packages/airflow/example_dags/tutorial.py
[2023-01-02T02:09:52.644+0000] {processor.py:753} INFO - DAG(s) dict_keys(['tutorial']) retrieved from /home/airflow/.local/lib/python3.7/site-packages/airflow/example_dags/tutorial.py
[2023-01-02T02:09:52.671+0000] {logging_mixin.py:137} INFO - [2023-01-02T02:09:52.671+0000] {dag.py:2676} INFO - Sync 1 DAGs
[2023-01-02T02:09:52.689+0000] {logging_mixin.py:137} INFO - [2023-01-02T02:09:52.689+0000] {dag.py:3427} INFO - Setting next_dagrun for tutorial to 2023-01-01T02:09:52.688797+00:00, run_after=2023-01-02T02:09:52.688797+00:00
[2023-01-02T02:09:52.702+0000] {processor.py:175} INFO - Processing /home/airflow/.local/lib/python3.7/site-packages/airflow/example_dags/tutorial.py took 0.073 seconds
