[2023-01-02T02:06:30.116+0000] {taskinstance.py:1087} INFO - Dependencies all met for <TaskInstance: Data-Pipeline.csv_toParquet manual__2023-01-02T02:05:18.859430+00:00 [queued]>
[2023-01-02T02:06:30.123+0000] {taskinstance.py:1087} INFO - Dependencies all met for <TaskInstance: Data-Pipeline.csv_toParquet manual__2023-01-02T02:05:18.859430+00:00 [queued]>
[2023-01-02T02:06:30.123+0000] {taskinstance.py:1283} INFO - 
--------------------------------------------------------------------------------
[2023-01-02T02:06:30.124+0000] {taskinstance.py:1284} INFO - Starting attempt 2 of 2
[2023-01-02T02:06:30.125+0000] {taskinstance.py:1285} INFO - 
--------------------------------------------------------------------------------
[2023-01-02T02:06:30.133+0000] {taskinstance.py:1304} INFO - Executing <Task(SimpleHttpOperator): csv_toParquet> on 2023-01-02 02:05:18.859430+00:00
[2023-01-02T02:06:30.139+0000] {standard_task_runner.py:55} INFO - Started process 469 to run t***k
[2023-01-02T02:06:30.143+0000] {standard_task_runner.py:82} INFO - Running: ['***', 't***ks', 'run', 'Data-Pipeline', 'csv_toParquet', 'manual__2023-01-02T02:05:18.859430+00:00', '--job-id', '10', '--raw', '--subdir', 'DAGS_FOLDER/dag.py', '--cfg-path', '/tmp/tmpmgedykx8']
[2023-01-02T02:06:30.144+0000] {standard_task_runner.py:83} INFO - Job 10: Subt***k csv_toParquet
[2023-01-02T02:06:30.196+0000] {task_command.py:389} INFO - Running <TaskInstance: Data-Pipeline.csv_toParquet manual__2023-01-02T02:05:18.859430+00:00 [running]> on host 9d60a52344b3
[2023-01-02T02:06:30.241+0000] {taskinstance.py:1513} INFO - Exporting the following env vars:
AIRFLOW_CTX_DAG_EMAIL=dixon2678@gmail.com
AIRFLOW_CTX_DAG_OWNER=dixon
AIRFLOW_CTX_DAG_ID=Data-Pipeline
AIRFLOW_CTX_TASK_ID=csv_toParquet
AIRFLOW_CTX_EXECUTION_DATE=2023-01-02T02:05:18.859430+00:00
AIRFLOW_CTX_TRY_NUMBER=2
AIRFLOW_CTX_DAG_RUN_ID=manual__2023-01-02T02:05:18.859430+00:00
[2023-01-02T02:06:30.242+0000] {http.py:123} INFO - Calling HTTP method
[2023-01-02T02:06:30.244+0000] {base.py:73} INFO - Using connection ID 'etl_service' for t***k execution.
[2023-01-02T02:06:30.246+0000] {http.py:150} INFO - Sending 'GET' to url: http://etl:5777/api/convert_to_parquet
[2023-01-02T02:06:43.498+0000] {taskinstance.py:1327} INFO - Marking t***k *** SUCCESS. dag_id=Data-Pipeline, t***k_id=csv_toParquet, execution_date=20230102T020518, start_date=20230102T020630, end_date=20230102T020643
[2023-01-02T02:06:43.534+0000] {local_task_job.py:159} INFO - T***k exited with return code 0
[2023-01-02T02:06:43.559+0000] {taskinstance.py:2582} INFO - 1 downstream t***ks scheduled from follow-on schedule check
