[2023-01-02T02:05:06.271+0000] {taskinstance.py:1087} INFO - Dependencies all met for <TaskInstance: Data-Pipeline.json_toCsv scheduled__2023-01-01T02:04:47.471519+00:00 [queued]>
[2023-01-02T02:05:06.279+0000] {taskinstance.py:1087} INFO - Dependencies all met for <TaskInstance: Data-Pipeline.json_toCsv scheduled__2023-01-01T02:04:47.471519+00:00 [queued]>
[2023-01-02T02:05:06.280+0000] {taskinstance.py:1283} INFO - 
--------------------------------------------------------------------------------
[2023-01-02T02:05:06.280+0000] {taskinstance.py:1284} INFO - Starting attempt 1 of 2
[2023-01-02T02:05:06.280+0000] {taskinstance.py:1285} INFO - 
--------------------------------------------------------------------------------
[2023-01-02T02:05:06.291+0000] {taskinstance.py:1304} INFO - Executing <Task(SimpleHttpOperator): json_toCsv> on 2023-01-01 02:04:47.471519+00:00
[2023-01-02T02:05:06.296+0000] {standard_task_runner.py:55} INFO - Started process 354 to run t***k
[2023-01-02T02:05:06.300+0000] {standard_task_runner.py:82} INFO - Running: ['***', 't***ks', 'run', 'Data-Pipeline', 'json_toCsv', 'scheduled__2023-01-01T02:04:47.471519+00:00', '--job-id', '5', '--raw', '--subdir', 'DAGS_FOLDER/dag.py', '--cfg-path', '/tmp/tmp5dzrwbmn']
[2023-01-02T02:05:06.301+0000] {standard_task_runner.py:83} INFO - Job 5: Subt***k json_toCsv
[2023-01-02T02:05:06.355+0000] {task_command.py:389} INFO - Running <TaskInstance: Data-Pipeline.json_toCsv scheduled__2023-01-01T02:04:47.471519+00:00 [running]> on host 9d60a52344b3
[2023-01-02T02:05:06.407+0000] {taskinstance.py:1513} INFO - Exporting the following env vars:
AIRFLOW_CTX_DAG_EMAIL=dixon2678@gmail.com
AIRFLOW_CTX_DAG_OWNER=dixon
AIRFLOW_CTX_DAG_ID=Data-Pipeline
AIRFLOW_CTX_TASK_ID=json_toCsv
AIRFLOW_CTX_EXECUTION_DATE=2023-01-01T02:04:47.471519+00:00
AIRFLOW_CTX_TRY_NUMBER=1
AIRFLOW_CTX_DAG_RUN_ID=scheduled__2023-01-01T02:04:47.471519+00:00
[2023-01-02T02:05:06.408+0000] {http.py:123} INFO - Calling HTTP method
[2023-01-02T02:05:06.410+0000] {base.py:73} INFO - Using connection ID 'etl_service' for t***k execution.
[2023-01-02T02:05:06.412+0000] {http.py:150} INFO - Sending 'GET' to url: http://etl:5777/api/convert_to_csv
[2023-01-02T02:05:13.427+0000] {taskinstance.py:1327} INFO - Marking t***k *** SUCCESS. dag_id=Data-Pipeline, t***k_id=json_toCsv, execution_date=20230101T020447, start_date=20230102T020506, end_date=20230102T020513
[2023-01-02T02:05:13.502+0000] {local_task_job.py:159} INFO - T***k exited with return code 0
[2023-01-02T02:05:13.532+0000] {taskinstance.py:2582} INFO - 0 downstream t***ks scheduled from follow-on schedule check
